Shutting Down Docker Instance
DOCKER INSTANCE IS DOWN
2021-03-28-11:00:02 PM - [BART-Loglevel4] Starting backup
2021-03-28-11:00:02 PM - [BART-Loglevel4] Set script variables done

2021-03-28-11:00:02 PM - [BART-Loglevel4] Backing up the Alfresco indexes to local
2021-03-28-11:00:02 PM - [BART-Loglevel4] Starting backup - Alfresco solr indexes
2021-03-28-11:00:02 PM - [BART-Loglevel4] Running command - /usr/bin/duplicity -v4 --volsize=20000 --log-file=/var/ALF_BACKUP/cardinal/logs/alfresco-bart-2021-03-28.log --full-if-older-than 60D --asynchronous-upload --archive-dir=/var/ALF_BACKUP/duplicity/cardinal/cache/  /var/DOCKER/DATA/alfresco/cardinal/solr_data --exclude /var/DOCKER/DATA/alfresco/cardinal/solr_data/archive --exclude /var/DOCKER/DATA/alfresco/cardinal/solr_data/workspace file:///mnt/ALF_BACKUP/cardinal/data_backup/index/config
Local and Remote metadata are synchronized, no sync needed.
NOTICE 1
. Local and Remote metadata are synchronized, no sync needed.

Last full backup date: Mon Mar 15 20:12:18 2021
NOTICE 1
. Last full backup date: Mon Mar 15 20:12:18 2021

--------------[ Backup Statistics ]--------------
StartTime 1616972402.52 (Sun Mar 28 23:00:02 2021)
EndTime 1616972402.92 (Sun Mar 28 23:00:02 2021)
ElapsedTime 0.39 (0.39 seconds)
SourceFiles 412
SourceFileSize 1123376602 (1.05 GB)
NewFiles 7
NewFileSize 252829 (247 KB)
DeletedFiles 6
ChangedFiles 0
ChangedFileSize 0 (0 bytes)
ChangedDeltaSize 0 (0 bytes)
DeltaEntries 13
RawDeltaSize 248733 (243 KB)
TotalDestinationSizeChange 30581 (29.9 KB)
Errors 0
-------------------------------------------------

NOTICE 1
. --------------[ Backup Statistics ]--------------
. StartTime 1616972402.52 (Sun Mar 28 23:00:02 2021)
. EndTime 1616972402.92 (Sun Mar 28 23:00:02 2021)
. ElapsedTime 0.39 (0.39 seconds)
. SourceFiles 412
. SourceFileSize 1123376602 (1.05 GB)
. NewFiles 7
. NewFileSize 252829 (247 KB)
. DeletedFiles 6
. ChangedFiles 0
. ChangedFileSize 0 (0 bytes)
. ChangedDeltaSize 0 (0 bytes)
. DeltaEntries 13
. RawDeltaSize 248733 (243 KB)
. TotalDestinationSizeChange 30581 (29.9 KB)
. Errors 0
. -------------------------------------------------
. 

2021-03-28-11:00:03 PM - [BART-Loglevel4] Indexes backup finished

2021-03-28-11:00:03 PM - [BART-Loglevel4] Backing up the Alfresco db to local
2021-03-28-11:00:03 PM - [BART-Loglevel4] Starting backup - Alfresco postgresql db
2021-03-28-11:00:03 PM - [BART-Loglevel4] Backing up the Alfresco DB to local
2021-03-28-11:00:03 PM - [BART-Loglevel4] Starting backup - Alfresco postgresql DB
2021-03-28-11:00:03 PM - [BART-Loglevel4] Running command - PGPASSWORD=45osUQR234X /usr/lib/postgresql/11/bin/pg_dump -Fc -w -h 172.18.200.70 -p 5000 -U alfresco alf_cardinal > /var/ALF_BACKUP/cardinal/alfresco-db-backup/alf_cardinal.sql.Fc
2021-03-28-11:00:35 PM - [BART-Loglevel4] Running command - duplicity -v4 --volsize=20000 --log-file=/var/ALF_BACKUP/cardinal/logs/alfresco-bart-2021-03-28.log --full-if-older-than 60D --asynchronous-upload --archive-dir=/var/ALF_BACKUP/duplicity/cardinal/cache/  /var/ALF_BACKUP/cardinal/alfresco-db-backup file:///mnt/ALF_BACKUP/cardinal/data_backup/db
Local and Remote metadata are synchronized, no sync needed.
NOTICE 1
. Local and Remote metadata are synchronized, no sync needed.

Last full backup date: Mon Mar 15 20:09:03 2021
NOTICE 1
. Last full backup date: Mon Mar 15 20:09:03 2021

--------------[ Backup Statistics ]--------------
StartTime 1616972435.54 (Sun Mar 28 23:00:35 2021)
EndTime 1616972438.19 (Sun Mar 28 23:00:38 2021)
ElapsedTime 2.65 (2.65 seconds)
SourceFiles 2
SourceFileSize 118572460 (113 MB)
NewFiles 1
NewFileSize 4096 (4.00 KB)
DeletedFiles 0
ChangedFiles 1
ChangedFileSize 118568364 (113 MB)
ChangedDeltaSize 0 (0 bytes)
DeltaEntries 2
RawDeltaSize 40446077 (38.6 MB)
TotalDestinationSizeChange 40092052 (38.2 MB)
Errors 0
-------------------------------------------------

NOTICE 1
. --------------[ Backup Statistics ]--------------
. StartTime 1616972435.54 (Sun Mar 28 23:00:35 2021)
. EndTime 1616972438.19 (Sun Mar 28 23:00:38 2021)
. ElapsedTime 2.65 (2.65 seconds)
. SourceFiles 2
. SourceFileSize 118572460 (113 MB)
. NewFiles 1
. NewFileSize 4096 (4.00 KB)
. DeletedFiles 0
. ChangedFiles 1
. ChangedFileSize 118568364 (113 MB)
. ChangedDeltaSize 0 (0 bytes)
. DeltaEntries 2
. RawDeltaSize 40446077 (38.6 MB)
. TotalDestinationSizeChange 40092052 (38.2 MB)
. Errors 0
. -------------------------------------------------
. 

2021-03-28-11:00:38 PM - [BART-Loglevel4] cleaning DB backup
2021-03-28-11:00:38 PM - [BART-Loglevel4] DB backup finished

2021-03-28-11:00:38 PM - [BART-Loglevel4] Backing up the Alfresco ContentStore to local
2021-03-28-11:00:38 PM - [BART-Loglevel4] Starting backup - Alfresco ContentStore
2021-03-28-11:00:38 PM - [BART-Loglevel4] Running command - /usr/bin/duplicity -v4 --volsize=20000 --log-file=/var/ALF_BACKUP/cardinal/logs/alfresco-bart-2021-03-28.log --full-if-older-than 60D --asynchronous-upload --archive-dir=/var/ALF_BACKUP/duplicity/cardinal/cache/  --include /var/DOCKER/DATA/alfresco/cardinal/alfresco/alf_data_archgroup/contentstore       --exclude /var/DOCKER/DATA/alfresco/cardinal/alfresco/alf_data_archgroup /var/DOCKER/DATA/alfresco/cardinal/alfresco/alf_data_archgroup file:///mnt/ALF_BACKUP/cardinal/data_backup/cs
Local and Remote metadata are synchronized, no sync needed.
NOTICE 1
. Local and Remote metadata are synchronized, no sync needed.

Last full backup date: Mon Mar 15 20:13:46 2021
NOTICE 1
. Last full backup date: Mon Mar 15 20:13:46 2021

Error accessing possibly locked file /var/DOCKER/DATA/alfresco/cardinal/alfresco/alf_data_archgroup/contentstore/2021/1/22/22
WARNING 10 '/var/DOCKER/DATA/alfresco/cardinal/alfresco/alf_data_archgroup/contentstore/2021/1/22/22'
. Error accessing possibly locked file /var/DOCKER/DATA/alfresco/cardinal/alfresco/alf_data_archgroup/contentstore/2021/1/22/22

Error accessing possibly locked file /var/DOCKER/DATA/alfresco/cardinal/alfresco/alf_data_archgroup/contentstore/2021/1/23
WARNING 10 '/var/DOCKER/DATA/alfresco/cardinal/alfresco/alf_data_archgroup/contentstore/2021/1/23'
. Error accessing possibly locked file /var/DOCKER/DATA/alfresco/cardinal/alfresco/alf_data_archgroup/contentstore/2021/1/23

Error accessing possibly locked file /var/DOCKER/DATA/alfresco/cardinal/alfresco/alf_data_archgroup/contentstore/2021/1/25
WARNING 10 '/var/DOCKER/DATA/alfresco/cardinal/alfresco/alf_data_archgroup/contentstore/2021/1/25'
. Error accessing possibly locked file /var/DOCKER/DATA/alfresco/cardinal/alfresco/alf_data_archgroup/contentstore/2021/1/25

Error accessing possibly locked file /var/DOCKER/DATA/alfresco/cardinal/alfresco/alf_data_archgroup/contentstore/2021/1/26
WARNING 10 '/var/DOCKER/DATA/alfresco/cardinal/alfresco/alf_data_archgroup/contentstore/2021/1/26'
. Error accessing possibly locked file /var/DOCKER/DATA/alfresco/cardinal/alfresco/alf_data_archgroup/contentstore/2021/1/26

Error accessing possibly locked file /var/DOCKER/DATA/alfresco/cardinal/alfresco/alf_data_archgroup/contentstore/2021/1/27
WARNING 10 '/var/DOCKER/DATA/alfresco/cardinal/alfresco/alf_data_archgroup/contentstore/2021/1/27'
. Error accessing possibly locked file /var/DOCKER/DATA/alfresco/cardinal/alfresco/alf_data_archgroup/contentstore/2021/1/27

Error accessing possibly locked file /var/DOCKER/DATA/alfresco/cardinal/alfresco/alf_data_archgroup/contentstore/2021/1/28
WARNING 10 '/var/DOCKER/DATA/alfresco/cardinal/alfresco/alf_data_archgroup/contentstore/2021/1/28'
. Error accessing possibly locked file /var/DOCKER/DATA/alfresco/cardinal/alfresco/alf_data_archgroup/contentstore/2021/1/28

Error accessing possibly locked file /var/DOCKER/DATA/alfresco/cardinal/alfresco/alf_data_archgroup/contentstore/2021/1/29
WARNING 10 '/var/DOCKER/DATA/alfresco/cardinal/alfresco/alf_data_archgroup/contentstore/2021/1/29'
. Error accessing possibly locked file /var/DOCKER/DATA/alfresco/cardinal/alfresco/alf_data_archgroup/contentstore/2021/1/29

Error accessing possibly locked file /var/DOCKER/DATA/alfresco/cardinal/alfresco/alf_data_archgroup/contentstore/2021/1/30
WARNING 10 '/var/DOCKER/DATA/alfresco/cardinal/alfresco/alf_data_archgroup/contentstore/2021/1/30'
. Error accessing possibly locked file /var/DOCKER/DATA/alfresco/cardinal/alfresco/alf_data_archgroup/contentstore/2021/1/30

Error accessing possibly locked file /var/DOCKER/DATA/alfresco/cardinal/alfresco/alf_data_archgroup/contentstore/2021/2
WARNING 10 '/var/DOCKER/DATA/alfresco/cardinal/alfresco/alf_data_archgroup/contentstore/2021/2'
. Error accessing possibly locked file /var/DOCKER/DATA/alfresco/cardinal/alfresco/alf_data_archgroup/contentstore/2021/2

Error accessing possibly locked file /var/DOCKER/DATA/alfresco/cardinal/alfresco/alf_data_archgroup/contentstore/2021/3
WARNING 10 '/var/DOCKER/DATA/alfresco/cardinal/alfresco/alf_data_archgroup/contentstore/2021/3'
. Error accessing possibly locked file /var/DOCKER/DATA/alfresco/cardinal/alfresco/alf_data_archgroup/contentstore/2021/3

--------------[ Backup Statistics ]--------------
StartTime 1616972441.16 (Sun Mar 28 23:00:41 2021)
EndTime 1616972554.22 (Sun Mar 28 23:02:34 2021)
ElapsedTime 113.06 (1 minute 53.06 seconds)
SourceFiles 295592
SourceFileSize 125432284721 (117 GB)
NewFiles 0
NewFileSize 0 (0 bytes)
DeletedFiles 0
ChangedFiles 0
ChangedFileSize 0 (0 bytes)
ChangedDeltaSize 0 (0 bytes)
DeltaEntries 0
RawDeltaSize 0 (0 bytes)
TotalDestinationSizeChange 109 (109 bytes)
Errors 10
-------------------------------------------------

NOTICE 1
. --------------[ Backup Statistics ]--------------
. StartTime 1616972441.16 (Sun Mar 28 23:00:41 2021)
. EndTime 1616972554.22 (Sun Mar 28 23:02:34 2021)
. ElapsedTime 113.06 (1 minute 53.06 seconds)
. SourceFiles 295592
. SourceFileSize 125432284721 (117 GB)
. NewFiles 0
. NewFileSize 0 (0 bytes)
. DeletedFiles 0
. ChangedFiles 0
. ChangedFileSize 0 (0 bytes)
. ChangedDeltaSize 0 (0 bytes)
. DeltaEntries 0
. RawDeltaSize 0 (0 bytes)
. TotalDestinationSizeChange 109 (109 bytes)
. Errors 10
. -------------------------------------------------
. 

2021-03-28-11:02:34 PM - [BART-Loglevel4] ContentStore backup done!

2021-03-28-11:02:34 PM - [BART-Loglevel4] Backing up the Alfresco files to local
2021-03-28-11:02:34 PM - [BART-Loglevel4] Starting backup - Alfresco files
2021-03-28-11:02:34 PM - [BART-Loglevel4] Running command - /usr/bin/duplicity -v4 --volsize=20000 --log-file=/var/ALF_BACKUP/cardinal/logs/alfresco-bart-2021-03-28.log --full-if-older-than 60D --asynchronous-upload --archive-dir=/var/ALF_BACKUP/duplicity/cardinal/cache/  /var/DOCKER/DATA/alfresco/cardinal/alfresco  --exclude **/var/DOCKER/DATA/alfresco/cardinal/solr_data/archive**  --exclude **/var/DOCKER/DATA/alfresco/cardinal/solr_data**  --exclude **/var/DOCKER/DATA/alfresco/cardinal/alfresco/alf_data_archgroup/contentstore**  --exclude **/var/DOCKER/DATA/alfresco/cardinal/alfresco/alf_data_archgroup/contentstore.deleted**       --exclude **/var/ALF_BACKUP/cardinal/alfresco-db-backup**  file:///mnt/ALF_BACKUP/cardinal/data_backup/files
Local and Remote metadata are synchronized, no sync needed.
NOTICE 1
. Local and Remote metadata are synchronized, no sync needed.

Last full backup date: Mon Mar 15 21:47:50 2021
NOTICE 1
. Last full backup date: Mon Mar 15 21:47:50 2021

Error accessing possibly locked file /var/DOCKER/DATA/alfresco/cardinal/alfresco/logs/alfresco/alfresco.log
WARNING 10 '/var/DOCKER/DATA/alfresco/cardinal/alfresco/logs/alfresco/alfresco.log'
. Error accessing possibly locked file /var/DOCKER/DATA/alfresco/cardinal/alfresco/logs/alfresco/alfresco.log

Error accessing possibly locked file /var/DOCKER/DATA/alfresco/cardinal/alfresco/logs/alfresco/alfresco.log.2021-03-17
WARNING 10 '/var/DOCKER/DATA/alfresco/cardinal/alfresco/logs/alfresco/alfresco.log.2021-03-17'
. Error accessing possibly locked file /var/DOCKER/DATA/alfresco/cardinal/alfresco/logs/alfresco/alfresco.log.2021-03-17

Error accessing possibly locked file /var/DOCKER/DATA/alfresco/cardinal/alfresco/logs/alfresco/alfresco.log.2021-03-18
WARNING 10 '/var/DOCKER/DATA/alfresco/cardinal/alfresco/logs/alfresco/alfresco.log.2021-03-18'
. Error accessing possibly locked file /var/DOCKER/DATA/alfresco/cardinal/alfresco/logs/alfresco/alfresco.log.2021-03-18

Error accessing possibly locked file /var/DOCKER/DATA/alfresco/cardinal/alfresco/logs/alfresco/alfresco.log.2021-03-19
WARNING 10 '/var/DOCKER/DATA/alfresco/cardinal/alfresco/logs/alfresco/alfresco.log.2021-03-19'
. Error accessing possibly locked file /var/DOCKER/DATA/alfresco/cardinal/alfresco/logs/alfresco/alfresco.log.2021-03-19

Error accessing possibly locked file /var/DOCKER/DATA/alfresco/cardinal/alfresco/logs/alfresco/alfresco.log.2021-03-20
WARNING 10 '/var/DOCKER/DATA/alfresco/cardinal/alfresco/logs/alfresco/alfresco.log.2021-03-20'
. Error accessing possibly locked file /var/DOCKER/DATA/alfresco/cardinal/alfresco/logs/alfresco/alfresco.log.2021-03-20

Error accessing possibly locked file /var/DOCKER/DATA/alfresco/cardinal/alfresco/logs/alfresco/alfresco.log.2021-03-21
WARNING 10 '/var/DOCKER/DATA/alfresco/cardinal/alfresco/logs/alfresco/alfresco.log.2021-03-21'
. Error accessing possibly locked file /var/DOCKER/DATA/alfresco/cardinal/alfresco/logs/alfresco/alfresco.log.2021-03-21

Error accessing possibly locked file /var/DOCKER/DATA/alfresco/cardinal/alfresco/logs/alfresco/alfresco.log.2021-03-22
WARNING 10 '/var/DOCKER/DATA/alfresco/cardinal/alfresco/logs/alfresco/alfresco.log.2021-03-22'
. Error accessing possibly locked file /var/DOCKER/DATA/alfresco/cardinal/alfresco/logs/alfresco/alfresco.log.2021-03-22

Error accessing possibly locked file /var/DOCKER/DATA/alfresco/cardinal/alfresco/logs/alfresco/alfresco.log.2021-03-23
WARNING 10 '/var/DOCKER/DATA/alfresco/cardinal/alfresco/logs/alfresco/alfresco.log.2021-03-23'
. Error accessing possibly locked file /var/DOCKER/DATA/alfresco/cardinal/alfresco/logs/alfresco/alfresco.log.2021-03-23

Error accessing possibly locked file /var/DOCKER/DATA/alfresco/cardinal/alfresco/logs/alfresco/alfresco.log.2021-03-24
WARNING 10 '/var/DOCKER/DATA/alfresco/cardinal/alfresco/logs/alfresco/alfresco.log.2021-03-24'
. Error accessing possibly locked file /var/DOCKER/DATA/alfresco/cardinal/alfresco/logs/alfresco/alfresco.log.2021-03-24

Error accessing possibly locked file /var/DOCKER/DATA/alfresco/cardinal/alfresco/logs/alfresco/alfresco.log.2021-03-25
WARNING 10 '/var/DOCKER/DATA/alfresco/cardinal/alfresco/logs/alfresco/alfresco.log.2021-03-25'
. Error accessing possibly locked file /var/DOCKER/DATA/alfresco/cardinal/alfresco/logs/alfresco/alfresco.log.2021-03-25

Error accessing possibly locked file /var/DOCKER/DATA/alfresco/cardinal/alfresco/logs/alfresco/alfresco.log.2021-03-26
WARNING 10 '/var/DOCKER/DATA/alfresco/cardinal/alfresco/logs/alfresco/alfresco.log.2021-03-26'
. Error accessing possibly locked file /var/DOCKER/DATA/alfresco/cardinal/alfresco/logs/alfresco/alfresco.log.2021-03-26

Error accessing possibly locked file /var/DOCKER/DATA/alfresco/cardinal/alfresco/logs/alfresco/alfresco.log.2021-03-27
WARNING 10 '/var/DOCKER/DATA/alfresco/cardinal/alfresco/logs/alfresco/alfresco.log.2021-03-27'
. Error accessing possibly locked file /var/DOCKER/DATA/alfresco/cardinal/alfresco/logs/alfresco/alfresco.log.2021-03-27

Error accessing possibly locked file /var/DOCKER/DATA/alfresco/cardinal/alfresco/logs/alfresco/catalina.2021-03-21.log
WARNING 10 '/var/DOCKER/DATA/alfresco/cardinal/alfresco/logs/alfresco/catalina.2021-03-21.log'
. Error accessing possibly locked file /var/DOCKER/DATA/alfresco/cardinal/alfresco/logs/alfresco/catalina.2021-03-21.log

Error accessing possibly locked file /var/DOCKER/DATA/alfresco/cardinal/alfresco/logs/alfresco/catalina.2021-03-23.log
WARNING 10 '/var/DOCKER/DATA/alfresco/cardinal/alfresco/logs/alfresco/catalina.2021-03-23.log'
. Error accessing possibly locked file /var/DOCKER/DATA/alfresco/cardinal/alfresco/logs/alfresco/catalina.2021-03-23.log

Error accessing possibly locked file /var/DOCKER/DATA/alfresco/cardinal/alfresco/logs/alfresco/catalina.2021-03-24.log
WARNING 10 '/var/DOCKER/DATA/alfresco/cardinal/alfresco/logs/alfresco/catalina.2021-03-24.log'
. Error accessing possibly locked file /var/DOCKER/DATA/alfresco/cardinal/alfresco/logs/alfresco/catalina.2021-03-24.log

Error accessing possibly locked file /var/DOCKER/DATA/alfresco/cardinal/alfresco/logs/alfresco/host-manager.2021-03-21.log
WARNING 10 '/var/DOCKER/DATA/alfresco/cardinal/alfresco/logs/alfresco/host-manager.2021-03-21.log'
. Error accessing possibly locked file /var/DOCKER/DATA/alfresco/cardinal/alfresco/logs/alfresco/host-manager.2021-03-21.log

Error accessing possibly locked file /var/DOCKER/DATA/alfresco/cardinal/alfresco/logs/alfresco/host-manager.2021-03-23.log
WARNING 10 '/var/DOCKER/DATA/alfresco/cardinal/alfresco/logs/alfresco/host-manager.2021-03-23.log'
. Error accessing possibly locked file /var/DOCKER/DATA/alfresco/cardinal/alfresco/logs/alfresco/host-manager.2021-03-23.log

Error accessing possibly locked file /var/DOCKER/DATA/alfresco/cardinal/alfresco/logs/alfresco/host-manager.2021-03-24.log
WARNING 10 '/var/DOCKER/DATA/alfresco/cardinal/alfresco/logs/alfresco/host-manager.2021-03-24.log'
. Error accessing possibly locked file /var/DOCKER/DATA/alfresco/cardinal/alfresco/logs/alfresco/host-manager.2021-03-24.log

Error accessing possibly locked file /var/DOCKER/DATA/alfresco/cardinal/alfresco/logs/alfresco/localhost.2021-03-21.log
WARNING 10 '/var/DOCKER/DATA/alfresco/cardinal/alfresco/logs/alfresco/localhost.2021-03-21.log'
. Error accessing possibly locked file /var/DOCKER/DATA/alfresco/cardinal/alfresco/logs/alfresco/localhost.2021-03-21.log

Error accessing possibly locked file /var/DOCKER/DATA/alfresco/cardinal/alfresco/logs/alfresco/localhost.2021-03-23.log
WARNING 10 '/var/DOCKER/DATA/alfresco/cardinal/alfresco/logs/alfresco/localhost.2021-03-23.log'
. Error accessing possibly locked file /var/DOCKER/DATA/alfresco/cardinal/alfresco/logs/alfresco/localhost.2021-03-23.log

Error accessing possibly locked file /var/DOCKER/DATA/alfresco/cardinal/alfresco/logs/alfresco/localhost.2021-03-24.log
WARNING 10 '/var/DOCKER/DATA/alfresco/cardinal/alfresco/logs/alfresco/localhost.2021-03-24.log'
. Error accessing possibly locked file /var/DOCKER/DATA/alfresco/cardinal/alfresco/logs/alfresco/localhost.2021-03-24.log

Error accessing possibly locked file /var/DOCKER/DATA/alfresco/cardinal/alfresco/logs/alfresco/localhost_access_log.2021-03-17.txt
WARNING 10 '/var/DOCKER/DATA/alfresco/cardinal/alfresco/logs/alfresco/localhost_access_log.2021-03-17.txt'
. Error accessing possibly locked file /var/DOCKER/DATA/alfresco/cardinal/alfresco/logs/alfresco/localhost_access_log.2021-03-17.txt

Error accessing possibly locked file /var/DOCKER/DATA/alfresco/cardinal/alfresco/logs/alfresco/localhost_access_log.2021-03-18.txt
WARNING 10 '/var/DOCKER/DATA/alfresco/cardinal/alfresco/logs/alfresco/localhost_access_log.2021-03-18.txt'
. Error accessing possibly locked file /var/DOCKER/DATA/alfresco/cardinal/alfresco/logs/alfresco/localhost_access_log.2021-03-18.txt

Error accessing possibly locked file /var/DOCKER/DATA/alfresco/cardinal/alfresco/logs/alfresco/localhost_access_log.2021-03-19.txt
WARNING 10 '/var/DOCKER/DATA/alfresco/cardinal/alfresco/logs/alfresco/localhost_access_log.2021-03-19.txt'
. Error accessing possibly locked file /var/DOCKER/DATA/alfresco/cardinal/alfresco/logs/alfresco/localhost_access_log.2021-03-19.txt

Error accessing possibly locked file /var/DOCKER/DATA/alfresco/cardinal/alfresco/logs/alfresco/localhost_access_log.2021-03-20.txt
WARNING 10 '/var/DOCKER/DATA/alfresco/cardinal/alfresco/logs/alfresco/localhost_access_log.2021-03-20.txt'
. Error accessing possibly locked file /var/DOCKER/DATA/alfresco/cardinal/alfresco/logs/alfresco/localhost_access_log.2021-03-20.txt

Error accessing possibly locked file /var/DOCKER/DATA/alfresco/cardinal/alfresco/logs/alfresco/localhost_access_log.2021-03-21.txt
WARNING 10 '/var/DOCKER/DATA/alfresco/cardinal/alfresco/logs/alfresco/localhost_access_log.2021-03-21.txt'
. Error accessing possibly locked file /var/DOCKER/DATA/alfresco/cardinal/alfresco/logs/alfresco/localhost_access_log.2021-03-21.txt

Error accessing possibly locked file /var/DOCKER/DATA/alfresco/cardinal/alfresco/logs/alfresco/localhost_access_log.2021-03-22.txt
WARNING 10 '/var/DOCKER/DATA/alfresco/cardinal/alfresco/logs/alfresco/localhost_access_log.2021-03-22.txt'
. Error accessing possibly locked file /var/DOCKER/DATA/alfresco/cardinal/alfresco/logs/alfresco/localhost_access_log.2021-03-22.txt

Error accessing possibly locked file /var/DOCKER/DATA/alfresco/cardinal/alfresco/logs/alfresco/localhost_access_log.2021-03-23.txt
WARNING 10 '/var/DOCKER/DATA/alfresco/cardinal/alfresco/logs/alfresco/localhost_access_log.2021-03-23.txt'
. Error accessing possibly locked file /var/DOCKER/DATA/alfresco/cardinal/alfresco/logs/alfresco/localhost_access_log.2021-03-23.txt

Error accessing possibly locked file /var/DOCKER/DATA/alfresco/cardinal/alfresco/logs/alfresco/localhost_access_log.2021-03-24.txt
WARNING 10 '/var/DOCKER/DATA/alfresco/cardinal/alfresco/logs/alfresco/localhost_access_log.2021-03-24.txt'
. Error accessing possibly locked file /var/DOCKER/DATA/alfresco/cardinal/alfresco/logs/alfresco/localhost_access_log.2021-03-24.txt

Error accessing possibly locked file /var/DOCKER/DATA/alfresco/cardinal/alfresco/logs/alfresco/localhost_access_log.2021-03-25.txt
WARNING 10 '/var/DOCKER/DATA/alfresco/cardinal/alfresco/logs/alfresco/localhost_access_log.2021-03-25.txt'
. Error accessing possibly locked file /var/DOCKER/DATA/alfresco/cardinal/alfresco/logs/alfresco/localhost_access_log.2021-03-25.txt

Error accessing possibly locked file /var/DOCKER/DATA/alfresco/cardinal/alfresco/logs/alfresco/localhost_access_log.2021-03-26.txt
WARNING 10 '/var/DOCKER/DATA/alfresco/cardinal/alfresco/logs/alfresco/localhost_access_log.2021-03-26.txt'
. Error accessing possibly locked file /var/DOCKER/DATA/alfresco/cardinal/alfresco/logs/alfresco/localhost_access_log.2021-03-26.txt

Error accessing possibly locked file /var/DOCKER/DATA/alfresco/cardinal/alfresco/logs/alfresco/localhost_access_log.2021-03-27.txt
WARNING 10 '/var/DOCKER/DATA/alfresco/cardinal/alfresco/logs/alfresco/localhost_access_log.2021-03-27.txt'
. Error accessing possibly locked file /var/DOCKER/DATA/alfresco/cardinal/alfresco/logs/alfresco/localhost_access_log.2021-03-27.txt

Error accessing possibly locked file /var/DOCKER/DATA/alfresco/cardinal/alfresco/logs/alfresco/localhost_access_log.2021-03-28.txt
WARNING 10 '/var/DOCKER/DATA/alfresco/cardinal/alfresco/logs/alfresco/localhost_access_log.2021-03-28.txt'
. Error accessing possibly locked file /var/DOCKER/DATA/alfresco/cardinal/alfresco/logs/alfresco/localhost_access_log.2021-03-28.txt

Error accessing possibly locked file /var/DOCKER/DATA/alfresco/cardinal/alfresco/logs/alfresco/manager.2021-03-21.log
WARNING 10 '/var/DOCKER/DATA/alfresco/cardinal/alfresco/logs/alfresco/manager.2021-03-21.log'
. Error accessing possibly locked file /var/DOCKER/DATA/alfresco/cardinal/alfresco/logs/alfresco/manager.2021-03-21.log

Error accessing possibly locked file /var/DOCKER/DATA/alfresco/cardinal/alfresco/logs/alfresco/manager.2021-03-23.log
WARNING 10 '/var/DOCKER/DATA/alfresco/cardinal/alfresco/logs/alfresco/manager.2021-03-23.log'
. Error accessing possibly locked file /var/DOCKER/DATA/alfresco/cardinal/alfresco/logs/alfresco/manager.2021-03-23.log

Error accessing possibly locked file /var/DOCKER/DATA/alfresco/cardinal/alfresco/logs/alfresco/manager.2021-03-24.log
WARNING 10 '/var/DOCKER/DATA/alfresco/cardinal/alfresco/logs/alfresco/manager.2021-03-24.log'
. Error accessing possibly locked file /var/DOCKER/DATA/alfresco/cardinal/alfresco/logs/alfresco/manager.2021-03-24.log

Error accessing possibly locked file /var/DOCKER/DATA/alfresco/cardinal/alfresco/logs/share/catalina.2021-03-21.log
WARNING 10 '/var/DOCKER/DATA/alfresco/cardinal/alfresco/logs/share/catalina.2021-03-21.log'
. Error accessing possibly locked file /var/DOCKER/DATA/alfresco/cardinal/alfresco/logs/share/catalina.2021-03-21.log

Error accessing possibly locked file /var/DOCKER/DATA/alfresco/cardinal/alfresco/logs/share/catalina.2021-03-23.log
WARNING 10 '/var/DOCKER/DATA/alfresco/cardinal/alfresco/logs/share/catalina.2021-03-23.log'
. Error accessing possibly locked file /var/DOCKER/DATA/alfresco/cardinal/alfresco/logs/share/catalina.2021-03-23.log

Error accessing possibly locked file /var/DOCKER/DATA/alfresco/cardinal/alfresco/logs/share/catalina.2021-03-24.log
WARNING 10 '/var/DOCKER/DATA/alfresco/cardinal/alfresco/logs/share/catalina.2021-03-24.log'
. Error accessing possibly locked file /var/DOCKER/DATA/alfresco/cardinal/alfresco/logs/share/catalina.2021-03-24.log

Error accessing possibly locked file /var/DOCKER/DATA/alfresco/cardinal/alfresco/logs/share/host-manager.2021-03-21.log
WARNING 10 '/var/DOCKER/DATA/alfresco/cardinal/alfresco/logs/share/host-manager.2021-03-21.log'
. Error accessing possibly locked file /var/DOCKER/DATA/alfresco/cardinal/alfresco/logs/share/host-manager.2021-03-21.log

Error accessing possibly locked file /var/DOCKER/DATA/alfresco/cardinal/alfresco/logs/share/host-manager.2021-03-23.log
WARNING 10 '/var/DOCKER/DATA/alfresco/cardinal/alfresco/logs/share/host-manager.2021-03-23.log'
. Error accessing possibly locked file /var/DOCKER/DATA/alfresco/cardinal/alfresco/logs/share/host-manager.2021-03-23.log

Error accessing possibly locked file /var/DOCKER/DATA/alfresco/cardinal/alfresco/logs/share/host-manager.2021-03-24.log
WARNING 10 '/var/DOCKER/DATA/alfresco/cardinal/alfresco/logs/share/host-manager.2021-03-24.log'
. Error accessing possibly locked file /var/DOCKER/DATA/alfresco/cardinal/alfresco/logs/share/host-manager.2021-03-24.log

Error accessing possibly locked file /var/DOCKER/DATA/alfresco/cardinal/alfresco/logs/share/localhost.2021-03-16.log
WARNING 10 '/var/DOCKER/DATA/alfresco/cardinal/alfresco/logs/share/localhost.2021-03-16.log'
. Error accessing possibly locked file /var/DOCKER/DATA/alfresco/cardinal/alfresco/logs/share/localhost.2021-03-16.log

Error accessing possibly locked file /var/DOCKER/DATA/alfresco/cardinal/alfresco/logs/share/localhost.2021-03-19.log
WARNING 10 '/var/DOCKER/DATA/alfresco/cardinal/alfresco/logs/share/localhost.2021-03-19.log'
. Error accessing possibly locked file /var/DOCKER/DATA/alfresco/cardinal/alfresco/logs/share/localhost.2021-03-19.log

Error accessing possibly locked file /var/DOCKER/DATA/alfresco/cardinal/alfresco/logs/share/localhost.2021-03-21.log
WARNING 10 '/var/DOCKER/DATA/alfresco/cardinal/alfresco/logs/share/localhost.2021-03-21.log'
. Error accessing possibly locked file /var/DOCKER/DATA/alfresco/cardinal/alfresco/logs/share/localhost.2021-03-21.log

Error accessing possibly locked file /var/DOCKER/DATA/alfresco/cardinal/alfresco/logs/share/localhost.2021-03-22.log
WARNING 10 '/var/DOCKER/DATA/alfresco/cardinal/alfresco/logs/share/localhost.2021-03-22.log'
. Error accessing possibly locked file /var/DOCKER/DATA/alfresco/cardinal/alfresco/logs/share/localhost.2021-03-22.log

Error accessing possibly locked file /var/DOCKER/DATA/alfresco/cardinal/alfresco/logs/share/localhost.2021-03-23.log
WARNING 10 '/var/DOCKER/DATA/alfresco/cardinal/alfresco/logs/share/localhost.2021-03-23.log'
. Error accessing possibly locked file /var/DOCKER/DATA/alfresco/cardinal/alfresco/logs/share/localhost.2021-03-23.log

Error accessing possibly locked file /var/DOCKER/DATA/alfresco/cardinal/alfresco/logs/share/localhost.2021-03-24.log
WARNING 10 '/var/DOCKER/DATA/alfresco/cardinal/alfresco/logs/share/localhost.2021-03-24.log'
. Error accessing possibly locked file /var/DOCKER/DATA/alfresco/cardinal/alfresco/logs/share/localhost.2021-03-24.log

Error accessing possibly locked file /var/DOCKER/DATA/alfresco/cardinal/alfresco/logs/share/localhost.2021-03-25.log
WARNING 10 '/var/DOCKER/DATA/alfresco/cardinal/alfresco/logs/share/localhost.2021-03-25.log'
. Error accessing possibly locked file /var/DOCKER/DATA/alfresco/cardinal/alfresco/logs/share/localhost.2021-03-25.log

Error accessing possibly locked file /var/DOCKER/DATA/alfresco/cardinal/alfresco/logs/share/localhost.2021-03-26.log
WARNING 10 '/var/DOCKER/DATA/alfresco/cardinal/alfresco/logs/share/localhost.2021-03-26.log'
. Error accessing possibly locked file /var/DOCKER/DATA/alfresco/cardinal/alfresco/logs/share/localhost.2021-03-26.log

Error accessing possibly locked file /var/DOCKER/DATA/alfresco/cardinal/alfresco/logs/share/localhost.2021-03-27.log
WARNING 10 '/var/DOCKER/DATA/alfresco/cardinal/alfresco/logs/share/localhost.2021-03-27.log'
. Error accessing possibly locked file /var/DOCKER/DATA/alfresco/cardinal/alfresco/logs/share/localhost.2021-03-27.log

Error accessing possibly locked file /var/DOCKER/DATA/alfresco/cardinal/alfresco/logs/share/localhost.2021-03-28.log
WARNING 10 '/var/DOCKER/DATA/alfresco/cardinal/alfresco/logs/share/localhost.2021-03-28.log'
. Error accessing possibly locked file /var/DOCKER/DATA/alfresco/cardinal/alfresco/logs/share/localhost.2021-03-28.log

Error accessing possibly locked file /var/DOCKER/DATA/alfresco/cardinal/alfresco/logs/share/localhost_access_log.2021-03-16.txt
WARNING 10 '/var/DOCKER/DATA/alfresco/cardinal/alfresco/logs/share/localhost_access_log.2021-03-16.txt'
. Error accessing possibly locked file /var/DOCKER/DATA/alfresco/cardinal/alfresco/logs/share/localhost_access_log.2021-03-16.txt

Error accessing possibly locked file /var/DOCKER/DATA/alfresco/cardinal/alfresco/logs/share/localhost_access_log.2021-03-17.txt
WARNING 10 '/var/DOCKER/DATA/alfresco/cardinal/alfresco/logs/share/localhost_access_log.2021-03-17.txt'
. Error accessing possibly locked file /var/DOCKER/DATA/alfresco/cardinal/alfresco/logs/share/localhost_access_log.2021-03-17.txt

Error accessing possibly locked file /var/DOCKER/DATA/alfresco/cardinal/alfresco/logs/share/localhost_access_log.2021-03-18.txt
WARNING 10 '/var/DOCKER/DATA/alfresco/cardinal/alfresco/logs/share/localhost_access_log.2021-03-18.txt'
. Error accessing possibly locked file /var/DOCKER/DATA/alfresco/cardinal/alfresco/logs/share/localhost_access_log.2021-03-18.txt

Error accessing possibly locked file /var/DOCKER/DATA/alfresco/cardinal/alfresco/logs/share/localhost_access_log.2021-03-19.txt
WARNING 10 '/var/DOCKER/DATA/alfresco/cardinal/alfresco/logs/share/localhost_access_log.2021-03-19.txt'
. Error accessing possibly locked file /var/DOCKER/DATA/alfresco/cardinal/alfresco/logs/share/localhost_access_log.2021-03-19.txt

Error accessing possibly locked file /var/DOCKER/DATA/alfresco/cardinal/alfresco/logs/share/localhost_access_log.2021-03-20.txt
WARNING 10 '/var/DOCKER/DATA/alfresco/cardinal/alfresco/logs/share/localhost_access_log.2021-03-20.txt'
. Error accessing possibly locked file /var/DOCKER/DATA/alfresco/cardinal/alfresco/logs/share/localhost_access_log.2021-03-20.txt

Error accessing possibly locked file /var/DOCKER/DATA/alfresco/cardinal/alfresco/logs/share/localhost_access_log.2021-03-21.txt
WARNING 10 '/var/DOCKER/DATA/alfresco/cardinal/alfresco/logs/share/localhost_access_log.2021-03-21.txt'
. Error accessing possibly locked file /var/DOCKER/DATA/alfresco/cardinal/alfresco/logs/share/localhost_access_log.2021-03-21.txt

Error accessing possibly locked file /var/DOCKER/DATA/alfresco/cardinal/alfresco/logs/share/localhost_access_log.2021-03-22.txt
WARNING 10 '/var/DOCKER/DATA/alfresco/cardinal/alfresco/logs/share/localhost_access_log.2021-03-22.txt'
. Error accessing possibly locked file /var/DOCKER/DATA/alfresco/cardinal/alfresco/logs/share/localhost_access_log.2021-03-22.txt

Error accessing possibly locked file /var/DOCKER/DATA/alfresco/cardinal/alfresco/logs/share/localhost_access_log.2021-03-23.txt
WARNING 10 '/var/DOCKER/DATA/alfresco/cardinal/alfresco/logs/share/localhost_access_log.2021-03-23.txt'
. Error accessing possibly locked file /var/DOCKER/DATA/alfresco/cardinal/alfresco/logs/share/localhost_access_log.2021-03-23.txt

Error accessing possibly locked file /var/DOCKER/DATA/alfresco/cardinal/alfresco/logs/share/localhost_access_log.2021-03-24.txt
WARNING 10 '/var/DOCKER/DATA/alfresco/cardinal/alfresco/logs/share/localhost_access_log.2021-03-24.txt'
. Error accessing possibly locked file /var/DOCKER/DATA/alfresco/cardinal/alfresco/logs/share/localhost_access_log.2021-03-24.txt

Error accessing possibly locked file /var/DOCKER/DATA/alfresco/cardinal/alfresco/logs/share/localhost_access_log.2021-03-25.txt
WARNING 10 '/var/DOCKER/DATA/alfresco/cardinal/alfresco/logs/share/localhost_access_log.2021-03-25.txt'
. Error accessing possibly locked file /var/DOCKER/DATA/alfresco/cardinal/alfresco/logs/share/localhost_access_log.2021-03-25.txt

Error accessing possibly locked file /var/DOCKER/DATA/alfresco/cardinal/alfresco/logs/share/localhost_access_log.2021-03-26.txt
WARNING 10 '/var/DOCKER/DATA/alfresco/cardinal/alfresco/logs/share/localhost_access_log.2021-03-26.txt'
. Error accessing possibly locked file /var/DOCKER/DATA/alfresco/cardinal/alfresco/logs/share/localhost_access_log.2021-03-26.txt

Error accessing possibly locked file /var/DOCKER/DATA/alfresco/cardinal/alfresco/logs/share/localhost_access_log.2021-03-27.txt
WARNING 10 '/var/DOCKER/DATA/alfresco/cardinal/alfresco/logs/share/localhost_access_log.2021-03-27.txt'
. Error accessing possibly locked file /var/DOCKER/DATA/alfresco/cardinal/alfresco/logs/share/localhost_access_log.2021-03-27.txt

Error accessing possibly locked file /var/DOCKER/DATA/alfresco/cardinal/alfresco/logs/share/localhost_access_log.2021-03-28.txt
WARNING 10 '/var/DOCKER/DATA/alfresco/cardinal/alfresco/logs/share/localhost_access_log.2021-03-28.txt'
. Error accessing possibly locked file /var/DOCKER/DATA/alfresco/cardinal/alfresco/logs/share/localhost_access_log.2021-03-28.txt

Error accessing possibly locked file /var/DOCKER/DATA/alfresco/cardinal/alfresco/logs/share/manager.2021-03-21.log
WARNING 10 '/var/DOCKER/DATA/alfresco/cardinal/alfresco/logs/share/manager.2021-03-21.log'
. Error accessing possibly locked file /var/DOCKER/DATA/alfresco/cardinal/alfresco/logs/share/manager.2021-03-21.log

Error accessing possibly locked file /var/DOCKER/DATA/alfresco/cardinal/alfresco/logs/share/manager.2021-03-23.log
WARNING 10 '/var/DOCKER/DATA/alfresco/cardinal/alfresco/logs/share/manager.2021-03-23.log'
. Error accessing possibly locked file /var/DOCKER/DATA/alfresco/cardinal/alfresco/logs/share/manager.2021-03-23.log

Error accessing possibly locked file /var/DOCKER/DATA/alfresco/cardinal/alfresco/logs/share/manager.2021-03-24.log
WARNING 10 '/var/DOCKER/DATA/alfresco/cardinal/alfresco/logs/share/manager.2021-03-24.log'
. Error accessing possibly locked file /var/DOCKER/DATA/alfresco/cardinal/alfresco/logs/share/manager.2021-03-24.log

--------------[ Backup Statistics ]--------------
StartTime 1616972557.17 (Sun Mar 28 23:02:37 2021)
EndTime 1616972664.47 (Sun Mar 28 23:04:24 2021)
ElapsedTime 107.30 (1 minute 47.30 seconds)
SourceFiles 319166
SourceFileSize 114494340729 (107 GB)
NewFiles 2
NewFileSize 24576 (24.0 KB)
DeletedFiles 0
ChangedFiles 0
ChangedFileSize 0 (0 bytes)
ChangedDeltaSize 0 (0 bytes)
DeltaEntries 2
RawDeltaSize 0 (0 bytes)
TotalDestinationSizeChange 229 (229 bytes)
Errors 68
-------------------------------------------------

NOTICE 1
. --------------[ Backup Statistics ]--------------
. StartTime 1616972557.17 (Sun Mar 28 23:02:37 2021)
. EndTime 1616972664.47 (Sun Mar 28 23:04:24 2021)
. ElapsedTime 107.30 (1 minute 47.30 seconds)
. SourceFiles 319166
. SourceFileSize 114494340729 (107 GB)
. NewFiles 2
. NewFileSize 24576 (24.0 KB)
. DeletedFiles 0
. ChangedFiles 0
. ChangedFileSize 0 (0 bytes)
. ChangedDeltaSize 0 (0 bytes)
. DeltaEntries 2
. RawDeltaSize 0 (0 bytes)
. TotalDestinationSizeChange 229 (229 bytes)
. Errors 68
. -------------------------------------------------
. 

2021-03-28-11:04:24 PM - [BART-Loglevel4] Files backup done!

2021-03-28-11:04:24 PM - [BART-Loglevel4] Running maintenance commands
2021-03-28-11:04:24 PM - [BART-Loglevel4] Running command - /usr/bin/duplicity remove-older-than 12M -v4 --log-file=/var/ALF_BACKUP/cardinal/logs/alfresco-bart-2021-03-28.log --archive-dir=/var/ALF_BACKUP/duplicity/cardinal/cache/ --force file:///mnt/ALF_BACKUP/cardinal/data_backup/index/backup
Local and Remote metadata are synchronized, no sync needed.
NOTICE 1
. Local and Remote metadata are synchronized, no sync needed.

Last full backup date: none
NOTICE 1
. Last full backup date: none

No old backup sets found, nothing deleted.
NOTICE 1
. No old backup sets found, nothing deleted.

2021-03-28-11:04:24 PM - [BART-Loglevel4] Running command - /usr/bin/duplicity remove-all-but-n-full 6 -v4 --log-file=/var/ALF_BACKUP/cardinal/logs/alfresco-bart-2021-03-28.log --archive-dir=/var/ALF_BACKUP/duplicity/cardinal/cache/ --force file:///mnt/ALF_BACKUP/cardinal/data_backup/index/backup
Local and Remote metadata are synchronized, no sync needed.
NOTICE 1
. Local and Remote metadata are synchronized, no sync needed.

Last full backup date: none
NOTICE 1
. Last full backup date: none

No old backup sets found, nothing deleted.
NOTICE 1
. No old backup sets found, nothing deleted.

Local and Remote metadata are synchronized, no sync needed.
NOTICE 1
. Local and Remote metadata are synchronized, no sync needed.

Last full backup date: Mon Mar 15 20:12:18 2021
NOTICE 1
. Last full backup date: Mon Mar 15 20:12:18 2021

No old backup sets found, nothing deleted.
NOTICE 1
. No old backup sets found, nothing deleted.

Local and Remote metadata are synchronized, no sync needed.
NOTICE 1
. Local and Remote metadata are synchronized, no sync needed.

Last full backup date: Mon Mar 15 20:12:18 2021
NOTICE 1
. Last full backup date: Mon Mar 15 20:12:18 2021

No old backup sets found, nothing deleted.
NOTICE 1
. No old backup sets found, nothing deleted.

2021-03-28-11:04:25 PM - [BART-Loglevel4] Running command - /usr/bin/duplicity remove-older-than 12M -v4 --log-file=/var/ALF_BACKUP/cardinal/logs/alfresco-bart-2021-03-28.log --archive-dir=/var/ALF_BACKUP/duplicity/cardinal/cache/ --force file:///mnt/ALF_BACKUP/cardinal/data_backup/db
Local and Remote metadata are synchronized, no sync needed.
NOTICE 1
. Local and Remote metadata are synchronized, no sync needed.

Last full backup date: Mon Mar 15 20:09:03 2021
NOTICE 1
. Last full backup date: Mon Mar 15 20:09:03 2021

No old backup sets found, nothing deleted.
NOTICE 1
. No old backup sets found, nothing deleted.

2021-03-28-11:04:25 PM - [BART-Loglevel4] Running command - /usr/bin/duplicity remove-all-but-n-full 6 -v4 --log-file=/var/ALF_BACKUP/cardinal/logs/alfresco-bart-2021-03-28.log --archive-dir=/var/ALF_BACKUP/duplicity/cardinal/cache/ --force file:///mnt/ALF_BACKUP/cardinal/data_backup/db
Local and Remote metadata are synchronized, no sync needed.
NOTICE 1
. Local and Remote metadata are synchronized, no sync needed.

Last full backup date: Mon Mar 15 20:09:03 2021
NOTICE 1
. Last full backup date: Mon Mar 15 20:09:03 2021

No old backup sets found, nothing deleted.
NOTICE 1
. No old backup sets found, nothing deleted.

2021-03-28-11:04:25 PM - [BART-Loglevel4] Running command - /usr/bin/duplicity remove-older-than 12M -v4 --log-file=/var/ALF_BACKUP/cardinal/logs/alfresco-bart-2021-03-28.log --archive-dir=/var/ALF_BACKUP/duplicity/cardinal/cache/ --force file:///mnt/ALF_BACKUP/cardinal/data_backup/cs
Local and Remote metadata are synchronized, no sync needed.
NOTICE 1
. Local and Remote metadata are synchronized, no sync needed.

Last full backup date: Mon Mar 15 20:13:46 2021
NOTICE 1
. Last full backup date: Mon Mar 15 20:13:46 2021

No old backup sets found, nothing deleted.
NOTICE 1
. No old backup sets found, nothing deleted.

2021-03-28-11:04:28 PM - [BART-Loglevel4] Running command - /usr/bin/duplicity remove-all-but-n-full 6 -v4 --log-file=/var/ALF_BACKUP/cardinal/logs/alfresco-bart-2021-03-28.log --archive-dir=/var/ALF_BACKUP/duplicity/cardinal/cache/ --force file:///mnt/ALF_BACKUP/cardinal/data_backup/cs
Local and Remote metadata are synchronized, no sync needed.
NOTICE 1
. Local and Remote metadata are synchronized, no sync needed.

Last full backup date: Mon Mar 15 20:13:46 2021
NOTICE 1
. Last full backup date: Mon Mar 15 20:13:46 2021

No old backup sets found, nothing deleted.
NOTICE 1
. No old backup sets found, nothing deleted.

2021-03-28-11:04:30 PM - [BART-Loglevel4] Running command - /usr/bin/duplicity remove-older-than 12M -v4 --log-file=/var/ALF_BACKUP/cardinal/logs/alfresco-bart-2021-03-28.log --archive-dir=/var/ALF_BACKUP/duplicity/cardinal/cache/ --force file:///mnt/ALF_BACKUP/cardinal/data_backup/files
Local and Remote metadata are synchronized, no sync needed.
NOTICE 1
. Local and Remote metadata are synchronized, no sync needed.

Last full backup date: Mon Mar 15 21:47:50 2021
NOTICE 1
. Last full backup date: Mon Mar 15 21:47:50 2021

No old backup sets found, nothing deleted.
NOTICE 1
. No old backup sets found, nothing deleted.

2021-03-28-11:04:32 PM - [BART-Loglevel4] Running command - /usr/bin/duplicity remove-all-but-n-full 6 -v4 --log-file=/var/ALF_BACKUP/cardinal/logs/alfresco-bart-2021-03-28.log --archive-dir=/var/ALF_BACKUP/duplicity/cardinal/cache/ --force file:///mnt/ALF_BACKUP/cardinal/data_backup/files
Local and Remote metadata are synchronized, no sync needed.
NOTICE 1
. Local and Remote metadata are synchronized, no sync needed.

Last full backup date: Mon Mar 15 21:47:50 2021
NOTICE 1
. Last full backup date: Mon Mar 15 21:47:50 2021

No old backup sets found, nothing deleted.
NOTICE 1
. No old backup sets found, nothing deleted.

2021-03-28-11:04:34 PM - [BART-Loglevel4] Maintenance commands DONE!
