Shutting Down Docker Instance
DOCKER INSTANCE IS DOWN
2021-04-26-11:00:01 PM - [BART-Loglevel4] Starting backup
2021-04-26-11:00:01 PM - [BART-Loglevel4] Set script variables done

2021-04-26-11:00:01 PM - [BART-Loglevel4] Backing up the Alfresco indexes to local
2021-04-26-11:00:01 PM - [BART-Loglevel4] Starting backup - Alfresco solr indexes
2021-04-26-11:00:01 PM - [BART-Loglevel4] Running command - /usr/bin/duplicity -v4 --volsize=20000 --log-file=/var/ALF_BACKUP/cardinal/logs/alfresco-bart-2021-04-26.log --full-if-older-than 60D --asynchronous-upload --archive-dir=/var/ALF_BACKUP/duplicity/cardinal/cache/  /var/DOCKER/DATA/alfresco/cardinal/solr_data --exclude /var/DOCKER/DATA/alfresco/cardinal/solr_data/archive --exclude /var/DOCKER/DATA/alfresco/cardinal/solr_data/workspace file:///mnt/ALF_BACKUP/cardinal/data_backup/index/config
Local and Remote metadata are synchronized, no sync needed.
NOTICE 1
. Local and Remote metadata are synchronized, no sync needed.

Last full backup date: Mon Mar 15 20:12:18 2021
NOTICE 1
. Last full backup date: Mon Mar 15 20:12:18 2021

--------------[ Backup Statistics ]--------------
StartTime 1619478001.96 (Mon Apr 26 23:00:01 2021)
EndTime 1619478002.69 (Mon Apr 26 23:00:02 2021)
ElapsedTime 0.74 (0.74 seconds)
SourceFiles 901
SourceFileSize 1123818273 (1.05 GB)
NewFiles 69
NewFileSize 262562 (256 KB)
DeletedFiles 6
ChangedFiles 0
ChangedFileSize 0 (0 bytes)
ChangedDeltaSize 0 (0 bytes)
DeltaEntries 75
RawDeltaSize 221602 (216 KB)
TotalDestinationSizeChange 36076 (35.2 KB)
Errors 0
-------------------------------------------------

NOTICE 1
. --------------[ Backup Statistics ]--------------
. StartTime 1619478001.96 (Mon Apr 26 23:00:01 2021)
. EndTime 1619478002.69 (Mon Apr 26 23:00:02 2021)
. ElapsedTime 0.74 (0.74 seconds)
. SourceFiles 901
. SourceFileSize 1123818273 (1.05 GB)
. NewFiles 69
. NewFileSize 262562 (256 KB)
. DeletedFiles 6
. ChangedFiles 0
. ChangedFileSize 0 (0 bytes)
. ChangedDeltaSize 0 (0 bytes)
. DeltaEntries 75
. RawDeltaSize 221602 (216 KB)
. TotalDestinationSizeChange 36076 (35.2 KB)
. Errors 0
. -------------------------------------------------
. 

2021-04-26-11:00:02 PM - [BART-Loglevel4] Indexes backup finished

2021-04-26-11:00:02 PM - [BART-Loglevel4] Backing up the Alfresco db to local
2021-04-26-11:00:02 PM - [BART-Loglevel4] Starting backup - Alfresco postgresql db
2021-04-26-11:00:02 PM - [BART-Loglevel4] Backing up the Alfresco DB to local
2021-04-26-11:00:02 PM - [BART-Loglevel4] Starting backup - Alfresco postgresql DB
2021-04-26-11:00:02 PM - [BART-Loglevel4] Running command - PGPASSWORD=45osUQR234X /usr/lib/postgresql/11/bin/pg_dump -Fc -w -h 172.18.200.70 -p 5000 -U alfresco alf_cardinal > /var/ALF_BACKUP/cardinal/alfresco-db-backup/alf_cardinal.sql.Fc
2021-04-26-11:00:36 PM - [BART-Loglevel4] Running command - duplicity -v4 --volsize=20000 --log-file=/var/ALF_BACKUP/cardinal/logs/alfresco-bart-2021-04-26.log --full-if-older-than 60D --asynchronous-upload --archive-dir=/var/ALF_BACKUP/duplicity/cardinal/cache/  /var/ALF_BACKUP/cardinal/alfresco-db-backup file:///mnt/ALF_BACKUP/cardinal/data_backup/db
Local and Remote metadata are synchronized, no sync needed.
NOTICE 1
. Local and Remote metadata are synchronized, no sync needed.

Last full backup date: Mon Mar 15 20:09:03 2021
NOTICE 1
. Last full backup date: Mon Mar 15 20:09:03 2021

--------------[ Backup Statistics ]--------------
StartTime 1619478037.50 (Mon Apr 26 23:00:37 2021)
EndTime 1619478041.88 (Mon Apr 26 23:00:41 2021)
ElapsedTime 4.38 (4.38 seconds)
SourceFiles 2
SourceFileSize 128147136 (122 MB)
NewFiles 1
NewFileSize 4096 (4.00 KB)
DeletedFiles 0
ChangedFiles 1
ChangedFileSize 128143040 (122 MB)
ChangedDeltaSize 0 (0 bytes)
DeltaEntries 2
RawDeltaSize 50356895 (48.0 MB)
TotalDestinationSizeChange 50153241 (47.8 MB)
Errors 0
-------------------------------------------------

NOTICE 1
. --------------[ Backup Statistics ]--------------
. StartTime 1619478037.50 (Mon Apr 26 23:00:37 2021)
. EndTime 1619478041.88 (Mon Apr 26 23:00:41 2021)
. ElapsedTime 4.38 (4.38 seconds)
. SourceFiles 2
. SourceFileSize 128147136 (122 MB)
. NewFiles 1
. NewFileSize 4096 (4.00 KB)
. DeletedFiles 0
. ChangedFiles 1
. ChangedFileSize 128143040 (122 MB)
. ChangedDeltaSize 0 (0 bytes)
. DeltaEntries 2
. RawDeltaSize 50356895 (48.0 MB)
. TotalDestinationSizeChange 50153241 (47.8 MB)
. Errors 0
. -------------------------------------------------
. 

2021-04-26-11:00:42 PM - [BART-Loglevel4] cleaning DB backup
2021-04-26-11:00:42 PM - [BART-Loglevel4] DB backup finished

2021-04-26-11:00:42 PM - [BART-Loglevel4] Backing up the Alfresco ContentStore to local
2021-04-26-11:00:42 PM - [BART-Loglevel4] Starting backup - Alfresco ContentStore
2021-04-26-11:00:42 PM - [BART-Loglevel4] Running command - /usr/bin/duplicity -v4 --volsize=20000 --log-file=/var/ALF_BACKUP/cardinal/logs/alfresco-bart-2021-04-26.log --full-if-older-than 60D --asynchronous-upload --archive-dir=/var/ALF_BACKUP/duplicity/cardinal/cache/  --include /var/DOCKER/DATA/alfresco/cardinal/alfresco/alf_data_archgroup/contentstore       --exclude /var/DOCKER/DATA/alfresco/cardinal/alfresco/alf_data_archgroup /var/DOCKER/DATA/alfresco/cardinal/alfresco/alf_data_archgroup file:///mnt/ALF_BACKUP/cardinal/data_backup/cs
Local and Remote metadata are synchronized, no sync needed.
NOTICE 1
. Local and Remote metadata are synchronized, no sync needed.

Last full backup date: Mon Mar 15 20:13:46 2021
NOTICE 1
. Last full backup date: Mon Mar 15 20:13:46 2021

Error accessing possibly locked file /var/DOCKER/DATA/alfresco/cardinal/alfresco/alf_data_archgroup/contentstore/2021/1/22/22
WARNING 10 '/var/DOCKER/DATA/alfresco/cardinal/alfresco/alf_data_archgroup/contentstore/2021/1/22/22'
. Error accessing possibly locked file /var/DOCKER/DATA/alfresco/cardinal/alfresco/alf_data_archgroup/contentstore/2021/1/22/22

Error accessing possibly locked file /var/DOCKER/DATA/alfresco/cardinal/alfresco/alf_data_archgroup/contentstore/2021/1/23
WARNING 10 '/var/DOCKER/DATA/alfresco/cardinal/alfresco/alf_data_archgroup/contentstore/2021/1/23'
. Error accessing possibly locked file /var/DOCKER/DATA/alfresco/cardinal/alfresco/alf_data_archgroup/contentstore/2021/1/23

Error accessing possibly locked file /var/DOCKER/DATA/alfresco/cardinal/alfresco/alf_data_archgroup/contentstore/2021/1/25
WARNING 10 '/var/DOCKER/DATA/alfresco/cardinal/alfresco/alf_data_archgroup/contentstore/2021/1/25'
. Error accessing possibly locked file /var/DOCKER/DATA/alfresco/cardinal/alfresco/alf_data_archgroup/contentstore/2021/1/25

Error accessing possibly locked file /var/DOCKER/DATA/alfresco/cardinal/alfresco/alf_data_archgroup/contentstore/2021/1/26
WARNING 10 '/var/DOCKER/DATA/alfresco/cardinal/alfresco/alf_data_archgroup/contentstore/2021/1/26'
. Error accessing possibly locked file /var/DOCKER/DATA/alfresco/cardinal/alfresco/alf_data_archgroup/contentstore/2021/1/26

Error accessing possibly locked file /var/DOCKER/DATA/alfresco/cardinal/alfresco/alf_data_archgroup/contentstore/2021/1/27
WARNING 10 '/var/DOCKER/DATA/alfresco/cardinal/alfresco/alf_data_archgroup/contentstore/2021/1/27'
. Error accessing possibly locked file /var/DOCKER/DATA/alfresco/cardinal/alfresco/alf_data_archgroup/contentstore/2021/1/27

Error accessing possibly locked file /var/DOCKER/DATA/alfresco/cardinal/alfresco/alf_data_archgroup/contentstore/2021/1/28
WARNING 10 '/var/DOCKER/DATA/alfresco/cardinal/alfresco/alf_data_archgroup/contentstore/2021/1/28'
. Error accessing possibly locked file /var/DOCKER/DATA/alfresco/cardinal/alfresco/alf_data_archgroup/contentstore/2021/1/28

Error accessing possibly locked file /var/DOCKER/DATA/alfresco/cardinal/alfresco/alf_data_archgroup/contentstore/2021/1/29
WARNING 10 '/var/DOCKER/DATA/alfresco/cardinal/alfresco/alf_data_archgroup/contentstore/2021/1/29'
. Error accessing possibly locked file /var/DOCKER/DATA/alfresco/cardinal/alfresco/alf_data_archgroup/contentstore/2021/1/29

Error accessing possibly locked file /var/DOCKER/DATA/alfresco/cardinal/alfresco/alf_data_archgroup/contentstore/2021/1/30
WARNING 10 '/var/DOCKER/DATA/alfresco/cardinal/alfresco/alf_data_archgroup/contentstore/2021/1/30'
. Error accessing possibly locked file /var/DOCKER/DATA/alfresco/cardinal/alfresco/alf_data_archgroup/contentstore/2021/1/30

Error accessing possibly locked file /var/DOCKER/DATA/alfresco/cardinal/alfresco/alf_data_archgroup/contentstore/2021/2
WARNING 10 '/var/DOCKER/DATA/alfresco/cardinal/alfresco/alf_data_archgroup/contentstore/2021/2'
. Error accessing possibly locked file /var/DOCKER/DATA/alfresco/cardinal/alfresco/alf_data_archgroup/contentstore/2021/2

Error accessing possibly locked file /var/DOCKER/DATA/alfresco/cardinal/alfresco/alf_data_archgroup/contentstore/2021/3
WARNING 10 '/var/DOCKER/DATA/alfresco/cardinal/alfresco/alf_data_archgroup/contentstore/2021/3'
. Error accessing possibly locked file /var/DOCKER/DATA/alfresco/cardinal/alfresco/alf_data_archgroup/contentstore/2021/3

Error accessing possibly locked file /var/DOCKER/DATA/alfresco/cardinal/alfresco/alf_data_archgroup/contentstore/2021/4
WARNING 10 '/var/DOCKER/DATA/alfresco/cardinal/alfresco/alf_data_archgroup/contentstore/2021/4'
. Error accessing possibly locked file /var/DOCKER/DATA/alfresco/cardinal/alfresco/alf_data_archgroup/contentstore/2021/4

--------------[ Backup Statistics ]--------------
StartTime 1619478045.34 (Mon Apr 26 23:00:45 2021)
EndTime 1619478158.92 (Mon Apr 26 23:02:38 2021)
ElapsedTime 113.59 (1 minute 53.59 seconds)
SourceFiles 295571
SourceFileSize 125431606546 (117 GB)
NewFiles 0
NewFileSize 0 (0 bytes)
DeletedFiles 0
ChangedFiles 0
ChangedFileSize 0 (0 bytes)
ChangedDeltaSize 0 (0 bytes)
DeltaEntries 0
RawDeltaSize 0 (0 bytes)
TotalDestinationSizeChange 111 (111 bytes)
Errors 11
-------------------------------------------------

NOTICE 1
. --------------[ Backup Statistics ]--------------
. StartTime 1619478045.34 (Mon Apr 26 23:00:45 2021)
. EndTime 1619478158.92 (Mon Apr 26 23:02:38 2021)
. ElapsedTime 113.59 (1 minute 53.59 seconds)
. SourceFiles 295571
. SourceFileSize 125431606546 (117 GB)
. NewFiles 0
. NewFileSize 0 (0 bytes)
. DeletedFiles 0
. ChangedFiles 0
. ChangedFileSize 0 (0 bytes)
. ChangedDeltaSize 0 (0 bytes)
. DeltaEntries 0
. RawDeltaSize 0 (0 bytes)
. TotalDestinationSizeChange 111 (111 bytes)
. Errors 11
. -------------------------------------------------
. 

2021-04-26-11:02:39 PM - [BART-Loglevel4] ContentStore backup done!

2021-04-26-11:02:39 PM - [BART-Loglevel4] Backing up the Alfresco files to local
2021-04-26-11:02:39 PM - [BART-Loglevel4] Starting backup - Alfresco files
2021-04-26-11:02:39 PM - [BART-Loglevel4] Running command - /usr/bin/duplicity -v4 --volsize=20000 --log-file=/var/ALF_BACKUP/cardinal/logs/alfresco-bart-2021-04-26.log --full-if-older-than 60D --asynchronous-upload --archive-dir=/var/ALF_BACKUP/duplicity/cardinal/cache/  /var/DOCKER/DATA/alfresco/cardinal/alfresco  --exclude **/var/DOCKER/DATA/alfresco/cardinal/solr_data/archive**  --exclude **/var/DOCKER/DATA/alfresco/cardinal/solr_data**  --exclude **/var/DOCKER/DATA/alfresco/cardinal/alfresco/alf_data_archgroup/contentstore**  --exclude **/var/DOCKER/DATA/alfresco/cardinal/alfresco/alf_data_archgroup/contentstore.deleted**       --exclude **/var/ALF_BACKUP/cardinal/alfresco-db-backup**  file:///mnt/ALF_BACKUP/cardinal/data_backup/files
Local and Remote metadata are synchronized, no sync needed.
NOTICE 1
. Local and Remote metadata are synchronized, no sync needed.

Last full backup date: Mon Mar 15 21:47:50 2021
NOTICE 1
. Last full backup date: Mon Mar 15 21:47:50 2021

Error accessing possibly locked file /var/DOCKER/DATA/alfresco/cardinal/alfresco/logs/alfresco/alfresco.log
WARNING 10 '/var/DOCKER/DATA/alfresco/cardinal/alfresco/logs/alfresco/alfresco.log'
. Error accessing possibly locked file /var/DOCKER/DATA/alfresco/cardinal/alfresco/logs/alfresco/alfresco.log

Error accessing possibly locked file /var/DOCKER/DATA/alfresco/cardinal/alfresco/logs/alfresco/alfresco.log.2021-03-17
WARNING 10 '/var/DOCKER/DATA/alfresco/cardinal/alfresco/logs/alfresco/alfresco.log.2021-03-17'
. Error accessing possibly locked file /var/DOCKER/DATA/alfresco/cardinal/alfresco/logs/alfresco/alfresco.log.2021-03-17

Error accessing possibly locked file /var/DOCKER/DATA/alfresco/cardinal/alfresco/logs/alfresco/alfresco.log.2021-03-18
WARNING 10 '/var/DOCKER/DATA/alfresco/cardinal/alfresco/logs/alfresco/alfresco.log.2021-03-18'
. Error accessing possibly locked file /var/DOCKER/DATA/alfresco/cardinal/alfresco/logs/alfresco/alfresco.log.2021-03-18

Error accessing possibly locked file /var/DOCKER/DATA/alfresco/cardinal/alfresco/logs/alfresco/alfresco.log.2021-03-19
WARNING 10 '/var/DOCKER/DATA/alfresco/cardinal/alfresco/logs/alfresco/alfresco.log.2021-03-19'
. Error accessing possibly locked file /var/DOCKER/DATA/alfresco/cardinal/alfresco/logs/alfresco/alfresco.log.2021-03-19

Error accessing possibly locked file /var/DOCKER/DATA/alfresco/cardinal/alfresco/logs/alfresco/alfresco.log.2021-03-20
WARNING 10 '/var/DOCKER/DATA/alfresco/cardinal/alfresco/logs/alfresco/alfresco.log.2021-03-20'
. Error accessing possibly locked file /var/DOCKER/DATA/alfresco/cardinal/alfresco/logs/alfresco/alfresco.log.2021-03-20

Error accessing possibly locked file /var/DOCKER/DATA/alfresco/cardinal/alfresco/logs/alfresco/alfresco.log.2021-03-21
WARNING 10 '/var/DOCKER/DATA/alfresco/cardinal/alfresco/logs/alfresco/alfresco.log.2021-03-21'
. Error accessing possibly locked file /var/DOCKER/DATA/alfresco/cardinal/alfresco/logs/alfresco/alfresco.log.2021-03-21

Error accessing possibly locked file /var/DOCKER/DATA/alfresco/cardinal/alfresco/logs/alfresco/alfresco.log.2021-03-22
WARNING 10 '/var/DOCKER/DATA/alfresco/cardinal/alfresco/logs/alfresco/alfresco.log.2021-03-22'
. Error accessing possibly locked file /var/DOCKER/DATA/alfresco/cardinal/alfresco/logs/alfresco/alfresco.log.2021-03-22

Error accessing possibly locked file /var/DOCKER/DATA/alfresco/cardinal/alfresco/logs/alfresco/alfresco.log.2021-03-23
WARNING 10 '/var/DOCKER/DATA/alfresco/cardinal/alfresco/logs/alfresco/alfresco.log.2021-03-23'
. Error accessing possibly locked file /var/DOCKER/DATA/alfresco/cardinal/alfresco/logs/alfresco/alfresco.log.2021-03-23

Error accessing possibly locked file /var/DOCKER/DATA/alfresco/cardinal/alfresco/logs/alfresco/alfresco.log.2021-03-24
WARNING 10 '/var/DOCKER/DATA/alfresco/cardinal/alfresco/logs/alfresco/alfresco.log.2021-03-24'
. Error accessing possibly locked file /var/DOCKER/DATA/alfresco/cardinal/alfresco/logs/alfresco/alfresco.log.2021-03-24

Error accessing possibly locked file /var/DOCKER/DATA/alfresco/cardinal/alfresco/logs/alfresco/alfresco.log.2021-03-25
WARNING 10 '/var/DOCKER/DATA/alfresco/cardinal/alfresco/logs/alfresco/alfresco.log.2021-03-25'
. Error accessing possibly locked file /var/DOCKER/DATA/alfresco/cardinal/alfresco/logs/alfresco/alfresco.log.2021-03-25

Error accessing possibly locked file /var/DOCKER/DATA/alfresco/cardinal/alfresco/logs/alfresco/alfresco.log.2021-03-26
WARNING 10 '/var/DOCKER/DATA/alfresco/cardinal/alfresco/logs/alfresco/alfresco.log.2021-03-26'
. Error accessing possibly locked file /var/DOCKER/DATA/alfresco/cardinal/alfresco/logs/alfresco/alfresco.log.2021-03-26

Error accessing possibly locked file /var/DOCKER/DATA/alfresco/cardinal/alfresco/logs/alfresco/alfresco.log.2021-03-27
WARNING 10 '/var/DOCKER/DATA/alfresco/cardinal/alfresco/logs/alfresco/alfresco.log.2021-03-27'
. Error accessing possibly locked file /var/DOCKER/DATA/alfresco/cardinal/alfresco/logs/alfresco/alfresco.log.2021-03-27

Error accessing possibly locked file /var/DOCKER/DATA/alfresco/cardinal/alfresco/logs/alfresco/alfresco.log.2021-03-28
WARNING 10 '/var/DOCKER/DATA/alfresco/cardinal/alfresco/logs/alfresco/alfresco.log.2021-03-28'
. Error accessing possibly locked file /var/DOCKER/DATA/alfresco/cardinal/alfresco/logs/alfresco/alfresco.log.2021-03-28

Error accessing possibly locked file /var/DOCKER/DATA/alfresco/cardinal/alfresco/logs/alfresco/alfresco.log.2021-03-29
WARNING 10 '/var/DOCKER/DATA/alfresco/cardinal/alfresco/logs/alfresco/alfresco.log.2021-03-29'
. Error accessing possibly locked file /var/DOCKER/DATA/alfresco/cardinal/alfresco/logs/alfresco/alfresco.log.2021-03-29

Error accessing possibly locked file /var/DOCKER/DATA/alfresco/cardinal/alfresco/logs/alfresco/alfresco.log.2021-03-30
WARNING 10 '/var/DOCKER/DATA/alfresco/cardinal/alfresco/logs/alfresco/alfresco.log.2021-03-30'
. Error accessing possibly locked file /var/DOCKER/DATA/alfresco/cardinal/alfresco/logs/alfresco/alfresco.log.2021-03-30

Error accessing possibly locked file /var/DOCKER/DATA/alfresco/cardinal/alfresco/logs/alfresco/alfresco.log.2021-03-31
WARNING 10 '/var/DOCKER/DATA/alfresco/cardinal/alfresco/logs/alfresco/alfresco.log.2021-03-31'
. Error accessing possibly locked file /var/DOCKER/DATA/alfresco/cardinal/alfresco/logs/alfresco/alfresco.log.2021-03-31

Error accessing possibly locked file /var/DOCKER/DATA/alfresco/cardinal/alfresco/logs/alfresco/alfresco.log.2021-04-01
WARNING 10 '/var/DOCKER/DATA/alfresco/cardinal/alfresco/logs/alfresco/alfresco.log.2021-04-01'
. Error accessing possibly locked file /var/DOCKER/DATA/alfresco/cardinal/alfresco/logs/alfresco/alfresco.log.2021-04-01

Error accessing possibly locked file /var/DOCKER/DATA/alfresco/cardinal/alfresco/logs/alfresco/alfresco.log.2021-04-02
WARNING 10 '/var/DOCKER/DATA/alfresco/cardinal/alfresco/logs/alfresco/alfresco.log.2021-04-02'
. Error accessing possibly locked file /var/DOCKER/DATA/alfresco/cardinal/alfresco/logs/alfresco/alfresco.log.2021-04-02

Error accessing possibly locked file /var/DOCKER/DATA/alfresco/cardinal/alfresco/logs/alfresco/alfresco.log.2021-04-03
WARNING 10 '/var/DOCKER/DATA/alfresco/cardinal/alfresco/logs/alfresco/alfresco.log.2021-04-03'
. Error accessing possibly locked file /var/DOCKER/DATA/alfresco/cardinal/alfresco/logs/alfresco/alfresco.log.2021-04-03

Error accessing possibly locked file /var/DOCKER/DATA/alfresco/cardinal/alfresco/logs/alfresco/alfresco.log.2021-04-04
WARNING 10 '/var/DOCKER/DATA/alfresco/cardinal/alfresco/logs/alfresco/alfresco.log.2021-04-04'
. Error accessing possibly locked file /var/DOCKER/DATA/alfresco/cardinal/alfresco/logs/alfresco/alfresco.log.2021-04-04

Error accessing possibly locked file /var/DOCKER/DATA/alfresco/cardinal/alfresco/logs/alfresco/alfresco.log.2021-04-05
WARNING 10 '/var/DOCKER/DATA/alfresco/cardinal/alfresco/logs/alfresco/alfresco.log.2021-04-05'
. Error accessing possibly locked file /var/DOCKER/DATA/alfresco/cardinal/alfresco/logs/alfresco/alfresco.log.2021-04-05

Error accessing possibly locked file /var/DOCKER/DATA/alfresco/cardinal/alfresco/logs/alfresco/alfresco.log.2021-04-06
WARNING 10 '/var/DOCKER/DATA/alfresco/cardinal/alfresco/logs/alfresco/alfresco.log.2021-04-06'
. Error accessing possibly locked file /var/DOCKER/DATA/alfresco/cardinal/alfresco/logs/alfresco/alfresco.log.2021-04-06

Error accessing possibly locked file /var/DOCKER/DATA/alfresco/cardinal/alfresco/logs/alfresco/alfresco.log.2021-04-07
WARNING 10 '/var/DOCKER/DATA/alfresco/cardinal/alfresco/logs/alfresco/alfresco.log.2021-04-07'
. Error accessing possibly locked file /var/DOCKER/DATA/alfresco/cardinal/alfresco/logs/alfresco/alfresco.log.2021-04-07

Error accessing possibly locked file /var/DOCKER/DATA/alfresco/cardinal/alfresco/logs/alfresco/alfresco.log.2021-04-08
WARNING 10 '/var/DOCKER/DATA/alfresco/cardinal/alfresco/logs/alfresco/alfresco.log.2021-04-08'
. Error accessing possibly locked file /var/DOCKER/DATA/alfresco/cardinal/alfresco/logs/alfresco/alfresco.log.2021-04-08

Error accessing possibly locked file /var/DOCKER/DATA/alfresco/cardinal/alfresco/logs/alfresco/alfresco.log.2021-04-09
WARNING 10 '/var/DOCKER/DATA/alfresco/cardinal/alfresco/logs/alfresco/alfresco.log.2021-04-09'
. Error accessing possibly locked file /var/DOCKER/DATA/alfresco/cardinal/alfresco/logs/alfresco/alfresco.log.2021-04-09

Error accessing possibly locked file /var/DOCKER/DATA/alfresco/cardinal/alfresco/logs/alfresco/alfresco.log.2021-04-10
WARNING 10 '/var/DOCKER/DATA/alfresco/cardinal/alfresco/logs/alfresco/alfresco.log.2021-04-10'
. Error accessing possibly locked file /var/DOCKER/DATA/alfresco/cardinal/alfresco/logs/alfresco/alfresco.log.2021-04-10

Error accessing possibly locked file /var/DOCKER/DATA/alfresco/cardinal/alfresco/logs/alfresco/alfresco.log.2021-04-11
WARNING 10 '/var/DOCKER/DATA/alfresco/cardinal/alfresco/logs/alfresco/alfresco.log.2021-04-11'
. Error accessing possibly locked file /var/DOCKER/DATA/alfresco/cardinal/alfresco/logs/alfresco/alfresco.log.2021-04-11

Error accessing possibly locked file /var/DOCKER/DATA/alfresco/cardinal/alfresco/logs/alfresco/alfresco.log.2021-04-12
WARNING 10 '/var/DOCKER/DATA/alfresco/cardinal/alfresco/logs/alfresco/alfresco.log.2021-04-12'
. Error accessing possibly locked file /var/DOCKER/DATA/alfresco/cardinal/alfresco/logs/alfresco/alfresco.log.2021-04-12

Error accessing possibly locked file /var/DOCKER/DATA/alfresco/cardinal/alfresco/logs/alfresco/alfresco.log.2021-04-13
WARNING 10 '/var/DOCKER/DATA/alfresco/cardinal/alfresco/logs/alfresco/alfresco.log.2021-04-13'
. Error accessing possibly locked file /var/DOCKER/DATA/alfresco/cardinal/alfresco/logs/alfresco/alfresco.log.2021-04-13

Error accessing possibly locked file /var/DOCKER/DATA/alfresco/cardinal/alfresco/logs/alfresco/alfresco.log.2021-04-14
WARNING 10 '/var/DOCKER/DATA/alfresco/cardinal/alfresco/logs/alfresco/alfresco.log.2021-04-14'
. Error accessing possibly locked file /var/DOCKER/DATA/alfresco/cardinal/alfresco/logs/alfresco/alfresco.log.2021-04-14

Error accessing possibly locked file /var/DOCKER/DATA/alfresco/cardinal/alfresco/logs/alfresco/alfresco.log.2021-04-15
WARNING 10 '/var/DOCKER/DATA/alfresco/cardinal/alfresco/logs/alfresco/alfresco.log.2021-04-15'
. Error accessing possibly locked file /var/DOCKER/DATA/alfresco/cardinal/alfresco/logs/alfresco/alfresco.log.2021-04-15

Error accessing possibly locked file /var/DOCKER/DATA/alfresco/cardinal/alfresco/logs/alfresco/alfresco.log.2021-04-16
WARNING 10 '/var/DOCKER/DATA/alfresco/cardinal/alfresco/logs/alfresco/alfresco.log.2021-04-16'
. Error accessing possibly locked file /var/DOCKER/DATA/alfresco/cardinal/alfresco/logs/alfresco/alfresco.log.2021-04-16

Error accessing possibly locked file /var/DOCKER/DATA/alfresco/cardinal/alfresco/logs/alfresco/alfresco.log.2021-04-17
WARNING 10 '/var/DOCKER/DATA/alfresco/cardinal/alfresco/logs/alfresco/alfresco.log.2021-04-17'
. Error accessing possibly locked file /var/DOCKER/DATA/alfresco/cardinal/alfresco/logs/alfresco/alfresco.log.2021-04-17

Error accessing possibly locked file /var/DOCKER/DATA/alfresco/cardinal/alfresco/logs/alfresco/alfresco.log.2021-04-18
WARNING 10 '/var/DOCKER/DATA/alfresco/cardinal/alfresco/logs/alfresco/alfresco.log.2021-04-18'
. Error accessing possibly locked file /var/DOCKER/DATA/alfresco/cardinal/alfresco/logs/alfresco/alfresco.log.2021-04-18

Error accessing possibly locked file /var/DOCKER/DATA/alfresco/cardinal/alfresco/logs/alfresco/alfresco.log.2021-04-19
WARNING 10 '/var/DOCKER/DATA/alfresco/cardinal/alfresco/logs/alfresco/alfresco.log.2021-04-19'
. Error accessing possibly locked file /var/DOCKER/DATA/alfresco/cardinal/alfresco/logs/alfresco/alfresco.log.2021-04-19

Error accessing possibly locked file /var/DOCKER/DATA/alfresco/cardinal/alfresco/logs/alfresco/alfresco.log.2021-04-20
WARNING 10 '/var/DOCKER/DATA/alfresco/cardinal/alfresco/logs/alfresco/alfresco.log.2021-04-20'
. Error accessing possibly locked file /var/DOCKER/DATA/alfresco/cardinal/alfresco/logs/alfresco/alfresco.log.2021-04-20

Error accessing possibly locked file /var/DOCKER/DATA/alfresco/cardinal/alfresco/logs/alfresco/alfresco.log.2021-04-21
WARNING 10 '/var/DOCKER/DATA/alfresco/cardinal/alfresco/logs/alfresco/alfresco.log.2021-04-21'
. Error accessing possibly locked file /var/DOCKER/DATA/alfresco/cardinal/alfresco/logs/alfresco/alfresco.log.2021-04-21

Error accessing possibly locked file /var/DOCKER/DATA/alfresco/cardinal/alfresco/logs/alfresco/alfresco.log.2021-04-22
WARNING 10 '/var/DOCKER/DATA/alfresco/cardinal/alfresco/logs/alfresco/alfresco.log.2021-04-22'
. Error accessing possibly locked file /var/DOCKER/DATA/alfresco/cardinal/alfresco/logs/alfresco/alfresco.log.2021-04-22

Error accessing possibly locked file /var/DOCKER/DATA/alfresco/cardinal/alfresco/logs/alfresco/alfresco.log.2021-04-23
WARNING 10 '/var/DOCKER/DATA/alfresco/cardinal/alfresco/logs/alfresco/alfresco.log.2021-04-23'
. Error accessing possibly locked file /var/DOCKER/DATA/alfresco/cardinal/alfresco/logs/alfresco/alfresco.log.2021-04-23

Error accessing possibly locked file /var/DOCKER/DATA/alfresco/cardinal/alfresco/logs/alfresco/alfresco.log.2021-04-24
WARNING 10 '/var/DOCKER/DATA/alfresco/cardinal/alfresco/logs/alfresco/alfresco.log.2021-04-24'
. Error accessing possibly locked file /var/DOCKER/DATA/alfresco/cardinal/alfresco/logs/alfresco/alfresco.log.2021-04-24

Error accessing possibly locked file /var/DOCKER/DATA/alfresco/cardinal/alfresco/logs/alfresco/alfresco.log.2021-04-25
WARNING 10 '/var/DOCKER/DATA/alfresco/cardinal/alfresco/logs/alfresco/alfresco.log.2021-04-25'
. Error accessing possibly locked file /var/DOCKER/DATA/alfresco/cardinal/alfresco/logs/alfresco/alfresco.log.2021-04-25

Error accessing possibly locked file /var/DOCKER/DATA/alfresco/cardinal/alfresco/logs/alfresco/catalina.2021-03-21.log
WARNING 10 '/var/DOCKER/DATA/alfresco/cardinal/alfresco/logs/alfresco/catalina.2021-03-21.log'
. Error accessing possibly locked file /var/DOCKER/DATA/alfresco/cardinal/alfresco/logs/alfresco/catalina.2021-03-21.log

Error accessing possibly locked file /var/DOCKER/DATA/alfresco/cardinal/alfresco/logs/alfresco/catalina.2021-03-23.log
WARNING 10 '/var/DOCKER/DATA/alfresco/cardinal/alfresco/logs/alfresco/catalina.2021-03-23.log'
. Error accessing possibly locked file /var/DOCKER/DATA/alfresco/cardinal/alfresco/logs/alfresco/catalina.2021-03-23.log

Error accessing possibly locked file /var/DOCKER/DATA/alfresco/cardinal/alfresco/logs/alfresco/catalina.2021-03-24.log
WARNING 10 '/var/DOCKER/DATA/alfresco/cardinal/alfresco/logs/alfresco/catalina.2021-03-24.log'
. Error accessing possibly locked file /var/DOCKER/DATA/alfresco/cardinal/alfresco/logs/alfresco/catalina.2021-03-24.log

Error accessing possibly locked file /var/DOCKER/DATA/alfresco/cardinal/alfresco/logs/alfresco/catalina.2021-04-21.log
WARNING 10 '/var/DOCKER/DATA/alfresco/cardinal/alfresco/logs/alfresco/catalina.2021-04-21.log'
. Error accessing possibly locked file /var/DOCKER/DATA/alfresco/cardinal/alfresco/logs/alfresco/catalina.2021-04-21.log

Error accessing possibly locked file /var/DOCKER/DATA/alfresco/cardinal/alfresco/logs/alfresco/host-manager.2021-03-21.log
WARNING 10 '/var/DOCKER/DATA/alfresco/cardinal/alfresco/logs/alfresco/host-manager.2021-03-21.log'
. Error accessing possibly locked file /var/DOCKER/DATA/alfresco/cardinal/alfresco/logs/alfresco/host-manager.2021-03-21.log

Error accessing possibly locked file /var/DOCKER/DATA/alfresco/cardinal/alfresco/logs/alfresco/host-manager.2021-03-23.log
WARNING 10 '/var/DOCKER/DATA/alfresco/cardinal/alfresco/logs/alfresco/host-manager.2021-03-23.log'
. Error accessing possibly locked file /var/DOCKER/DATA/alfresco/cardinal/alfresco/logs/alfresco/host-manager.2021-03-23.log

Error accessing possibly locked file /var/DOCKER/DATA/alfresco/cardinal/alfresco/logs/alfresco/host-manager.2021-03-24.log
WARNING 10 '/var/DOCKER/DATA/alfresco/cardinal/alfresco/logs/alfresco/host-manager.2021-03-24.log'
. Error accessing possibly locked file /var/DOCKER/DATA/alfresco/cardinal/alfresco/logs/alfresco/host-manager.2021-03-24.log

Error accessing possibly locked file /var/DOCKER/DATA/alfresco/cardinal/alfresco/logs/alfresco/localhost.2021-03-21.log
WARNING 10 '/var/DOCKER/DATA/alfresco/cardinal/alfresco/logs/alfresco/localhost.2021-03-21.log'
. Error accessing possibly locked file /var/DOCKER/DATA/alfresco/cardinal/alfresco/logs/alfresco/localhost.2021-03-21.log

Error accessing possibly locked file /var/DOCKER/DATA/alfresco/cardinal/alfresco/logs/alfresco/localhost.2021-03-23.log
WARNING 10 '/var/DOCKER/DATA/alfresco/cardinal/alfresco/logs/alfresco/localhost.2021-03-23.log'
. Error accessing possibly locked file /var/DOCKER/DATA/alfresco/cardinal/alfresco/logs/alfresco/localhost.2021-03-23.log

Error accessing possibly locked file /var/DOCKER/DATA/alfresco/cardinal/alfresco/logs/alfresco/localhost.2021-03-24.log
WARNING 10 '/var/DOCKER/DATA/alfresco/cardinal/alfresco/logs/alfresco/localhost.2021-03-24.log'
. Error accessing possibly locked file /var/DOCKER/DATA/alfresco/cardinal/alfresco/logs/alfresco/localhost.2021-03-24.log

Error accessing possibly locked file /var/DOCKER/DATA/alfresco/cardinal/alfresco/logs/alfresco/localhost_access_log.2021-03-17.txt
WARNING 10 '/var/DOCKER/DATA/alfresco/cardinal/alfresco/logs/alfresco/localhost_access_log.2021-03-17.txt'
. Error accessing possibly locked file /var/DOCKER/DATA/alfresco/cardinal/alfresco/logs/alfresco/localhost_access_log.2021-03-17.txt

Error accessing possibly locked file /var/DOCKER/DATA/alfresco/cardinal/alfresco/logs/alfresco/localhost_access_log.2021-03-18.txt
WARNING 10 '/var/DOCKER/DATA/alfresco/cardinal/alfresco/logs/alfresco/localhost_access_log.2021-03-18.txt'
. Error accessing possibly locked file /var/DOCKER/DATA/alfresco/cardinal/alfresco/logs/alfresco/localhost_access_log.2021-03-18.txt

Error accessing possibly locked file /var/DOCKER/DATA/alfresco/cardinal/alfresco/logs/alfresco/localhost_access_log.2021-03-19.txt
WARNING 10 '/var/DOCKER/DATA/alfresco/cardinal/alfresco/logs/alfresco/localhost_access_log.2021-03-19.txt'
. Error accessing possibly locked file /var/DOCKER/DATA/alfresco/cardinal/alfresco/logs/alfresco/localhost_access_log.2021-03-19.txt

Error accessing possibly locked file /var/DOCKER/DATA/alfresco/cardinal/alfresco/logs/alfresco/localhost_access_log.2021-03-20.txt
WARNING 10 '/var/DOCKER/DATA/alfresco/cardinal/alfresco/logs/alfresco/localhost_access_log.2021-03-20.txt'
. Error accessing possibly locked file /var/DOCKER/DATA/alfresco/cardinal/alfresco/logs/alfresco/localhost_access_log.2021-03-20.txt

Error accessing possibly locked file /var/DOCKER/DATA/alfresco/cardinal/alfresco/logs/alfresco/localhost_access_log.2021-03-21.txt
WARNING 10 '/var/DOCKER/DATA/alfresco/cardinal/alfresco/logs/alfresco/localhost_access_log.2021-03-21.txt'
. Error accessing possibly locked file /var/DOCKER/DATA/alfresco/cardinal/alfresco/logs/alfresco/localhost_access_log.2021-03-21.txt

Error accessing possibly locked file /var/DOCKER/DATA/alfresco/cardinal/alfresco/logs/alfresco/localhost_access_log.2021-03-22.txt
WARNING 10 '/var/DOCKER/DATA/alfresco/cardinal/alfresco/logs/alfresco/localhost_access_log.2021-03-22.txt'
. Error accessing possibly locked file /var/DOCKER/DATA/alfresco/cardinal/alfresco/logs/alfresco/localhost_access_log.2021-03-22.txt

Error accessing possibly locked file /var/DOCKER/DATA/alfresco/cardinal/alfresco/logs/alfresco/localhost_access_log.2021-03-23.txt
WARNING 10 '/var/DOCKER/DATA/alfresco/cardinal/alfresco/logs/alfresco/localhost_access_log.2021-03-23.txt'
. Error accessing possibly locked file /var/DOCKER/DATA/alfresco/cardinal/alfresco/logs/alfresco/localhost_access_log.2021-03-23.txt

Error accessing possibly locked file /var/DOCKER/DATA/alfresco/cardinal/alfresco/logs/alfresco/localhost_access_log.2021-03-24.txt
WARNING 10 '/var/DOCKER/DATA/alfresco/cardinal/alfresco/logs/alfresco/localhost_access_log.2021-03-24.txt'
. Error accessing possibly locked file /var/DOCKER/DATA/alfresco/cardinal/alfresco/logs/alfresco/localhost_access_log.2021-03-24.txt

Error accessing possibly locked file /var/DOCKER/DATA/alfresco/cardinal/alfresco/logs/alfresco/localhost_access_log.2021-03-25.txt
WARNING 10 '/var/DOCKER/DATA/alfresco/cardinal/alfresco/logs/alfresco/localhost_access_log.2021-03-25.txt'
. Error accessing possibly locked file /var/DOCKER/DATA/alfresco/cardinal/alfresco/logs/alfresco/localhost_access_log.2021-03-25.txt

Error accessing possibly locked file /var/DOCKER/DATA/alfresco/cardinal/alfresco/logs/alfresco/localhost_access_log.2021-03-26.txt
WARNING 10 '/var/DOCKER/DATA/alfresco/cardinal/alfresco/logs/alfresco/localhost_access_log.2021-03-26.txt'
. Error accessing possibly locked file /var/DOCKER/DATA/alfresco/cardinal/alfresco/logs/alfresco/localhost_access_log.2021-03-26.txt

Error accessing possibly locked file /var/DOCKER/DATA/alfresco/cardinal/alfresco/logs/alfresco/localhost_access_log.2021-03-27.txt
WARNING 10 '/var/DOCKER/DATA/alfresco/cardinal/alfresco/logs/alfresco/localhost_access_log.2021-03-27.txt'
. Error accessing possibly locked file /var/DOCKER/DATA/alfresco/cardinal/alfresco/logs/alfresco/localhost_access_log.2021-03-27.txt

Error accessing possibly locked file /var/DOCKER/DATA/alfresco/cardinal/alfresco/logs/alfresco/localhost_access_log.2021-03-28.txt
WARNING 10 '/var/DOCKER/DATA/alfresco/cardinal/alfresco/logs/alfresco/localhost_access_log.2021-03-28.txt'
. Error accessing possibly locked file /var/DOCKER/DATA/alfresco/cardinal/alfresco/logs/alfresco/localhost_access_log.2021-03-28.txt

Error accessing possibly locked file /var/DOCKER/DATA/alfresco/cardinal/alfresco/logs/alfresco/localhost_access_log.2021-03-29.txt
WARNING 10 '/var/DOCKER/DATA/alfresco/cardinal/alfresco/logs/alfresco/localhost_access_log.2021-03-29.txt'
. Error accessing possibly locked file /var/DOCKER/DATA/alfresco/cardinal/alfresco/logs/alfresco/localhost_access_log.2021-03-29.txt

Error accessing possibly locked file /var/DOCKER/DATA/alfresco/cardinal/alfresco/logs/alfresco/localhost_access_log.2021-03-30.txt
WARNING 10 '/var/DOCKER/DATA/alfresco/cardinal/alfresco/logs/alfresco/localhost_access_log.2021-03-30.txt'
. Error accessing possibly locked file /var/DOCKER/DATA/alfresco/cardinal/alfresco/logs/alfresco/localhost_access_log.2021-03-30.txt

Error accessing possibly locked file /var/DOCKER/DATA/alfresco/cardinal/alfresco/logs/alfresco/localhost_access_log.2021-03-31.txt
WARNING 10 '/var/DOCKER/DATA/alfresco/cardinal/alfresco/logs/alfresco/localhost_access_log.2021-03-31.txt'
. Error accessing possibly locked file /var/DOCKER/DATA/alfresco/cardinal/alfresco/logs/alfresco/localhost_access_log.2021-03-31.txt

Error accessing possibly locked file /var/DOCKER/DATA/alfresco/cardinal/alfresco/logs/alfresco/localhost_access_log.2021-04-01.txt
WARNING 10 '/var/DOCKER/DATA/alfresco/cardinal/alfresco/logs/alfresco/localhost_access_log.2021-04-01.txt'
. Error accessing possibly locked file /var/DOCKER/DATA/alfresco/cardinal/alfresco/logs/alfresco/localhost_access_log.2021-04-01.txt

Error accessing possibly locked file /var/DOCKER/DATA/alfresco/cardinal/alfresco/logs/alfresco/localhost_access_log.2021-04-02.txt
WARNING 10 '/var/DOCKER/DATA/alfresco/cardinal/alfresco/logs/alfresco/localhost_access_log.2021-04-02.txt'
. Error accessing possibly locked file /var/DOCKER/DATA/alfresco/cardinal/alfresco/logs/alfresco/localhost_access_log.2021-04-02.txt

Error accessing possibly locked file /var/DOCKER/DATA/alfresco/cardinal/alfresco/logs/alfresco/localhost_access_log.2021-04-03.txt
WARNING 10 '/var/DOCKER/DATA/alfresco/cardinal/alfresco/logs/alfresco/localhost_access_log.2021-04-03.txt'
. Error accessing possibly locked file /var/DOCKER/DATA/alfresco/cardinal/alfresco/logs/alfresco/localhost_access_log.2021-04-03.txt

Error accessing possibly locked file /var/DOCKER/DATA/alfresco/cardinal/alfresco/logs/alfresco/localhost_access_log.2021-04-04.txt
WARNING 10 '/var/DOCKER/DATA/alfresco/cardinal/alfresco/logs/alfresco/localhost_access_log.2021-04-04.txt'
. Error accessing possibly locked file /var/DOCKER/DATA/alfresco/cardinal/alfresco/logs/alfresco/localhost_access_log.2021-04-04.txt

Error accessing possibly locked file /var/DOCKER/DATA/alfresco/cardinal/alfresco/logs/alfresco/localhost_access_log.2021-04-05.txt
WARNING 10 '/var/DOCKER/DATA/alfresco/cardinal/alfresco/logs/alfresco/localhost_access_log.2021-04-05.txt'
. Error accessing possibly locked file /var/DOCKER/DATA/alfresco/cardinal/alfresco/logs/alfresco/localhost_access_log.2021-04-05.txt

Error accessing possibly locked file /var/DOCKER/DATA/alfresco/cardinal/alfresco/logs/alfresco/localhost_access_log.2021-04-06.txt
WARNING 10 '/var/DOCKER/DATA/alfresco/cardinal/alfresco/logs/alfresco/localhost_access_log.2021-04-06.txt'
. Error accessing possibly locked file /var/DOCKER/DATA/alfresco/cardinal/alfresco/logs/alfresco/localhost_access_log.2021-04-06.txt

Error accessing possibly locked file /var/DOCKER/DATA/alfresco/cardinal/alfresco/logs/alfresco/localhost_access_log.2021-04-07.txt
WARNING 10 '/var/DOCKER/DATA/alfresco/cardinal/alfresco/logs/alfresco/localhost_access_log.2021-04-07.txt'
. Error accessing possibly locked file /var/DOCKER/DATA/alfresco/cardinal/alfresco/logs/alfresco/localhost_access_log.2021-04-07.txt

Error accessing possibly locked file /var/DOCKER/DATA/alfresco/cardinal/alfresco/logs/alfresco/localhost_access_log.2021-04-08.txt
WARNING 10 '/var/DOCKER/DATA/alfresco/cardinal/alfresco/logs/alfresco/localhost_access_log.2021-04-08.txt'
. Error accessing possibly locked file /var/DOCKER/DATA/alfresco/cardinal/alfresco/logs/alfresco/localhost_access_log.2021-04-08.txt

Error accessing possibly locked file /var/DOCKER/DATA/alfresco/cardinal/alfresco/logs/alfresco/localhost_access_log.2021-04-09.txt
WARNING 10 '/var/DOCKER/DATA/alfresco/cardinal/alfresco/logs/alfresco/localhost_access_log.2021-04-09.txt'
. Error accessing possibly locked file /var/DOCKER/DATA/alfresco/cardinal/alfresco/logs/alfresco/localhost_access_log.2021-04-09.txt

Error accessing possibly locked file /var/DOCKER/DATA/alfresco/cardinal/alfresco/logs/alfresco/localhost_access_log.2021-04-10.txt
WARNING 10 '/var/DOCKER/DATA/alfresco/cardinal/alfresco/logs/alfresco/localhost_access_log.2021-04-10.txt'
. Error accessing possibly locked file /var/DOCKER/DATA/alfresco/cardinal/alfresco/logs/alfresco/localhost_access_log.2021-04-10.txt

Error accessing possibly locked file /var/DOCKER/DATA/alfresco/cardinal/alfresco/logs/alfresco/localhost_access_log.2021-04-11.txt
WARNING 10 '/var/DOCKER/DATA/alfresco/cardinal/alfresco/logs/alfresco/localhost_access_log.2021-04-11.txt'
. Error accessing possibly locked file /var/DOCKER/DATA/alfresco/cardinal/alfresco/logs/alfresco/localhost_access_log.2021-04-11.txt

Error accessing possibly locked file /var/DOCKER/DATA/alfresco/cardinal/alfresco/logs/alfresco/localhost_access_log.2021-04-12.txt
WARNING 10 '/var/DOCKER/DATA/alfresco/cardinal/alfresco/logs/alfresco/localhost_access_log.2021-04-12.txt'
. Error accessing possibly locked file /var/DOCKER/DATA/alfresco/cardinal/alfresco/logs/alfresco/localhost_access_log.2021-04-12.txt

Error accessing possibly locked file /var/DOCKER/DATA/alfresco/cardinal/alfresco/logs/alfresco/localhost_access_log.2021-04-13.txt
WARNING 10 '/var/DOCKER/DATA/alfresco/cardinal/alfresco/logs/alfresco/localhost_access_log.2021-04-13.txt'
. Error accessing possibly locked file /var/DOCKER/DATA/alfresco/cardinal/alfresco/logs/alfresco/localhost_access_log.2021-04-13.txt

Error accessing possibly locked file /var/DOCKER/DATA/alfresco/cardinal/alfresco/logs/alfresco/localhost_access_log.2021-04-14.txt
WARNING 10 '/var/DOCKER/DATA/alfresco/cardinal/alfresco/logs/alfresco/localhost_access_log.2021-04-14.txt'
. Error accessing possibly locked file /var/DOCKER/DATA/alfresco/cardinal/alfresco/logs/alfresco/localhost_access_log.2021-04-14.txt

Error accessing possibly locked file /var/DOCKER/DATA/alfresco/cardinal/alfresco/logs/alfresco/localhost_access_log.2021-04-15.txt
WARNING 10 '/var/DOCKER/DATA/alfresco/cardinal/alfresco/logs/alfresco/localhost_access_log.2021-04-15.txt'
. Error accessing possibly locked file /var/DOCKER/DATA/alfresco/cardinal/alfresco/logs/alfresco/localhost_access_log.2021-04-15.txt

Error accessing possibly locked file /var/DOCKER/DATA/alfresco/cardinal/alfresco/logs/alfresco/localhost_access_log.2021-04-16.txt
WARNING 10 '/var/DOCKER/DATA/alfresco/cardinal/alfresco/logs/alfresco/localhost_access_log.2021-04-16.txt'
. Error accessing possibly locked file /var/DOCKER/DATA/alfresco/cardinal/alfresco/logs/alfresco/localhost_access_log.2021-04-16.txt

Error accessing possibly locked file /var/DOCKER/DATA/alfresco/cardinal/alfresco/logs/alfresco/localhost_access_log.2021-04-17.txt
WARNING 10 '/var/DOCKER/DATA/alfresco/cardinal/alfresco/logs/alfresco/localhost_access_log.2021-04-17.txt'
. Error accessing possibly locked file /var/DOCKER/DATA/alfresco/cardinal/alfresco/logs/alfresco/localhost_access_log.2021-04-17.txt

Error accessing possibly locked file /var/DOCKER/DATA/alfresco/cardinal/alfresco/logs/alfresco/localhost_access_log.2021-04-18.txt
WARNING 10 '/var/DOCKER/DATA/alfresco/cardinal/alfresco/logs/alfresco/localhost_access_log.2021-04-18.txt'
. Error accessing possibly locked file /var/DOCKER/DATA/alfresco/cardinal/alfresco/logs/alfresco/localhost_access_log.2021-04-18.txt

Error accessing possibly locked file /var/DOCKER/DATA/alfresco/cardinal/alfresco/logs/alfresco/localhost_access_log.2021-04-19.txt
WARNING 10 '/var/DOCKER/DATA/alfresco/cardinal/alfresco/logs/alfresco/localhost_access_log.2021-04-19.txt'
. Error accessing possibly locked file /var/DOCKER/DATA/alfresco/cardinal/alfresco/logs/alfresco/localhost_access_log.2021-04-19.txt

Error accessing possibly locked file /var/DOCKER/DATA/alfresco/cardinal/alfresco/logs/alfresco/localhost_access_log.2021-04-20.txt
WARNING 10 '/var/DOCKER/DATA/alfresco/cardinal/alfresco/logs/alfresco/localhost_access_log.2021-04-20.txt'
. Error accessing possibly locked file /var/DOCKER/DATA/alfresco/cardinal/alfresco/logs/alfresco/localhost_access_log.2021-04-20.txt

Error accessing possibly locked file /var/DOCKER/DATA/alfresco/cardinal/alfresco/logs/alfresco/localhost_access_log.2021-04-21.txt
WARNING 10 '/var/DOCKER/DATA/alfresco/cardinal/alfresco/logs/alfresco/localhost_access_log.2021-04-21.txt'
. Error accessing possibly locked file /var/DOCKER/DATA/alfresco/cardinal/alfresco/logs/alfresco/localhost_access_log.2021-04-21.txt

Error accessing possibly locked file /var/DOCKER/DATA/alfresco/cardinal/alfresco/logs/alfresco/localhost_access_log.2021-04-22.txt
WARNING 10 '/var/DOCKER/DATA/alfresco/cardinal/alfresco/logs/alfresco/localhost_access_log.2021-04-22.txt'
. Error accessing possibly locked file /var/DOCKER/DATA/alfresco/cardinal/alfresco/logs/alfresco/localhost_access_log.2021-04-22.txt

Error accessing possibly locked file /var/DOCKER/DATA/alfresco/cardinal/alfresco/logs/alfresco/localhost_access_log.2021-04-23.txt
WARNING 10 '/var/DOCKER/DATA/alfresco/cardinal/alfresco/logs/alfresco/localhost_access_log.2021-04-23.txt'
. Error accessing possibly locked file /var/DOCKER/DATA/alfresco/cardinal/alfresco/logs/alfresco/localhost_access_log.2021-04-23.txt

Error accessing possibly locked file /var/DOCKER/DATA/alfresco/cardinal/alfresco/logs/alfresco/localhost_access_log.2021-04-24.txt
WARNING 10 '/var/DOCKER/DATA/alfresco/cardinal/alfresco/logs/alfresco/localhost_access_log.2021-04-24.txt'
. Error accessing possibly locked file /var/DOCKER/DATA/alfresco/cardinal/alfresco/logs/alfresco/localhost_access_log.2021-04-24.txt

Error accessing possibly locked file /var/DOCKER/DATA/alfresco/cardinal/alfresco/logs/alfresco/localhost_access_log.2021-04-25.txt
WARNING 10 '/var/DOCKER/DATA/alfresco/cardinal/alfresco/logs/alfresco/localhost_access_log.2021-04-25.txt'
. Error accessing possibly locked file /var/DOCKER/DATA/alfresco/cardinal/alfresco/logs/alfresco/localhost_access_log.2021-04-25.txt

Error accessing possibly locked file /var/DOCKER/DATA/alfresco/cardinal/alfresco/logs/alfresco/localhost_access_log.2021-04-26.txt
WARNING 10 '/var/DOCKER/DATA/alfresco/cardinal/alfresco/logs/alfresco/localhost_access_log.2021-04-26.txt'
. Error accessing possibly locked file /var/DOCKER/DATA/alfresco/cardinal/alfresco/logs/alfresco/localhost_access_log.2021-04-26.txt

Error accessing possibly locked file /var/DOCKER/DATA/alfresco/cardinal/alfresco/logs/alfresco/manager.2021-03-21.log
WARNING 10 '/var/DOCKER/DATA/alfresco/cardinal/alfresco/logs/alfresco/manager.2021-03-21.log'
. Error accessing possibly locked file /var/DOCKER/DATA/alfresco/cardinal/alfresco/logs/alfresco/manager.2021-03-21.log

Error accessing possibly locked file /var/DOCKER/DATA/alfresco/cardinal/alfresco/logs/alfresco/manager.2021-03-23.log
WARNING 10 '/var/DOCKER/DATA/alfresco/cardinal/alfresco/logs/alfresco/manager.2021-03-23.log'
. Error accessing possibly locked file /var/DOCKER/DATA/alfresco/cardinal/alfresco/logs/alfresco/manager.2021-03-23.log

Error accessing possibly locked file /var/DOCKER/DATA/alfresco/cardinal/alfresco/logs/alfresco/manager.2021-03-24.log
WARNING 10 '/var/DOCKER/DATA/alfresco/cardinal/alfresco/logs/alfresco/manager.2021-03-24.log'
. Error accessing possibly locked file /var/DOCKER/DATA/alfresco/cardinal/alfresco/logs/alfresco/manager.2021-03-24.log

Error accessing possibly locked file /var/DOCKER/DATA/alfresco/cardinal/alfresco/logs/share/catalina.2021-03-21.log
WARNING 10 '/var/DOCKER/DATA/alfresco/cardinal/alfresco/logs/share/catalina.2021-03-21.log'
. Error accessing possibly locked file /var/DOCKER/DATA/alfresco/cardinal/alfresco/logs/share/catalina.2021-03-21.log

Error accessing possibly locked file /var/DOCKER/DATA/alfresco/cardinal/alfresco/logs/share/catalina.2021-03-23.log
WARNING 10 '/var/DOCKER/DATA/alfresco/cardinal/alfresco/logs/share/catalina.2021-03-23.log'
. Error accessing possibly locked file /var/DOCKER/DATA/alfresco/cardinal/alfresco/logs/share/catalina.2021-03-23.log

Error accessing possibly locked file /var/DOCKER/DATA/alfresco/cardinal/alfresco/logs/share/catalina.2021-03-24.log
WARNING 10 '/var/DOCKER/DATA/alfresco/cardinal/alfresco/logs/share/catalina.2021-03-24.log'
. Error accessing possibly locked file /var/DOCKER/DATA/alfresco/cardinal/alfresco/logs/share/catalina.2021-03-24.log

Error accessing possibly locked file /var/DOCKER/DATA/alfresco/cardinal/alfresco/logs/share/host-manager.2021-03-21.log
WARNING 10 '/var/DOCKER/DATA/alfresco/cardinal/alfresco/logs/share/host-manager.2021-03-21.log'
. Error accessing possibly locked file /var/DOCKER/DATA/alfresco/cardinal/alfresco/logs/share/host-manager.2021-03-21.log

Error accessing possibly locked file /var/DOCKER/DATA/alfresco/cardinal/alfresco/logs/share/host-manager.2021-03-23.log
WARNING 10 '/var/DOCKER/DATA/alfresco/cardinal/alfresco/logs/share/host-manager.2021-03-23.log'
. Error accessing possibly locked file /var/DOCKER/DATA/alfresco/cardinal/alfresco/logs/share/host-manager.2021-03-23.log

Error accessing possibly locked file /var/DOCKER/DATA/alfresco/cardinal/alfresco/logs/share/host-manager.2021-03-24.log
WARNING 10 '/var/DOCKER/DATA/alfresco/cardinal/alfresco/logs/share/host-manager.2021-03-24.log'
. Error accessing possibly locked file /var/DOCKER/DATA/alfresco/cardinal/alfresco/logs/share/host-manager.2021-03-24.log

Error accessing possibly locked file /var/DOCKER/DATA/alfresco/cardinal/alfresco/logs/share/localhost.2021-03-16.log
WARNING 10 '/var/DOCKER/DATA/alfresco/cardinal/alfresco/logs/share/localhost.2021-03-16.log'
. Error accessing possibly locked file /var/DOCKER/DATA/alfresco/cardinal/alfresco/logs/share/localhost.2021-03-16.log

Error accessing possibly locked file /var/DOCKER/DATA/alfresco/cardinal/alfresco/logs/share/localhost.2021-03-19.log
WARNING 10 '/var/DOCKER/DATA/alfresco/cardinal/alfresco/logs/share/localhost.2021-03-19.log'
. Error accessing possibly locked file /var/DOCKER/DATA/alfresco/cardinal/alfresco/logs/share/localhost.2021-03-19.log

Error accessing possibly locked file /var/DOCKER/DATA/alfresco/cardinal/alfresco/logs/share/localhost.2021-03-21.log
WARNING 10 '/var/DOCKER/DATA/alfresco/cardinal/alfresco/logs/share/localhost.2021-03-21.log'
. Error accessing possibly locked file /var/DOCKER/DATA/alfresco/cardinal/alfresco/logs/share/localhost.2021-03-21.log

Error accessing possibly locked file /var/DOCKER/DATA/alfresco/cardinal/alfresco/logs/share/localhost.2021-03-22.log
WARNING 10 '/var/DOCKER/DATA/alfresco/cardinal/alfresco/logs/share/localhost.2021-03-22.log'
. Error accessing possibly locked file /var/DOCKER/DATA/alfresco/cardinal/alfresco/logs/share/localhost.2021-03-22.log

Error accessing possibly locked file /var/DOCKER/DATA/alfresco/cardinal/alfresco/logs/share/localhost.2021-03-23.log
WARNING 10 '/var/DOCKER/DATA/alfresco/cardinal/alfresco/logs/share/localhost.2021-03-23.log'
. Error accessing possibly locked file /var/DOCKER/DATA/alfresco/cardinal/alfresco/logs/share/localhost.2021-03-23.log

Error accessing possibly locked file /var/DOCKER/DATA/alfresco/cardinal/alfresco/logs/share/localhost.2021-03-24.log
WARNING 10 '/var/DOCKER/DATA/alfresco/cardinal/alfresco/logs/share/localhost.2021-03-24.log'
. Error accessing possibly locked file /var/DOCKER/DATA/alfresco/cardinal/alfresco/logs/share/localhost.2021-03-24.log

Error accessing possibly locked file /var/DOCKER/DATA/alfresco/cardinal/alfresco/logs/share/localhost.2021-03-25.log
WARNING 10 '/var/DOCKER/DATA/alfresco/cardinal/alfresco/logs/share/localhost.2021-03-25.log'
. Error accessing possibly locked file /var/DOCKER/DATA/alfresco/cardinal/alfresco/logs/share/localhost.2021-03-25.log

Error accessing possibly locked file /var/DOCKER/DATA/alfresco/cardinal/alfresco/logs/share/localhost.2021-03-26.log
WARNING 10 '/var/DOCKER/DATA/alfresco/cardinal/alfresco/logs/share/localhost.2021-03-26.log'
. Error accessing possibly locked file /var/DOCKER/DATA/alfresco/cardinal/alfresco/logs/share/localhost.2021-03-26.log

Error accessing possibly locked file /var/DOCKER/DATA/alfresco/cardinal/alfresco/logs/share/localhost.2021-03-27.log
WARNING 10 '/var/DOCKER/DATA/alfresco/cardinal/alfresco/logs/share/localhost.2021-03-27.log'
. Error accessing possibly locked file /var/DOCKER/DATA/alfresco/cardinal/alfresco/logs/share/localhost.2021-03-27.log

Error accessing possibly locked file /var/DOCKER/DATA/alfresco/cardinal/alfresco/logs/share/localhost.2021-03-28.log
WARNING 10 '/var/DOCKER/DATA/alfresco/cardinal/alfresco/logs/share/localhost.2021-03-28.log'
. Error accessing possibly locked file /var/DOCKER/DATA/alfresco/cardinal/alfresco/logs/share/localhost.2021-03-28.log

Error accessing possibly locked file /var/DOCKER/DATA/alfresco/cardinal/alfresco/logs/share/localhost.2021-03-29.log
WARNING 10 '/var/DOCKER/DATA/alfresco/cardinal/alfresco/logs/share/localhost.2021-03-29.log'
. Error accessing possibly locked file /var/DOCKER/DATA/alfresco/cardinal/alfresco/logs/share/localhost.2021-03-29.log

Error accessing possibly locked file /var/DOCKER/DATA/alfresco/cardinal/alfresco/logs/share/localhost.2021-03-30.log
WARNING 10 '/var/DOCKER/DATA/alfresco/cardinal/alfresco/logs/share/localhost.2021-03-30.log'
. Error accessing possibly locked file /var/DOCKER/DATA/alfresco/cardinal/alfresco/logs/share/localhost.2021-03-30.log

Error accessing possibly locked file /var/DOCKER/DATA/alfresco/cardinal/alfresco/logs/share/localhost.2021-03-31.log
WARNING 10 '/var/DOCKER/DATA/alfresco/cardinal/alfresco/logs/share/localhost.2021-03-31.log'
. Error accessing possibly locked file /var/DOCKER/DATA/alfresco/cardinal/alfresco/logs/share/localhost.2021-03-31.log

Error accessing possibly locked file /var/DOCKER/DATA/alfresco/cardinal/alfresco/logs/share/localhost.2021-04-02.log
WARNING 10 '/var/DOCKER/DATA/alfresco/cardinal/alfresco/logs/share/localhost.2021-04-02.log'
. Error accessing possibly locked file /var/DOCKER/DATA/alfresco/cardinal/alfresco/logs/share/localhost.2021-04-02.log

Error accessing possibly locked file /var/DOCKER/DATA/alfresco/cardinal/alfresco/logs/share/localhost.2021-04-03.log
WARNING 10 '/var/DOCKER/DATA/alfresco/cardinal/alfresco/logs/share/localhost.2021-04-03.log'
. Error accessing possibly locked file /var/DOCKER/DATA/alfresco/cardinal/alfresco/logs/share/localhost.2021-04-03.log

Error accessing possibly locked file /var/DOCKER/DATA/alfresco/cardinal/alfresco/logs/share/localhost.2021-04-04.log
WARNING 10 '/var/DOCKER/DATA/alfresco/cardinal/alfresco/logs/share/localhost.2021-04-04.log'
. Error accessing possibly locked file /var/DOCKER/DATA/alfresco/cardinal/alfresco/logs/share/localhost.2021-04-04.log

Error accessing possibly locked file /var/DOCKER/DATA/alfresco/cardinal/alfresco/logs/share/localhost.2021-04-09.log
WARNING 10 '/var/DOCKER/DATA/alfresco/cardinal/alfresco/logs/share/localhost.2021-04-09.log'
. Error accessing possibly locked file /var/DOCKER/DATA/alfresco/cardinal/alfresco/logs/share/localhost.2021-04-09.log

Error accessing possibly locked file /var/DOCKER/DATA/alfresco/cardinal/alfresco/logs/share/localhost.2021-04-11.log
WARNING 10 '/var/DOCKER/DATA/alfresco/cardinal/alfresco/logs/share/localhost.2021-04-11.log'
. Error accessing possibly locked file /var/DOCKER/DATA/alfresco/cardinal/alfresco/logs/share/localhost.2021-04-11.log

Error accessing possibly locked file /var/DOCKER/DATA/alfresco/cardinal/alfresco/logs/share/localhost.2021-04-12.log
WARNING 10 '/var/DOCKER/DATA/alfresco/cardinal/alfresco/logs/share/localhost.2021-04-12.log'
. Error accessing possibly locked file /var/DOCKER/DATA/alfresco/cardinal/alfresco/logs/share/localhost.2021-04-12.log

Error accessing possibly locked file /var/DOCKER/DATA/alfresco/cardinal/alfresco/logs/share/localhost.2021-04-13.log
WARNING 10 '/var/DOCKER/DATA/alfresco/cardinal/alfresco/logs/share/localhost.2021-04-13.log'
. Error accessing possibly locked file /var/DOCKER/DATA/alfresco/cardinal/alfresco/logs/share/localhost.2021-04-13.log

Error accessing possibly locked file /var/DOCKER/DATA/alfresco/cardinal/alfresco/logs/share/localhost.2021-04-15.log
WARNING 10 '/var/DOCKER/DATA/alfresco/cardinal/alfresco/logs/share/localhost.2021-04-15.log'
. Error accessing possibly locked file /var/DOCKER/DATA/alfresco/cardinal/alfresco/logs/share/localhost.2021-04-15.log

Error accessing possibly locked file /var/DOCKER/DATA/alfresco/cardinal/alfresco/logs/share/localhost.2021-04-16.log
WARNING 10 '/var/DOCKER/DATA/alfresco/cardinal/alfresco/logs/share/localhost.2021-04-16.log'
. Error accessing possibly locked file /var/DOCKER/DATA/alfresco/cardinal/alfresco/logs/share/localhost.2021-04-16.log

Error accessing possibly locked file /var/DOCKER/DATA/alfresco/cardinal/alfresco/logs/share/localhost.2021-04-17.log
WARNING 10 '/var/DOCKER/DATA/alfresco/cardinal/alfresco/logs/share/localhost.2021-04-17.log'
. Error accessing possibly locked file /var/DOCKER/DATA/alfresco/cardinal/alfresco/logs/share/localhost.2021-04-17.log

Error accessing possibly locked file /var/DOCKER/DATA/alfresco/cardinal/alfresco/logs/share/localhost.2021-04-19.log
WARNING 10 '/var/DOCKER/DATA/alfresco/cardinal/alfresco/logs/share/localhost.2021-04-19.log'
. Error accessing possibly locked file /var/DOCKER/DATA/alfresco/cardinal/alfresco/logs/share/localhost.2021-04-19.log

Error accessing possibly locked file /var/DOCKER/DATA/alfresco/cardinal/alfresco/logs/share/localhost.2021-04-20.log
WARNING 10 '/var/DOCKER/DATA/alfresco/cardinal/alfresco/logs/share/localhost.2021-04-20.log'
. Error accessing possibly locked file /var/DOCKER/DATA/alfresco/cardinal/alfresco/logs/share/localhost.2021-04-20.log

Error accessing possibly locked file /var/DOCKER/DATA/alfresco/cardinal/alfresco/logs/share/localhost.2021-04-22.log
WARNING 10 '/var/DOCKER/DATA/alfresco/cardinal/alfresco/logs/share/localhost.2021-04-22.log'
. Error accessing possibly locked file /var/DOCKER/DATA/alfresco/cardinal/alfresco/logs/share/localhost.2021-04-22.log

Error accessing possibly locked file /var/DOCKER/DATA/alfresco/cardinal/alfresco/logs/share/localhost.2021-04-23.log
WARNING 10 '/var/DOCKER/DATA/alfresco/cardinal/alfresco/logs/share/localhost.2021-04-23.log'
. Error accessing possibly locked file /var/DOCKER/DATA/alfresco/cardinal/alfresco/logs/share/localhost.2021-04-23.log

Error accessing possibly locked file /var/DOCKER/DATA/alfresco/cardinal/alfresco/logs/share/localhost.2021-04-26.log
WARNING 10 '/var/DOCKER/DATA/alfresco/cardinal/alfresco/logs/share/localhost.2021-04-26.log'
. Error accessing possibly locked file /var/DOCKER/DATA/alfresco/cardinal/alfresco/logs/share/localhost.2021-04-26.log

Error accessing possibly locked file /var/DOCKER/DATA/alfresco/cardinal/alfresco/logs/share/localhost_access_log.2021-03-16.txt
WARNING 10 '/var/DOCKER/DATA/alfresco/cardinal/alfresco/logs/share/localhost_access_log.2021-03-16.txt'
. Error accessing possibly locked file /var/DOCKER/DATA/alfresco/cardinal/alfresco/logs/share/localhost_access_log.2021-03-16.txt

Error accessing possibly locked file /var/DOCKER/DATA/alfresco/cardinal/alfresco/logs/share/localhost_access_log.2021-03-17.txt
WARNING 10 '/var/DOCKER/DATA/alfresco/cardinal/alfresco/logs/share/localhost_access_log.2021-03-17.txt'
. Error accessing possibly locked file /var/DOCKER/DATA/alfresco/cardinal/alfresco/logs/share/localhost_access_log.2021-03-17.txt

Error accessing possibly locked file /var/DOCKER/DATA/alfresco/cardinal/alfresco/logs/share/localhost_access_log.2021-03-18.txt
WARNING 10 '/var/DOCKER/DATA/alfresco/cardinal/alfresco/logs/share/localhost_access_log.2021-03-18.txt'
. Error accessing possibly locked file /var/DOCKER/DATA/alfresco/cardinal/alfresco/logs/share/localhost_access_log.2021-03-18.txt

Error accessing possibly locked file /var/DOCKER/DATA/alfresco/cardinal/alfresco/logs/share/localhost_access_log.2021-03-19.txt
WARNING 10 '/var/DOCKER/DATA/alfresco/cardinal/alfresco/logs/share/localhost_access_log.2021-03-19.txt'
. Error accessing possibly locked file /var/DOCKER/DATA/alfresco/cardinal/alfresco/logs/share/localhost_access_log.2021-03-19.txt

Error accessing possibly locked file /var/DOCKER/DATA/alfresco/cardinal/alfresco/logs/share/localhost_access_log.2021-03-20.txt
WARNING 10 '/var/DOCKER/DATA/alfresco/cardinal/alfresco/logs/share/localhost_access_log.2021-03-20.txt'
. Error accessing possibly locked file /var/DOCKER/DATA/alfresco/cardinal/alfresco/logs/share/localhost_access_log.2021-03-20.txt

Error accessing possibly locked file /var/DOCKER/DATA/alfresco/cardinal/alfresco/logs/share/localhost_access_log.2021-03-21.txt
WARNING 10 '/var/DOCKER/DATA/alfresco/cardinal/alfresco/logs/share/localhost_access_log.2021-03-21.txt'
. Error accessing possibly locked file /var/DOCKER/DATA/alfresco/cardinal/alfresco/logs/share/localhost_access_log.2021-03-21.txt

Error accessing possibly locked file /var/DOCKER/DATA/alfresco/cardinal/alfresco/logs/share/localhost_access_log.2021-03-22.txt
WARNING 10 '/var/DOCKER/DATA/alfresco/cardinal/alfresco/logs/share/localhost_access_log.2021-03-22.txt'
. Error accessing possibly locked file /var/DOCKER/DATA/alfresco/cardinal/alfresco/logs/share/localhost_access_log.2021-03-22.txt

Error accessing possibly locked file /var/DOCKER/DATA/alfresco/cardinal/alfresco/logs/share/localhost_access_log.2021-03-23.txt
WARNING 10 '/var/DOCKER/DATA/alfresco/cardinal/alfresco/logs/share/localhost_access_log.2021-03-23.txt'
. Error accessing possibly locked file /var/DOCKER/DATA/alfresco/cardinal/alfresco/logs/share/localhost_access_log.2021-03-23.txt

Error accessing possibly locked file /var/DOCKER/DATA/alfresco/cardinal/alfresco/logs/share/localhost_access_log.2021-03-24.txt
WARNING 10 '/var/DOCKER/DATA/alfresco/cardinal/alfresco/logs/share/localhost_access_log.2021-03-24.txt'
. Error accessing possibly locked file /var/DOCKER/DATA/alfresco/cardinal/alfresco/logs/share/localhost_access_log.2021-03-24.txt

Error accessing possibly locked file /var/DOCKER/DATA/alfresco/cardinal/alfresco/logs/share/localhost_access_log.2021-03-25.txt
WARNING 10 '/var/DOCKER/DATA/alfresco/cardinal/alfresco/logs/share/localhost_access_log.2021-03-25.txt'
. Error accessing possibly locked file /var/DOCKER/DATA/alfresco/cardinal/alfresco/logs/share/localhost_access_log.2021-03-25.txt

Error accessing possibly locked file /var/DOCKER/DATA/alfresco/cardinal/alfresco/logs/share/localhost_access_log.2021-03-26.txt
WARNING 10 '/var/DOCKER/DATA/alfresco/cardinal/alfresco/logs/share/localhost_access_log.2021-03-26.txt'
. Error accessing possibly locked file /var/DOCKER/DATA/alfresco/cardinal/alfresco/logs/share/localhost_access_log.2021-03-26.txt

Error accessing possibly locked file /var/DOCKER/DATA/alfresco/cardinal/alfresco/logs/share/localhost_access_log.2021-03-27.txt
WARNING 10 '/var/DOCKER/DATA/alfresco/cardinal/alfresco/logs/share/localhost_access_log.2021-03-27.txt'
. Error accessing possibly locked file /var/DOCKER/DATA/alfresco/cardinal/alfresco/logs/share/localhost_access_log.2021-03-27.txt

Error accessing possibly locked file /var/DOCKER/DATA/alfresco/cardinal/alfresco/logs/share/localhost_access_log.2021-03-28.txt
WARNING 10 '/var/DOCKER/DATA/alfresco/cardinal/alfresco/logs/share/localhost_access_log.2021-03-28.txt'
. Error accessing possibly locked file /var/DOCKER/DATA/alfresco/cardinal/alfresco/logs/share/localhost_access_log.2021-03-28.txt

Error accessing possibly locked file /var/DOCKER/DATA/alfresco/cardinal/alfresco/logs/share/localhost_access_log.2021-03-29.txt
WARNING 10 '/var/DOCKER/DATA/alfresco/cardinal/alfresco/logs/share/localhost_access_log.2021-03-29.txt'
. Error accessing possibly locked file /var/DOCKER/DATA/alfresco/cardinal/alfresco/logs/share/localhost_access_log.2021-03-29.txt

Error accessing possibly locked file /var/DOCKER/DATA/alfresco/cardinal/alfresco/logs/share/localhost_access_log.2021-03-30.txt
WARNING 10 '/var/DOCKER/DATA/alfresco/cardinal/alfresco/logs/share/localhost_access_log.2021-03-30.txt'
. Error accessing possibly locked file /var/DOCKER/DATA/alfresco/cardinal/alfresco/logs/share/localhost_access_log.2021-03-30.txt

Error accessing possibly locked file /var/DOCKER/DATA/alfresco/cardinal/alfresco/logs/share/localhost_access_log.2021-03-31.txt
WARNING 10 '/var/DOCKER/DATA/alfresco/cardinal/alfresco/logs/share/localhost_access_log.2021-03-31.txt'
. Error accessing possibly locked file /var/DOCKER/DATA/alfresco/cardinal/alfresco/logs/share/localhost_access_log.2021-03-31.txt

Error accessing possibly locked file /var/DOCKER/DATA/alfresco/cardinal/alfresco/logs/share/localhost_access_log.2021-04-01.txt
WARNING 10 '/var/DOCKER/DATA/alfresco/cardinal/alfresco/logs/share/localhost_access_log.2021-04-01.txt'
. Error accessing possibly locked file /var/DOCKER/DATA/alfresco/cardinal/alfresco/logs/share/localhost_access_log.2021-04-01.txt

Error accessing possibly locked file /var/DOCKER/DATA/alfresco/cardinal/alfresco/logs/share/localhost_access_log.2021-04-02.txt
WARNING 10 '/var/DOCKER/DATA/alfresco/cardinal/alfresco/logs/share/localhost_access_log.2021-04-02.txt'
. Error accessing possibly locked file /var/DOCKER/DATA/alfresco/cardinal/alfresco/logs/share/localhost_access_log.2021-04-02.txt

Error accessing possibly locked file /var/DOCKER/DATA/alfresco/cardinal/alfresco/logs/share/localhost_access_log.2021-04-03.txt
WARNING 10 '/var/DOCKER/DATA/alfresco/cardinal/alfresco/logs/share/localhost_access_log.2021-04-03.txt'
. Error accessing possibly locked file /var/DOCKER/DATA/alfresco/cardinal/alfresco/logs/share/localhost_access_log.2021-04-03.txt

Error accessing possibly locked file /var/DOCKER/DATA/alfresco/cardinal/alfresco/logs/share/localhost_access_log.2021-04-04.txt
WARNING 10 '/var/DOCKER/DATA/alfresco/cardinal/alfresco/logs/share/localhost_access_log.2021-04-04.txt'
. Error accessing possibly locked file /var/DOCKER/DATA/alfresco/cardinal/alfresco/logs/share/localhost_access_log.2021-04-04.txt

Error accessing possibly locked file /var/DOCKER/DATA/alfresco/cardinal/alfresco/logs/share/localhost_access_log.2021-04-05.txt
WARNING 10 '/var/DOCKER/DATA/alfresco/cardinal/alfresco/logs/share/localhost_access_log.2021-04-05.txt'
. Error accessing possibly locked file /var/DOCKER/DATA/alfresco/cardinal/alfresco/logs/share/localhost_access_log.2021-04-05.txt

Error accessing possibly locked file /var/DOCKER/DATA/alfresco/cardinal/alfresco/logs/share/localhost_access_log.2021-04-06.txt
WARNING 10 '/var/DOCKER/DATA/alfresco/cardinal/alfresco/logs/share/localhost_access_log.2021-04-06.txt'
. Error accessing possibly locked file /var/DOCKER/DATA/alfresco/cardinal/alfresco/logs/share/localhost_access_log.2021-04-06.txt

Error accessing possibly locked file /var/DOCKER/DATA/alfresco/cardinal/alfresco/logs/share/localhost_access_log.2021-04-07.txt
WARNING 10 '/var/DOCKER/DATA/alfresco/cardinal/alfresco/logs/share/localhost_access_log.2021-04-07.txt'
. Error accessing possibly locked file /var/DOCKER/DATA/alfresco/cardinal/alfresco/logs/share/localhost_access_log.2021-04-07.txt

Error accessing possibly locked file /var/DOCKER/DATA/alfresco/cardinal/alfresco/logs/share/localhost_access_log.2021-04-08.txt
WARNING 10 '/var/DOCKER/DATA/alfresco/cardinal/alfresco/logs/share/localhost_access_log.2021-04-08.txt'
. Error accessing possibly locked file /var/DOCKER/DATA/alfresco/cardinal/alfresco/logs/share/localhost_access_log.2021-04-08.txt

Error accessing possibly locked file /var/DOCKER/DATA/alfresco/cardinal/alfresco/logs/share/localhost_access_log.2021-04-09.txt
WARNING 10 '/var/DOCKER/DATA/alfresco/cardinal/alfresco/logs/share/localhost_access_log.2021-04-09.txt'
. Error accessing possibly locked file /var/DOCKER/DATA/alfresco/cardinal/alfresco/logs/share/localhost_access_log.2021-04-09.txt

Error accessing possibly locked file /var/DOCKER/DATA/alfresco/cardinal/alfresco/logs/share/localhost_access_log.2021-04-10.txt
WARNING 10 '/var/DOCKER/DATA/alfresco/cardinal/alfresco/logs/share/localhost_access_log.2021-04-10.txt'
. Error accessing possibly locked file /var/DOCKER/DATA/alfresco/cardinal/alfresco/logs/share/localhost_access_log.2021-04-10.txt

Error accessing possibly locked file /var/DOCKER/DATA/alfresco/cardinal/alfresco/logs/share/localhost_access_log.2021-04-11.txt
WARNING 10 '/var/DOCKER/DATA/alfresco/cardinal/alfresco/logs/share/localhost_access_log.2021-04-11.txt'
. Error accessing possibly locked file /var/DOCKER/DATA/alfresco/cardinal/alfresco/logs/share/localhost_access_log.2021-04-11.txt

Error accessing possibly locked file /var/DOCKER/DATA/alfresco/cardinal/alfresco/logs/share/localhost_access_log.2021-04-12.txt
WARNING 10 '/var/DOCKER/DATA/alfresco/cardinal/alfresco/logs/share/localhost_access_log.2021-04-12.txt'
. Error accessing possibly locked file /var/DOCKER/DATA/alfresco/cardinal/alfresco/logs/share/localhost_access_log.2021-04-12.txt

Error accessing possibly locked file /var/DOCKER/DATA/alfresco/cardinal/alfresco/logs/share/localhost_access_log.2021-04-13.txt
WARNING 10 '/var/DOCKER/DATA/alfresco/cardinal/alfresco/logs/share/localhost_access_log.2021-04-13.txt'
. Error accessing possibly locked file /var/DOCKER/DATA/alfresco/cardinal/alfresco/logs/share/localhost_access_log.2021-04-13.txt

Error accessing possibly locked file /var/DOCKER/DATA/alfresco/cardinal/alfresco/logs/share/localhost_access_log.2021-04-14.txt
WARNING 10 '/var/DOCKER/DATA/alfresco/cardinal/alfresco/logs/share/localhost_access_log.2021-04-14.txt'
. Error accessing possibly locked file /var/DOCKER/DATA/alfresco/cardinal/alfresco/logs/share/localhost_access_log.2021-04-14.txt

Error accessing possibly locked file /var/DOCKER/DATA/alfresco/cardinal/alfresco/logs/share/localhost_access_log.2021-04-15.txt
WARNING 10 '/var/DOCKER/DATA/alfresco/cardinal/alfresco/logs/share/localhost_access_log.2021-04-15.txt'
. Error accessing possibly locked file /var/DOCKER/DATA/alfresco/cardinal/alfresco/logs/share/localhost_access_log.2021-04-15.txt

Error accessing possibly locked file /var/DOCKER/DATA/alfresco/cardinal/alfresco/logs/share/localhost_access_log.2021-04-16.txt
WARNING 10 '/var/DOCKER/DATA/alfresco/cardinal/alfresco/logs/share/localhost_access_log.2021-04-16.txt'
. Error accessing possibly locked file /var/DOCKER/DATA/alfresco/cardinal/alfresco/logs/share/localhost_access_log.2021-04-16.txt

Error accessing possibly locked file /var/DOCKER/DATA/alfresco/cardinal/alfresco/logs/share/localhost_access_log.2021-04-17.txt
WARNING 10 '/var/DOCKER/DATA/alfresco/cardinal/alfresco/logs/share/localhost_access_log.2021-04-17.txt'
. Error accessing possibly locked file /var/DOCKER/DATA/alfresco/cardinal/alfresco/logs/share/localhost_access_log.2021-04-17.txt

Error accessing possibly locked file /var/DOCKER/DATA/alfresco/cardinal/alfresco/logs/share/localhost_access_log.2021-04-18.txt
WARNING 10 '/var/DOCKER/DATA/alfresco/cardinal/alfresco/logs/share/localhost_access_log.2021-04-18.txt'
. Error accessing possibly locked file /var/DOCKER/DATA/alfresco/cardinal/alfresco/logs/share/localhost_access_log.2021-04-18.txt

Error accessing possibly locked file /var/DOCKER/DATA/alfresco/cardinal/alfresco/logs/share/localhost_access_log.2021-04-19.txt
WARNING 10 '/var/DOCKER/DATA/alfresco/cardinal/alfresco/logs/share/localhost_access_log.2021-04-19.txt'
. Error accessing possibly locked file /var/DOCKER/DATA/alfresco/cardinal/alfresco/logs/share/localhost_access_log.2021-04-19.txt

Error accessing possibly locked file /var/DOCKER/DATA/alfresco/cardinal/alfresco/logs/share/localhost_access_log.2021-04-20.txt
WARNING 10 '/var/DOCKER/DATA/alfresco/cardinal/alfresco/logs/share/localhost_access_log.2021-04-20.txt'
. Error accessing possibly locked file /var/DOCKER/DATA/alfresco/cardinal/alfresco/logs/share/localhost_access_log.2021-04-20.txt

Error accessing possibly locked file /var/DOCKER/DATA/alfresco/cardinal/alfresco/logs/share/localhost_access_log.2021-04-21.txt
WARNING 10 '/var/DOCKER/DATA/alfresco/cardinal/alfresco/logs/share/localhost_access_log.2021-04-21.txt'
. Error accessing possibly locked file /var/DOCKER/DATA/alfresco/cardinal/alfresco/logs/share/localhost_access_log.2021-04-21.txt

Error accessing possibly locked file /var/DOCKER/DATA/alfresco/cardinal/alfresco/logs/share/localhost_access_log.2021-04-22.txt
WARNING 10 '/var/DOCKER/DATA/alfresco/cardinal/alfresco/logs/share/localhost_access_log.2021-04-22.txt'
. Error accessing possibly locked file /var/DOCKER/DATA/alfresco/cardinal/alfresco/logs/share/localhost_access_log.2021-04-22.txt

Error accessing possibly locked file /var/DOCKER/DATA/alfresco/cardinal/alfresco/logs/share/localhost_access_log.2021-04-23.txt
WARNING 10 '/var/DOCKER/DATA/alfresco/cardinal/alfresco/logs/share/localhost_access_log.2021-04-23.txt'
. Error accessing possibly locked file /var/DOCKER/DATA/alfresco/cardinal/alfresco/logs/share/localhost_access_log.2021-04-23.txt

Error accessing possibly locked file /var/DOCKER/DATA/alfresco/cardinal/alfresco/logs/share/localhost_access_log.2021-04-24.txt
WARNING 10 '/var/DOCKER/DATA/alfresco/cardinal/alfresco/logs/share/localhost_access_log.2021-04-24.txt'
. Error accessing possibly locked file /var/DOCKER/DATA/alfresco/cardinal/alfresco/logs/share/localhost_access_log.2021-04-24.txt

Error accessing possibly locked file /var/DOCKER/DATA/alfresco/cardinal/alfresco/logs/share/localhost_access_log.2021-04-25.txt
WARNING 10 '/var/DOCKER/DATA/alfresco/cardinal/alfresco/logs/share/localhost_access_log.2021-04-25.txt'
. Error accessing possibly locked file /var/DOCKER/DATA/alfresco/cardinal/alfresco/logs/share/localhost_access_log.2021-04-25.txt

Error accessing possibly locked file /var/DOCKER/DATA/alfresco/cardinal/alfresco/logs/share/localhost_access_log.2021-04-26.txt
WARNING 10 '/var/DOCKER/DATA/alfresco/cardinal/alfresco/logs/share/localhost_access_log.2021-04-26.txt'
. Error accessing possibly locked file /var/DOCKER/DATA/alfresco/cardinal/alfresco/logs/share/localhost_access_log.2021-04-26.txt

Error accessing possibly locked file /var/DOCKER/DATA/alfresco/cardinal/alfresco/logs/share/manager.2021-03-21.log
WARNING 10 '/var/DOCKER/DATA/alfresco/cardinal/alfresco/logs/share/manager.2021-03-21.log'
. Error accessing possibly locked file /var/DOCKER/DATA/alfresco/cardinal/alfresco/logs/share/manager.2021-03-21.log

Error accessing possibly locked file /var/DOCKER/DATA/alfresco/cardinal/alfresco/logs/share/manager.2021-03-23.log
WARNING 10 '/var/DOCKER/DATA/alfresco/cardinal/alfresco/logs/share/manager.2021-03-23.log'
. Error accessing possibly locked file /var/DOCKER/DATA/alfresco/cardinal/alfresco/logs/share/manager.2021-03-23.log

Error accessing possibly locked file /var/DOCKER/DATA/alfresco/cardinal/alfresco/logs/share/manager.2021-03-24.log
WARNING 10 '/var/DOCKER/DATA/alfresco/cardinal/alfresco/logs/share/manager.2021-03-24.log'
. Error accessing possibly locked file /var/DOCKER/DATA/alfresco/cardinal/alfresco/logs/share/manager.2021-03-24.log

--------------[ Backup Statistics ]--------------
StartTime 1619478162.24 (Mon Apr 26 23:02:42 2021)
EndTime 1619478270.50 (Mon Apr 26 23:04:30 2021)
ElapsedTime 108.26 (1 minute 48.26 seconds)
SourceFiles 319166
SourceFileSize 114494348921 (107 GB)
NewFiles 2
NewFileSize 32768 (32.0 KB)
DeletedFiles 0
ChangedFiles 0
ChangedFileSize 0 (0 bytes)
ChangedDeltaSize 0 (0 bytes)
DeltaEntries 2
RawDeltaSize 0 (0 bytes)
TotalDestinationSizeChange 230 (230 bytes)
Errors 174
-------------------------------------------------

NOTICE 1
. --------------[ Backup Statistics ]--------------
. StartTime 1619478162.24 (Mon Apr 26 23:02:42 2021)
. EndTime 1619478270.50 (Mon Apr 26 23:04:30 2021)
. ElapsedTime 108.26 (1 minute 48.26 seconds)
. SourceFiles 319166
. SourceFileSize 114494348921 (107 GB)
. NewFiles 2
. NewFileSize 32768 (32.0 KB)
. DeletedFiles 0
. ChangedFiles 0
. ChangedFileSize 0 (0 bytes)
. ChangedDeltaSize 0 (0 bytes)
. DeltaEntries 2
. RawDeltaSize 0 (0 bytes)
. TotalDestinationSizeChange 230 (230 bytes)
. Errors 174
. -------------------------------------------------
. 

2021-04-26-11:04:30 PM - [BART-Loglevel4] Files backup done!

2021-04-26-11:04:30 PM - [BART-Loglevel4] Running maintenance commands
2021-04-26-11:04:30 PM - [BART-Loglevel4] Running command - /usr/bin/duplicity remove-older-than 12M -v4 --log-file=/var/ALF_BACKUP/cardinal/logs/alfresco-bart-2021-04-26.log --archive-dir=/var/ALF_BACKUP/duplicity/cardinal/cache/ --force file:///mnt/ALF_BACKUP/cardinal/data_backup/index/backup
Local and Remote metadata are synchronized, no sync needed.
NOTICE 1
. Local and Remote metadata are synchronized, no sync needed.

Last full backup date: none
NOTICE 1
. Last full backup date: none

No old backup sets found, nothing deleted.
NOTICE 1
. No old backup sets found, nothing deleted.

2021-04-26-11:04:30 PM - [BART-Loglevel4] Running command - /usr/bin/duplicity remove-all-but-n-full 6 -v4 --log-file=/var/ALF_BACKUP/cardinal/logs/alfresco-bart-2021-04-26.log --archive-dir=/var/ALF_BACKUP/duplicity/cardinal/cache/ --force file:///mnt/ALF_BACKUP/cardinal/data_backup/index/backup
Local and Remote metadata are synchronized, no sync needed.
NOTICE 1
. Local and Remote metadata are synchronized, no sync needed.

Last full backup date: none
NOTICE 1
. Last full backup date: none

No old backup sets found, nothing deleted.
NOTICE 1
. No old backup sets found, nothing deleted.

Local and Remote metadata are synchronized, no sync needed.
NOTICE 1
. Local and Remote metadata are synchronized, no sync needed.

Last full backup date: Mon Mar 15 20:12:18 2021
NOTICE 1
. Last full backup date: Mon Mar 15 20:12:18 2021

No old backup sets found, nothing deleted.
NOTICE 1
. No old backup sets found, nothing deleted.

Local and Remote metadata are synchronized, no sync needed.
NOTICE 1
. Local and Remote metadata are synchronized, no sync needed.

Last full backup date: Mon Mar 15 20:12:18 2021
NOTICE 1
. Last full backup date: Mon Mar 15 20:12:18 2021

No old backup sets found, nothing deleted.
NOTICE 1
. No old backup sets found, nothing deleted.

2021-04-26-11:04:32 PM - [BART-Loglevel4] Running command - /usr/bin/duplicity remove-older-than 12M -v4 --log-file=/var/ALF_BACKUP/cardinal/logs/alfresco-bart-2021-04-26.log --archive-dir=/var/ALF_BACKUP/duplicity/cardinal/cache/ --force file:///mnt/ALF_BACKUP/cardinal/data_backup/db
Local and Remote metadata are synchronized, no sync needed.
NOTICE 1
. Local and Remote metadata are synchronized, no sync needed.

Last full backup date: Mon Mar 15 20:09:03 2021
NOTICE 1
. Last full backup date: Mon Mar 15 20:09:03 2021

No old backup sets found, nothing deleted.
NOTICE 1
. No old backup sets found, nothing deleted.

2021-04-26-11:04:32 PM - [BART-Loglevel4] Running command - /usr/bin/duplicity remove-all-but-n-full 6 -v4 --log-file=/var/ALF_BACKUP/cardinal/logs/alfresco-bart-2021-04-26.log --archive-dir=/var/ALF_BACKUP/duplicity/cardinal/cache/ --force file:///mnt/ALF_BACKUP/cardinal/data_backup/db
Local and Remote metadata are synchronized, no sync needed.
NOTICE 1
. Local and Remote metadata are synchronized, no sync needed.

Last full backup date: Mon Mar 15 20:09:03 2021
NOTICE 1
. Last full backup date: Mon Mar 15 20:09:03 2021

No old backup sets found, nothing deleted.
NOTICE 1
. No old backup sets found, nothing deleted.

2021-04-26-11:04:33 PM - [BART-Loglevel4] Running command - /usr/bin/duplicity remove-older-than 12M -v4 --log-file=/var/ALF_BACKUP/cardinal/logs/alfresco-bart-2021-04-26.log --archive-dir=/var/ALF_BACKUP/duplicity/cardinal/cache/ --force file:///mnt/ALF_BACKUP/cardinal/data_backup/cs
Local and Remote metadata are synchronized, no sync needed.
NOTICE 1
. Local and Remote metadata are synchronized, no sync needed.

Last full backup date: Mon Mar 15 20:13:46 2021
NOTICE 1
. Last full backup date: Mon Mar 15 20:13:46 2021

No old backup sets found, nothing deleted.
NOTICE 1
. No old backup sets found, nothing deleted.

2021-04-26-11:04:35 PM - [BART-Loglevel4] Running command - /usr/bin/duplicity remove-all-but-n-full 6 -v4 --log-file=/var/ALF_BACKUP/cardinal/logs/alfresco-bart-2021-04-26.log --archive-dir=/var/ALF_BACKUP/duplicity/cardinal/cache/ --force file:///mnt/ALF_BACKUP/cardinal/data_backup/cs
Local and Remote metadata are synchronized, no sync needed.
NOTICE 1
. Local and Remote metadata are synchronized, no sync needed.

Last full backup date: Mon Mar 15 20:13:46 2021
NOTICE 1
. Last full backup date: Mon Mar 15 20:13:46 2021

No old backup sets found, nothing deleted.
NOTICE 1
. No old backup sets found, nothing deleted.

2021-04-26-11:04:37 PM - [BART-Loglevel4] Running command - /usr/bin/duplicity remove-older-than 12M -v4 --log-file=/var/ALF_BACKUP/cardinal/logs/alfresco-bart-2021-04-26.log --archive-dir=/var/ALF_BACKUP/duplicity/cardinal/cache/ --force file:///mnt/ALF_BACKUP/cardinal/data_backup/files
Local and Remote metadata are synchronized, no sync needed.
NOTICE 1
. Local and Remote metadata are synchronized, no sync needed.

Last full backup date: Mon Mar 15 21:47:50 2021
NOTICE 1
. Last full backup date: Mon Mar 15 21:47:50 2021

No old backup sets found, nothing deleted.
NOTICE 1
. No old backup sets found, nothing deleted.

2021-04-26-11:04:40 PM - [BART-Loglevel4] Running command - /usr/bin/duplicity remove-all-but-n-full 6 -v4 --log-file=/var/ALF_BACKUP/cardinal/logs/alfresco-bart-2021-04-26.log --archive-dir=/var/ALF_BACKUP/duplicity/cardinal/cache/ --force file:///mnt/ALF_BACKUP/cardinal/data_backup/files
Local and Remote metadata are synchronized, no sync needed.
NOTICE 1
. Local and Remote metadata are synchronized, no sync needed.

Last full backup date: Mon Mar 15 21:47:50 2021
NOTICE 1
. Last full backup date: Mon Mar 15 21:47:50 2021

No old backup sets found, nothing deleted.
NOTICE 1
. No old backup sets found, nothing deleted.

2021-04-26-11:04:42 PM - [BART-Loglevel4] Maintenance commands DONE!
