Shutting Down Docker Instance
DOCKER INSTANCE IS DOWN
2020-11-27-11:00:01 PM - [BART-Loglevel4] Starting backup
2020-11-27-11:00:01 PM - [BART-Loglevel4] Set script variables done

2020-11-27-11:00:01 PM - [BART-Loglevel4] Backing up the Alfresco indexes to local
2020-11-27-11:00:01 PM - [BART-Loglevel4] Starting backup - Alfresco solr indexes
2020-11-27-11:00:01 PM - [BART-Loglevel4] Running command - /usr/bin/duplicity -v4 --volsize=20000 --log-file=/var/ALF_BACKUP/cardinal/logs/alfresco-bart-2020-11-27.log --full-if-older-than 60D --asynchronous-upload   /var/DOCKER/DATA/alfresco/cardinal/solr_data --exclude /var/DOCKER/DATA/alfresco/cardinal/solr_data/archive --exclude /var/DOCKER/DATA/alfresco/cardinal/solr_data/workspace file:///mnt/ALF_BACKUP/cardinal/data_backup/index/config
Local and Remote metadata are synchronized, no sync needed.
NOTICE 1
. Local and Remote metadata are synchronized, no sync needed.

Last full backup date: Sat Nov 21 06:50:13 2020
NOTICE 1
. Last full backup date: Sat Nov 21 06:50:13 2020

--------------[ Backup Statistics ]--------------
StartTime 1606518001.83 (Fri Nov 27 23:00:01 2020)
EndTime 1606518002.87 (Fri Nov 27 23:00:02 2020)
ElapsedTime 1.04 (1.04 seconds)
SourceFiles 202
SourceFileSize 1009463408 (963 MB)
NewFiles 76
NewFileSize 16110933 (15.4 MB)
DeletedFiles 87
ChangedFiles 0
ChangedFileSize 0 (0 bytes)
ChangedDeltaSize 0 (0 bytes)
DeltaEntries 163
RawDeltaSize 16090453 (15.3 MB)
TotalDestinationSizeChange 6605005 (6.30 MB)
Errors 0
-------------------------------------------------

NOTICE 1
. --------------[ Backup Statistics ]--------------
. StartTime 1606518001.83 (Fri Nov 27 23:00:01 2020)
. EndTime 1606518002.87 (Fri Nov 27 23:00:02 2020)
. ElapsedTime 1.04 (1.04 seconds)
. SourceFiles 202
. SourceFileSize 1009463408 (963 MB)
. NewFiles 76
. NewFileSize 16110933 (15.4 MB)
. DeletedFiles 87
. ChangedFiles 0
. ChangedFileSize 0 (0 bytes)
. ChangedDeltaSize 0 (0 bytes)
. DeltaEntries 163
. RawDeltaSize 16090453 (15.3 MB)
. TotalDestinationSizeChange 6605005 (6.30 MB)
. Errors 0
. -------------------------------------------------
. 

2020-11-27-11:00:03 PM - [BART-Loglevel4] Indexes backup finished

2020-11-27-11:00:03 PM - [BART-Loglevel4] Backing up the Alfresco db to local
2020-11-27-11:00:03 PM - [BART-Loglevel4] Starting backup - Alfresco postgresql db
2020-11-27-11:00:03 PM - [BART-Loglevel4] Backing up the Alfresco DB to local
2020-11-27-11:00:03 PM - [BART-Loglevel4] Starting backup - Alfresco postgresql DB
2020-11-27-11:00:03 PM - [BART-Loglevel4] Running command - PGPASSWORD=45osUQR234X /usr/lib/postgresql/11/bin/pg_dump -Fc -w -h 172.18.200.70 -p 5000 -U alfresco alf_cardinal > /var/ALF_BACKUP/cardinal/alfresco-db-backup/alf_cardinal.sql.Fc
2020-11-27-11:00:31 PM - [BART-Loglevel4] Running command - duplicity -v4 --volsize=20000 --log-file=/var/ALF_BACKUP/cardinal/logs/alfresco-bart-2020-11-27.log --full-if-older-than 60D --asynchronous-upload   /var/ALF_BACKUP/cardinal/alfresco-db-backup file:///mnt/ALF_BACKUP/cardinal/data_backup/db
Local and Remote metadata are synchronized, no sync needed.
NOTICE 1
. Local and Remote metadata are synchronized, no sync needed.

Last full backup date: Sat Nov 21 06:51:34 2020
NOTICE 1
. Last full backup date: Sat Nov 21 06:51:34 2020

--------------[ Backup Statistics ]--------------
StartTime 1606518031.67 (Fri Nov 27 23:00:31 2020)
EndTime 1606518035.46 (Fri Nov 27 23:00:35 2020)
ElapsedTime 3.79 (3.79 seconds)
SourceFiles 2
SourceFileSize 94432870 (90.1 MB)
NewFiles 1
NewFileSize 4096 (4.00 KB)
DeletedFiles 0
ChangedFiles 1
ChangedFileSize 94428774 (90.1 MB)
ChangedDeltaSize 0 (0 bytes)
DeltaEntries 2
RawDeltaSize 64492119 (61.5 MB)
TotalDestinationSizeChange 64011216 (61.0 MB)
Errors 0
-------------------------------------------------

NOTICE 1
. --------------[ Backup Statistics ]--------------
. StartTime 1606518031.67 (Fri Nov 27 23:00:31 2020)
. EndTime 1606518035.46 (Fri Nov 27 23:00:35 2020)
. ElapsedTime 3.79 (3.79 seconds)
. SourceFiles 2
. SourceFileSize 94432870 (90.1 MB)
. NewFiles 1
. NewFileSize 4096 (4.00 KB)
. DeletedFiles 0
. ChangedFiles 1
. ChangedFileSize 94428774 (90.1 MB)
. ChangedDeltaSize 0 (0 bytes)
. DeltaEntries 2
. RawDeltaSize 64492119 (61.5 MB)
. TotalDestinationSizeChange 64011216 (61.0 MB)
. Errors 0
. -------------------------------------------------
. 

2020-11-27-11:00:36 PM - [BART-Loglevel4] cleaning DB backup
2020-11-27-11:00:36 PM - [BART-Loglevel4] DB backup finished

2020-11-27-11:00:36 PM - [BART-Loglevel4] Backing up the Alfresco ContentStore to local
2020-11-27-11:00:36 PM - [BART-Loglevel4] Starting backup - Alfresco ContentStore
2020-11-27-11:00:36 PM - [BART-Loglevel4] Running command - /usr/bin/duplicity -v4 --volsize=20000 --log-file=/var/ALF_BACKUP/cardinal/logs/alfresco-bart-2020-11-27.log --full-if-older-than 60D --asynchronous-upload   --include /var/DOCKER/DATA/alfresco/cardinal/alfresco/alf_data_archgroup/contentstore       --exclude /var/DOCKER/DATA/alfresco/cardinal/alfresco/alf_data_archgroup /var/DOCKER/DATA/alfresco/cardinal/alfresco/alf_data_archgroup file:///mnt/ALF_BACKUP/cardinal/data_backup/cs
Local and Remote metadata are synchronized, no sync needed.
NOTICE 1
. Local and Remote metadata are synchronized, no sync needed.

Last full backup date: Sat Nov 21 06:51:40 2020
NOTICE 1
. Last full backup date: Sat Nov 21 06:51:40 2020

--------------[ Backup Statistics ]--------------
StartTime 1606518038.98 (Fri Nov 27 23:00:38 2020)
EndTime 1606518126.32 (Fri Nov 27 23:02:06 2020)
ElapsedTime 87.33 (1 minute 27.33 seconds)
SourceFiles 255551
SourceFileSize 120979897045 (113 GB)
NewFiles 780
NewFileSize 63469829 (60.5 MB)
DeletedFiles 356
ChangedFiles 0
ChangedFileSize 0 (0 bytes)
ChangedDeltaSize 0 (0 bytes)
DeltaEntries 1136
RawDeltaSize 62105861 (59.2 MB)
TotalDestinationSizeChange 51197481 (48.8 MB)
Errors 0
-------------------------------------------------

NOTICE 1
. --------------[ Backup Statistics ]--------------
. StartTime 1606518038.98 (Fri Nov 27 23:00:38 2020)
. EndTime 1606518126.32 (Fri Nov 27 23:02:06 2020)
. ElapsedTime 87.33 (1 minute 27.33 seconds)
. SourceFiles 255551
. SourceFileSize 120979897045 (113 GB)
. NewFiles 780
. NewFileSize 63469829 (60.5 MB)
. DeletedFiles 356
. ChangedFiles 0
. ChangedFileSize 0 (0 bytes)
. ChangedDeltaSize 0 (0 bytes)
. DeltaEntries 1136
. RawDeltaSize 62105861 (59.2 MB)
. TotalDestinationSizeChange 51197481 (48.8 MB)
. Errors 0
. -------------------------------------------------
. 

2020-11-27-11:02:07 PM - [BART-Loglevel4] ContentStore backup done!

2020-11-27-11:02:07 PM - [BART-Loglevel4] Backing up the Alfresco files to local
2020-11-27-11:02:07 PM - [BART-Loglevel4] Starting backup - Alfresco files
2020-11-27-11:02:07 PM - [BART-Loglevel4] Running command - /usr/bin/duplicity -v4 --volsize=20000 --log-file=/var/ALF_BACKUP/cardinal/logs/alfresco-bart-2020-11-27.log --full-if-older-than 60D --asynchronous-upload   /var/DOCKER/DATA/alfresco/cardinal/alfresco  --exclude **/var/DOCKER/DATA/alfresco/cardinal/solr_data/archive**  --exclude **/var/DOCKER/DATA/alfresco/cardinal/solr_data**  --exclude **/var/DOCKER/DATA/alfresco/cardinal/alfresco/alf_data_archgroup/contentstore**  --exclude **/var/DOCKER/DATA/alfresco/cardinal/alfresco/alf_data_archgroup/contentstore.deleted**       --exclude **/var/ALF_BACKUP/cardinal/alfresco-db-backup**  file:///mnt/ALF_BACKUP/cardinal/data_backup/files
Local and Remote metadata are synchronized, no sync needed.
NOTICE 1
. Local and Remote metadata are synchronized, no sync needed.

Last full backup date: Sat Nov 21 08:25:05 2020
NOTICE 1
. Last full backup date: Sat Nov 21 08:25:05 2020

--------------[ Backup Statistics ]--------------
StartTime 1606518129.83 (Fri Nov 27 23:02:09 2020)
EndTime 1606518212.13 (Fri Nov 27 23:03:32 2020)
ElapsedTime 82.30 (1 minute 22.30 seconds)
SourceFiles 318918
SourceFileSize 22677932355 (21.1 GB)
NewFiles 0
NewFileSize 0 (0 bytes)
DeletedFiles 0
ChangedFiles 0
ChangedFileSize 0 (0 bytes)
ChangedDeltaSize 0 (0 bytes)
DeltaEntries 0
RawDeltaSize 0 (0 bytes)
TotalDestinationSizeChange 111 (111 bytes)
Errors 0
-------------------------------------------------

NOTICE 1
. --------------[ Backup Statistics ]--------------
. StartTime 1606518129.83 (Fri Nov 27 23:02:09 2020)
. EndTime 1606518212.13 (Fri Nov 27 23:03:32 2020)
. ElapsedTime 82.30 (1 minute 22.30 seconds)
. SourceFiles 318918
. SourceFileSize 22677932355 (21.1 GB)
. NewFiles 0
. NewFileSize 0 (0 bytes)
. DeletedFiles 0
. ChangedFiles 0
. ChangedFileSize 0 (0 bytes)
. ChangedDeltaSize 0 (0 bytes)
. DeltaEntries 0
. RawDeltaSize 0 (0 bytes)
. TotalDestinationSizeChange 111 (111 bytes)
. Errors 0
. -------------------------------------------------
. 

2020-11-27-11:03:32 PM - [BART-Loglevel4] Files backup done!

2020-11-27-11:03:32 PM - [BART-Loglevel4] Running maintenance commands
2020-11-27-11:03:32 PM - [BART-Loglevel4] Running command - /usr/bin/duplicity remove-older-than 12M -v4 --log-file=/var/ALF_BACKUP/cardinal/logs/alfresco-bart-2020-11-27.log  --force file:///mnt/ALF_BACKUP/cardinal/data_backup/index/backup
Local and Remote metadata are synchronized, no sync needed.
NOTICE 1
. Local and Remote metadata are synchronized, no sync needed.

Last full backup date: none
NOTICE 1
. Last full backup date: none

No old backup sets found, nothing deleted.
NOTICE 1
. No old backup sets found, nothing deleted.

2020-11-27-11:03:32 PM - [BART-Loglevel4] Running command - /usr/bin/duplicity remove-all-but-n-full 6 -v4 --log-file=/var/ALF_BACKUP/cardinal/logs/alfresco-bart-2020-11-27.log  --force file:///mnt/ALF_BACKUP/cardinal/data_backup/index/backup
Local and Remote metadata are synchronized, no sync needed.
NOTICE 1
. Local and Remote metadata are synchronized, no sync needed.

Last full backup date: none
NOTICE 1
. Last full backup date: none

No old backup sets found, nothing deleted.
NOTICE 1
. No old backup sets found, nothing deleted.

Local and Remote metadata are synchronized, no sync needed.
NOTICE 1
. Local and Remote metadata are synchronized, no sync needed.

Last full backup date: Sat Nov 21 06:50:13 2020
NOTICE 1
. Last full backup date: Sat Nov 21 06:50:13 2020

No old backup sets found, nothing deleted.
NOTICE 1
. No old backup sets found, nothing deleted.

Local and Remote metadata are synchronized, no sync needed.
NOTICE 1
. Local and Remote metadata are synchronized, no sync needed.

Last full backup date: Sat Nov 21 06:50:13 2020
NOTICE 1
. Last full backup date: Sat Nov 21 06:50:13 2020

No old backup sets found, nothing deleted.
NOTICE 1
. No old backup sets found, nothing deleted.

2020-11-27-11:03:33 PM - [BART-Loglevel4] Running command - /usr/bin/duplicity remove-older-than 12M -v4 --log-file=/var/ALF_BACKUP/cardinal/logs/alfresco-bart-2020-11-27.log  --force file:///mnt/ALF_BACKUP/cardinal/data_backup/db
Local and Remote metadata are synchronized, no sync needed.
NOTICE 1
. Local and Remote metadata are synchronized, no sync needed.

Last full backup date: Sat Nov 21 06:51:34 2020
NOTICE 1
. Last full backup date: Sat Nov 21 06:51:34 2020

No old backup sets found, nothing deleted.
NOTICE 1
. No old backup sets found, nothing deleted.

2020-11-27-11:03:33 PM - [BART-Loglevel4] Running command - /usr/bin/duplicity remove-all-but-n-full 6 -v4 --log-file=/var/ALF_BACKUP/cardinal/logs/alfresco-bart-2020-11-27.log  --force file:///mnt/ALF_BACKUP/cardinal/data_backup/db
Local and Remote metadata are synchronized, no sync needed.
NOTICE 1
. Local and Remote metadata are synchronized, no sync needed.

Last full backup date: Sat Nov 21 06:51:34 2020
NOTICE 1
. Last full backup date: Sat Nov 21 06:51:34 2020

No old backup sets found, nothing deleted.
NOTICE 1
. No old backup sets found, nothing deleted.

2020-11-27-11:03:33 PM - [BART-Loglevel4] Running command - /usr/bin/duplicity remove-older-than 12M -v4 --log-file=/var/ALF_BACKUP/cardinal/logs/alfresco-bart-2020-11-27.log  --force file:///mnt/ALF_BACKUP/cardinal/data_backup/cs
Local and Remote metadata are synchronized, no sync needed.
NOTICE 1
. Local and Remote metadata are synchronized, no sync needed.

Last full backup date: Sat Nov 21 06:51:40 2020
NOTICE 1
. Last full backup date: Sat Nov 21 06:51:40 2020

No old backup sets found, nothing deleted.
NOTICE 1
. No old backup sets found, nothing deleted.

2020-11-27-11:03:35 PM - [BART-Loglevel4] Running command - /usr/bin/duplicity remove-all-but-n-full 6 -v4 --log-file=/var/ALF_BACKUP/cardinal/logs/alfresco-bart-2020-11-27.log  --force file:///mnt/ALF_BACKUP/cardinal/data_backup/cs
Local and Remote metadata are synchronized, no sync needed.
NOTICE 1
. Local and Remote metadata are synchronized, no sync needed.

Last full backup date: Sat Nov 21 06:51:40 2020
NOTICE 1
. Last full backup date: Sat Nov 21 06:51:40 2020

No old backup sets found, nothing deleted.
NOTICE 1
. No old backup sets found, nothing deleted.

2020-11-27-11:03:37 PM - [BART-Loglevel4] Running command - /usr/bin/duplicity remove-older-than 12M -v4 --log-file=/var/ALF_BACKUP/cardinal/logs/alfresco-bart-2020-11-27.log  --force file:///mnt/ALF_BACKUP/cardinal/data_backup/files
Local and Remote metadata are synchronized, no sync needed.
NOTICE 1
. Local and Remote metadata are synchronized, no sync needed.

Last full backup date: Sat Nov 21 08:25:05 2020
NOTICE 1
. Last full backup date: Sat Nov 21 08:25:05 2020

No old backup sets found, nothing deleted.
NOTICE 1
. No old backup sets found, nothing deleted.

2020-11-27-11:03:39 PM - [BART-Loglevel4] Running command - /usr/bin/duplicity remove-all-but-n-full 6 -v4 --log-file=/var/ALF_BACKUP/cardinal/logs/alfresco-bart-2020-11-27.log  --force file:///mnt/ALF_BACKUP/cardinal/data_backup/files
Local and Remote metadata are synchronized, no sync needed.
NOTICE 1
. Local and Remote metadata are synchronized, no sync needed.

Last full backup date: Sat Nov 21 08:25:05 2020
NOTICE 1
. Last full backup date: Sat Nov 21 08:25:05 2020

No old backup sets found, nothing deleted.
NOTICE 1
. No old backup sets found, nothing deleted.

2020-11-27-11:03:41 PM - [BART-Loglevel4] Maintenance commands DONE!
