Shutting Down Docker Instance
DOCKER INSTANCE IS DOWN
2020-12-03-11:00:02 PM - [BART-Loglevel4] Starting backup
2020-12-03-11:00:02 PM - [BART-Loglevel4] Set script variables done

2020-12-03-11:00:02 PM - [BART-Loglevel4] Backing up the Alfresco indexes to local
2020-12-03-11:00:02 PM - [BART-Loglevel4] Starting backup - Alfresco solr indexes
2020-12-03-11:00:02 PM - [BART-Loglevel4] Running command - /usr/bin/duplicity -v4 --volsize=20000 --log-file=/var/ALF_BACKUP/cardinal/logs/alfresco-bart-2020-12-03.log --full-if-older-than 60D --asynchronous-upload   /var/DOCKER/DATA/alfresco/cardinal/solr_data --exclude /var/DOCKER/DATA/alfresco/cardinal/solr_data/archive --exclude /var/DOCKER/DATA/alfresco/cardinal/solr_data/workspace file:///mnt/ALF_BACKUP/cardinal/data_backup/index/config
Local and Remote metadata are synchronized, no sync needed.
NOTICE 1
. Local and Remote metadata are synchronized, no sync needed.

Last full backup date: Sat Nov 21 06:50:13 2020
NOTICE 1
. Last full backup date: Sat Nov 21 06:50:13 2020

--------------[ Backup Statistics ]--------------
StartTime 1607036403.36 (Thu Dec  3 23:00:03 2020)
EndTime 1607036405.15 (Thu Dec  3 23:00:05 2020)
ElapsedTime 1.79 (1.79 seconds)
SourceFiles 167
SourceFileSize 1022438263 (975 MB)
NewFiles 32
NewFileSize 14164500 (13.5 MB)
DeletedFiles 100
ChangedFiles 0
ChangedFileSize 0 (0 bytes)
ChangedDeltaSize 0 (0 bytes)
DeltaEntries 132
RawDeltaSize 14144020 (13.5 MB)
TotalDestinationSizeChange 5987370 (5.71 MB)
Errors 0
-------------------------------------------------

NOTICE 1
. --------------[ Backup Statistics ]--------------
. StartTime 1607036403.36 (Thu Dec  3 23:00:03 2020)
. EndTime 1607036405.15 (Thu Dec  3 23:00:05 2020)
. ElapsedTime 1.79 (1.79 seconds)
. SourceFiles 167
. SourceFileSize 1022438263 (975 MB)
. NewFiles 32
. NewFileSize 14164500 (13.5 MB)
. DeletedFiles 100
. ChangedFiles 0
. ChangedFileSize 0 (0 bytes)
. ChangedDeltaSize 0 (0 bytes)
. DeltaEntries 132
. RawDeltaSize 14144020 (13.5 MB)
. TotalDestinationSizeChange 5987370 (5.71 MB)
. Errors 0
. -------------------------------------------------
. 

2020-12-03-11:00:05 PM - [BART-Loglevel4] Indexes backup finished

2020-12-03-11:00:05 PM - [BART-Loglevel4] Backing up the Alfresco db to local
2020-12-03-11:00:05 PM - [BART-Loglevel4] Starting backup - Alfresco postgresql db
2020-12-03-11:00:05 PM - [BART-Loglevel4] Backing up the Alfresco DB to local
2020-12-03-11:00:05 PM - [BART-Loglevel4] Starting backup - Alfresco postgresql DB
2020-12-03-11:00:05 PM - [BART-Loglevel4] Running command - PGPASSWORD=45osUQR234X /usr/lib/postgresql/11/bin/pg_dump -Fc -w -h 172.18.200.70 -p 5000 -U alfresco alf_cardinal > /var/ALF_BACKUP/cardinal/alfresco-db-backup/alf_cardinal.sql.Fc
2020-12-03-11:00:42 PM - [BART-Loglevel4] Running command - duplicity -v4 --volsize=20000 --log-file=/var/ALF_BACKUP/cardinal/logs/alfresco-bart-2020-12-03.log --full-if-older-than 60D --asynchronous-upload   /var/ALF_BACKUP/cardinal/alfresco-db-backup file:///mnt/ALF_BACKUP/cardinal/data_backup/db
Local and Remote metadata are synchronized, no sync needed.
NOTICE 1
. Local and Remote metadata are synchronized, no sync needed.

Last full backup date: Sat Nov 21 06:51:34 2020
NOTICE 1
. Last full backup date: Sat Nov 21 06:51:34 2020

--------------[ Backup Statistics ]--------------
StartTime 1607036443.05 (Thu Dec  3 23:00:43 2020)
EndTime 1607036446.41 (Thu Dec  3 23:00:46 2020)
ElapsedTime 3.36 (3.36 seconds)
SourceFiles 2
SourceFileSize 95184775 (90.8 MB)
NewFiles 1
NewFileSize 4096 (4.00 KB)
DeletedFiles 0
ChangedFiles 1
ChangedFileSize 95180679 (90.8 MB)
ChangedDeltaSize 0 (0 bytes)
DeltaEntries 2
RawDeltaSize 50011923 (47.7 MB)
TotalDestinationSizeChange 49743307 (47.4 MB)
Errors 0
-------------------------------------------------

NOTICE 1
. --------------[ Backup Statistics ]--------------
. StartTime 1607036443.05 (Thu Dec  3 23:00:43 2020)
. EndTime 1607036446.41 (Thu Dec  3 23:00:46 2020)
. ElapsedTime 3.36 (3.36 seconds)
. SourceFiles 2
. SourceFileSize 95184775 (90.8 MB)
. NewFiles 1
. NewFileSize 4096 (4.00 KB)
. DeletedFiles 0
. ChangedFiles 1
. ChangedFileSize 95180679 (90.8 MB)
. ChangedDeltaSize 0 (0 bytes)
. DeltaEntries 2
. RawDeltaSize 50011923 (47.7 MB)
. TotalDestinationSizeChange 49743307 (47.4 MB)
. Errors 0
. -------------------------------------------------
. 

2020-12-03-11:00:47 PM - [BART-Loglevel4] cleaning DB backup
2020-12-03-11:00:47 PM - [BART-Loglevel4] DB backup finished

2020-12-03-11:00:47 PM - [BART-Loglevel4] Backing up the Alfresco ContentStore to local
2020-12-03-11:00:47 PM - [BART-Loglevel4] Starting backup - Alfresco ContentStore
2020-12-03-11:00:47 PM - [BART-Loglevel4] Running command - /usr/bin/duplicity -v4 --volsize=20000 --log-file=/var/ALF_BACKUP/cardinal/logs/alfresco-bart-2020-12-03.log --full-if-older-than 60D --asynchronous-upload   --include /var/DOCKER/DATA/alfresco/cardinal/alfresco/alf_data_archgroup/contentstore       --exclude /var/DOCKER/DATA/alfresco/cardinal/alfresco/alf_data_archgroup /var/DOCKER/DATA/alfresco/cardinal/alfresco/alf_data_archgroup file:///mnt/ALF_BACKUP/cardinal/data_backup/cs
Local and Remote metadata are synchronized, no sync needed.
NOTICE 1
. Local and Remote metadata are synchronized, no sync needed.

Last full backup date: Sat Nov 21 06:51:40 2020
NOTICE 1
. Last full backup date: Sat Nov 21 06:51:40 2020

--------------[ Backup Statistics ]--------------
StartTime 1607036450.67 (Thu Dec  3 23:00:50 2020)
EndTime 1607036650.11 (Thu Dec  3 23:04:10 2020)
ElapsedTime 199.44 (3 minutes 19.44 seconds)
SourceFiles 257105
SourceFileSize 121571403586 (113 GB)
NewFiles 1060
NewFileSize 230953224 (220 MB)
DeletedFiles 880
ChangedFiles 0
ChangedFileSize 0 (0 bytes)
ChangedDeltaSize 0 (0 bytes)
DeltaEntries 1940
RawDeltaSize 229359880 (219 MB)
TotalDestinationSizeChange 214334167 (204 MB)
Errors 0
-------------------------------------------------

NOTICE 1
. --------------[ Backup Statistics ]--------------
. StartTime 1607036450.67 (Thu Dec  3 23:00:50 2020)
. EndTime 1607036650.11 (Thu Dec  3 23:04:10 2020)
. ElapsedTime 199.44 (3 minutes 19.44 seconds)
. SourceFiles 257105
. SourceFileSize 121571403586 (113 GB)
. NewFiles 1060
. NewFileSize 230953224 (220 MB)
. DeletedFiles 880
. ChangedFiles 0
. ChangedFileSize 0 (0 bytes)
. ChangedDeltaSize 0 (0 bytes)
. DeltaEntries 1940
. RawDeltaSize 229359880 (219 MB)
. TotalDestinationSizeChange 214334167 (204 MB)
. Errors 0
. -------------------------------------------------
. 

2020-12-03-11:04:13 PM - [BART-Loglevel4] ContentStore backup done!

2020-12-03-11:04:13 PM - [BART-Loglevel4] Backing up the Alfresco files to local
2020-12-03-11:04:13 PM - [BART-Loglevel4] Starting backup - Alfresco files
2020-12-03-11:04:13 PM - [BART-Loglevel4] Running command - /usr/bin/duplicity -v4 --volsize=20000 --log-file=/var/ALF_BACKUP/cardinal/logs/alfresco-bart-2020-12-03.log --full-if-older-than 60D --asynchronous-upload   /var/DOCKER/DATA/alfresco/cardinal/alfresco  --exclude **/var/DOCKER/DATA/alfresco/cardinal/solr_data/archive**  --exclude **/var/DOCKER/DATA/alfresco/cardinal/solr_data**  --exclude **/var/DOCKER/DATA/alfresco/cardinal/alfresco/alf_data_archgroup/contentstore**  --exclude **/var/DOCKER/DATA/alfresco/cardinal/alfresco/alf_data_archgroup/contentstore.deleted**       --exclude **/var/ALF_BACKUP/cardinal/alfresco-db-backup**  file:///mnt/ALF_BACKUP/cardinal/data_backup/files
Local and Remote metadata are synchronized, no sync needed.
NOTICE 1
. Local and Remote metadata are synchronized, no sync needed.

Last full backup date: Sat Nov 21 08:25:05 2020
NOTICE 1
. Last full backup date: Sat Nov 21 08:25:05 2020

--------------[ Backup Statistics ]--------------
StartTime 1607036656.56 (Thu Dec  3 23:04:16 2020)
EndTime 1607036768.75 (Thu Dec  3 23:06:08 2020)
ElapsedTime 112.19 (1 minute 52.19 seconds)
SourceFiles 318918
SourceFileSize 22677932355 (21.1 GB)
NewFiles 0
NewFileSize 0 (0 bytes)
DeletedFiles 0
ChangedFiles 0
ChangedFileSize 0 (0 bytes)
ChangedDeltaSize 0 (0 bytes)
DeltaEntries 0
RawDeltaSize 0 (0 bytes)
TotalDestinationSizeChange 110 (110 bytes)
Errors 0
-------------------------------------------------

NOTICE 1
. --------------[ Backup Statistics ]--------------
. StartTime 1607036656.56 (Thu Dec  3 23:04:16 2020)
. EndTime 1607036768.75 (Thu Dec  3 23:06:08 2020)
. ElapsedTime 112.19 (1 minute 52.19 seconds)
. SourceFiles 318918
. SourceFileSize 22677932355 (21.1 GB)
. NewFiles 0
. NewFileSize 0 (0 bytes)
. DeletedFiles 0
. ChangedFiles 0
. ChangedFileSize 0 (0 bytes)
. ChangedDeltaSize 0 (0 bytes)
. DeltaEntries 0
. RawDeltaSize 0 (0 bytes)
. TotalDestinationSizeChange 110 (110 bytes)
. Errors 0
. -------------------------------------------------
. 

2020-12-03-11:06:09 PM - [BART-Loglevel4] Files backup done!

2020-12-03-11:06:09 PM - [BART-Loglevel4] Running maintenance commands
2020-12-03-11:06:09 PM - [BART-Loglevel4] Running command - /usr/bin/duplicity remove-older-than 12M -v4 --log-file=/var/ALF_BACKUP/cardinal/logs/alfresco-bart-2020-12-03.log  --force file:///mnt/ALF_BACKUP/cardinal/data_backup/index/backup
Local and Remote metadata are synchronized, no sync needed.
NOTICE 1
. Local and Remote metadata are synchronized, no sync needed.

Last full backup date: none
NOTICE 1
. Last full backup date: none

No old backup sets found, nothing deleted.
NOTICE 1
. No old backup sets found, nothing deleted.

2020-12-03-11:06:09 PM - [BART-Loglevel4] Running command - /usr/bin/duplicity remove-all-but-n-full 6 -v4 --log-file=/var/ALF_BACKUP/cardinal/logs/alfresco-bart-2020-12-03.log  --force file:///mnt/ALF_BACKUP/cardinal/data_backup/index/backup
Local and Remote metadata are synchronized, no sync needed.
NOTICE 1
. Local and Remote metadata are synchronized, no sync needed.

Last full backup date: none
NOTICE 1
. Last full backup date: none

No old backup sets found, nothing deleted.
NOTICE 1
. No old backup sets found, nothing deleted.

Local and Remote metadata are synchronized, no sync needed.
NOTICE 1
. Local and Remote metadata are synchronized, no sync needed.

Last full backup date: Sat Nov 21 06:50:13 2020
NOTICE 1
. Last full backup date: Sat Nov 21 06:50:13 2020

No old backup sets found, nothing deleted.
NOTICE 1
. No old backup sets found, nothing deleted.

Local and Remote metadata are synchronized, no sync needed.
NOTICE 1
. Local and Remote metadata are synchronized, no sync needed.

Last full backup date: Sat Nov 21 06:50:13 2020
NOTICE 1
. Last full backup date: Sat Nov 21 06:50:13 2020

No old backup sets found, nothing deleted.
NOTICE 1
. No old backup sets found, nothing deleted.

2020-12-03-11:06:10 PM - [BART-Loglevel4] Running command - /usr/bin/duplicity remove-older-than 12M -v4 --log-file=/var/ALF_BACKUP/cardinal/logs/alfresco-bart-2020-12-03.log  --force file:///mnt/ALF_BACKUP/cardinal/data_backup/db
Local and Remote metadata are synchronized, no sync needed.
NOTICE 1
. Local and Remote metadata are synchronized, no sync needed.

Last full backup date: Sat Nov 21 06:51:34 2020
NOTICE 1
. Last full backup date: Sat Nov 21 06:51:34 2020

No old backup sets found, nothing deleted.
NOTICE 1
. No old backup sets found, nothing deleted.

2020-12-03-11:06:10 PM - [BART-Loglevel4] Running command - /usr/bin/duplicity remove-all-but-n-full 6 -v4 --log-file=/var/ALF_BACKUP/cardinal/logs/alfresco-bart-2020-12-03.log  --force file:///mnt/ALF_BACKUP/cardinal/data_backup/db
Local and Remote metadata are synchronized, no sync needed.
NOTICE 1
. Local and Remote metadata are synchronized, no sync needed.

Last full backup date: Sat Nov 21 06:51:34 2020
NOTICE 1
. Last full backup date: Sat Nov 21 06:51:34 2020

No old backup sets found, nothing deleted.
NOTICE 1
. No old backup sets found, nothing deleted.

2020-12-03-11:06:11 PM - [BART-Loglevel4] Running command - /usr/bin/duplicity remove-older-than 12M -v4 --log-file=/var/ALF_BACKUP/cardinal/logs/alfresco-bart-2020-12-03.log  --force file:///mnt/ALF_BACKUP/cardinal/data_backup/cs
Local and Remote metadata are synchronized, no sync needed.
NOTICE 1
. Local and Remote metadata are synchronized, no sync needed.

Last full backup date: Sat Nov 21 06:51:40 2020
NOTICE 1
. Last full backup date: Sat Nov 21 06:51:40 2020

No old backup sets found, nothing deleted.
NOTICE 1
. No old backup sets found, nothing deleted.

2020-12-03-11:06:13 PM - [BART-Loglevel4] Running command - /usr/bin/duplicity remove-all-but-n-full 6 -v4 --log-file=/var/ALF_BACKUP/cardinal/logs/alfresco-bart-2020-12-03.log  --force file:///mnt/ALF_BACKUP/cardinal/data_backup/cs
Local and Remote metadata are synchronized, no sync needed.
NOTICE 1
. Local and Remote metadata are synchronized, no sync needed.

Last full backup date: Sat Nov 21 06:51:40 2020
NOTICE 1
. Last full backup date: Sat Nov 21 06:51:40 2020

No old backup sets found, nothing deleted.
NOTICE 1
. No old backup sets found, nothing deleted.

2020-12-03-11:06:15 PM - [BART-Loglevel4] Running command - /usr/bin/duplicity remove-older-than 12M -v4 --log-file=/var/ALF_BACKUP/cardinal/logs/alfresco-bart-2020-12-03.log  --force file:///mnt/ALF_BACKUP/cardinal/data_backup/files
Local and Remote metadata are synchronized, no sync needed.
NOTICE 1
. Local and Remote metadata are synchronized, no sync needed.

Last full backup date: Sat Nov 21 08:25:05 2020
NOTICE 1
. Last full backup date: Sat Nov 21 08:25:05 2020

No old backup sets found, nothing deleted.
NOTICE 1
. No old backup sets found, nothing deleted.

2020-12-03-11:06:17 PM - [BART-Loglevel4] Running command - /usr/bin/duplicity remove-all-but-n-full 6 -v4 --log-file=/var/ALF_BACKUP/cardinal/logs/alfresco-bart-2020-12-03.log  --force file:///mnt/ALF_BACKUP/cardinal/data_backup/files
Local and Remote metadata are synchronized, no sync needed.
NOTICE 1
. Local and Remote metadata are synchronized, no sync needed.

Last full backup date: Sat Nov 21 08:25:05 2020
NOTICE 1
. Last full backup date: Sat Nov 21 08:25:05 2020

No old backup sets found, nothing deleted.
NOTICE 1
. No old backup sets found, nothing deleted.

2020-12-03-11:06:20 PM - [BART-Loglevel4] Maintenance commands DONE!
