Shutting Down Docker Instance
DOCKER INSTANCE IS DOWN
2021-01-12-11:00:01 PM - [BART-Loglevel4] Starting backup
2021-01-12-11:00:01 PM - [BART-Loglevel4] Set script variables done

2021-01-12-11:00:01 PM - [BART-Loglevel4] Backing up the Alfresco indexes to local
2021-01-12-11:00:01 PM - [BART-Loglevel4] Starting backup - Alfresco solr indexes
2021-01-12-11:00:01 PM - [BART-Loglevel4] Running command - /usr/bin/duplicity -v4 --volsize=20000 --log-file=/var/ALF_BACKUP/cardinal/logs/alfresco-bart-2021-01-12.log --full-if-older-than 60D --asynchronous-upload   /var/DOCKER/DATA/alfresco/cardinal/solr_data --exclude /var/DOCKER/DATA/alfresco/cardinal/solr_data/archive --exclude /var/DOCKER/DATA/alfresco/cardinal/solr_data/workspace file:///mnt/ALF_BACKUP/cardinal/data_backup/index/config
Local and Remote metadata are synchronized, no sync needed.
NOTICE 1
. Local and Remote metadata are synchronized, no sync needed.

Last full backup date: Sat Nov 21 06:50:13 2020
NOTICE 1
. Last full backup date: Sat Nov 21 06:50:13 2020

--------------[ Backup Statistics ]--------------
StartTime 1610492402.68 (Tue Jan 12 23:00:02 2021)
EndTime 1610492404.39 (Tue Jan 12 23:00:04 2021)
ElapsedTime 1.71 (1.71 seconds)
SourceFiles 234
SourceFileSize 1093473556 (1.02 GB)
NewFiles 94
NewFileSize 14210500 (13.6 MB)
DeletedFiles 124
ChangedFiles 0
ChangedFileSize 0 (0 bytes)
ChangedDeltaSize 0 (0 bytes)
DeltaEntries 218
RawDeltaSize 14190020 (13.5 MB)
TotalDestinationSizeChange 4432398 (4.23 MB)
Errors 0
-------------------------------------------------

NOTICE 1
. --------------[ Backup Statistics ]--------------
. StartTime 1610492402.68 (Tue Jan 12 23:00:02 2021)
. EndTime 1610492404.39 (Tue Jan 12 23:00:04 2021)
. ElapsedTime 1.71 (1.71 seconds)
. SourceFiles 234
. SourceFileSize 1093473556 (1.02 GB)
. NewFiles 94
. NewFileSize 14210500 (13.6 MB)
. DeletedFiles 124
. ChangedFiles 0
. ChangedFileSize 0 (0 bytes)
. ChangedDeltaSize 0 (0 bytes)
. DeltaEntries 218
. RawDeltaSize 14190020 (13.5 MB)
. TotalDestinationSizeChange 4432398 (4.23 MB)
. Errors 0
. -------------------------------------------------
. 

2021-01-12-11:00:04 PM - [BART-Loglevel4] Indexes backup finished

2021-01-12-11:00:04 PM - [BART-Loglevel4] Backing up the Alfresco db to local
2021-01-12-11:00:04 PM - [BART-Loglevel4] Starting backup - Alfresco postgresql db
2021-01-12-11:00:04 PM - [BART-Loglevel4] Backing up the Alfresco DB to local
2021-01-12-11:00:04 PM - [BART-Loglevel4] Starting backup - Alfresco postgresql DB
2021-01-12-11:00:04 PM - [BART-Loglevel4] Running command - PGPASSWORD=45osUQR234X /usr/lib/postgresql/11/bin/pg_dump -Fc -w -h 172.18.200.70 -p 5000 -U alfresco alf_cardinal > /var/ALF_BACKUP/cardinal/alfresco-db-backup/alf_cardinal.sql.Fc
2021-01-12-11:00:29 PM - [BART-Loglevel4] Running command - duplicity -v4 --volsize=20000 --log-file=/var/ALF_BACKUP/cardinal/logs/alfresco-bart-2021-01-12.log --full-if-older-than 60D --asynchronous-upload   /var/ALF_BACKUP/cardinal/alfresco-db-backup file:///mnt/ALF_BACKUP/cardinal/data_backup/db
Local and Remote metadata are synchronized, no sync needed.
NOTICE 1
. Local and Remote metadata are synchronized, no sync needed.

Last full backup date: Sat Nov 21 06:51:34 2020
NOTICE 1
. Last full backup date: Sat Nov 21 06:51:34 2020

--------------[ Backup Statistics ]--------------
StartTime 1610492429.82 (Tue Jan 12 23:00:29 2021)
EndTime 1610492434.44 (Tue Jan 12 23:00:34 2021)
ElapsedTime 4.62 (4.62 seconds)
SourceFiles 2
SourceFileSize 104294342 (99.5 MB)
NewFiles 1
NewFileSize 4096 (4.00 KB)
DeletedFiles 0
ChangedFiles 1
ChangedFileSize 104290246 (99.5 MB)
ChangedDeltaSize 0 (0 bytes)
DeltaEntries 2
RawDeltaSize 73828836 (70.4 MB)
TotalDestinationSizeChange 72928977 (69.6 MB)
Errors 0
-------------------------------------------------

NOTICE 1
. --------------[ Backup Statistics ]--------------
. StartTime 1610492429.82 (Tue Jan 12 23:00:29 2021)
. EndTime 1610492434.44 (Tue Jan 12 23:00:34 2021)
. ElapsedTime 4.62 (4.62 seconds)
. SourceFiles 2
. SourceFileSize 104294342 (99.5 MB)
. NewFiles 1
. NewFileSize 4096 (4.00 KB)
. DeletedFiles 0
. ChangedFiles 1
. ChangedFileSize 104290246 (99.5 MB)
. ChangedDeltaSize 0 (0 bytes)
. DeltaEntries 2
. RawDeltaSize 73828836 (70.4 MB)
. TotalDestinationSizeChange 72928977 (69.6 MB)
. Errors 0
. -------------------------------------------------
. 

2021-01-12-11:00:36 PM - [BART-Loglevel4] cleaning DB backup
2021-01-12-11:00:36 PM - [BART-Loglevel4] DB backup finished

2021-01-12-11:00:36 PM - [BART-Loglevel4] Backing up the Alfresco ContentStore to local
2021-01-12-11:00:36 PM - [BART-Loglevel4] Starting backup - Alfresco ContentStore
2021-01-12-11:00:36 PM - [BART-Loglevel4] Running command - /usr/bin/duplicity -v4 --volsize=20000 --log-file=/var/ALF_BACKUP/cardinal/logs/alfresco-bart-2021-01-12.log --full-if-older-than 60D --asynchronous-upload   --include /var/DOCKER/DATA/alfresco/cardinal/alfresco/alf_data_archgroup/contentstore       --exclude /var/DOCKER/DATA/alfresco/cardinal/alfresco/alf_data_archgroup /var/DOCKER/DATA/alfresco/cardinal/alfresco/alf_data_archgroup file:///mnt/ALF_BACKUP/cardinal/data_backup/cs
Local and Remote metadata are synchronized, no sync needed.
NOTICE 1
. Local and Remote metadata are synchronized, no sync needed.

Last full backup date: Sat Nov 21 06:51:40 2020
NOTICE 1
. Last full backup date: Sat Nov 21 06:51:40 2020

--------------[ Backup Statistics ]--------------
StartTime 1610492438.92 (Tue Jan 12 23:00:38 2021)
EndTime 1610492547.52 (Tue Jan 12 23:02:27 2021)
ElapsedTime 108.60 (1 minute 48.60 seconds)
SourceFiles 287378
SourceFileSize 128026305251 (119 GB)
NewFiles 3361
NewFileSize 386617912 (369 MB)
DeletedFiles 0
ChangedFiles 0
ChangedFileSize 0 (0 bytes)
ChangedDeltaSize 0 (0 bytes)
DeltaEntries 3361
RawDeltaSize 384881208 (367 MB)
TotalDestinationSizeChange 334104102 (319 MB)
Errors 0
-------------------------------------------------

NOTICE 1
. --------------[ Backup Statistics ]--------------
. StartTime 1610492438.92 (Tue Jan 12 23:00:38 2021)
. EndTime 1610492547.52 (Tue Jan 12 23:02:27 2021)
. ElapsedTime 108.60 (1 minute 48.60 seconds)
. SourceFiles 287378
. SourceFileSize 128026305251 (119 GB)
. NewFiles 3361
. NewFileSize 386617912 (369 MB)
. DeletedFiles 0
. ChangedFiles 0
. ChangedFileSize 0 (0 bytes)
. ChangedDeltaSize 0 (0 bytes)
. DeltaEntries 3361
. RawDeltaSize 384881208 (367 MB)
. TotalDestinationSizeChange 334104102 (319 MB)
. Errors 0
. -------------------------------------------------
. 

2021-01-12-11:02:33 PM - [BART-Loglevel4] ContentStore backup done!

2021-01-12-11:02:33 PM - [BART-Loglevel4] Backing up the Alfresco files to local
2021-01-12-11:02:33 PM - [BART-Loglevel4] Starting backup - Alfresco files
2021-01-12-11:02:33 PM - [BART-Loglevel4] Running command - /usr/bin/duplicity -v4 --volsize=20000 --log-file=/var/ALF_BACKUP/cardinal/logs/alfresco-bart-2021-01-12.log --full-if-older-than 60D --asynchronous-upload   /var/DOCKER/DATA/alfresco/cardinal/alfresco  --exclude **/var/DOCKER/DATA/alfresco/cardinal/solr_data/archive**  --exclude **/var/DOCKER/DATA/alfresco/cardinal/solr_data**  --exclude **/var/DOCKER/DATA/alfresco/cardinal/alfresco/alf_data_archgroup/contentstore**  --exclude **/var/DOCKER/DATA/alfresco/cardinal/alfresco/alf_data_archgroup/contentstore.deleted**       --exclude **/var/ALF_BACKUP/cardinal/alfresco-db-backup**  file:///mnt/ALF_BACKUP/cardinal/data_backup/files
Local and Remote metadata are synchronized, no sync needed.
NOTICE 1
. Local and Remote metadata are synchronized, no sync needed.

Last full backup date: Sat Nov 21 08:25:05 2020
NOTICE 1
. Last full backup date: Sat Nov 21 08:25:05 2020

--------------[ Backup Statistics ]--------------
StartTime 1610492555.77 (Tue Jan 12 23:02:35 2021)
EndTime 1610492634.38 (Tue Jan 12 23:03:54 2021)
ElapsedTime 78.61 (1 minute 18.61 seconds)
SourceFiles 318918
SourceFileSize 22677932455 (21.1 GB)
NewFiles 1
NewFileSize 4096 (4.00 KB)
DeletedFiles 0
ChangedFiles 1
ChangedFileSize 6257 (6.11 KB)
ChangedDeltaSize 0 (0 bytes)
DeltaEntries 2
RawDeltaSize 1135 (1.11 KB)
TotalDestinationSizeChange 840 (840 bytes)
Errors 0
-------------------------------------------------

NOTICE 1
. --------------[ Backup Statistics ]--------------
. StartTime 1610492555.77 (Tue Jan 12 23:02:35 2021)
. EndTime 1610492634.38 (Tue Jan 12 23:03:54 2021)
. ElapsedTime 78.61 (1 minute 18.61 seconds)
. SourceFiles 318918
. SourceFileSize 22677932455 (21.1 GB)
. NewFiles 1
. NewFileSize 4096 (4.00 KB)
. DeletedFiles 0
. ChangedFiles 1
. ChangedFileSize 6257 (6.11 KB)
. ChangedDeltaSize 0 (0 bytes)
. DeltaEntries 2
. RawDeltaSize 1135 (1.11 KB)
. TotalDestinationSizeChange 840 (840 bytes)
. Errors 0
. -------------------------------------------------
. 

2021-01-12-11:03:54 PM - [BART-Loglevel4] Files backup done!

2021-01-12-11:03:54 PM - [BART-Loglevel4] Running maintenance commands
2021-01-12-11:03:54 PM - [BART-Loglevel4] Running command - /usr/bin/duplicity remove-older-than 12M -v4 --log-file=/var/ALF_BACKUP/cardinal/logs/alfresco-bart-2021-01-12.log  --force file:///mnt/ALF_BACKUP/cardinal/data_backup/index/backup
Local and Remote metadata are synchronized, no sync needed.
NOTICE 1
. Local and Remote metadata are synchronized, no sync needed.

Last full backup date: none
NOTICE 1
. Last full backup date: none

No old backup sets found, nothing deleted.
NOTICE 1
. No old backup sets found, nothing deleted.

2021-01-12-11:03:55 PM - [BART-Loglevel4] Running command - /usr/bin/duplicity remove-all-but-n-full 6 -v4 --log-file=/var/ALF_BACKUP/cardinal/logs/alfresco-bart-2021-01-12.log  --force file:///mnt/ALF_BACKUP/cardinal/data_backup/index/backup
Local and Remote metadata are synchronized, no sync needed.
NOTICE 1
. Local and Remote metadata are synchronized, no sync needed.

Last full backup date: none
NOTICE 1
. Last full backup date: none

No old backup sets found, nothing deleted.
NOTICE 1
. No old backup sets found, nothing deleted.

Local and Remote metadata are synchronized, no sync needed.
NOTICE 1
. Local and Remote metadata are synchronized, no sync needed.

Last full backup date: Sat Nov 21 06:50:13 2020
NOTICE 1
. Last full backup date: Sat Nov 21 06:50:13 2020

No old backup sets found, nothing deleted.
NOTICE 1
. No old backup sets found, nothing deleted.

Local and Remote metadata are synchronized, no sync needed.
NOTICE 1
. Local and Remote metadata are synchronized, no sync needed.

Last full backup date: Sat Nov 21 06:50:13 2020
NOTICE 1
. Last full backup date: Sat Nov 21 06:50:13 2020

No old backup sets found, nothing deleted.
NOTICE 1
. No old backup sets found, nothing deleted.

2021-01-12-11:03:56 PM - [BART-Loglevel4] Running command - /usr/bin/duplicity remove-older-than 12M -v4 --log-file=/var/ALF_BACKUP/cardinal/logs/alfresco-bart-2021-01-12.log  --force file:///mnt/ALF_BACKUP/cardinal/data_backup/db
Local and Remote metadata are synchronized, no sync needed.
NOTICE 1
. Local and Remote metadata are synchronized, no sync needed.

Last full backup date: Sat Nov 21 06:51:34 2020
NOTICE 1
. Last full backup date: Sat Nov 21 06:51:34 2020

No old backup sets found, nothing deleted.
NOTICE 1
. No old backup sets found, nothing deleted.

2021-01-12-11:03:56 PM - [BART-Loglevel4] Running command - /usr/bin/duplicity remove-all-but-n-full 6 -v4 --log-file=/var/ALF_BACKUP/cardinal/logs/alfresco-bart-2021-01-12.log  --force file:///mnt/ALF_BACKUP/cardinal/data_backup/db
Local and Remote metadata are synchronized, no sync needed.
NOTICE 1
. Local and Remote metadata are synchronized, no sync needed.

Last full backup date: Sat Nov 21 06:51:34 2020
NOTICE 1
. Last full backup date: Sat Nov 21 06:51:34 2020

No old backup sets found, nothing deleted.
NOTICE 1
. No old backup sets found, nothing deleted.

2021-01-12-11:03:57 PM - [BART-Loglevel4] Running command - /usr/bin/duplicity remove-older-than 12M -v4 --log-file=/var/ALF_BACKUP/cardinal/logs/alfresco-bart-2021-01-12.log  --force file:///mnt/ALF_BACKUP/cardinal/data_backup/cs
Local and Remote metadata are synchronized, no sync needed.
NOTICE 1
. Local and Remote metadata are synchronized, no sync needed.

Last full backup date: Sat Nov 21 06:51:40 2020
NOTICE 1
. Last full backup date: Sat Nov 21 06:51:40 2020

No old backup sets found, nothing deleted.
NOTICE 1
. No old backup sets found, nothing deleted.

2021-01-12-11:03:59 PM - [BART-Loglevel4] Running command - /usr/bin/duplicity remove-all-but-n-full 6 -v4 --log-file=/var/ALF_BACKUP/cardinal/logs/alfresco-bart-2021-01-12.log  --force file:///mnt/ALF_BACKUP/cardinal/data_backup/cs
Local and Remote metadata are synchronized, no sync needed.
NOTICE 1
. Local and Remote metadata are synchronized, no sync needed.

Last full backup date: Sat Nov 21 06:51:40 2020
NOTICE 1
. Last full backup date: Sat Nov 21 06:51:40 2020

No old backup sets found, nothing deleted.
NOTICE 1
. No old backup sets found, nothing deleted.

2021-01-12-11:04:02 PM - [BART-Loglevel4] Running command - /usr/bin/duplicity remove-older-than 12M -v4 --log-file=/var/ALF_BACKUP/cardinal/logs/alfresco-bart-2021-01-12.log  --force file:///mnt/ALF_BACKUP/cardinal/data_backup/files
Local and Remote metadata are synchronized, no sync needed.
NOTICE 1
. Local and Remote metadata are synchronized, no sync needed.

Last full backup date: Sat Nov 21 08:25:05 2020
NOTICE 1
. Last full backup date: Sat Nov 21 08:25:05 2020

No old backup sets found, nothing deleted.
NOTICE 1
. No old backup sets found, nothing deleted.

2021-01-12-11:04:05 PM - [BART-Loglevel4] Running command - /usr/bin/duplicity remove-all-but-n-full 6 -v4 --log-file=/var/ALF_BACKUP/cardinal/logs/alfresco-bart-2021-01-12.log  --force file:///mnt/ALF_BACKUP/cardinal/data_backup/files
Local and Remote metadata are synchronized, no sync needed.
NOTICE 1
. Local and Remote metadata are synchronized, no sync needed.

Last full backup date: Sat Nov 21 08:25:05 2020
NOTICE 1
. Last full backup date: Sat Nov 21 08:25:05 2020

No old backup sets found, nothing deleted.
NOTICE 1
. No old backup sets found, nothing deleted.

2021-01-12-11:04:07 PM - [BART-Loglevel4] Maintenance commands DONE!
