Shutting Down Docker Instance
DOCKER INSTANCE IS DOWN
2021-03-17-11:00:01 PM - [BART-Loglevel4] Starting backup
2021-03-17-11:00:01 PM - [BART-Loglevel4] Set script variables done

2021-03-17-11:00:01 PM - [BART-Loglevel4] Backing up the Alfresco indexes to local
2021-03-17-11:00:01 PM - [BART-Loglevel4] Starting backup - Alfresco solr indexes
2021-03-17-11:00:01 PM - [BART-Loglevel4] Running command - /usr/bin/duplicity -v4 --volsize=20000 --log-file=/var/ALF_BACKUP/cardinal/logs/alfresco-bart-2021-03-17.log --full-if-older-than 60D --asynchronous-upload --archive-dir=/var/ALF_BACKUP/duplicity/cardinal/cache/  /var/DOCKER/DATA/alfresco/cardinal/solr_data --exclude /var/DOCKER/DATA/alfresco/cardinal/solr_data/archive --exclude /var/DOCKER/DATA/alfresco/cardinal/solr_data/workspace file:///mnt/ALF_BACKUP/cardinal/data_backup/index/config
Local and Remote metadata are synchronized, no sync needed.
NOTICE 1
. Local and Remote metadata are synchronized, no sync needed.

Last full backup date: Mon Mar 15 20:12:18 2021
NOTICE 1
. Last full backup date: Mon Mar 15 20:12:18 2021

--------------[ Backup Statistics ]--------------
StartTime 1616022002.07 (Wed Mar 17 23:00:02 2021)
EndTime 1616022002.42 (Wed Mar 17 23:00:02 2021)
ElapsedTime 0.35 (0.35 seconds)
SourceFiles 347
SourceFileSize 1123528732 (1.05 GB)
NewFiles 41
NewFileSize 309151 (302 KB)
DeletedFiles 17
ChangedFiles 0
ChangedFileSize 0 (0 bytes)
ChangedDeltaSize 0 (0 bytes)
DeltaEntries 58
RawDeltaSize 284575 (278 KB)
TotalDestinationSizeChange 27313 (26.7 KB)
Errors 0
-------------------------------------------------

NOTICE 1
. --------------[ Backup Statistics ]--------------
. StartTime 1616022002.07 (Wed Mar 17 23:00:02 2021)
. EndTime 1616022002.42 (Wed Mar 17 23:00:02 2021)
. ElapsedTime 0.35 (0.35 seconds)
. SourceFiles 347
. SourceFileSize 1123528732 (1.05 GB)
. NewFiles 41
. NewFileSize 309151 (302 KB)
. DeletedFiles 17
. ChangedFiles 0
. ChangedFileSize 0 (0 bytes)
. ChangedDeltaSize 0 (0 bytes)
. DeltaEntries 58
. RawDeltaSize 284575 (278 KB)
. TotalDestinationSizeChange 27313 (26.7 KB)
. Errors 0
. -------------------------------------------------
. 

2021-03-17-11:00:03 PM - [BART-Loglevel4] Indexes backup finished

2021-03-17-11:00:03 PM - [BART-Loglevel4] Backing up the Alfresco db to local
2021-03-17-11:00:03 PM - [BART-Loglevel4] Starting backup - Alfresco postgresql db
2021-03-17-11:00:03 PM - [BART-Loglevel4] Backing up the Alfresco DB to local
2021-03-17-11:00:03 PM - [BART-Loglevel4] Starting backup - Alfresco postgresql DB
2021-03-17-11:00:03 PM - [BART-Loglevel4] Running command - PGPASSWORD=45osUQR234X /usr/lib/postgresql/11/bin/pg_dump -Fc -w -h 172.18.200.70 -p 5000 -U alfresco alf_cardinal > /var/ALF_BACKUP/cardinal/alfresco-db-backup/alf_cardinal.sql.Fc
2021-03-17-11:00:49 PM - [BART-Loglevel4] Running command - duplicity -v4 --volsize=20000 --log-file=/var/ALF_BACKUP/cardinal/logs/alfresco-bart-2021-03-17.log --full-if-older-than 60D --asynchronous-upload --archive-dir=/var/ALF_BACKUP/duplicity/cardinal/cache/  /var/ALF_BACKUP/cardinal/alfresco-db-backup file:///mnt/ALF_BACKUP/cardinal/data_backup/db
Local and Remote metadata are synchronized, no sync needed.
NOTICE 1
. Local and Remote metadata are synchronized, no sync needed.

Last full backup date: Mon Mar 15 20:09:03 2021
NOTICE 1
. Last full backup date: Mon Mar 15 20:09:03 2021

--------------[ Backup Statistics ]--------------
StartTime 1616022049.96 (Wed Mar 17 23:00:49 2021)
EndTime 1616022055.00 (Wed Mar 17 23:00:54 2021)
ElapsedTime 5.04 (5.04 seconds)
SourceFiles 2
SourceFileSize 115424036 (110 MB)
NewFiles 1
NewFileSize 4096 (4.00 KB)
DeletedFiles 0
ChangedFiles 1
ChangedFileSize 115419940 (110 MB)
ChangedDeltaSize 0 (0 bytes)
DeltaEntries 2
RawDeltaSize 68664840 (65.5 MB)
TotalDestinationSizeChange 68245535 (65.1 MB)
Errors 0
-------------------------------------------------

NOTICE 1
. --------------[ Backup Statistics ]--------------
. StartTime 1616022049.96 (Wed Mar 17 23:00:49 2021)
. EndTime 1616022055.00 (Wed Mar 17 23:00:54 2021)
. ElapsedTime 5.04 (5.04 seconds)
. SourceFiles 2
. SourceFileSize 115424036 (110 MB)
. NewFiles 1
. NewFileSize 4096 (4.00 KB)
. DeletedFiles 0
. ChangedFiles 1
. ChangedFileSize 115419940 (110 MB)
. ChangedDeltaSize 0 (0 bytes)
. DeltaEntries 2
. RawDeltaSize 68664840 (65.5 MB)
. TotalDestinationSizeChange 68245535 (65.1 MB)
. Errors 0
. -------------------------------------------------
. 

2021-03-17-11:00:56 PM - [BART-Loglevel4] cleaning DB backup
2021-03-17-11:00:56 PM - [BART-Loglevel4] DB backup finished

2021-03-17-11:00:56 PM - [BART-Loglevel4] Backing up the Alfresco ContentStore to local
2021-03-17-11:00:56 PM - [BART-Loglevel4] Starting backup - Alfresco ContentStore
2021-03-17-11:00:56 PM - [BART-Loglevel4] Running command - /usr/bin/duplicity -v4 --volsize=20000 --log-file=/var/ALF_BACKUP/cardinal/logs/alfresco-bart-2021-03-17.log --full-if-older-than 60D --asynchronous-upload --archive-dir=/var/ALF_BACKUP/duplicity/cardinal/cache/  --include /var/DOCKER/DATA/alfresco/cardinal/alfresco/alf_data_archgroup/contentstore       --exclude /var/DOCKER/DATA/alfresco/cardinal/alfresco/alf_data_archgroup /var/DOCKER/DATA/alfresco/cardinal/alfresco/alf_data_archgroup file:///mnt/ALF_BACKUP/cardinal/data_backup/cs
Local and Remote metadata are synchronized, no sync needed.
NOTICE 1
. Local and Remote metadata are synchronized, no sync needed.

Last full backup date: Mon Mar 15 20:13:46 2021
NOTICE 1
. Last full backup date: Mon Mar 15 20:13:46 2021

Error accessing possibly locked file /var/DOCKER/DATA/alfresco/cardinal/alfresco/alf_data_archgroup/contentstore/2021/1/22/22
WARNING 10 '/var/DOCKER/DATA/alfresco/cardinal/alfresco/alf_data_archgroup/contentstore/2021/1/22/22'
. Error accessing possibly locked file /var/DOCKER/DATA/alfresco/cardinal/alfresco/alf_data_archgroup/contentstore/2021/1/22/22

Error accessing possibly locked file /var/DOCKER/DATA/alfresco/cardinal/alfresco/alf_data_archgroup/contentstore/2021/1/23
WARNING 10 '/var/DOCKER/DATA/alfresco/cardinal/alfresco/alf_data_archgroup/contentstore/2021/1/23'
. Error accessing possibly locked file /var/DOCKER/DATA/alfresco/cardinal/alfresco/alf_data_archgroup/contentstore/2021/1/23

Error accessing possibly locked file /var/DOCKER/DATA/alfresco/cardinal/alfresco/alf_data_archgroup/contentstore/2021/1/25
WARNING 10 '/var/DOCKER/DATA/alfresco/cardinal/alfresco/alf_data_archgroup/contentstore/2021/1/25'
. Error accessing possibly locked file /var/DOCKER/DATA/alfresco/cardinal/alfresco/alf_data_archgroup/contentstore/2021/1/25

Error accessing possibly locked file /var/DOCKER/DATA/alfresco/cardinal/alfresco/alf_data_archgroup/contentstore/2021/1/26
WARNING 10 '/var/DOCKER/DATA/alfresco/cardinal/alfresco/alf_data_archgroup/contentstore/2021/1/26'
. Error accessing possibly locked file /var/DOCKER/DATA/alfresco/cardinal/alfresco/alf_data_archgroup/contentstore/2021/1/26

Error accessing possibly locked file /var/DOCKER/DATA/alfresco/cardinal/alfresco/alf_data_archgroup/contentstore/2021/1/27
WARNING 10 '/var/DOCKER/DATA/alfresco/cardinal/alfresco/alf_data_archgroup/contentstore/2021/1/27'
. Error accessing possibly locked file /var/DOCKER/DATA/alfresco/cardinal/alfresco/alf_data_archgroup/contentstore/2021/1/27

Error accessing possibly locked file /var/DOCKER/DATA/alfresco/cardinal/alfresco/alf_data_archgroup/contentstore/2021/1/28
WARNING 10 '/var/DOCKER/DATA/alfresco/cardinal/alfresco/alf_data_archgroup/contentstore/2021/1/28'
. Error accessing possibly locked file /var/DOCKER/DATA/alfresco/cardinal/alfresco/alf_data_archgroup/contentstore/2021/1/28

Error accessing possibly locked file /var/DOCKER/DATA/alfresco/cardinal/alfresco/alf_data_archgroup/contentstore/2021/1/29
WARNING 10 '/var/DOCKER/DATA/alfresco/cardinal/alfresco/alf_data_archgroup/contentstore/2021/1/29'
. Error accessing possibly locked file /var/DOCKER/DATA/alfresco/cardinal/alfresco/alf_data_archgroup/contentstore/2021/1/29

Error accessing possibly locked file /var/DOCKER/DATA/alfresco/cardinal/alfresco/alf_data_archgroup/contentstore/2021/1/30
WARNING 10 '/var/DOCKER/DATA/alfresco/cardinal/alfresco/alf_data_archgroup/contentstore/2021/1/30'
. Error accessing possibly locked file /var/DOCKER/DATA/alfresco/cardinal/alfresco/alf_data_archgroup/contentstore/2021/1/30

Error accessing possibly locked file /var/DOCKER/DATA/alfresco/cardinal/alfresco/alf_data_archgroup/contentstore/2021/2
WARNING 10 '/var/DOCKER/DATA/alfresco/cardinal/alfresco/alf_data_archgroup/contentstore/2021/2'
. Error accessing possibly locked file /var/DOCKER/DATA/alfresco/cardinal/alfresco/alf_data_archgroup/contentstore/2021/2

Error accessing possibly locked file /var/DOCKER/DATA/alfresco/cardinal/alfresco/alf_data_archgroup/contentstore/2021/3
WARNING 10 '/var/DOCKER/DATA/alfresco/cardinal/alfresco/alf_data_archgroup/contentstore/2021/3'
. Error accessing possibly locked file /var/DOCKER/DATA/alfresco/cardinal/alfresco/alf_data_archgroup/contentstore/2021/3

--------------[ Backup Statistics ]--------------
StartTime 1616022059.26 (Wed Mar 17 23:00:59 2021)
EndTime 1616022222.78 (Wed Mar 17 23:03:42 2021)
ElapsedTime 163.52 (2 minutes 43.52 seconds)
SourceFiles 295596
SourceFileSize 125432513082 (117 GB)
NewFiles 0
NewFileSize 0 (0 bytes)
DeletedFiles 0
ChangedFiles 0
ChangedFileSize 0 (0 bytes)
ChangedDeltaSize 0 (0 bytes)
DeltaEntries 0
RawDeltaSize 0 (0 bytes)
TotalDestinationSizeChange 111 (111 bytes)
Errors 10
-------------------------------------------------

NOTICE 1
. --------------[ Backup Statistics ]--------------
. StartTime 1616022059.26 (Wed Mar 17 23:00:59 2021)
. EndTime 1616022222.78 (Wed Mar 17 23:03:42 2021)
. ElapsedTime 163.52 (2 minutes 43.52 seconds)
. SourceFiles 295596
. SourceFileSize 125432513082 (117 GB)
. NewFiles 0
. NewFileSize 0 (0 bytes)
. DeletedFiles 0
. ChangedFiles 0
. ChangedFileSize 0 (0 bytes)
. ChangedDeltaSize 0 (0 bytes)
. DeltaEntries 0
. RawDeltaSize 0 (0 bytes)
. TotalDestinationSizeChange 111 (111 bytes)
. Errors 10
. -------------------------------------------------
. 

2021-03-17-11:03:43 PM - [BART-Loglevel4] ContentStore backup done!

2021-03-17-11:03:43 PM - [BART-Loglevel4] Backing up the Alfresco files to local
2021-03-17-11:03:43 PM - [BART-Loglevel4] Starting backup - Alfresco files
2021-03-17-11:03:43 PM - [BART-Loglevel4] Running command - /usr/bin/duplicity -v4 --volsize=20000 --log-file=/var/ALF_BACKUP/cardinal/logs/alfresco-bart-2021-03-17.log --full-if-older-than 60D --asynchronous-upload --archive-dir=/var/ALF_BACKUP/duplicity/cardinal/cache/  /var/DOCKER/DATA/alfresco/cardinal/alfresco  --exclude **/var/DOCKER/DATA/alfresco/cardinal/solr_data/archive**  --exclude **/var/DOCKER/DATA/alfresco/cardinal/solr_data**  --exclude **/var/DOCKER/DATA/alfresco/cardinal/alfresco/alf_data_archgroup/contentstore**  --exclude **/var/DOCKER/DATA/alfresco/cardinal/alfresco/alf_data_archgroup/contentstore.deleted**       --exclude **/var/ALF_BACKUP/cardinal/alfresco-db-backup**  file:///mnt/ALF_BACKUP/cardinal/data_backup/files
Local and Remote metadata are synchronized, no sync needed.
NOTICE 1
. Local and Remote metadata are synchronized, no sync needed.

Last full backup date: Mon Mar 15 21:47:50 2021
NOTICE 1
. Last full backup date: Mon Mar 15 21:47:50 2021

Error accessing possibly locked file /var/DOCKER/DATA/alfresco/cardinal/alfresco/logs/alfresco/alfresco.log
WARNING 10 '/var/DOCKER/DATA/alfresco/cardinal/alfresco/logs/alfresco/alfresco.log'
. Error accessing possibly locked file /var/DOCKER/DATA/alfresco/cardinal/alfresco/logs/alfresco/alfresco.log

Error accessing possibly locked file /var/DOCKER/DATA/alfresco/cardinal/alfresco/logs/alfresco/localhost_access_log.2021-03-17.txt
WARNING 10 '/var/DOCKER/DATA/alfresco/cardinal/alfresco/logs/alfresco/localhost_access_log.2021-03-17.txt'
. Error accessing possibly locked file /var/DOCKER/DATA/alfresco/cardinal/alfresco/logs/alfresco/localhost_access_log.2021-03-17.txt

Error accessing possibly locked file /var/DOCKER/DATA/alfresco/cardinal/alfresco/logs/share/localhost.2021-03-16.log
WARNING 10 '/var/DOCKER/DATA/alfresco/cardinal/alfresco/logs/share/localhost.2021-03-16.log'
. Error accessing possibly locked file /var/DOCKER/DATA/alfresco/cardinal/alfresco/logs/share/localhost.2021-03-16.log

Error accessing possibly locked file /var/DOCKER/DATA/alfresco/cardinal/alfresco/logs/share/localhost_access_log.2021-03-16.txt
WARNING 10 '/var/DOCKER/DATA/alfresco/cardinal/alfresco/logs/share/localhost_access_log.2021-03-16.txt'
. Error accessing possibly locked file /var/DOCKER/DATA/alfresco/cardinal/alfresco/logs/share/localhost_access_log.2021-03-16.txt

Error accessing possibly locked file /var/DOCKER/DATA/alfresco/cardinal/alfresco/logs/share/localhost_access_log.2021-03-17.txt
WARNING 10 '/var/DOCKER/DATA/alfresco/cardinal/alfresco/logs/share/localhost_access_log.2021-03-17.txt'
. Error accessing possibly locked file /var/DOCKER/DATA/alfresco/cardinal/alfresco/logs/share/localhost_access_log.2021-03-17.txt

--------------[ Backup Statistics ]--------------
StartTime 1616022225.98 (Wed Mar 17 23:03:45 2021)
EndTime 1616022390.32 (Wed Mar 17 23:06:30 2021)
ElapsedTime 164.34 (2 minutes 44.34 seconds)
SourceFiles 319166
SourceFileSize 114494332536 (107 GB)
NewFiles 3
NewFileSize 22634033 (21.6 MB)
DeletedFiles 1
ChangedFiles 1
ChangedFileSize 1898098416 (1.77 GB)
ChangedDeltaSize 0 (0 bytes)
DeltaEntries 5
RawDeltaSize 48046043 (45.8 MB)
TotalDestinationSizeChange 3919040 (3.74 MB)
Errors 5
-------------------------------------------------

NOTICE 1
. --------------[ Backup Statistics ]--------------
. StartTime 1616022225.98 (Wed Mar 17 23:03:45 2021)
. EndTime 1616022390.32 (Wed Mar 17 23:06:30 2021)
. ElapsedTime 164.34 (2 minutes 44.34 seconds)
. SourceFiles 319166
. SourceFileSize 114494332536 (107 GB)
. NewFiles 3
. NewFileSize 22634033 (21.6 MB)
. DeletedFiles 1
. ChangedFiles 1
. ChangedFileSize 1898098416 (1.77 GB)
. ChangedDeltaSize 0 (0 bytes)
. DeltaEntries 5
. RawDeltaSize 48046043 (45.8 MB)
. TotalDestinationSizeChange 3919040 (3.74 MB)
. Errors 5
. -------------------------------------------------
. 

2021-03-17-11:06:32 PM - [BART-Loglevel4] Files backup done!

2021-03-17-11:06:32 PM - [BART-Loglevel4] Running maintenance commands
2021-03-17-11:06:32 PM - [BART-Loglevel4] Running command - /usr/bin/duplicity remove-older-than 12M -v4 --log-file=/var/ALF_BACKUP/cardinal/logs/alfresco-bart-2021-03-17.log --archive-dir=/var/ALF_BACKUP/duplicity/cardinal/cache/ --force file:///mnt/ALF_BACKUP/cardinal/data_backup/index/backup
Local and Remote metadata are synchronized, no sync needed.
NOTICE 1
. Local and Remote metadata are synchronized, no sync needed.

Last full backup date: none
NOTICE 1
. Last full backup date: none

No old backup sets found, nothing deleted.
NOTICE 1
. No old backup sets found, nothing deleted.

2021-03-17-11:06:32 PM - [BART-Loglevel4] Running command - /usr/bin/duplicity remove-all-but-n-full 6 -v4 --log-file=/var/ALF_BACKUP/cardinal/logs/alfresco-bart-2021-03-17.log --archive-dir=/var/ALF_BACKUP/duplicity/cardinal/cache/ --force file:///mnt/ALF_BACKUP/cardinal/data_backup/index/backup
Local and Remote metadata are synchronized, no sync needed.
NOTICE 1
. Local and Remote metadata are synchronized, no sync needed.

Last full backup date: none
NOTICE 1
. Last full backup date: none

No old backup sets found, nothing deleted.
NOTICE 1
. No old backup sets found, nothing deleted.

Local and Remote metadata are synchronized, no sync needed.
NOTICE 1
. Local and Remote metadata are synchronized, no sync needed.

Last full backup date: Mon Mar 15 20:12:18 2021
NOTICE 1
. Last full backup date: Mon Mar 15 20:12:18 2021

No old backup sets found, nothing deleted.
NOTICE 1
. No old backup sets found, nothing deleted.

Local and Remote metadata are synchronized, no sync needed.
NOTICE 1
. Local and Remote metadata are synchronized, no sync needed.

Last full backup date: Mon Mar 15 20:12:18 2021
NOTICE 1
. Last full backup date: Mon Mar 15 20:12:18 2021

No old backup sets found, nothing deleted.
NOTICE 1
. No old backup sets found, nothing deleted.

2021-03-17-11:06:33 PM - [BART-Loglevel4] Running command - /usr/bin/duplicity remove-older-than 12M -v4 --log-file=/var/ALF_BACKUP/cardinal/logs/alfresco-bart-2021-03-17.log --archive-dir=/var/ALF_BACKUP/duplicity/cardinal/cache/ --force file:///mnt/ALF_BACKUP/cardinal/data_backup/db
Local and Remote metadata are synchronized, no sync needed.
NOTICE 1
. Local and Remote metadata are synchronized, no sync needed.

Last full backup date: Mon Mar 15 20:09:03 2021
NOTICE 1
. Last full backup date: Mon Mar 15 20:09:03 2021

No old backup sets found, nothing deleted.
NOTICE 1
. No old backup sets found, nothing deleted.

2021-03-17-11:06:33 PM - [BART-Loglevel4] Running command - /usr/bin/duplicity remove-all-but-n-full 6 -v4 --log-file=/var/ALF_BACKUP/cardinal/logs/alfresco-bart-2021-03-17.log --archive-dir=/var/ALF_BACKUP/duplicity/cardinal/cache/ --force file:///mnt/ALF_BACKUP/cardinal/data_backup/db
Local and Remote metadata are synchronized, no sync needed.
NOTICE 1
. Local and Remote metadata are synchronized, no sync needed.

Last full backup date: Mon Mar 15 20:09:03 2021
NOTICE 1
. Last full backup date: Mon Mar 15 20:09:03 2021

No old backup sets found, nothing deleted.
NOTICE 1
. No old backup sets found, nothing deleted.

2021-03-17-11:06:33 PM - [BART-Loglevel4] Running command - /usr/bin/duplicity remove-older-than 12M -v4 --log-file=/var/ALF_BACKUP/cardinal/logs/alfresco-bart-2021-03-17.log --archive-dir=/var/ALF_BACKUP/duplicity/cardinal/cache/ --force file:///mnt/ALF_BACKUP/cardinal/data_backup/cs
Local and Remote metadata are synchronized, no sync needed.
NOTICE 1
. Local and Remote metadata are synchronized, no sync needed.

Last full backup date: Mon Mar 15 20:13:46 2021
NOTICE 1
. Last full backup date: Mon Mar 15 20:13:46 2021

No old backup sets found, nothing deleted.
NOTICE 1
. No old backup sets found, nothing deleted.

2021-03-17-11:06:35 PM - [BART-Loglevel4] Running command - /usr/bin/duplicity remove-all-but-n-full 6 -v4 --log-file=/var/ALF_BACKUP/cardinal/logs/alfresco-bart-2021-03-17.log --archive-dir=/var/ALF_BACKUP/duplicity/cardinal/cache/ --force file:///mnt/ALF_BACKUP/cardinal/data_backup/cs
Local and Remote metadata are synchronized, no sync needed.
NOTICE 1
. Local and Remote metadata are synchronized, no sync needed.

Last full backup date: Mon Mar 15 20:13:46 2021
NOTICE 1
. Last full backup date: Mon Mar 15 20:13:46 2021

No old backup sets found, nothing deleted.
NOTICE 1
. No old backup sets found, nothing deleted.

2021-03-17-11:06:37 PM - [BART-Loglevel4] Running command - /usr/bin/duplicity remove-older-than 12M -v4 --log-file=/var/ALF_BACKUP/cardinal/logs/alfresco-bart-2021-03-17.log --archive-dir=/var/ALF_BACKUP/duplicity/cardinal/cache/ --force file:///mnt/ALF_BACKUP/cardinal/data_backup/files
Local and Remote metadata are synchronized, no sync needed.
NOTICE 1
. Local and Remote metadata are synchronized, no sync needed.

Last full backup date: Mon Mar 15 21:47:50 2021
NOTICE 1
. Last full backup date: Mon Mar 15 21:47:50 2021

No old backup sets found, nothing deleted.
NOTICE 1
. No old backup sets found, nothing deleted.

2021-03-17-11:06:39 PM - [BART-Loglevel4] Running command - /usr/bin/duplicity remove-all-but-n-full 6 -v4 --log-file=/var/ALF_BACKUP/cardinal/logs/alfresco-bart-2021-03-17.log --archive-dir=/var/ALF_BACKUP/duplicity/cardinal/cache/ --force file:///mnt/ALF_BACKUP/cardinal/data_backup/files
Local and Remote metadata are synchronized, no sync needed.
NOTICE 1
. Local and Remote metadata are synchronized, no sync needed.

Last full backup date: Mon Mar 15 21:47:50 2021
NOTICE 1
. Last full backup date: Mon Mar 15 21:47:50 2021

No old backup sets found, nothing deleted.
NOTICE 1
. No old backup sets found, nothing deleted.

2021-03-17-11:06:41 PM - [BART-Loglevel4] Maintenance commands DONE!
