Shutting Down Docker Instance
DOCKER INSTANCE IS DOWN
2020-11-22-11:00:01 PM - [BART-Loglevel4] Starting backup
2020-11-22-11:00:01 PM - [BART-Loglevel4] Set script variables done

2020-11-22-11:00:01 PM - [BART-Loglevel4] Backing up the Alfresco indexes to local
2020-11-22-11:00:01 PM - [BART-Loglevel4] Starting backup - Alfresco solr indexes
2020-11-22-11:00:01 PM - [BART-Loglevel4] Running command - /usr/bin/duplicity -v4 --volsize=20000 --log-file=/var/ALF_BACKUP/cardinal/logs/alfresco-bart-2020-11-22.log --full-if-older-than 60D --asynchronous-upload   /var/DOCKER/DATA/alfresco/cardinal/solr_data --exclude /var/DOCKER/DATA/alfresco/cardinal/solr_data/archive --exclude /var/DOCKER/DATA/alfresco/cardinal/solr_data/workspace file:///mnt/ALF_BACKUP/cardinal/data_backup/index/config
Local and Remote metadata are synchronized, no sync needed.
NOTICE 1
. Local and Remote metadata are synchronized, no sync needed.

Last full backup date: Sat Nov 21 06:50:13 2020
NOTICE 1
. Last full backup date: Sat Nov 21 06:50:13 2020

--------------[ Backup Statistics ]--------------
StartTime 1606086002.85 (Sun Nov 22 23:00:02 2020)
EndTime 1606086004.41 (Sun Nov 22 23:00:04 2020)
ElapsedTime 1.55 (1.55 seconds)
SourceFiles 252
SourceFileSize 993623737 (948 MB)
NewFiles 105
NewFileSize 14349023 (13.7 MB)
DeletedFiles 59
ChangedFiles 0
ChangedFileSize 0 (0 bytes)
ChangedDeltaSize 0 (0 bytes)
DeltaEntries 164
RawDeltaSize 14328543 (13.7 MB)
TotalDestinationSizeChange 6720004 (6.41 MB)
Errors 0
-------------------------------------------------

NOTICE 1
. --------------[ Backup Statistics ]--------------
. StartTime 1606086002.85 (Sun Nov 22 23:00:02 2020)
. EndTime 1606086004.41 (Sun Nov 22 23:00:04 2020)
. ElapsedTime 1.55 (1.55 seconds)
. SourceFiles 252
. SourceFileSize 993623737 (948 MB)
. NewFiles 105
. NewFileSize 14349023 (13.7 MB)
. DeletedFiles 59
. ChangedFiles 0
. ChangedFileSize 0 (0 bytes)
. ChangedDeltaSize 0 (0 bytes)
. DeltaEntries 164
. RawDeltaSize 14328543 (13.7 MB)
. TotalDestinationSizeChange 6720004 (6.41 MB)
. Errors 0
. -------------------------------------------------
. 

2020-11-22-11:00:05 PM - [BART-Loglevel4] Indexes backup finished

2020-11-22-11:00:05 PM - [BART-Loglevel4] Backing up the Alfresco db to local
2020-11-22-11:00:05 PM - [BART-Loglevel4] Starting backup - Alfresco postgresql db
2020-11-22-11:00:05 PM - [BART-Loglevel4] Backing up the Alfresco DB to local
2020-11-22-11:00:05 PM - [BART-Loglevel4] Starting backup - Alfresco postgresql DB
2020-11-22-11:00:05 PM - [BART-Loglevel4] Running command - PGPASSWORD=45osUQR234X /usr/lib/postgresql/11/bin/pg_dump -Fc -w -h 172.18.200.70 -p 5000 -U alfresco alf_cardinal > /var/ALF_BACKUP/cardinal/alfresco-db-backup/alf_cardinal.sql.Fc
2020-11-22-11:00:31 PM - [BART-Loglevel4] Running command - duplicity -v4 --volsize=20000 --log-file=/var/ALF_BACKUP/cardinal/logs/alfresco-bart-2020-11-22.log --full-if-older-than 60D --asynchronous-upload   /var/ALF_BACKUP/cardinal/alfresco-db-backup file:///mnt/ALF_BACKUP/cardinal/data_backup/db
Local and Remote metadata are synchronized, no sync needed.
NOTICE 1
. Local and Remote metadata are synchronized, no sync needed.

Last full backup date: Sat Nov 21 06:51:34 2020
NOTICE 1
. Last full backup date: Sat Nov 21 06:51:34 2020

--------------[ Backup Statistics ]--------------
StartTime 1606086031.75 (Sun Nov 22 23:00:31 2020)
EndTime 1606086034.33 (Sun Nov 22 23:00:34 2020)
ElapsedTime 2.58 (2.58 seconds)
SourceFiles 2
SourceFileSize 92721449 (88.4 MB)
NewFiles 1
NewFileSize 4096 (4.00 KB)
DeletedFiles 0
ChangedFiles 1
ChangedFileSize 92717353 (88.4 MB)
ChangedDeltaSize 0 (0 bytes)
DeltaEntries 2
RawDeltaSize 34917270 (33.3 MB)
TotalDestinationSizeChange 34871126 (33.3 MB)
Errors 0
-------------------------------------------------

NOTICE 1
. --------------[ Backup Statistics ]--------------
. StartTime 1606086031.75 (Sun Nov 22 23:00:31 2020)
. EndTime 1606086034.33 (Sun Nov 22 23:00:34 2020)
. ElapsedTime 2.58 (2.58 seconds)
. SourceFiles 2
. SourceFileSize 92721449 (88.4 MB)
. NewFiles 1
. NewFileSize 4096 (4.00 KB)
. DeletedFiles 0
. ChangedFiles 1
. ChangedFileSize 92717353 (88.4 MB)
. ChangedDeltaSize 0 (0 bytes)
. DeltaEntries 2
. RawDeltaSize 34917270 (33.3 MB)
. TotalDestinationSizeChange 34871126 (33.3 MB)
. Errors 0
. -------------------------------------------------
. 

2020-11-22-11:00:35 PM - [BART-Loglevel4] cleaning DB backup
2020-11-22-11:00:35 PM - [BART-Loglevel4] DB backup finished

2020-11-22-11:00:35 PM - [BART-Loglevel4] Backing up the Alfresco ContentStore to local
2020-11-22-11:00:35 PM - [BART-Loglevel4] Starting backup - Alfresco ContentStore
2020-11-22-11:00:35 PM - [BART-Loglevel4] Running command - /usr/bin/duplicity -v4 --volsize=20000 --log-file=/var/ALF_BACKUP/cardinal/logs/alfresco-bart-2020-11-22.log --full-if-older-than 60D --asynchronous-upload   --include /var/DOCKER/DATA/alfresco/cardinal/alfresco/alf_data_archgroup/contentstore       --exclude /var/DOCKER/DATA/alfresco/cardinal/alfresco/alf_data_archgroup /var/DOCKER/DATA/alfresco/cardinal/alfresco/alf_data_archgroup file:///mnt/ALF_BACKUP/cardinal/data_backup/cs
Local and Remote metadata are synchronized, no sync needed.
NOTICE 1
. Local and Remote metadata are synchronized, no sync needed.

Last full backup date: Sat Nov 21 06:51:40 2020
NOTICE 1
. Last full backup date: Sat Nov 21 06:51:40 2020

--------------[ Backup Statistics ]--------------
StartTime 1606086037.65 (Sun Nov 22 23:00:37 2020)
EndTime 1606086148.36 (Sun Nov 22 23:02:28 2020)
ElapsedTime 110.71 (1 minute 50.71 seconds)
SourceFiles 250798
SourceFileSize 119092355221 (111 GB)
NewFiles 320
NewFileSize 90531632 (86.3 MB)
DeletedFiles 346
ChangedFiles 0
ChangedFileSize 0 (0 bytes)
ChangedDeltaSize 0 (0 bytes)
DeltaEntries 666
RawDeltaSize 89417520 (85.3 MB)
TotalDestinationSizeChange 88387155 (84.3 MB)
Errors 0
-------------------------------------------------

NOTICE 1
. --------------[ Backup Statistics ]--------------
. StartTime 1606086037.65 (Sun Nov 22 23:00:37 2020)
. EndTime 1606086148.36 (Sun Nov 22 23:02:28 2020)
. ElapsedTime 110.71 (1 minute 50.71 seconds)
. SourceFiles 250798
. SourceFileSize 119092355221 (111 GB)
. NewFiles 320
. NewFileSize 90531632 (86.3 MB)
. DeletedFiles 346
. ChangedFiles 0
. ChangedFileSize 0 (0 bytes)
. ChangedDeltaSize 0 (0 bytes)
. DeltaEntries 666
. RawDeltaSize 89417520 (85.3 MB)
. TotalDestinationSizeChange 88387155 (84.3 MB)
. Errors 0
. -------------------------------------------------
. 

2020-11-22-11:02:30 PM - [BART-Loglevel4] ContentStore backup done!

2020-11-22-11:02:30 PM - [BART-Loglevel4] Backing up the Alfresco files to local
2020-11-22-11:02:30 PM - [BART-Loglevel4] Starting backup - Alfresco files
2020-11-22-11:02:30 PM - [BART-Loglevel4] Running command - /usr/bin/duplicity -v4 --volsize=20000 --log-file=/var/ALF_BACKUP/cardinal/logs/alfresco-bart-2020-11-22.log --full-if-older-than 60D --asynchronous-upload   /var/DOCKER/DATA/alfresco/cardinal/alfresco  --exclude **/var/DOCKER/DATA/alfresco/cardinal/solr_data/archive**  --exclude **/var/DOCKER/DATA/alfresco/cardinal/solr_data**  --exclude **/var/DOCKER/DATA/alfresco/cardinal/alfresco/alf_data_archgroup/contentstore**  --exclude **/var/DOCKER/DATA/alfresco/cardinal/alfresco/alf_data_archgroup/contentstore.deleted**       --exclude **/var/ALF_BACKUP/cardinal/alfresco-db-backup**  file:///mnt/ALF_BACKUP/cardinal/data_backup/files
Local and Remote metadata are synchronized, no sync needed.
NOTICE 1
. Local and Remote metadata are synchronized, no sync needed.

Last full backup date: Sat Nov 21 08:25:05 2020
NOTICE 1
. Last full backup date: Sat Nov 21 08:25:05 2020

--------------[ Backup Statistics ]--------------
StartTime 1606086153.05 (Sun Nov 22 23:02:33 2020)
EndTime 1606086254.80 (Sun Nov 22 23:04:14 2020)
ElapsedTime 101.75 (1 minute 41.75 seconds)
SourceFiles 318919
SourceFileSize 22677948739 (21.1 GB)
NewFiles 1
NewFileSize 4096 (4.00 KB)
DeletedFiles 0
ChangedFiles 2
ChangedFileSize 22541 (22.0 KB)
ChangedDeltaSize 0 (0 bytes)
DeltaEntries 3
RawDeltaSize 6770 (6.61 KB)
TotalDestinationSizeChange 2565 (2.50 KB)
Errors 0
-------------------------------------------------

NOTICE 1
. --------------[ Backup Statistics ]--------------
. StartTime 1606086153.05 (Sun Nov 22 23:02:33 2020)
. EndTime 1606086254.80 (Sun Nov 22 23:04:14 2020)
. ElapsedTime 101.75 (1 minute 41.75 seconds)
. SourceFiles 318919
. SourceFileSize 22677948739 (21.1 GB)
. NewFiles 1
. NewFileSize 4096 (4.00 KB)
. DeletedFiles 0
. ChangedFiles 2
. ChangedFileSize 22541 (22.0 KB)
. ChangedDeltaSize 0 (0 bytes)
. DeltaEntries 3
. RawDeltaSize 6770 (6.61 KB)
. TotalDestinationSizeChange 2565 (2.50 KB)
. Errors 0
. -------------------------------------------------
. 

2020-11-22-11:04:15 PM - [BART-Loglevel4] Files backup done!

2020-11-22-11:04:15 PM - [BART-Loglevel4] Running maintenance commands
2020-11-22-11:04:15 PM - [BART-Loglevel4] Running command - /usr/bin/duplicity remove-older-than 12M -v4 --log-file=/var/ALF_BACKUP/cardinal/logs/alfresco-bart-2020-11-22.log  --force file:///mnt/ALF_BACKUP/cardinal/data_backup/index/backup
Local and Remote metadata are synchronized, no sync needed.
NOTICE 1
. Local and Remote metadata are synchronized, no sync needed.

Last full backup date: none
NOTICE 1
. Last full backup date: none

No old backup sets found, nothing deleted.
NOTICE 1
. No old backup sets found, nothing deleted.

2020-11-22-11:04:15 PM - [BART-Loglevel4] Running command - /usr/bin/duplicity remove-all-but-n-full 6 -v4 --log-file=/var/ALF_BACKUP/cardinal/logs/alfresco-bart-2020-11-22.log  --force file:///mnt/ALF_BACKUP/cardinal/data_backup/index/backup
Local and Remote metadata are synchronized, no sync needed.
NOTICE 1
. Local and Remote metadata are synchronized, no sync needed.

Last full backup date: none
NOTICE 1
. Last full backup date: none

No old backup sets found, nothing deleted.
NOTICE 1
. No old backup sets found, nothing deleted.

Local and Remote metadata are synchronized, no sync needed.
NOTICE 1
. Local and Remote metadata are synchronized, no sync needed.

Last full backup date: Sat Nov 21 06:50:13 2020
NOTICE 1
. Last full backup date: Sat Nov 21 06:50:13 2020

No old backup sets found, nothing deleted.
NOTICE 1
. No old backup sets found, nothing deleted.

Local and Remote metadata are synchronized, no sync needed.
NOTICE 1
. Local and Remote metadata are synchronized, no sync needed.

Last full backup date: Sat Nov 21 06:50:13 2020
NOTICE 1
. Last full backup date: Sat Nov 21 06:50:13 2020

No old backup sets found, nothing deleted.
NOTICE 1
. No old backup sets found, nothing deleted.

2020-11-22-11:04:16 PM - [BART-Loglevel4] Running command - /usr/bin/duplicity remove-older-than 12M -v4 --log-file=/var/ALF_BACKUP/cardinal/logs/alfresco-bart-2020-11-22.log  --force file:///mnt/ALF_BACKUP/cardinal/data_backup/db
Local and Remote metadata are synchronized, no sync needed.
NOTICE 1
. Local and Remote metadata are synchronized, no sync needed.

Last full backup date: Sat Nov 21 06:51:34 2020
NOTICE 1
. Last full backup date: Sat Nov 21 06:51:34 2020

No old backup sets found, nothing deleted.
NOTICE 1
. No old backup sets found, nothing deleted.

2020-11-22-11:04:16 PM - [BART-Loglevel4] Running command - /usr/bin/duplicity remove-all-but-n-full 6 -v4 --log-file=/var/ALF_BACKUP/cardinal/logs/alfresco-bart-2020-11-22.log  --force file:///mnt/ALF_BACKUP/cardinal/data_backup/db
Local and Remote metadata are synchronized, no sync needed.
NOTICE 1
. Local and Remote metadata are synchronized, no sync needed.

Last full backup date: Sat Nov 21 06:51:34 2020
NOTICE 1
. Last full backup date: Sat Nov 21 06:51:34 2020

No old backup sets found, nothing deleted.
NOTICE 1
. No old backup sets found, nothing deleted.

2020-11-22-11:04:16 PM - [BART-Loglevel4] Running command - /usr/bin/duplicity remove-older-than 12M -v4 --log-file=/var/ALF_BACKUP/cardinal/logs/alfresco-bart-2020-11-22.log  --force file:///mnt/ALF_BACKUP/cardinal/data_backup/cs
Local and Remote metadata are synchronized, no sync needed.
NOTICE 1
. Local and Remote metadata are synchronized, no sync needed.

Last full backup date: Sat Nov 21 06:51:40 2020
NOTICE 1
. Last full backup date: Sat Nov 21 06:51:40 2020

No old backup sets found, nothing deleted.
NOTICE 1
. No old backup sets found, nothing deleted.

2020-11-22-11:04:18 PM - [BART-Loglevel4] Running command - /usr/bin/duplicity remove-all-but-n-full 6 -v4 --log-file=/var/ALF_BACKUP/cardinal/logs/alfresco-bart-2020-11-22.log  --force file:///mnt/ALF_BACKUP/cardinal/data_backup/cs
Local and Remote metadata are synchronized, no sync needed.
NOTICE 1
. Local and Remote metadata are synchronized, no sync needed.

Last full backup date: Sat Nov 21 06:51:40 2020
NOTICE 1
. Last full backup date: Sat Nov 21 06:51:40 2020

No old backup sets found, nothing deleted.
NOTICE 1
. No old backup sets found, nothing deleted.

2020-11-22-11:04:21 PM - [BART-Loglevel4] Running command - /usr/bin/duplicity remove-older-than 12M -v4 --log-file=/var/ALF_BACKUP/cardinal/logs/alfresco-bart-2020-11-22.log  --force file:///mnt/ALF_BACKUP/cardinal/data_backup/files
Local and Remote metadata are synchronized, no sync needed.
NOTICE 1
. Local and Remote metadata are synchronized, no sync needed.

Last full backup date: Sat Nov 21 08:25:05 2020
NOTICE 1
. Last full backup date: Sat Nov 21 08:25:05 2020

No old backup sets found, nothing deleted.
NOTICE 1
. No old backup sets found, nothing deleted.

2020-11-22-11:04:24 PM - [BART-Loglevel4] Running command - /usr/bin/duplicity remove-all-but-n-full 6 -v4 --log-file=/var/ALF_BACKUP/cardinal/logs/alfresco-bart-2020-11-22.log  --force file:///mnt/ALF_BACKUP/cardinal/data_backup/files
Local and Remote metadata are synchronized, no sync needed.
NOTICE 1
. Local and Remote metadata are synchronized, no sync needed.

Last full backup date: Sat Nov 21 08:25:05 2020
NOTICE 1
. Last full backup date: Sat Nov 21 08:25:05 2020

No old backup sets found, nothing deleted.
NOTICE 1
. No old backup sets found, nothing deleted.

2020-11-22-11:04:27 PM - [BART-Loglevel4] Maintenance commands DONE!
