Shutting Down Docker Instance
DOCKER INSTANCE IS DOWN
2021-01-07-11:00:01 PM - [BART-Loglevel4] Starting backup
2021-01-07-11:00:01 PM - [BART-Loglevel4] Set script variables done

2021-01-07-11:00:01 PM - [BART-Loglevel4] Backing up the Alfresco indexes to local
2021-01-07-11:00:01 PM - [BART-Loglevel4] Starting backup - Alfresco solr indexes
2021-01-07-11:00:01 PM - [BART-Loglevel4] Running command - /usr/bin/duplicity -v4 --volsize=20000 --log-file=/var/ALF_BACKUP/cardinal/logs/alfresco-bart-2021-01-07.log --full-if-older-than 60D --asynchronous-upload   /var/DOCKER/DATA/alfresco/cardinal/solr_data --exclude /var/DOCKER/DATA/alfresco/cardinal/solr_data/archive --exclude /var/DOCKER/DATA/alfresco/cardinal/solr_data/workspace file:///mnt/ALF_BACKUP/cardinal/data_backup/index/config
Local and Remote metadata are synchronized, no sync needed.
NOTICE 1
. Local and Remote metadata are synchronized, no sync needed.

Last full backup date: Sat Nov 21 06:50:13 2020
NOTICE 1
. Last full backup date: Sat Nov 21 06:50:13 2020

--------------[ Backup Statistics ]--------------
StartTime 1610060402.15 (Thu Jan  7 23:00:02 2021)
EndTime 1610060403.45 (Thu Jan  7 23:00:03 2021)
ElapsedTime 1.30 (1.30 seconds)
SourceFiles 166
SourceFileSize 1076504352 (1.00 GB)
NewFiles 10
NewFileSize 3918895 (3.74 MB)
DeletedFiles 96
ChangedFiles 0
ChangedFileSize 0 (0 bytes)
ChangedDeltaSize 0 (0 bytes)
DeltaEntries 106
RawDeltaSize 3898415 (3.72 MB)
TotalDestinationSizeChange 1601655 (1.53 MB)
Errors 0
-------------------------------------------------

NOTICE 1
. --------------[ Backup Statistics ]--------------
. StartTime 1610060402.15 (Thu Jan  7 23:00:02 2021)
. EndTime 1610060403.45 (Thu Jan  7 23:00:03 2021)
. ElapsedTime 1.30 (1.30 seconds)
. SourceFiles 166
. SourceFileSize 1076504352 (1.00 GB)
. NewFiles 10
. NewFileSize 3918895 (3.74 MB)
. DeletedFiles 96
. ChangedFiles 0
. ChangedFileSize 0 (0 bytes)
. ChangedDeltaSize 0 (0 bytes)
. DeltaEntries 106
. RawDeltaSize 3898415 (3.72 MB)
. TotalDestinationSizeChange 1601655 (1.53 MB)
. Errors 0
. -------------------------------------------------
. 

2021-01-07-11:00:04 PM - [BART-Loglevel4] Indexes backup finished

2021-01-07-11:00:04 PM - [BART-Loglevel4] Backing up the Alfresco db to local
2021-01-07-11:00:04 PM - [BART-Loglevel4] Starting backup - Alfresco postgresql db
2021-01-07-11:00:04 PM - [BART-Loglevel4] Backing up the Alfresco DB to local
2021-01-07-11:00:04 PM - [BART-Loglevel4] Starting backup - Alfresco postgresql DB
2021-01-07-11:00:04 PM - [BART-Loglevel4] Running command - PGPASSWORD=45osUQR234X /usr/lib/postgresql/11/bin/pg_dump -Fc -w -h 172.18.200.70 -p 5000 -U alfresco alf_cardinal > /var/ALF_BACKUP/cardinal/alfresco-db-backup/alf_cardinal.sql.Fc
2021-01-07-11:00:26 PM - [BART-Loglevel4] Running command - duplicity -v4 --volsize=20000 --log-file=/var/ALF_BACKUP/cardinal/logs/alfresco-bart-2021-01-07.log --full-if-older-than 60D --asynchronous-upload   /var/ALF_BACKUP/cardinal/alfresco-db-backup file:///mnt/ALF_BACKUP/cardinal/data_backup/db
Local and Remote metadata are synchronized, no sync needed.
NOTICE 1
. Local and Remote metadata are synchronized, no sync needed.

Last full backup date: Sat Nov 21 06:51:34 2020
NOTICE 1
. Last full backup date: Sat Nov 21 06:51:34 2020

--------------[ Backup Statistics ]--------------
StartTime 1610060427.68 (Thu Jan  7 23:00:27 2021)
EndTime 1610060429.75 (Thu Jan  7 23:00:29 2021)
ElapsedTime 2.07 (2.07 seconds)
SourceFiles 2
SourceFileSize 102682190 (97.9 MB)
NewFiles 1
NewFileSize 4096 (4.00 KB)
DeletedFiles 0
ChangedFiles 1
ChangedFileSize 102678094 (97.9 MB)
ChangedDeltaSize 0 (0 bytes)
DeltaEntries 2
RawDeltaSize 23607509 (22.5 MB)
TotalDestinationSizeChange 23517213 (22.4 MB)
Errors 0
-------------------------------------------------

NOTICE 1
. --------------[ Backup Statistics ]--------------
. StartTime 1610060427.68 (Thu Jan  7 23:00:27 2021)
. EndTime 1610060429.75 (Thu Jan  7 23:00:29 2021)
. ElapsedTime 2.07 (2.07 seconds)
. SourceFiles 2
. SourceFileSize 102682190 (97.9 MB)
. NewFiles 1
. NewFileSize 4096 (4.00 KB)
. DeletedFiles 0
. ChangedFiles 1
. ChangedFileSize 102678094 (97.9 MB)
. ChangedDeltaSize 0 (0 bytes)
. DeltaEntries 2
. RawDeltaSize 23607509 (22.5 MB)
. TotalDestinationSizeChange 23517213 (22.4 MB)
. Errors 0
. -------------------------------------------------
. 

2021-01-07-11:00:30 PM - [BART-Loglevel4] cleaning DB backup
2021-01-07-11:00:30 PM - [BART-Loglevel4] DB backup finished

2021-01-07-11:00:30 PM - [BART-Loglevel4] Backing up the Alfresco ContentStore to local
2021-01-07-11:00:30 PM - [BART-Loglevel4] Starting backup - Alfresco ContentStore
2021-01-07-11:00:30 PM - [BART-Loglevel4] Running command - /usr/bin/duplicity -v4 --volsize=20000 --log-file=/var/ALF_BACKUP/cardinal/logs/alfresco-bart-2021-01-07.log --full-if-older-than 60D --asynchronous-upload   --include /var/DOCKER/DATA/alfresco/cardinal/alfresco/alf_data_archgroup/contentstore       --exclude /var/DOCKER/DATA/alfresco/cardinal/alfresco/alf_data_archgroup /var/DOCKER/DATA/alfresco/cardinal/alfresco/alf_data_archgroup file:///mnt/ALF_BACKUP/cardinal/data_backup/cs
Local and Remote metadata are synchronized, no sync needed.
NOTICE 1
. Local and Remote metadata are synchronized, no sync needed.

Last full backup date: Sat Nov 21 06:51:40 2020
NOTICE 1
. Last full backup date: Sat Nov 21 06:51:40 2020

--------------[ Backup Statistics ]--------------
StartTime 1610060433.10 (Thu Jan  7 23:00:33 2021)
EndTime 1610060520.37 (Thu Jan  7 23:02:00 2021)
ElapsedTime 87.27 (1 minute 27.27 seconds)
SourceFiles 279164
SourceFileSize 126918492899 (118 GB)
NewFiles 182
NewFileSize 1154152 (1.10 MB)
DeletedFiles 460
ChangedFiles 0
ChangedFileSize 0 (0 bytes)
ChangedDeltaSize 0 (0 bytes)
DeltaEntries 642
RawDeltaSize 441448 (431 KB)
TotalDestinationSizeChange 377386 (369 KB)
Errors 0
-------------------------------------------------

NOTICE 1
. --------------[ Backup Statistics ]--------------
. StartTime 1610060433.10 (Thu Jan  7 23:00:33 2021)
. EndTime 1610060520.37 (Thu Jan  7 23:02:00 2021)
. ElapsedTime 87.27 (1 minute 27.27 seconds)
. SourceFiles 279164
. SourceFileSize 126918492899 (118 GB)
. NewFiles 182
. NewFileSize 1154152 (1.10 MB)
. DeletedFiles 460
. ChangedFiles 0
. ChangedFileSize 0 (0 bytes)
. ChangedDeltaSize 0 (0 bytes)
. DeltaEntries 642
. RawDeltaSize 441448 (431 KB)
. TotalDestinationSizeChange 377386 (369 KB)
. Errors 0
. -------------------------------------------------
. 

2021-01-07-11:02:00 PM - [BART-Loglevel4] ContentStore backup done!

2021-01-07-11:02:00 PM - [BART-Loglevel4] Backing up the Alfresco files to local
2021-01-07-11:02:00 PM - [BART-Loglevel4] Starting backup - Alfresco files
2021-01-07-11:02:00 PM - [BART-Loglevel4] Running command - /usr/bin/duplicity -v4 --volsize=20000 --log-file=/var/ALF_BACKUP/cardinal/logs/alfresco-bart-2021-01-07.log --full-if-older-than 60D --asynchronous-upload   /var/DOCKER/DATA/alfresco/cardinal/alfresco  --exclude **/var/DOCKER/DATA/alfresco/cardinal/solr_data/archive**  --exclude **/var/DOCKER/DATA/alfresco/cardinal/solr_data**  --exclude **/var/DOCKER/DATA/alfresco/cardinal/alfresco/alf_data_archgroup/contentstore**  --exclude **/var/DOCKER/DATA/alfresco/cardinal/alfresco/alf_data_archgroup/contentstore.deleted**       --exclude **/var/ALF_BACKUP/cardinal/alfresco-db-backup**  file:///mnt/ALF_BACKUP/cardinal/data_backup/files
Local and Remote metadata are synchronized, no sync needed.
NOTICE 1
. Local and Remote metadata are synchronized, no sync needed.

Last full backup date: Sat Nov 21 08:25:05 2020
NOTICE 1
. Last full backup date: Sat Nov 21 08:25:05 2020

--------------[ Backup Statistics ]--------------
StartTime 1610060523.34 (Thu Jan  7 23:02:03 2021)
EndTime 1610060598.75 (Thu Jan  7 23:03:18 2021)
ElapsedTime 75.41 (1 minute 15.41 seconds)
SourceFiles 318918
SourceFileSize 22677932355 (21.1 GB)
NewFiles 0
NewFileSize 0 (0 bytes)
DeletedFiles 0
ChangedFiles 0
ChangedFileSize 0 (0 bytes)
ChangedDeltaSize 0 (0 bytes)
DeltaEntries 0
RawDeltaSize 0 (0 bytes)
TotalDestinationSizeChange 110 (110 bytes)
Errors 0
-------------------------------------------------

NOTICE 1
. --------------[ Backup Statistics ]--------------
. StartTime 1610060523.34 (Thu Jan  7 23:02:03 2021)
. EndTime 1610060598.75 (Thu Jan  7 23:03:18 2021)
. ElapsedTime 75.41 (1 minute 15.41 seconds)
. SourceFiles 318918
. SourceFileSize 22677932355 (21.1 GB)
. NewFiles 0
. NewFileSize 0 (0 bytes)
. DeletedFiles 0
. ChangedFiles 0
. ChangedFileSize 0 (0 bytes)
. ChangedDeltaSize 0 (0 bytes)
. DeltaEntries 0
. RawDeltaSize 0 (0 bytes)
. TotalDestinationSizeChange 110 (110 bytes)
. Errors 0
. -------------------------------------------------
. 

2021-01-07-11:03:19 PM - [BART-Loglevel4] Files backup done!

2021-01-07-11:03:19 PM - [BART-Loglevel4] Running maintenance commands
2021-01-07-11:03:19 PM - [BART-Loglevel4] Running command - /usr/bin/duplicity remove-older-than 12M -v4 --log-file=/var/ALF_BACKUP/cardinal/logs/alfresco-bart-2021-01-07.log  --force file:///mnt/ALF_BACKUP/cardinal/data_backup/index/backup
Local and Remote metadata are synchronized, no sync needed.
NOTICE 1
. Local and Remote metadata are synchronized, no sync needed.

Last full backup date: none
NOTICE 1
. Last full backup date: none

No old backup sets found, nothing deleted.
NOTICE 1
. No old backup sets found, nothing deleted.

2021-01-07-11:03:19 PM - [BART-Loglevel4] Running command - /usr/bin/duplicity remove-all-but-n-full 6 -v4 --log-file=/var/ALF_BACKUP/cardinal/logs/alfresco-bart-2021-01-07.log  --force file:///mnt/ALF_BACKUP/cardinal/data_backup/index/backup
Local and Remote metadata are synchronized, no sync needed.
NOTICE 1
. Local and Remote metadata are synchronized, no sync needed.

Last full backup date: none
NOTICE 1
. Last full backup date: none

No old backup sets found, nothing deleted.
NOTICE 1
. No old backup sets found, nothing deleted.

Local and Remote metadata are synchronized, no sync needed.
NOTICE 1
. Local and Remote metadata are synchronized, no sync needed.

Last full backup date: Sat Nov 21 06:50:13 2020
NOTICE 1
. Last full backup date: Sat Nov 21 06:50:13 2020

No old backup sets found, nothing deleted.
NOTICE 1
. No old backup sets found, nothing deleted.

Local and Remote metadata are synchronized, no sync needed.
NOTICE 1
. Local and Remote metadata are synchronized, no sync needed.

Last full backup date: Sat Nov 21 06:50:13 2020
NOTICE 1
. Last full backup date: Sat Nov 21 06:50:13 2020

No old backup sets found, nothing deleted.
NOTICE 1
. No old backup sets found, nothing deleted.

2021-01-07-11:03:20 PM - [BART-Loglevel4] Running command - /usr/bin/duplicity remove-older-than 12M -v4 --log-file=/var/ALF_BACKUP/cardinal/logs/alfresco-bart-2021-01-07.log  --force file:///mnt/ALF_BACKUP/cardinal/data_backup/db
Local and Remote metadata are synchronized, no sync needed.
NOTICE 1
. Local and Remote metadata are synchronized, no sync needed.

Last full backup date: Sat Nov 21 06:51:34 2020
NOTICE 1
. Last full backup date: Sat Nov 21 06:51:34 2020

No old backup sets found, nothing deleted.
NOTICE 1
. No old backup sets found, nothing deleted.

2021-01-07-11:03:21 PM - [BART-Loglevel4] Running command - /usr/bin/duplicity remove-all-but-n-full 6 -v4 --log-file=/var/ALF_BACKUP/cardinal/logs/alfresco-bart-2021-01-07.log  --force file:///mnt/ALF_BACKUP/cardinal/data_backup/db
Local and Remote metadata are synchronized, no sync needed.
NOTICE 1
. Local and Remote metadata are synchronized, no sync needed.

Last full backup date: Sat Nov 21 06:51:34 2020
NOTICE 1
. Last full backup date: Sat Nov 21 06:51:34 2020

No old backup sets found, nothing deleted.
NOTICE 1
. No old backup sets found, nothing deleted.

2021-01-07-11:03:21 PM - [BART-Loglevel4] Running command - /usr/bin/duplicity remove-older-than 12M -v4 --log-file=/var/ALF_BACKUP/cardinal/logs/alfresco-bart-2021-01-07.log  --force file:///mnt/ALF_BACKUP/cardinal/data_backup/cs
Local and Remote metadata are synchronized, no sync needed.
NOTICE 1
. Local and Remote metadata are synchronized, no sync needed.

Last full backup date: Sat Nov 21 06:51:40 2020
NOTICE 1
. Last full backup date: Sat Nov 21 06:51:40 2020

No old backup sets found, nothing deleted.
NOTICE 1
. No old backup sets found, nothing deleted.

2021-01-07-11:03:23 PM - [BART-Loglevel4] Running command - /usr/bin/duplicity remove-all-but-n-full 6 -v4 --log-file=/var/ALF_BACKUP/cardinal/logs/alfresco-bart-2021-01-07.log  --force file:///mnt/ALF_BACKUP/cardinal/data_backup/cs
Local and Remote metadata are synchronized, no sync needed.
NOTICE 1
. Local and Remote metadata are synchronized, no sync needed.

Last full backup date: Sat Nov 21 06:51:40 2020
NOTICE 1
. Last full backup date: Sat Nov 21 06:51:40 2020

No old backup sets found, nothing deleted.
NOTICE 1
. No old backup sets found, nothing deleted.

2021-01-07-11:03:26 PM - [BART-Loglevel4] Running command - /usr/bin/duplicity remove-older-than 12M -v4 --log-file=/var/ALF_BACKUP/cardinal/logs/alfresco-bart-2021-01-07.log  --force file:///mnt/ALF_BACKUP/cardinal/data_backup/files
Local and Remote metadata are synchronized, no sync needed.
NOTICE 1
. Local and Remote metadata are synchronized, no sync needed.

Last full backup date: Sat Nov 21 08:25:05 2020
NOTICE 1
. Last full backup date: Sat Nov 21 08:25:05 2020

No old backup sets found, nothing deleted.
NOTICE 1
. No old backup sets found, nothing deleted.

2021-01-07-11:03:28 PM - [BART-Loglevel4] Running command - /usr/bin/duplicity remove-all-but-n-full 6 -v4 --log-file=/var/ALF_BACKUP/cardinal/logs/alfresco-bart-2021-01-07.log  --force file:///mnt/ALF_BACKUP/cardinal/data_backup/files
Local and Remote metadata are synchronized, no sync needed.
NOTICE 1
. Local and Remote metadata are synchronized, no sync needed.

Last full backup date: Sat Nov 21 08:25:05 2020
NOTICE 1
. Last full backup date: Sat Nov 21 08:25:05 2020

No old backup sets found, nothing deleted.
NOTICE 1
. No old backup sets found, nothing deleted.

2021-01-07-11:03:30 PM - [BART-Loglevel4] Maintenance commands DONE!
