Shutting Down Docker Instance
DOCKER INSTANCE IS DOWN
2020-12-11-11:00:01 PM - [BART-Loglevel4] Starting backup
2020-12-11-11:00:01 PM - [BART-Loglevel4] Set script variables done

2020-12-11-11:00:01 PM - [BART-Loglevel4] Backing up the Alfresco indexes to local
2020-12-11-11:00:01 PM - [BART-Loglevel4] Starting backup - Alfresco solr indexes
2020-12-11-11:00:01 PM - [BART-Loglevel4] Running command - /usr/bin/duplicity -v4 --volsize=20000 --log-file=/var/ALF_BACKUP/cardinal/logs/alfresco-bart-2020-12-11.log --full-if-older-than 60D --asynchronous-upload   /var/DOCKER/DATA/alfresco/cardinal/solr_data --exclude /var/DOCKER/DATA/alfresco/cardinal/solr_data/archive --exclude /var/DOCKER/DATA/alfresco/cardinal/solr_data/workspace file:///mnt/ALF_BACKUP/cardinal/data_backup/index/config
Local and Remote metadata are synchronized, no sync needed.
NOTICE 1
. Local and Remote metadata are synchronized, no sync needed.

Last full backup date: Sat Nov 21 06:50:13 2020
NOTICE 1
. Last full backup date: Sat Nov 21 06:50:13 2020

--------------[ Backup Statistics ]--------------
StartTime 1607727602.46 (Fri Dec 11 23:00:02 2020)
EndTime 1607727604.13 (Fri Dec 11 23:00:04 2020)
ElapsedTime 1.67 (1.67 seconds)
SourceFiles 232
SourceFileSize 1041909842 (994 MB)
NewFiles 102
NewFileSize 26558760 (25.3 MB)
DeletedFiles 114
ChangedFiles 0
ChangedFileSize 0 (0 bytes)
ChangedDeltaSize 0 (0 bytes)
DeltaEntries 216
RawDeltaSize 26538280 (25.3 MB)
TotalDestinationSizeChange 11430563 (10.9 MB)
Errors 0
-------------------------------------------------

NOTICE 1
. --------------[ Backup Statistics ]--------------
. StartTime 1607727602.46 (Fri Dec 11 23:00:02 2020)
. EndTime 1607727604.13 (Fri Dec 11 23:00:04 2020)
. ElapsedTime 1.67 (1.67 seconds)
. SourceFiles 232
. SourceFileSize 1041909842 (994 MB)
. NewFiles 102
. NewFileSize 26558760 (25.3 MB)
. DeletedFiles 114
. ChangedFiles 0
. ChangedFileSize 0 (0 bytes)
. ChangedDeltaSize 0 (0 bytes)
. DeltaEntries 216
. RawDeltaSize 26538280 (25.3 MB)
. TotalDestinationSizeChange 11430563 (10.9 MB)
. Errors 0
. -------------------------------------------------
. 

2020-12-11-11:00:04 PM - [BART-Loglevel4] Indexes backup finished

2020-12-11-11:00:04 PM - [BART-Loglevel4] Backing up the Alfresco db to local
2020-12-11-11:00:04 PM - [BART-Loglevel4] Starting backup - Alfresco postgresql db
2020-12-11-11:00:04 PM - [BART-Loglevel4] Backing up the Alfresco DB to local
2020-12-11-11:00:04 PM - [BART-Loglevel4] Starting backup - Alfresco postgresql DB
2020-12-11-11:00:04 PM - [BART-Loglevel4] Running command - PGPASSWORD=45osUQR234X /usr/lib/postgresql/11/bin/pg_dump -Fc -w -h 172.18.200.70 -p 5000 -U alfresco alf_cardinal > /var/ALF_BACKUP/cardinal/alfresco-db-backup/alf_cardinal.sql.Fc
2020-12-11-11:00:26 PM - [BART-Loglevel4] Running command - duplicity -v4 --volsize=20000 --log-file=/var/ALF_BACKUP/cardinal/logs/alfresco-bart-2020-12-11.log --full-if-older-than 60D --asynchronous-upload   /var/ALF_BACKUP/cardinal/alfresco-db-backup file:///mnt/ALF_BACKUP/cardinal/data_backup/db
Local and Remote metadata are synchronized, no sync needed.
NOTICE 1
. Local and Remote metadata are synchronized, no sync needed.

Last full backup date: Sat Nov 21 06:51:34 2020
NOTICE 1
. Last full backup date: Sat Nov 21 06:51:34 2020

--------------[ Backup Statistics ]--------------
StartTime 1607727626.67 (Fri Dec 11 23:00:26 2020)
EndTime 1607727629.98 (Fri Dec 11 23:00:29 2020)
ElapsedTime 3.31 (3.31 seconds)
SourceFiles 2
SourceFileSize 96349397 (91.9 MB)
NewFiles 1
NewFileSize 4096 (4.00 KB)
DeletedFiles 0
ChangedFiles 1
ChangedFileSize 96345301 (91.9 MB)
ChangedDeltaSize 0 (0 bytes)
DeltaEntries 2
RawDeltaSize 50933153 (48.6 MB)
TotalDestinationSizeChange 50273446 (47.9 MB)
Errors 0
-------------------------------------------------

NOTICE 1
. --------------[ Backup Statistics ]--------------
. StartTime 1607727626.67 (Fri Dec 11 23:00:26 2020)
. EndTime 1607727629.98 (Fri Dec 11 23:00:29 2020)
. ElapsedTime 3.31 (3.31 seconds)
. SourceFiles 2
. SourceFileSize 96349397 (91.9 MB)
. NewFiles 1
. NewFileSize 4096 (4.00 KB)
. DeletedFiles 0
. ChangedFiles 1
. ChangedFileSize 96345301 (91.9 MB)
. ChangedDeltaSize 0 (0 bytes)
. DeltaEntries 2
. RawDeltaSize 50933153 (48.6 MB)
. TotalDestinationSizeChange 50273446 (47.9 MB)
. Errors 0
. -------------------------------------------------
. 

2020-12-11-11:00:31 PM - [BART-Loglevel4] cleaning DB backup
2020-12-11-11:00:31 PM - [BART-Loglevel4] DB backup finished

2020-12-11-11:00:31 PM - [BART-Loglevel4] Backing up the Alfresco ContentStore to local
2020-12-11-11:00:31 PM - [BART-Loglevel4] Starting backup - Alfresco ContentStore
2020-12-11-11:00:31 PM - [BART-Loglevel4] Running command - /usr/bin/duplicity -v4 --volsize=20000 --log-file=/var/ALF_BACKUP/cardinal/logs/alfresco-bart-2020-12-11.log --full-if-older-than 60D --asynchronous-upload   --include /var/DOCKER/DATA/alfresco/cardinal/alfresco/alf_data_archgroup/contentstore       --exclude /var/DOCKER/DATA/alfresco/cardinal/alfresco/alf_data_archgroup /var/DOCKER/DATA/alfresco/cardinal/alfresco/alf_data_archgroup file:///mnt/ALF_BACKUP/cardinal/data_backup/cs
Local and Remote metadata are synchronized, no sync needed.
NOTICE 1
. Local and Remote metadata are synchronized, no sync needed.

Last full backup date: Sat Nov 21 06:51:40 2020
NOTICE 1
. Last full backup date: Sat Nov 21 06:51:40 2020

--------------[ Backup Statistics ]--------------
StartTime 1607727633.41 (Fri Dec 11 23:00:33 2020)
EndTime 1607727734.46 (Fri Dec 11 23:02:14 2020)
ElapsedTime 101.05 (1 minute 41.05 seconds)
SourceFiles 261093
SourceFileSize 123220830169 (115 GB)
NewFiles 1921
NewFileSize 516046217 (492 MB)
DeletedFiles 99
ChangedFiles 0
ChangedFileSize 0 (0 bytes)
ChangedDeltaSize 0 (0 bytes)
DeltaEntries 2020
RawDeltaSize 514706825 (491 MB)
TotalDestinationSizeChange 468689728 (447 MB)
Errors 0
-------------------------------------------------

NOTICE 1
. --------------[ Backup Statistics ]--------------
. StartTime 1607727633.41 (Fri Dec 11 23:00:33 2020)
. EndTime 1607727734.46 (Fri Dec 11 23:02:14 2020)
. ElapsedTime 101.05 (1 minute 41.05 seconds)
. SourceFiles 261093
. SourceFileSize 123220830169 (115 GB)
. NewFiles 1921
. NewFileSize 516046217 (492 MB)
. DeletedFiles 99
. ChangedFiles 0
. ChangedFileSize 0 (0 bytes)
. ChangedDeltaSize 0 (0 bytes)
. DeltaEntries 2020
. RawDeltaSize 514706825 (491 MB)
. TotalDestinationSizeChange 468689728 (447 MB)
. Errors 0
. -------------------------------------------------
. 

2020-12-11-11:02:20 PM - [BART-Loglevel4] ContentStore backup done!

2020-12-11-11:02:20 PM - [BART-Loglevel4] Backing up the Alfresco files to local
2020-12-11-11:02:20 PM - [BART-Loglevel4] Starting backup - Alfresco files
2020-12-11-11:02:20 PM - [BART-Loglevel4] Running command - /usr/bin/duplicity -v4 --volsize=20000 --log-file=/var/ALF_BACKUP/cardinal/logs/alfresco-bart-2020-12-11.log --full-if-older-than 60D --asynchronous-upload   /var/DOCKER/DATA/alfresco/cardinal/alfresco  --exclude **/var/DOCKER/DATA/alfresco/cardinal/solr_data/archive**  --exclude **/var/DOCKER/DATA/alfresco/cardinal/solr_data**  --exclude **/var/DOCKER/DATA/alfresco/cardinal/alfresco/alf_data_archgroup/contentstore**  --exclude **/var/DOCKER/DATA/alfresco/cardinal/alfresco/alf_data_archgroup/contentstore.deleted**       --exclude **/var/ALF_BACKUP/cardinal/alfresco-db-backup**  file:///mnt/ALF_BACKUP/cardinal/data_backup/files
Local and Remote metadata are synchronized, no sync needed.
NOTICE 1
. Local and Remote metadata are synchronized, no sync needed.

Last full backup date: Sat Nov 21 08:25:05 2020
NOTICE 1
. Last full backup date: Sat Nov 21 08:25:05 2020

--------------[ Backup Statistics ]--------------
StartTime 1607727743.33 (Fri Dec 11 23:02:23 2020)
EndTime 1607727820.93 (Fri Dec 11 23:03:40 2020)
ElapsedTime 77.60 (1 minute 17.60 seconds)
SourceFiles 318918
SourceFileSize 22677932355 (21.1 GB)
NewFiles 0
NewFileSize 0 (0 bytes)
DeletedFiles 0
ChangedFiles 0
ChangedFileSize 0 (0 bytes)
ChangedDeltaSize 0 (0 bytes)
DeltaEntries 0
RawDeltaSize 0 (0 bytes)
TotalDestinationSizeChange 111 (111 bytes)
Errors 0
-------------------------------------------------

NOTICE 1
. --------------[ Backup Statistics ]--------------
. StartTime 1607727743.33 (Fri Dec 11 23:02:23 2020)
. EndTime 1607727820.93 (Fri Dec 11 23:03:40 2020)
. ElapsedTime 77.60 (1 minute 17.60 seconds)
. SourceFiles 318918
. SourceFileSize 22677932355 (21.1 GB)
. NewFiles 0
. NewFileSize 0 (0 bytes)
. DeletedFiles 0
. ChangedFiles 0
. ChangedFileSize 0 (0 bytes)
. ChangedDeltaSize 0 (0 bytes)
. DeltaEntries 0
. RawDeltaSize 0 (0 bytes)
. TotalDestinationSizeChange 111 (111 bytes)
. Errors 0
. -------------------------------------------------
. 

2020-12-11-11:03:41 PM - [BART-Loglevel4] Files backup done!

2020-12-11-11:03:41 PM - [BART-Loglevel4] Running maintenance commands
2020-12-11-11:03:41 PM - [BART-Loglevel4] Running command - /usr/bin/duplicity remove-older-than 12M -v4 --log-file=/var/ALF_BACKUP/cardinal/logs/alfresco-bart-2020-12-11.log  --force file:///mnt/ALF_BACKUP/cardinal/data_backup/index/backup
Local and Remote metadata are synchronized, no sync needed.
NOTICE 1
. Local and Remote metadata are synchronized, no sync needed.

Last full backup date: none
NOTICE 1
. Last full backup date: none

No old backup sets found, nothing deleted.
NOTICE 1
. No old backup sets found, nothing deleted.

2020-12-11-11:03:41 PM - [BART-Loglevel4] Running command - /usr/bin/duplicity remove-all-but-n-full 6 -v4 --log-file=/var/ALF_BACKUP/cardinal/logs/alfresco-bart-2020-12-11.log  --force file:///mnt/ALF_BACKUP/cardinal/data_backup/index/backup
Local and Remote metadata are synchronized, no sync needed.
NOTICE 1
. Local and Remote metadata are synchronized, no sync needed.

Last full backup date: none
NOTICE 1
. Last full backup date: none

No old backup sets found, nothing deleted.
NOTICE 1
. No old backup sets found, nothing deleted.

Local and Remote metadata are synchronized, no sync needed.
NOTICE 1
. Local and Remote metadata are synchronized, no sync needed.

Last full backup date: Sat Nov 21 06:50:13 2020
NOTICE 1
. Last full backup date: Sat Nov 21 06:50:13 2020

No old backup sets found, nothing deleted.
NOTICE 1
. No old backup sets found, nothing deleted.

Local and Remote metadata are synchronized, no sync needed.
NOTICE 1
. Local and Remote metadata are synchronized, no sync needed.

Last full backup date: Sat Nov 21 06:50:13 2020
NOTICE 1
. Last full backup date: Sat Nov 21 06:50:13 2020

No old backup sets found, nothing deleted.
NOTICE 1
. No old backup sets found, nothing deleted.

2020-12-11-11:03:42 PM - [BART-Loglevel4] Running command - /usr/bin/duplicity remove-older-than 12M -v4 --log-file=/var/ALF_BACKUP/cardinal/logs/alfresco-bart-2020-12-11.log  --force file:///mnt/ALF_BACKUP/cardinal/data_backup/db
Local and Remote metadata are synchronized, no sync needed.
NOTICE 1
. Local and Remote metadata are synchronized, no sync needed.

Last full backup date: Sat Nov 21 06:51:34 2020
NOTICE 1
. Last full backup date: Sat Nov 21 06:51:34 2020

No old backup sets found, nothing deleted.
NOTICE 1
. No old backup sets found, nothing deleted.

2020-12-11-11:03:42 PM - [BART-Loglevel4] Running command - /usr/bin/duplicity remove-all-but-n-full 6 -v4 --log-file=/var/ALF_BACKUP/cardinal/logs/alfresco-bart-2020-12-11.log  --force file:///mnt/ALF_BACKUP/cardinal/data_backup/db
Local and Remote metadata are synchronized, no sync needed.
NOTICE 1
. Local and Remote metadata are synchronized, no sync needed.

Last full backup date: Sat Nov 21 06:51:34 2020
NOTICE 1
. Last full backup date: Sat Nov 21 06:51:34 2020

No old backup sets found, nothing deleted.
NOTICE 1
. No old backup sets found, nothing deleted.

2020-12-11-11:03:42 PM - [BART-Loglevel4] Running command - /usr/bin/duplicity remove-older-than 12M -v4 --log-file=/var/ALF_BACKUP/cardinal/logs/alfresco-bart-2020-12-11.log  --force file:///mnt/ALF_BACKUP/cardinal/data_backup/cs
Local and Remote metadata are synchronized, no sync needed.
NOTICE 1
. Local and Remote metadata are synchronized, no sync needed.

Last full backup date: Sat Nov 21 06:51:40 2020
NOTICE 1
. Last full backup date: Sat Nov 21 06:51:40 2020

No old backup sets found, nothing deleted.
NOTICE 1
. No old backup sets found, nothing deleted.

2020-12-11-11:03:44 PM - [BART-Loglevel4] Running command - /usr/bin/duplicity remove-all-but-n-full 6 -v4 --log-file=/var/ALF_BACKUP/cardinal/logs/alfresco-bart-2020-12-11.log  --force file:///mnt/ALF_BACKUP/cardinal/data_backup/cs
Local and Remote metadata are synchronized, no sync needed.
NOTICE 1
. Local and Remote metadata are synchronized, no sync needed.

Last full backup date: Sat Nov 21 06:51:40 2020
NOTICE 1
. Last full backup date: Sat Nov 21 06:51:40 2020

No old backup sets found, nothing deleted.
NOTICE 1
. No old backup sets found, nothing deleted.

2020-12-11-11:03:46 PM - [BART-Loglevel4] Running command - /usr/bin/duplicity remove-older-than 12M -v4 --log-file=/var/ALF_BACKUP/cardinal/logs/alfresco-bart-2020-12-11.log  --force file:///mnt/ALF_BACKUP/cardinal/data_backup/files
Local and Remote metadata are synchronized, no sync needed.
NOTICE 1
. Local and Remote metadata are synchronized, no sync needed.

Last full backup date: Sat Nov 21 08:25:05 2020
NOTICE 1
. Last full backup date: Sat Nov 21 08:25:05 2020

No old backup sets found, nothing deleted.
NOTICE 1
. No old backup sets found, nothing deleted.

2020-12-11-11:03:48 PM - [BART-Loglevel4] Running command - /usr/bin/duplicity remove-all-but-n-full 6 -v4 --log-file=/var/ALF_BACKUP/cardinal/logs/alfresco-bart-2020-12-11.log  --force file:///mnt/ALF_BACKUP/cardinal/data_backup/files
Local and Remote metadata are synchronized, no sync needed.
NOTICE 1
. Local and Remote metadata are synchronized, no sync needed.

Last full backup date: Sat Nov 21 08:25:05 2020
NOTICE 1
. Last full backup date: Sat Nov 21 08:25:05 2020

No old backup sets found, nothing deleted.
NOTICE 1
. No old backup sets found, nothing deleted.

2020-12-11-11:03:50 PM - [BART-Loglevel4] Maintenance commands DONE!
