Shutting Down Docker Instance
DOCKER INSTANCE IS DOWN
2021-01-09-11:00:01 PM - [BART-Loglevel4] Starting backup
2021-01-09-11:00:01 PM - [BART-Loglevel4] Set script variables done

2021-01-09-11:00:01 PM - [BART-Loglevel4] Backing up the Alfresco indexes to local
2021-01-09-11:00:01 PM - [BART-Loglevel4] Starting backup - Alfresco solr indexes
2021-01-09-11:00:01 PM - [BART-Loglevel4] Running command - /usr/bin/duplicity -v4 --volsize=20000 --log-file=/var/ALF_BACKUP/cardinal/logs/alfresco-bart-2021-01-09.log --full-if-older-than 60D --asynchronous-upload   /var/DOCKER/DATA/alfresco/cardinal/solr_data --exclude /var/DOCKER/DATA/alfresco/cardinal/solr_data/archive --exclude /var/DOCKER/DATA/alfresco/cardinal/solr_data/workspace file:///mnt/ALF_BACKUP/cardinal/data_backup/index/config
Local and Remote metadata are synchronized, no sync needed.
NOTICE 1
. Local and Remote metadata are synchronized, no sync needed.

Last full backup date: Sat Nov 21 06:50:13 2020
NOTICE 1
. Last full backup date: Sat Nov 21 06:50:13 2020

--------------[ Backup Statistics ]--------------
StartTime 1610233202.24 (Sat Jan  9 23:00:02 2021)
EndTime 1610233203.45 (Sat Jan  9 23:00:03 2021)
ElapsedTime 1.21 (1.21 seconds)
SourceFiles 244
SourceFileSize 1086968717 (1.01 GB)
NewFiles 87
NewFileSize 3164818 (3.02 MB)
DeletedFiles 80
ChangedFiles 0
ChangedFileSize 0 (0 bytes)
ChangedDeltaSize 0 (0 bytes)
DeltaEntries 167
RawDeltaSize 3144338 (3.00 MB)
TotalDestinationSizeChange 815046 (796 KB)
Errors 0
-------------------------------------------------

NOTICE 1
. --------------[ Backup Statistics ]--------------
. StartTime 1610233202.24 (Sat Jan  9 23:00:02 2021)
. EndTime 1610233203.45 (Sat Jan  9 23:00:03 2021)
. ElapsedTime 1.21 (1.21 seconds)
. SourceFiles 244
. SourceFileSize 1086968717 (1.01 GB)
. NewFiles 87
. NewFileSize 3164818 (3.02 MB)
. DeletedFiles 80
. ChangedFiles 0
. ChangedFileSize 0 (0 bytes)
. ChangedDeltaSize 0 (0 bytes)
. DeltaEntries 167
. RawDeltaSize 3144338 (3.00 MB)
. TotalDestinationSizeChange 815046 (796 KB)
. Errors 0
. -------------------------------------------------
. 

2021-01-09-11:00:03 PM - [BART-Loglevel4] Indexes backup finished

2021-01-09-11:00:03 PM - [BART-Loglevel4] Backing up the Alfresco db to local
2021-01-09-11:00:03 PM - [BART-Loglevel4] Starting backup - Alfresco postgresql db
2021-01-09-11:00:03 PM - [BART-Loglevel4] Backing up the Alfresco DB to local
2021-01-09-11:00:03 PM - [BART-Loglevel4] Starting backup - Alfresco postgresql DB
2021-01-09-11:00:03 PM - [BART-Loglevel4] Running command - PGPASSWORD=45osUQR234X /usr/lib/postgresql/11/bin/pg_dump -Fc -w -h 172.18.200.70 -p 5000 -U alfresco alf_cardinal > /var/ALF_BACKUP/cardinal/alfresco-db-backup/alf_cardinal.sql.Fc
2021-01-09-11:00:27 PM - [BART-Loglevel4] Running command - duplicity -v4 --volsize=20000 --log-file=/var/ALF_BACKUP/cardinal/logs/alfresco-bart-2021-01-09.log --full-if-older-than 60D --asynchronous-upload   /var/ALF_BACKUP/cardinal/alfresco-db-backup file:///mnt/ALF_BACKUP/cardinal/data_backup/db
Local and Remote metadata are synchronized, no sync needed.
NOTICE 1
. Local and Remote metadata are synchronized, no sync needed.

Last full backup date: Sat Nov 21 06:51:34 2020
NOTICE 1
. Last full backup date: Sat Nov 21 06:51:34 2020

--------------[ Backup Statistics ]--------------
StartTime 1610233228.04 (Sat Jan  9 23:00:28 2021)
EndTime 1610233230.53 (Sat Jan  9 23:00:30 2021)
ElapsedTime 2.48 (2.48 seconds)
SourceFiles 2
SourceFileSize 103058993 (98.3 MB)
NewFiles 1
NewFileSize 4096 (4.00 KB)
DeletedFiles 0
ChangedFiles 1
ChangedFileSize 103054897 (98.3 MB)
ChangedDeltaSize 0 (0 bytes)
DeltaEntries 2
RawDeltaSize 23248141 (22.2 MB)
TotalDestinationSizeChange 23233814 (22.2 MB)
Errors 0
-------------------------------------------------

NOTICE 1
. --------------[ Backup Statistics ]--------------
. StartTime 1610233228.04 (Sat Jan  9 23:00:28 2021)
. EndTime 1610233230.53 (Sat Jan  9 23:00:30 2021)
. ElapsedTime 2.48 (2.48 seconds)
. SourceFiles 2
. SourceFileSize 103058993 (98.3 MB)
. NewFiles 1
. NewFileSize 4096 (4.00 KB)
. DeletedFiles 0
. ChangedFiles 1
. ChangedFileSize 103054897 (98.3 MB)
. ChangedDeltaSize 0 (0 bytes)
. DeltaEntries 2
. RawDeltaSize 23248141 (22.2 MB)
. TotalDestinationSizeChange 23233814 (22.2 MB)
. Errors 0
. -------------------------------------------------
. 

2021-01-09-11:00:31 PM - [BART-Loglevel4] cleaning DB backup
2021-01-09-11:00:31 PM - [BART-Loglevel4] DB backup finished

2021-01-09-11:00:31 PM - [BART-Loglevel4] Backing up the Alfresco ContentStore to local
2021-01-09-11:00:31 PM - [BART-Loglevel4] Starting backup - Alfresco ContentStore
2021-01-09-11:00:31 PM - [BART-Loglevel4] Running command - /usr/bin/duplicity -v4 --volsize=20000 --log-file=/var/ALF_BACKUP/cardinal/logs/alfresco-bart-2021-01-09.log --full-if-older-than 60D --asynchronous-upload   --include /var/DOCKER/DATA/alfresco/cardinal/alfresco/alf_data_archgroup/contentstore       --exclude /var/DOCKER/DATA/alfresco/cardinal/alfresco/alf_data_archgroup /var/DOCKER/DATA/alfresco/cardinal/alfresco/alf_data_archgroup file:///mnt/ALF_BACKUP/cardinal/data_backup/cs
Local and Remote metadata are synchronized, no sync needed.
NOTICE 1
. Local and Remote metadata are synchronized, no sync needed.

Last full backup date: Sat Nov 21 06:51:40 2020
NOTICE 1
. Last full backup date: Sat Nov 21 06:51:40 2020

--------------[ Backup Statistics ]--------------
StartTime 1610233233.90 (Sat Jan  9 23:00:33 2021)
EndTime 1610233322.47 (Sat Jan  9 23:02:02 2021)
ElapsedTime 88.57 (1 minute 28.57 seconds)
SourceFiles 281296
SourceFileSize 127345164093 (119 GB)
NewFiles 30
NewFileSize 2899950 (2.77 MB)
DeletedFiles 0
ChangedFiles 0
ChangedFileSize 0 (0 bytes)
ChangedDeltaSize 0 (0 bytes)
DeltaEntries 30
RawDeltaSize 2834414 (2.70 MB)
TotalDestinationSizeChange 2456166 (2.34 MB)
Errors 0
-------------------------------------------------

NOTICE 1
. --------------[ Backup Statistics ]--------------
. StartTime 1610233233.90 (Sat Jan  9 23:00:33 2021)
. EndTime 1610233322.47 (Sat Jan  9 23:02:02 2021)
. ElapsedTime 88.57 (1 minute 28.57 seconds)
. SourceFiles 281296
. SourceFileSize 127345164093 (119 GB)
. NewFiles 30
. NewFileSize 2899950 (2.77 MB)
. DeletedFiles 0
. ChangedFiles 0
. ChangedFileSize 0 (0 bytes)
. ChangedDeltaSize 0 (0 bytes)
. DeltaEntries 30
. RawDeltaSize 2834414 (2.70 MB)
. TotalDestinationSizeChange 2456166 (2.34 MB)
. Errors 0
. -------------------------------------------------
. 

2021-01-09-11:02:03 PM - [BART-Loglevel4] ContentStore backup done!

2021-01-09-11:02:03 PM - [BART-Loglevel4] Backing up the Alfresco files to local
2021-01-09-11:02:03 PM - [BART-Loglevel4] Starting backup - Alfresco files
2021-01-09-11:02:03 PM - [BART-Loglevel4] Running command - /usr/bin/duplicity -v4 --volsize=20000 --log-file=/var/ALF_BACKUP/cardinal/logs/alfresco-bart-2021-01-09.log --full-if-older-than 60D --asynchronous-upload   /var/DOCKER/DATA/alfresco/cardinal/alfresco  --exclude **/var/DOCKER/DATA/alfresco/cardinal/solr_data/archive**  --exclude **/var/DOCKER/DATA/alfresco/cardinal/solr_data**  --exclude **/var/DOCKER/DATA/alfresco/cardinal/alfresco/alf_data_archgroup/contentstore**  --exclude **/var/DOCKER/DATA/alfresco/cardinal/alfresco/alf_data_archgroup/contentstore.deleted**       --exclude **/var/ALF_BACKUP/cardinal/alfresco-db-backup**  file:///mnt/ALF_BACKUP/cardinal/data_backup/files
Local and Remote metadata are synchronized, no sync needed.
NOTICE 1
. Local and Remote metadata are synchronized, no sync needed.

Last full backup date: Sat Nov 21 08:25:05 2020
NOTICE 1
. Last full backup date: Sat Nov 21 08:25:05 2020

--------------[ Backup Statistics ]--------------
StartTime 1610233325.45 (Sat Jan  9 23:02:05 2021)
EndTime 1610233404.79 (Sat Jan  9 23:03:24 2021)
ElapsedTime 79.34 (1 minute 19.34 seconds)
SourceFiles 318918
SourceFileSize 22677932355 (21.1 GB)
NewFiles 0
NewFileSize 0 (0 bytes)
DeletedFiles 0
ChangedFiles 0
ChangedFileSize 0 (0 bytes)
ChangedDeltaSize 0 (0 bytes)
DeltaEntries 0
RawDeltaSize 0 (0 bytes)
TotalDestinationSizeChange 110 (110 bytes)
Errors 0
-------------------------------------------------

NOTICE 1
. --------------[ Backup Statistics ]--------------
. StartTime 1610233325.45 (Sat Jan  9 23:02:05 2021)
. EndTime 1610233404.79 (Sat Jan  9 23:03:24 2021)
. ElapsedTime 79.34 (1 minute 19.34 seconds)
. SourceFiles 318918
. SourceFileSize 22677932355 (21.1 GB)
. NewFiles 0
. NewFileSize 0 (0 bytes)
. DeletedFiles 0
. ChangedFiles 0
. ChangedFileSize 0 (0 bytes)
. ChangedDeltaSize 0 (0 bytes)
. DeltaEntries 0
. RawDeltaSize 0 (0 bytes)
. TotalDestinationSizeChange 110 (110 bytes)
. Errors 0
. -------------------------------------------------
. 

2021-01-09-11:03:25 PM - [BART-Loglevel4] Files backup done!

2021-01-09-11:03:25 PM - [BART-Loglevel4] Running maintenance commands
2021-01-09-11:03:25 PM - [BART-Loglevel4] Running command - /usr/bin/duplicity remove-older-than 12M -v4 --log-file=/var/ALF_BACKUP/cardinal/logs/alfresco-bart-2021-01-09.log  --force file:///mnt/ALF_BACKUP/cardinal/data_backup/index/backup
Local and Remote metadata are synchronized, no sync needed.
NOTICE 1
. Local and Remote metadata are synchronized, no sync needed.

Last full backup date: none
NOTICE 1
. Last full backup date: none

No old backup sets found, nothing deleted.
NOTICE 1
. No old backup sets found, nothing deleted.

2021-01-09-11:03:25 PM - [BART-Loglevel4] Running command - /usr/bin/duplicity remove-all-but-n-full 6 -v4 --log-file=/var/ALF_BACKUP/cardinal/logs/alfresco-bart-2021-01-09.log  --force file:///mnt/ALF_BACKUP/cardinal/data_backup/index/backup
Local and Remote metadata are synchronized, no sync needed.
NOTICE 1
. Local and Remote metadata are synchronized, no sync needed.

Last full backup date: none
NOTICE 1
. Last full backup date: none

No old backup sets found, nothing deleted.
NOTICE 1
. No old backup sets found, nothing deleted.

Local and Remote metadata are synchronized, no sync needed.
NOTICE 1
. Local and Remote metadata are synchronized, no sync needed.

Last full backup date: Sat Nov 21 06:50:13 2020
NOTICE 1
. Last full backup date: Sat Nov 21 06:50:13 2020

No old backup sets found, nothing deleted.
NOTICE 1
. No old backup sets found, nothing deleted.

Local and Remote metadata are synchronized, no sync needed.
NOTICE 1
. Local and Remote metadata are synchronized, no sync needed.

Last full backup date: Sat Nov 21 06:50:13 2020
NOTICE 1
. Last full backup date: Sat Nov 21 06:50:13 2020

No old backup sets found, nothing deleted.
NOTICE 1
. No old backup sets found, nothing deleted.

2021-01-09-11:03:26 PM - [BART-Loglevel4] Running command - /usr/bin/duplicity remove-older-than 12M -v4 --log-file=/var/ALF_BACKUP/cardinal/logs/alfresco-bart-2021-01-09.log  --force file:///mnt/ALF_BACKUP/cardinal/data_backup/db
Local and Remote metadata are synchronized, no sync needed.
NOTICE 1
. Local and Remote metadata are synchronized, no sync needed.

Last full backup date: Sat Nov 21 06:51:34 2020
NOTICE 1
. Last full backup date: Sat Nov 21 06:51:34 2020

No old backup sets found, nothing deleted.
NOTICE 1
. No old backup sets found, nothing deleted.

2021-01-09-11:03:27 PM - [BART-Loglevel4] Running command - /usr/bin/duplicity remove-all-but-n-full 6 -v4 --log-file=/var/ALF_BACKUP/cardinal/logs/alfresco-bart-2021-01-09.log  --force file:///mnt/ALF_BACKUP/cardinal/data_backup/db
Local and Remote metadata are synchronized, no sync needed.
NOTICE 1
. Local and Remote metadata are synchronized, no sync needed.

Last full backup date: Sat Nov 21 06:51:34 2020
NOTICE 1
. Last full backup date: Sat Nov 21 06:51:34 2020

No old backup sets found, nothing deleted.
NOTICE 1
. No old backup sets found, nothing deleted.

2021-01-09-11:03:27 PM - [BART-Loglevel4] Running command - /usr/bin/duplicity remove-older-than 12M -v4 --log-file=/var/ALF_BACKUP/cardinal/logs/alfresco-bart-2021-01-09.log  --force file:///mnt/ALF_BACKUP/cardinal/data_backup/cs
Local and Remote metadata are synchronized, no sync needed.
NOTICE 1
. Local and Remote metadata are synchronized, no sync needed.

Last full backup date: Sat Nov 21 06:51:40 2020
NOTICE 1
. Last full backup date: Sat Nov 21 06:51:40 2020

No old backup sets found, nothing deleted.
NOTICE 1
. No old backup sets found, nothing deleted.

2021-01-09-11:03:29 PM - [BART-Loglevel4] Running command - /usr/bin/duplicity remove-all-but-n-full 6 -v4 --log-file=/var/ALF_BACKUP/cardinal/logs/alfresco-bart-2021-01-09.log  --force file:///mnt/ALF_BACKUP/cardinal/data_backup/cs
Local and Remote metadata are synchronized, no sync needed.
NOTICE 1
. Local and Remote metadata are synchronized, no sync needed.

Last full backup date: Sat Nov 21 06:51:40 2020
NOTICE 1
. Last full backup date: Sat Nov 21 06:51:40 2020

No old backup sets found, nothing deleted.
NOTICE 1
. No old backup sets found, nothing deleted.

2021-01-09-11:03:32 PM - [BART-Loglevel4] Running command - /usr/bin/duplicity remove-older-than 12M -v4 --log-file=/var/ALF_BACKUP/cardinal/logs/alfresco-bart-2021-01-09.log  --force file:///mnt/ALF_BACKUP/cardinal/data_backup/files
Local and Remote metadata are synchronized, no sync needed.
NOTICE 1
. Local and Remote metadata are synchronized, no sync needed.

Last full backup date: Sat Nov 21 08:25:05 2020
NOTICE 1
. Last full backup date: Sat Nov 21 08:25:05 2020

No old backup sets found, nothing deleted.
NOTICE 1
. No old backup sets found, nothing deleted.

2021-01-09-11:03:34 PM - [BART-Loglevel4] Running command - /usr/bin/duplicity remove-all-but-n-full 6 -v4 --log-file=/var/ALF_BACKUP/cardinal/logs/alfresco-bart-2021-01-09.log  --force file:///mnt/ALF_BACKUP/cardinal/data_backup/files
Local and Remote metadata are synchronized, no sync needed.
NOTICE 1
. Local and Remote metadata are synchronized, no sync needed.

Last full backup date: Sat Nov 21 08:25:05 2020
NOTICE 1
. Last full backup date: Sat Nov 21 08:25:05 2020

No old backup sets found, nothing deleted.
NOTICE 1
. No old backup sets found, nothing deleted.

2021-01-09-11:03:37 PM - [BART-Loglevel4] Maintenance commands DONE!
