Shutting Down Docker Instance
DOCKER INSTANCE IS DOWN
2020-09-30-12:34:01 AM - [BART-Loglevel4] Starting backup
2020-09-30-12:34:01 AM - [BART-Loglevel4] Set script variables done

2020-09-30-12:34:01 AM - [BART-Loglevel4] Backing up the Alfresco indexes to scp
2020-09-30-12:34:01 AM - [BART-Loglevel4] Starting backup - Alfresco solr indexes
2020-09-30-12:34:01 AM - [BART-Loglevel4] Running command - /usr/bin/duplicity -v4 --volsize=200000 --log-file=/var/ALF_BACKUP/cardinal/logs/alfresco-bart-2020-09-30.log --full-if-older-than 60D --asynchronous-upload   /var/DOCKER/DATA/alfresco/cardinal/alfresco/alf_data_archgroup/solr4Backup scp://quayadmin@172.18.200.71//var/ALF_BACKUP/cardinal/data_backup/solr
ERROR 23
. Another instance is already running with this archive directory
. If you are sure that this is the  only instance running you may delete
. the following lockfile and run the command again :
. 	/home/quayadmin/.cache/duplicity/02fb881b21b3b0376af03d74886f740b/lockfile.lock

2020-09-30-12:34:03 AM - [BART-Loglevel4] Running command - /usr/bin/duplicity -v4 --volsize=200000 --log-file=/var/ALF_BACKUP/cardinal/logs/alfresco-bart-2020-09-30.log --full-if-older-than 60D --asynchronous-upload   /var/DOCKER/DATA/alfresco/cardinal/alfresco/alf_data_archgroup/solr4 --exclude /var/DOCKER/DATA/alfresco/cardinal/alfresco/alf_data_archgroup/solr4/archive --exclude /var/DOCKER/DATA/alfresco/cardinal/alfresco/alf_data_archgroup/solr4/workspace scp://quayadmin@172.18.200.71//var/ALF_BACKUP/cardinal/data_backup/index/config
Local and Remote metadata are synchronized, no sync needed.
NOTICE 1
. Local and Remote metadata are synchronized, no sync needed.

Last full backup date: Sun Sep 20 11:27:59 2020
NOTICE 1
. Last full backup date: Sun Sep 20 11:27:59 2020

--------------[ Backup Statistics ]--------------
StartTime 1601426045.98 (Wed Sep 30 00:34:05 2020)
EndTime 1601426141.81 (Wed Sep 30 00:35:41 2020)
ElapsedTime 95.83 (1 minute 35.83 seconds)
SourceFiles 213287
SourceFileSize 6575222041 (6.12 GB)
NewFiles 488
NewFileSize 23815057 (22.7 MB)
DeletedFiles 159
ChangedFiles 107
ChangedFileSize 2589382 (2.47 MB)
ChangedDeltaSize 0 (0 bytes)
DeltaEntries 754
RawDeltaSize 25864218 (24.7 MB)
TotalDestinationSizeChange 13028950 (12.4 MB)
Errors 0
-------------------------------------------------

NOTICE 1
. --------------[ Backup Statistics ]--------------
. StartTime 1601426045.98 (Wed Sep 30 00:34:05 2020)
. EndTime 1601426141.81 (Wed Sep 30 00:35:41 2020)
. ElapsedTime 95.83 (1 minute 35.83 seconds)
. SourceFiles 213287
. SourceFileSize 6575222041 (6.12 GB)
. NewFiles 488
. NewFileSize 23815057 (22.7 MB)
. DeletedFiles 159
. ChangedFiles 107
. ChangedFileSize 2589382 (2.47 MB)
. ChangedDeltaSize 0 (0 bytes)
. DeltaEntries 754
. RawDeltaSize 25864218 (24.7 MB)
. TotalDestinationSizeChange 13028950 (12.4 MB)
. Errors 0
. -------------------------------------------------
. 

2020-09-30-12:35:43 AM - [BART-Loglevel4] Indexes backup finished

2020-09-30-12:35:43 AM - [BART-Loglevel4] Backing up the Alfresco db to scp
2020-09-30-12:35:43 AM - [BART-Loglevel4] Starting backup - Alfresco postgresql db
2020-09-30-12:35:43 AM - [BART-Loglevel4] Backing up the Alfresco DB to scp
2020-09-30-12:35:43 AM - [BART-Loglevel4] Starting backup - Alfresco postgresql DB
2020-09-30-12:35:43 AM - [BART-Loglevel4] Running command - PGPASSWORD=45osUQR234X /usr/lib/postgresql/11/bin/pg_dump -Fc -w -h 172.18.200.70 -p 5000 -U alfresco alf_cardinal > /var/ALF_BACKUP/cardinal/alfresco-db-backup/alf_cardinal.sql.Fc
2020-09-30-12:35:43 AM - [BART-Loglevel4] Running command - duplicity -v4 --volsize=200000 --log-file=/var/ALF_BACKUP/cardinal/logs/alfresco-bart-2020-09-30.log --full-if-older-than 60D --asynchronous-upload   /var/ALF_BACKUP/cardinal/alfresco-db-backup scp://quayadmin@172.18.200.71//var/ALF_BACKUP/cardinal/data_backup/db
Local and Remote metadata are synchronized, no sync needed.
NOTICE 1
. Local and Remote metadata are synchronized, no sync needed.

Last full backup date: Sun Sep 20 11:38:17 2020
NOTICE 1
. Last full backup date: Sun Sep 20 11:38:17 2020

--------------[ Backup Statistics ]--------------
StartTime 1601426144.38 (Wed Sep 30 00:35:44 2020)
EndTime 1601426144.46 (Wed Sep 30 00:35:44 2020)
ElapsedTime 0.08 (0.08 seconds)
SourceFiles 1
SourceFileSize 4096 (4.00 KB)
NewFiles 0
NewFileSize 0 (0 bytes)
DeletedFiles 0
ChangedFiles 0
ChangedFileSize 0 (0 bytes)
ChangedDeltaSize 0 (0 bytes)
DeltaEntries 0
RawDeltaSize 0 (0 bytes)
TotalDestinationSizeChange 111 (111 bytes)
Errors 0
-------------------------------------------------

NOTICE 1
. --------------[ Backup Statistics ]--------------
. StartTime 1601426144.38 (Wed Sep 30 00:35:44 2020)
. EndTime 1601426144.46 (Wed Sep 30 00:35:44 2020)
. ElapsedTime 0.08 (0.08 seconds)
. SourceFiles 1
. SourceFileSize 4096 (4.00 KB)
. NewFiles 0
. NewFileSize 0 (0 bytes)
. DeletedFiles 0
. ChangedFiles 0
. ChangedFileSize 0 (0 bytes)
. ChangedDeltaSize 0 (0 bytes)
. DeltaEntries 0
. RawDeltaSize 0 (0 bytes)
. TotalDestinationSizeChange 111 (111 bytes)
. Errors 0
. -------------------------------------------------
. 

2020-09-30-12:35:45 AM - [BART-Loglevel4] cleaning DB backup
2020-09-30-12:35:45 AM - [BART-Loglevel4] DB backup finished

2020-09-30-12:35:45 AM - [BART-Loglevel4] Backing up the Alfresco ContentStore to scp
2020-09-30-12:35:45 AM - [BART-Loglevel4] Starting backup - Alfresco ContentStore
2020-09-30-12:35:45 AM - [BART-Loglevel4] Running command - /usr/bin/duplicity -v4 --volsize=200000 --log-file=/var/ALF_BACKUP/cardinal/logs/alfresco-bart-2020-09-30.log --full-if-older-than 60D --asynchronous-upload   --include /var/DOCKER/DATA/alfresco/cardinal/alfresco/alf_data_archgroup/contentstore  --include /var/DOCKER/DATA/alfresco/cardinal/alfresco/alf_data_archgroup/contentstore.deleted      --exclude /var/DOCKER/DATA/alfresco/cardinal/alfresco/alf_data_archgroup /var/DOCKER/DATA/alfresco/cardinal/alfresco/alf_data_archgroup scp://quayadmin@172.18.200.71//var/ALF_BACKUP/cardinal/data_backup/cs
Local and Remote metadata are synchronized, no sync needed.
NOTICE 1
. Local and Remote metadata are synchronized, no sync needed.

Last full backup date: Sun Sep 20 11:38:22 2020
NOTICE 1
. Last full backup date: Sun Sep 20 11:38:22 2020

--------------[ Backup Statistics ]--------------
StartTime 1601426148.38 (Wed Sep 30 00:35:48 2020)
EndTime 1601426340.81 (Wed Sep 30 00:39:00 2020)
ElapsedTime 192.43 (3 minutes 12.43 seconds)
SourceFiles 262512
SourceFileSize 135705516062 (126 GB)
NewFiles 317
NewFileSize 116059165 (111 MB)
DeletedFiles 45
ChangedFiles 0
ChangedFileSize 0 (0 bytes)
ChangedDeltaSize 0 (0 bytes)
DeltaEntries 362
RawDeltaSize 115538973 (110 MB)
TotalDestinationSizeChange 106228517 (101 MB)
Errors 0
-------------------------------------------------

NOTICE 1
. --------------[ Backup Statistics ]--------------
. StartTime 1601426148.38 (Wed Sep 30 00:35:48 2020)
. EndTime 1601426340.81 (Wed Sep 30 00:39:00 2020)
. ElapsedTime 192.43 (3 minutes 12.43 seconds)
. SourceFiles 262512
. SourceFileSize 135705516062 (126 GB)
. NewFiles 317
. NewFileSize 116059165 (111 MB)
. DeletedFiles 45
. ChangedFiles 0
. ChangedFileSize 0 (0 bytes)
. ChangedDeltaSize 0 (0 bytes)
. DeltaEntries 362
. RawDeltaSize 115538973 (110 MB)
. TotalDestinationSizeChange 106228517 (101 MB)
. Errors 0
. -------------------------------------------------
. 

2020-09-30-12:41:18 AM - [BART-Loglevel4] ContentStore backup done!

2020-09-30-12:41:18 AM - [BART-Loglevel4] Backing up the Alfresco files to scp
2020-09-30-12:41:18 AM - [BART-Loglevel4] Starting backup - Alfresco files
2020-09-30-12:41:18 AM - [BART-Loglevel4] Running command - /usr/bin/duplicity -v4 --volsize=200000 --log-file=/var/ALF_BACKUP/cardinal/logs/alfresco-bart-2020-09-30.log --full-if-older-than 60D --asynchronous-upload   /var/DOCKER/DATA/alfresco/cardinal/alfresco  --exclude **/var/DOCKER/DATA/alfresco/cardinal/alfresco/alf_data_archgroup/solr4Backup**  --exclude **/var/DOCKER/DATA/alfresco/cardinal/alfresco/alf_data_archgroup/solr4**  --exclude **/var/DOCKER/DATA/alfresco/cardinal/alfresco/alf_data_archgroup/contentstore**  --exclude **/var/DOCKER/DATA/alfresco/cardinal/alfresco/alf_data_archgroup/contentstore.deleted**       --exclude **/var/ALF_BACKUP/cardinal/alfresco-db-backup**  scp://quayadmin@172.18.200.71//var/ALF_BACKUP/cardinal/data_backup/files
Local and Remote metadata are synchronized, no sync needed.
NOTICE 1
. Local and Remote metadata are synchronized, no sync needed.

Last full backup date: Sun Sep 20 13:30:14 2020
NOTICE 1
. Last full backup date: Sun Sep 20 13:30:14 2020

Error accessing possibly locked file /var/DOCKER/DATA/alfresco/cardinal/alfresco/alf_data_archgroup/oouser
WARNING 10 '/var/DOCKER/DATA/alfresco/cardinal/alfresco/alf_data_archgroup/oouser'
. Error accessing possibly locked file /var/DOCKER/DATA/alfresco/cardinal/alfresco/alf_data_archgroup/oouser

Error accessing possibly locked file /var/DOCKER/DATA/alfresco/cardinal/alfresco/alf_data_archgroup/postgresql
WARNING 10 '/var/DOCKER/DATA/alfresco/cardinal/alfresco/alf_data_archgroup/postgresql'
. Error accessing possibly locked file /var/DOCKER/DATA/alfresco/cardinal/alfresco/alf_data_archgroup/postgresql

--------------[ Backup Statistics ]--------------
StartTime 1601426480.51 (Wed Sep 30 00:41:20 2020)
EndTime 1601426516.60 (Wed Sep 30 00:41:56 2020)
ElapsedTime 36.09 (36.09 seconds)
SourceFiles 84461
SourceFileSize 485956434 (463 MB)
NewFiles 0
NewFileSize 0 (0 bytes)
DeletedFiles 0
ChangedFiles 0
ChangedFileSize 0 (0 bytes)
ChangedDeltaSize 0 (0 bytes)
DeltaEntries 0
RawDeltaSize 0 (0 bytes)
TotalDestinationSizeChange 111 (111 bytes)
Errors 2
-------------------------------------------------

NOTICE 1
. --------------[ Backup Statistics ]--------------
. StartTime 1601426480.51 (Wed Sep 30 00:41:20 2020)
. EndTime 1601426516.60 (Wed Sep 30 00:41:56 2020)
. ElapsedTime 36.09 (36.09 seconds)
. SourceFiles 84461
. SourceFileSize 485956434 (463 MB)
. NewFiles 0
. NewFileSize 0 (0 bytes)
. DeletedFiles 0
. ChangedFiles 0
. ChangedFileSize 0 (0 bytes)
. ChangedDeltaSize 0 (0 bytes)
. DeltaEntries 0
. RawDeltaSize 0 (0 bytes)
. TotalDestinationSizeChange 111 (111 bytes)
. Errors 2
. -------------------------------------------------
. 

2020-09-30-12:41:57 AM - [BART-Loglevel4] Files backup done!

2020-09-30-12:41:57 AM - [BART-Loglevel4] Running maintenance commands
2020-09-30-12:41:57 AM - [BART-Loglevel4] Running command - /usr/bin/duplicity remove-older-than 12M -v4 --log-file=/var/ALF_BACKUP/cardinal/logs/alfresco-bart-2020-09-30.log  --force scp://quayadmin@172.18.200.71//var/ALF_BACKUP/cardinal/data_backup/index/backup
ERROR 23
. Another instance is already running with this archive directory
. If you are sure that this is the  only instance running you may delete
. the following lockfile and run the command again :
. 	/home/quayadmin/.cache/duplicity/02fb881b21b3b0376af03d74886f740b/lockfile.lock

2020-09-30-12:41:58 AM - [BART-Loglevel4] Running command - /usr/bin/duplicity remove-all-but-n-full 6 -v4 --log-file=/var/ALF_BACKUP/cardinal/logs/alfresco-bart-2020-09-30.log  --force scp://quayadmin@172.18.200.71//var/ALF_BACKUP/cardinal/data_backup/index/backup
ERROR 23
. Another instance is already running with this archive directory
. If you are sure that this is the  only instance running you may delete
. the following lockfile and run the command again :
. 	/home/quayadmin/.cache/duplicity/02fb881b21b3b0376af03d74886f740b/lockfile.lock

Local and Remote metadata are synchronized, no sync needed.
NOTICE 1
. Local and Remote metadata are synchronized, no sync needed.

Last full backup date: Sun Sep 20 11:27:59 2020
NOTICE 1
. Last full backup date: Sun Sep 20 11:27:59 2020

No old backup sets found, nothing deleted.
NOTICE 1
. No old backup sets found, nothing deleted.

Local and Remote metadata are synchronized, no sync needed.
NOTICE 1
. Local and Remote metadata are synchronized, no sync needed.

Last full backup date: Sun Sep 20 11:27:59 2020
NOTICE 1
. Last full backup date: Sun Sep 20 11:27:59 2020

No old backup sets found, nothing deleted.
NOTICE 1
. No old backup sets found, nothing deleted.

2020-09-30-12:42:03 AM - [BART-Loglevel4] Running command - /usr/bin/duplicity remove-older-than 12M -v4 --log-file=/var/ALF_BACKUP/cardinal/logs/alfresco-bart-2020-09-30.log  --force scp://quayadmin@172.18.200.71//var/ALF_BACKUP/cardinal/data_backup/db
Local and Remote metadata are synchronized, no sync needed.
NOTICE 1
. Local and Remote metadata are synchronized, no sync needed.

Last full backup date: Sun Sep 20 11:38:17 2020
NOTICE 1
. Last full backup date: Sun Sep 20 11:38:17 2020

No old backup sets found, nothing deleted.
NOTICE 1
. No old backup sets found, nothing deleted.

2020-09-30-12:42:04 AM - [BART-Loglevel4] Running command - /usr/bin/duplicity remove-all-but-n-full 6 -v4 --log-file=/var/ALF_BACKUP/cardinal/logs/alfresco-bart-2020-09-30.log  --force scp://quayadmin@172.18.200.71//var/ALF_BACKUP/cardinal/data_backup/db
Local and Remote metadata are synchronized, no sync needed.
NOTICE 1
. Local and Remote metadata are synchronized, no sync needed.

Last full backup date: Sun Sep 20 11:38:17 2020
NOTICE 1
. Last full backup date: Sun Sep 20 11:38:17 2020

No old backup sets found, nothing deleted.
NOTICE 1
. No old backup sets found, nothing deleted.

2020-09-30-12:42:05 AM - [BART-Loglevel4] Running command - /usr/bin/duplicity remove-older-than 12M -v4 --log-file=/var/ALF_BACKUP/cardinal/logs/alfresco-bart-2020-09-30.log  --force scp://quayadmin@172.18.200.71//var/ALF_BACKUP/cardinal/data_backup/cs
Local and Remote metadata are synchronized, no sync needed.
NOTICE 1
. Local and Remote metadata are synchronized, no sync needed.

Last full backup date: Sun Sep 20 11:38:22 2020
NOTICE 1
. Last full backup date: Sun Sep 20 11:38:22 2020

No old backup sets found, nothing deleted.
NOTICE 1
. No old backup sets found, nothing deleted.

2020-09-30-12:42:08 AM - [BART-Loglevel4] Running command - /usr/bin/duplicity remove-all-but-n-full 6 -v4 --log-file=/var/ALF_BACKUP/cardinal/logs/alfresco-bart-2020-09-30.log  --force scp://quayadmin@172.18.200.71//var/ALF_BACKUP/cardinal/data_backup/cs
Local and Remote metadata are synchronized, no sync needed.
NOTICE 1
. Local and Remote metadata are synchronized, no sync needed.

Last full backup date: Sun Sep 20 11:38:22 2020
NOTICE 1
. Last full backup date: Sun Sep 20 11:38:22 2020

No old backup sets found, nothing deleted.
NOTICE 1
. No old backup sets found, nothing deleted.

2020-09-30-12:42:11 AM - [BART-Loglevel4] Running command - /usr/bin/duplicity remove-older-than 12M -v4 --log-file=/var/ALF_BACKUP/cardinal/logs/alfresco-bart-2020-09-30.log  --force scp://quayadmin@172.18.200.71//var/ALF_BACKUP/cardinal/data_backup/files
Local and Remote metadata are synchronized, no sync needed.
NOTICE 1
. Local and Remote metadata are synchronized, no sync needed.

Last full backup date: Sun Sep 20 13:30:14 2020
NOTICE 1
. Last full backup date: Sun Sep 20 13:30:14 2020

No old backup sets found, nothing deleted.
NOTICE 1
. No old backup sets found, nothing deleted.

2020-09-30-12:42:12 AM - [BART-Loglevel4] Running command - /usr/bin/duplicity remove-all-but-n-full 6 -v4 --log-file=/var/ALF_BACKUP/cardinal/logs/alfresco-bart-2020-09-30.log  --force scp://quayadmin@172.18.200.71//var/ALF_BACKUP/cardinal/data_backup/files
Local and Remote metadata are synchronized, no sync needed.
NOTICE 1
. Local and Remote metadata are synchronized, no sync needed.

Last full backup date: Sun Sep 20 13:30:14 2020
NOTICE 1
. Last full backup date: Sun Sep 20 13:30:14 2020

No old backup sets found, nothing deleted.
NOTICE 1
. No old backup sets found, nothing deleted.

2020-09-30-12:42:14 AM - [BART-Loglevel4] Maintenance commands DONE!
