Shutting Down Docker Instance
DOCKER INSTANCE IS DOWN
2020-12-30-11:00:01 PM - [BART-Loglevel4] Starting backup
2020-12-30-11:00:01 PM - [BART-Loglevel4] Set script variables done

2020-12-30-11:00:01 PM - [BART-Loglevel4] Backing up the Alfresco indexes to local
2020-12-30-11:00:01 PM - [BART-Loglevel4] Starting backup - Alfresco solr indexes
2020-12-30-11:00:01 PM - [BART-Loglevel4] Running command - /usr/bin/duplicity -v4 --volsize=20000 --log-file=/var/ALF_BACKUP/cardinal/logs/alfresco-bart-2020-12-30.log --full-if-older-than 60D --asynchronous-upload   /var/DOCKER/DATA/alfresco/cardinal/solr_data --exclude /var/DOCKER/DATA/alfresco/cardinal/solr_data/archive --exclude /var/DOCKER/DATA/alfresco/cardinal/solr_data/workspace file:///mnt/ALF_BACKUP/cardinal/data_backup/index/config
Local and Remote metadata are synchronized, no sync needed.
NOTICE 1
. Local and Remote metadata are synchronized, no sync needed.

Last full backup date: Sat Nov 21 06:50:13 2020
NOTICE 1
. Last full backup date: Sat Nov 21 06:50:13 2020

--------------[ Backup Statistics ]--------------
StartTime 1609369202.22 (Wed Dec 30 23:00:02 2020)
EndTime 1609369203.74 (Wed Dec 30 23:00:03 2020)
ElapsedTime 1.52 (1.52 seconds)
SourceFiles 219
SourceFileSize 1062958073 (1014 MB)
NewFiles 82
NewFileSize 15699759 (15.0 MB)
DeletedFiles 104
ChangedFiles 0
ChangedFileSize 0 (0 bytes)
ChangedDeltaSize 0 (0 bytes)
DeltaEntries 186
RawDeltaSize 15679279 (15.0 MB)
TotalDestinationSizeChange 5758148 (5.49 MB)
Errors 0
-------------------------------------------------

NOTICE 1
. --------------[ Backup Statistics ]--------------
. StartTime 1609369202.22 (Wed Dec 30 23:00:02 2020)
. EndTime 1609369203.74 (Wed Dec 30 23:00:03 2020)
. ElapsedTime 1.52 (1.52 seconds)
. SourceFiles 219
. SourceFileSize 1062958073 (1014 MB)
. NewFiles 82
. NewFileSize 15699759 (15.0 MB)
. DeletedFiles 104
. ChangedFiles 0
. ChangedFileSize 0 (0 bytes)
. ChangedDeltaSize 0 (0 bytes)
. DeltaEntries 186
. RawDeltaSize 15679279 (15.0 MB)
. TotalDestinationSizeChange 5758148 (5.49 MB)
. Errors 0
. -------------------------------------------------
. 

2020-12-30-11:00:04 PM - [BART-Loglevel4] Indexes backup finished

2020-12-30-11:00:04 PM - [BART-Loglevel4] Backing up the Alfresco db to local
2020-12-30-11:00:04 PM - [BART-Loglevel4] Starting backup - Alfresco postgresql db
2020-12-30-11:00:04 PM - [BART-Loglevel4] Backing up the Alfresco DB to local
2020-12-30-11:00:04 PM - [BART-Loglevel4] Starting backup - Alfresco postgresql DB
2020-12-30-11:00:04 PM - [BART-Loglevel4] Running command - PGPASSWORD=45osUQR234X /usr/lib/postgresql/11/bin/pg_dump -Fc -w -h 172.18.200.70 -p 5000 -U alfresco alf_cardinal > /var/ALF_BACKUP/cardinal/alfresco-db-backup/alf_cardinal.sql.Fc
2020-12-30-11:00:27 PM - [BART-Loglevel4] Running command - duplicity -v4 --volsize=20000 --log-file=/var/ALF_BACKUP/cardinal/logs/alfresco-bart-2020-12-30.log --full-if-older-than 60D --asynchronous-upload   /var/ALF_BACKUP/cardinal/alfresco-db-backup file:///mnt/ALF_BACKUP/cardinal/data_backup/db
Local and Remote metadata are synchronized, no sync needed.
NOTICE 1
. Local and Remote metadata are synchronized, no sync needed.

Last full backup date: Sat Nov 21 06:51:34 2020
NOTICE 1
. Last full backup date: Sat Nov 21 06:51:34 2020

--------------[ Backup Statistics ]--------------
StartTime 1609369228.06 (Wed Dec 30 23:00:28 2020)
EndTime 1609369230.83 (Wed Dec 30 23:00:30 2020)
ElapsedTime 2.76 (2.76 seconds)
SourceFiles 2
SourceFileSize 101141400 (96.5 MB)
NewFiles 1
NewFileSize 4096 (4.00 KB)
DeletedFiles 0
ChangedFiles 1
ChangedFileSize 101137304 (96.5 MB)
ChangedDeltaSize 0 (0 bytes)
DeltaEntries 2
RawDeltaSize 39385743 (37.6 MB)
TotalDestinationSizeChange 39405264 (37.6 MB)
Errors 0
-------------------------------------------------

NOTICE 1
. --------------[ Backup Statistics ]--------------
. StartTime 1609369228.06 (Wed Dec 30 23:00:28 2020)
. EndTime 1609369230.83 (Wed Dec 30 23:00:30 2020)
. ElapsedTime 2.76 (2.76 seconds)
. SourceFiles 2
. SourceFileSize 101141400 (96.5 MB)
. NewFiles 1
. NewFileSize 4096 (4.00 KB)
. DeletedFiles 0
. ChangedFiles 1
. ChangedFileSize 101137304 (96.5 MB)
. ChangedDeltaSize 0 (0 bytes)
. DeltaEntries 2
. RawDeltaSize 39385743 (37.6 MB)
. TotalDestinationSizeChange 39405264 (37.6 MB)
. Errors 0
. -------------------------------------------------
. 

2020-12-30-11:00:31 PM - [BART-Loglevel4] cleaning DB backup
2020-12-30-11:00:31 PM - [BART-Loglevel4] DB backup finished

2020-12-30-11:00:31 PM - [BART-Loglevel4] Backing up the Alfresco ContentStore to local
2020-12-30-11:00:31 PM - [BART-Loglevel4] Starting backup - Alfresco ContentStore
2020-12-30-11:00:31 PM - [BART-Loglevel4] Running command - /usr/bin/duplicity -v4 --volsize=20000 --log-file=/var/ALF_BACKUP/cardinal/logs/alfresco-bart-2020-12-30.log --full-if-older-than 60D --asynchronous-upload   --include /var/DOCKER/DATA/alfresco/cardinal/alfresco/alf_data_archgroup/contentstore       --exclude /var/DOCKER/DATA/alfresco/cardinal/alfresco/alf_data_archgroup /var/DOCKER/DATA/alfresco/cardinal/alfresco/alf_data_archgroup file:///mnt/ALF_BACKUP/cardinal/data_backup/cs
Local and Remote metadata are synchronized, no sync needed.
NOTICE 1
. Local and Remote metadata are synchronized, no sync needed.

Last full backup date: Sat Nov 21 06:51:40 2020
NOTICE 1
. Last full backup date: Sat Nov 21 06:51:40 2020

--------------[ Backup Statistics ]--------------
StartTime 1609369234.25 (Wed Dec 30 23:00:34 2020)
EndTime 1609369326.53 (Wed Dec 30 23:02:06 2020)
ElapsedTime 92.28 (1 minute 32.28 seconds)
SourceFiles 274856
SourceFileSize 125967229004 (117 GB)
NewFiles 1286
NewFileSize 173419623 (165 MB)
DeletedFiles 63
ChangedFiles 0
ChangedFileSize 0 (0 bytes)
ChangedDeltaSize 0 (0 bytes)
DeltaEntries 1349
RawDeltaSize 172481639 (164 MB)
TotalDestinationSizeChange 142213057 (136 MB)
Errors 0
-------------------------------------------------

NOTICE 1
. --------------[ Backup Statistics ]--------------
. StartTime 1609369234.25 (Wed Dec 30 23:00:34 2020)
. EndTime 1609369326.53 (Wed Dec 30 23:02:06 2020)
. ElapsedTime 92.28 (1 minute 32.28 seconds)
. SourceFiles 274856
. SourceFileSize 125967229004 (117 GB)
. NewFiles 1286
. NewFileSize 173419623 (165 MB)
. DeletedFiles 63
. ChangedFiles 0
. ChangedFileSize 0 (0 bytes)
. ChangedDeltaSize 0 (0 bytes)
. DeltaEntries 1349
. RawDeltaSize 172481639 (164 MB)
. TotalDestinationSizeChange 142213057 (136 MB)
. Errors 0
. -------------------------------------------------
. 

2020-12-30-11:02:09 PM - [BART-Loglevel4] ContentStore backup done!

2020-12-30-11:02:09 PM - [BART-Loglevel4] Backing up the Alfresco files to local
2020-12-30-11:02:09 PM - [BART-Loglevel4] Starting backup - Alfresco files
2020-12-30-11:02:09 PM - [BART-Loglevel4] Running command - /usr/bin/duplicity -v4 --volsize=20000 --log-file=/var/ALF_BACKUP/cardinal/logs/alfresco-bart-2020-12-30.log --full-if-older-than 60D --asynchronous-upload   /var/DOCKER/DATA/alfresco/cardinal/alfresco  --exclude **/var/DOCKER/DATA/alfresco/cardinal/solr_data/archive**  --exclude **/var/DOCKER/DATA/alfresco/cardinal/solr_data**  --exclude **/var/DOCKER/DATA/alfresco/cardinal/alfresco/alf_data_archgroup/contentstore**  --exclude **/var/DOCKER/DATA/alfresco/cardinal/alfresco/alf_data_archgroup/contentstore.deleted**       --exclude **/var/ALF_BACKUP/cardinal/alfresco-db-backup**  file:///mnt/ALF_BACKUP/cardinal/data_backup/files
Local and Remote metadata are synchronized, no sync needed.
NOTICE 1
. Local and Remote metadata are synchronized, no sync needed.

Last full backup date: Sat Nov 21 08:25:05 2020
NOTICE 1
. Last full backup date: Sat Nov 21 08:25:05 2020

--------------[ Backup Statistics ]--------------
StartTime 1609369331.98 (Wed Dec 30 23:02:11 2020)
EndTime 1609369412.80 (Wed Dec 30 23:03:32 2020)
ElapsedTime 80.82 (1 minute 20.82 seconds)
SourceFiles 318918
SourceFileSize 22677932355 (21.1 GB)
NewFiles 0
NewFileSize 0 (0 bytes)
DeletedFiles 0
ChangedFiles 0
ChangedFileSize 0 (0 bytes)
ChangedDeltaSize 0 (0 bytes)
DeltaEntries 0
RawDeltaSize 0 (0 bytes)
TotalDestinationSizeChange 108 (108 bytes)
Errors 0
-------------------------------------------------

NOTICE 1
. --------------[ Backup Statistics ]--------------
. StartTime 1609369331.98 (Wed Dec 30 23:02:11 2020)
. EndTime 1609369412.80 (Wed Dec 30 23:03:32 2020)
. ElapsedTime 80.82 (1 minute 20.82 seconds)
. SourceFiles 318918
. SourceFileSize 22677932355 (21.1 GB)
. NewFiles 0
. NewFileSize 0 (0 bytes)
. DeletedFiles 0
. ChangedFiles 0
. ChangedFileSize 0 (0 bytes)
. ChangedDeltaSize 0 (0 bytes)
. DeltaEntries 0
. RawDeltaSize 0 (0 bytes)
. TotalDestinationSizeChange 108 (108 bytes)
. Errors 0
. -------------------------------------------------
. 

2020-12-30-11:03:33 PM - [BART-Loglevel4] Files backup done!

2020-12-30-11:03:33 PM - [BART-Loglevel4] Running maintenance commands
2020-12-30-11:03:33 PM - [BART-Loglevel4] Running command - /usr/bin/duplicity remove-older-than 12M -v4 --log-file=/var/ALF_BACKUP/cardinal/logs/alfresco-bart-2020-12-30.log  --force file:///mnt/ALF_BACKUP/cardinal/data_backup/index/backup
Local and Remote metadata are synchronized, no sync needed.
NOTICE 1
. Local and Remote metadata are synchronized, no sync needed.

Last full backup date: none
NOTICE 1
. Last full backup date: none

No old backup sets found, nothing deleted.
NOTICE 1
. No old backup sets found, nothing deleted.

2020-12-30-11:03:33 PM - [BART-Loglevel4] Running command - /usr/bin/duplicity remove-all-but-n-full 6 -v4 --log-file=/var/ALF_BACKUP/cardinal/logs/alfresco-bart-2020-12-30.log  --force file:///mnt/ALF_BACKUP/cardinal/data_backup/index/backup
Local and Remote metadata are synchronized, no sync needed.
NOTICE 1
. Local and Remote metadata are synchronized, no sync needed.

Last full backup date: none
NOTICE 1
. Last full backup date: none

No old backup sets found, nothing deleted.
NOTICE 1
. No old backup sets found, nothing deleted.

Local and Remote metadata are synchronized, no sync needed.
NOTICE 1
. Local and Remote metadata are synchronized, no sync needed.

Last full backup date: Sat Nov 21 06:50:13 2020
NOTICE 1
. Last full backup date: Sat Nov 21 06:50:13 2020

No old backup sets found, nothing deleted.
NOTICE 1
. No old backup sets found, nothing deleted.

Local and Remote metadata are synchronized, no sync needed.
NOTICE 1
. Local and Remote metadata are synchronized, no sync needed.

Last full backup date: Sat Nov 21 06:50:13 2020
NOTICE 1
. Last full backup date: Sat Nov 21 06:50:13 2020

No old backup sets found, nothing deleted.
NOTICE 1
. No old backup sets found, nothing deleted.

2020-12-30-11:03:34 PM - [BART-Loglevel4] Running command - /usr/bin/duplicity remove-older-than 12M -v4 --log-file=/var/ALF_BACKUP/cardinal/logs/alfresco-bart-2020-12-30.log  --force file:///mnt/ALF_BACKUP/cardinal/data_backup/db
Local and Remote metadata are synchronized, no sync needed.
NOTICE 1
. Local and Remote metadata are synchronized, no sync needed.

Last full backup date: Sat Nov 21 06:51:34 2020
NOTICE 1
. Last full backup date: Sat Nov 21 06:51:34 2020

No old backup sets found, nothing deleted.
NOTICE 1
. No old backup sets found, nothing deleted.

2020-12-30-11:03:35 PM - [BART-Loglevel4] Running command - /usr/bin/duplicity remove-all-but-n-full 6 -v4 --log-file=/var/ALF_BACKUP/cardinal/logs/alfresco-bart-2020-12-30.log  --force file:///mnt/ALF_BACKUP/cardinal/data_backup/db
Local and Remote metadata are synchronized, no sync needed.
NOTICE 1
. Local and Remote metadata are synchronized, no sync needed.

Last full backup date: Sat Nov 21 06:51:34 2020
NOTICE 1
. Last full backup date: Sat Nov 21 06:51:34 2020

No old backup sets found, nothing deleted.
NOTICE 1
. No old backup sets found, nothing deleted.

2020-12-30-11:03:35 PM - [BART-Loglevel4] Running command - /usr/bin/duplicity remove-older-than 12M -v4 --log-file=/var/ALF_BACKUP/cardinal/logs/alfresco-bart-2020-12-30.log  --force file:///mnt/ALF_BACKUP/cardinal/data_backup/cs
Local and Remote metadata are synchronized, no sync needed.
NOTICE 1
. Local and Remote metadata are synchronized, no sync needed.

Last full backup date: Sat Nov 21 06:51:40 2020
NOTICE 1
. Last full backup date: Sat Nov 21 06:51:40 2020

No old backup sets found, nothing deleted.
NOTICE 1
. No old backup sets found, nothing deleted.

2020-12-30-11:03:37 PM - [BART-Loglevel4] Running command - /usr/bin/duplicity remove-all-but-n-full 6 -v4 --log-file=/var/ALF_BACKUP/cardinal/logs/alfresco-bart-2020-12-30.log  --force file:///mnt/ALF_BACKUP/cardinal/data_backup/cs
Local and Remote metadata are synchronized, no sync needed.
NOTICE 1
. Local and Remote metadata are synchronized, no sync needed.

Last full backup date: Sat Nov 21 06:51:40 2020
NOTICE 1
. Last full backup date: Sat Nov 21 06:51:40 2020

No old backup sets found, nothing deleted.
NOTICE 1
. No old backup sets found, nothing deleted.

2020-12-30-11:03:39 PM - [BART-Loglevel4] Running command - /usr/bin/duplicity remove-older-than 12M -v4 --log-file=/var/ALF_BACKUP/cardinal/logs/alfresco-bart-2020-12-30.log  --force file:///mnt/ALF_BACKUP/cardinal/data_backup/files
Local and Remote metadata are synchronized, no sync needed.
NOTICE 1
. Local and Remote metadata are synchronized, no sync needed.

Last full backup date: Sat Nov 21 08:25:05 2020
NOTICE 1
. Last full backup date: Sat Nov 21 08:25:05 2020

No old backup sets found, nothing deleted.
NOTICE 1
. No old backup sets found, nothing deleted.

2020-12-30-11:03:42 PM - [BART-Loglevel4] Running command - /usr/bin/duplicity remove-all-but-n-full 6 -v4 --log-file=/var/ALF_BACKUP/cardinal/logs/alfresco-bart-2020-12-30.log  --force file:///mnt/ALF_BACKUP/cardinal/data_backup/files
Local and Remote metadata are synchronized, no sync needed.
NOTICE 1
. Local and Remote metadata are synchronized, no sync needed.

Last full backup date: Sat Nov 21 08:25:05 2020
NOTICE 1
. Last full backup date: Sat Nov 21 08:25:05 2020

No old backup sets found, nothing deleted.
NOTICE 1
. No old backup sets found, nothing deleted.

2020-12-30-11:03:44 PM - [BART-Loglevel4] Maintenance commands DONE!
