Shutting Down Docker Instance
DOCKER INSTANCE IS DOWN
2021-01-18-11:00:01 PM - [BART-Loglevel4] Starting backup
2021-01-18-11:00:01 PM - [BART-Loglevel4] Set script variables done

2021-01-18-11:00:01 PM - [BART-Loglevel4] Backing up the Alfresco indexes to local
2021-01-18-11:00:01 PM - [BART-Loglevel4] Starting backup - Alfresco solr indexes
2021-01-18-11:00:01 PM - [BART-Loglevel4] Running command - /usr/bin/duplicity -v4 --volsize=20000 --log-file=/var/ALF_BACKUP/cardinal/logs/alfresco-bart-2021-01-18.log --full-if-older-than 60D --asynchronous-upload   /var/DOCKER/DATA/alfresco/cardinal/solr_data --exclude /var/DOCKER/DATA/alfresco/cardinal/solr_data/archive --exclude /var/DOCKER/DATA/alfresco/cardinal/solr_data/workspace file:///mnt/ALF_BACKUP/cardinal/data_backup/index/config
Local and Remote metadata are synchronized, no sync needed.
NOTICE 1
. Local and Remote metadata are synchronized, no sync needed.

Last full backup date: Sat Nov 21 06:50:13 2020
NOTICE 1
. Last full backup date: Sat Nov 21 06:50:13 2020

--------------[ Backup Statistics ]--------------
StartTime 1611010802.17 (Mon Jan 18 23:00:02 2021)
EndTime 1611010806.11 (Mon Jan 18 23:00:06 2021)
ElapsedTime 3.94 (3.94 seconds)
SourceFiles 174
SourceFileSize 1113586868 (1.04 GB)
NewFiles 44
NewFileSize 56133334 (53.5 MB)
DeletedFiles 35
ChangedFiles 0
ChangedFileSize 0 (0 bytes)
ChangedDeltaSize 0 (0 bytes)
DeltaEntries 79
RawDeltaSize 56112854 (53.5 MB)
TotalDestinationSizeChange 24975778 (23.8 MB)
Errors 0
-------------------------------------------------

NOTICE 1
. --------------[ Backup Statistics ]--------------
. StartTime 1611010802.17 (Mon Jan 18 23:00:02 2021)
. EndTime 1611010806.11 (Mon Jan 18 23:00:06 2021)
. ElapsedTime 3.94 (3.94 seconds)
. SourceFiles 174
. SourceFileSize 1113586868 (1.04 GB)
. NewFiles 44
. NewFileSize 56133334 (53.5 MB)
. DeletedFiles 35
. ChangedFiles 0
. ChangedFileSize 0 (0 bytes)
. ChangedDeltaSize 0 (0 bytes)
. DeltaEntries 79
. RawDeltaSize 56112854 (53.5 MB)
. TotalDestinationSizeChange 24975778 (23.8 MB)
. Errors 0
. -------------------------------------------------
. 

2021-01-18-11:00:06 PM - [BART-Loglevel4] Indexes backup finished

2021-01-18-11:00:06 PM - [BART-Loglevel4] Backing up the Alfresco db to local
2021-01-18-11:00:06 PM - [BART-Loglevel4] Starting backup - Alfresco postgresql db
2021-01-18-11:00:06 PM - [BART-Loglevel4] Backing up the Alfresco DB to local
2021-01-18-11:00:06 PM - [BART-Loglevel4] Starting backup - Alfresco postgresql DB
2021-01-18-11:00:06 PM - [BART-Loglevel4] Running command - PGPASSWORD=45osUQR234X /usr/lib/postgresql/11/bin/pg_dump -Fc -w -h 172.18.200.70 -p 5000 -U alfresco alf_cardinal > /var/ALF_BACKUP/cardinal/alfresco-db-backup/alf_cardinal.sql.Fc
2021-01-18-11:00:31 PM - [BART-Loglevel4] Running command - duplicity -v4 --volsize=20000 --log-file=/var/ALF_BACKUP/cardinal/logs/alfresco-bart-2021-01-18.log --full-if-older-than 60D --asynchronous-upload   /var/ALF_BACKUP/cardinal/alfresco-db-backup file:///mnt/ALF_BACKUP/cardinal/data_backup/db
Local and Remote metadata are synchronized, no sync needed.
NOTICE 1
. Local and Remote metadata are synchronized, no sync needed.

Last full backup date: Sat Nov 21 06:51:34 2020
NOTICE 1
. Last full backup date: Sat Nov 21 06:51:34 2020

--------------[ Backup Statistics ]--------------
StartTime 1611010831.94 (Mon Jan 18 23:00:31 2021)
EndTime 1611010836.59 (Mon Jan 18 23:00:36 2021)
ElapsedTime 4.64 (4.64 seconds)
SourceFiles 2
SourceFileSize 105962063 (101 MB)
NewFiles 1
NewFileSize 4096 (4.00 KB)
DeletedFiles 0
ChangedFiles 1
ChangedFileSize 105957967 (101 MB)
ChangedDeltaSize 0 (0 bytes)
DeltaEntries 2
RawDeltaSize 78284624 (74.7 MB)
TotalDestinationSizeChange 77689741 (74.1 MB)
Errors 0
-------------------------------------------------

NOTICE 1
. --------------[ Backup Statistics ]--------------
. StartTime 1611010831.94 (Mon Jan 18 23:00:31 2021)
. EndTime 1611010836.59 (Mon Jan 18 23:00:36 2021)
. ElapsedTime 4.64 (4.64 seconds)
. SourceFiles 2
. SourceFileSize 105962063 (101 MB)
. NewFiles 1
. NewFileSize 4096 (4.00 KB)
. DeletedFiles 0
. ChangedFiles 1
. ChangedFileSize 105957967 (101 MB)
. ChangedDeltaSize 0 (0 bytes)
. DeltaEntries 2
. RawDeltaSize 78284624 (74.7 MB)
. TotalDestinationSizeChange 77689741 (74.1 MB)
. Errors 0
. -------------------------------------------------
. 

2021-01-18-11:00:37 PM - [BART-Loglevel4] cleaning DB backup
2021-01-18-11:00:37 PM - [BART-Loglevel4] DB backup finished

2021-01-18-11:00:37 PM - [BART-Loglevel4] Backing up the Alfresco ContentStore to local
2021-01-18-11:00:37 PM - [BART-Loglevel4] Starting backup - Alfresco ContentStore
2021-01-18-11:00:37 PM - [BART-Loglevel4] Running command - /usr/bin/duplicity -v4 --volsize=20000 --log-file=/var/ALF_BACKUP/cardinal/logs/alfresco-bart-2021-01-18.log --full-if-older-than 60D --asynchronous-upload   --include /var/DOCKER/DATA/alfresco/cardinal/alfresco/alf_data_archgroup/contentstore       --exclude /var/DOCKER/DATA/alfresco/cardinal/alfresco/alf_data_archgroup /var/DOCKER/DATA/alfresco/cardinal/alfresco/alf_data_archgroup file:///mnt/ALF_BACKUP/cardinal/data_backup/cs
Local and Remote metadata are synchronized, no sync needed.
NOTICE 1
. Local and Remote metadata are synchronized, no sync needed.

Last full backup date: Sat Nov 21 06:51:40 2020
NOTICE 1
. Last full backup date: Sat Nov 21 06:51:40 2020

--------------[ Backup Statistics ]--------------
StartTime 1611010841.05 (Mon Jan 18 23:00:41 2021)
EndTime 1611010960.14 (Mon Jan 18 23:02:40 2021)
ElapsedTime 119.09 (1 minute 59.09 seconds)
SourceFiles 296545
SourceFileSize 129979277689 (121 GB)
NewFiles 1527
NewFileSize 607139901 (579 MB)
DeletedFiles 0
ChangedFiles 0
ChangedFileSize 0 (0 bytes)
ChangedDeltaSize 0 (0 bytes)
DeltaEntries 1527
RawDeltaSize 605849661 (578 MB)
TotalDestinationSizeChange 570391677 (544 MB)
Errors 0
-------------------------------------------------

NOTICE 1
. --------------[ Backup Statistics ]--------------
. StartTime 1611010841.05 (Mon Jan 18 23:00:41 2021)
. EndTime 1611010960.14 (Mon Jan 18 23:02:40 2021)
. ElapsedTime 119.09 (1 minute 59.09 seconds)
. SourceFiles 296545
. SourceFileSize 129979277689 (121 GB)
. NewFiles 1527
. NewFileSize 607139901 (579 MB)
. DeletedFiles 0
. ChangedFiles 0
. ChangedFileSize 0 (0 bytes)
. ChangedDeltaSize 0 (0 bytes)
. DeltaEntries 1527
. RawDeltaSize 605849661 (578 MB)
. TotalDestinationSizeChange 570391677 (544 MB)
. Errors 0
. -------------------------------------------------
. 

2021-01-18-11:02:47 PM - [BART-Loglevel4] ContentStore backup done!

2021-01-18-11:02:47 PM - [BART-Loglevel4] Backing up the Alfresco files to local
2021-01-18-11:02:47 PM - [BART-Loglevel4] Starting backup - Alfresco files
2021-01-18-11:02:47 PM - [BART-Loglevel4] Running command - /usr/bin/duplicity -v4 --volsize=20000 --log-file=/var/ALF_BACKUP/cardinal/logs/alfresco-bart-2021-01-18.log --full-if-older-than 60D --asynchronous-upload   /var/DOCKER/DATA/alfresco/cardinal/alfresco  --exclude **/var/DOCKER/DATA/alfresco/cardinal/solr_data/archive**  --exclude **/var/DOCKER/DATA/alfresco/cardinal/solr_data**  --exclude **/var/DOCKER/DATA/alfresco/cardinal/alfresco/alf_data_archgroup/contentstore**  --exclude **/var/DOCKER/DATA/alfresco/cardinal/alfresco/alf_data_archgroup/contentstore.deleted**       --exclude **/var/ALF_BACKUP/cardinal/alfresco-db-backup**  file:///mnt/ALF_BACKUP/cardinal/data_backup/files
Local and Remote metadata are synchronized, no sync needed.
NOTICE 1
. Local and Remote metadata are synchronized, no sync needed.

Last full backup date: Sat Nov 21 08:25:05 2020
NOTICE 1
. Last full backup date: Sat Nov 21 08:25:05 2020

--------------[ Backup Statistics ]--------------
StartTime 1611010970.34 (Mon Jan 18 23:02:50 2021)
EndTime 1611011049.91 (Mon Jan 18 23:04:09 2021)
ElapsedTime 79.57 (1 minute 19.57 seconds)
SourceFiles 318918
SourceFileSize 22677932455 (21.1 GB)
NewFiles 0
NewFileSize 0 (0 bytes)
DeletedFiles 0
ChangedFiles 0
ChangedFileSize 0 (0 bytes)
ChangedDeltaSize 0 (0 bytes)
DeltaEntries 0
RawDeltaSize 0 (0 bytes)
TotalDestinationSizeChange 110 (110 bytes)
Errors 0
-------------------------------------------------

NOTICE 1
. --------------[ Backup Statistics ]--------------
. StartTime 1611010970.34 (Mon Jan 18 23:02:50 2021)
. EndTime 1611011049.91 (Mon Jan 18 23:04:09 2021)
. ElapsedTime 79.57 (1 minute 19.57 seconds)
. SourceFiles 318918
. SourceFileSize 22677932455 (21.1 GB)
. NewFiles 0
. NewFileSize 0 (0 bytes)
. DeletedFiles 0
. ChangedFiles 0
. ChangedFileSize 0 (0 bytes)
. ChangedDeltaSize 0 (0 bytes)
. DeltaEntries 0
. RawDeltaSize 0 (0 bytes)
. TotalDestinationSizeChange 110 (110 bytes)
. Errors 0
. -------------------------------------------------
. 

2021-01-18-11:04:10 PM - [BART-Loglevel4] Files backup done!

2021-01-18-11:04:10 PM - [BART-Loglevel4] Running maintenance commands
2021-01-18-11:04:10 PM - [BART-Loglevel4] Running command - /usr/bin/duplicity remove-older-than 12M -v4 --log-file=/var/ALF_BACKUP/cardinal/logs/alfresco-bart-2021-01-18.log  --force file:///mnt/ALF_BACKUP/cardinal/data_backup/index/backup
Local and Remote metadata are synchronized, no sync needed.
NOTICE 1
. Local and Remote metadata are synchronized, no sync needed.

Last full backup date: none
NOTICE 1
. Last full backup date: none

No old backup sets found, nothing deleted.
NOTICE 1
. No old backup sets found, nothing deleted.

2021-01-18-11:04:10 PM - [BART-Loglevel4] Running command - /usr/bin/duplicity remove-all-but-n-full 6 -v4 --log-file=/var/ALF_BACKUP/cardinal/logs/alfresco-bart-2021-01-18.log  --force file:///mnt/ALF_BACKUP/cardinal/data_backup/index/backup
Local and Remote metadata are synchronized, no sync needed.
NOTICE 1
. Local and Remote metadata are synchronized, no sync needed.

Last full backup date: none
NOTICE 1
. Last full backup date: none

No old backup sets found, nothing deleted.
NOTICE 1
. No old backup sets found, nothing deleted.

Local and Remote metadata are synchronized, no sync needed.
NOTICE 1
. Local and Remote metadata are synchronized, no sync needed.

Last full backup date: Sat Nov 21 06:50:13 2020
NOTICE 1
. Last full backup date: Sat Nov 21 06:50:13 2020

No old backup sets found, nothing deleted.
NOTICE 1
. No old backup sets found, nothing deleted.

Local and Remote metadata are synchronized, no sync needed.
NOTICE 1
. Local and Remote metadata are synchronized, no sync needed.

Last full backup date: Sat Nov 21 06:50:13 2020
NOTICE 1
. Last full backup date: Sat Nov 21 06:50:13 2020

No old backup sets found, nothing deleted.
NOTICE 1
. No old backup sets found, nothing deleted.

2021-01-18-11:04:12 PM - [BART-Loglevel4] Running command - /usr/bin/duplicity remove-older-than 12M -v4 --log-file=/var/ALF_BACKUP/cardinal/logs/alfresco-bart-2021-01-18.log  --force file:///mnt/ALF_BACKUP/cardinal/data_backup/db
Local and Remote metadata are synchronized, no sync needed.
NOTICE 1
. Local and Remote metadata are synchronized, no sync needed.

Last full backup date: Sat Nov 21 06:51:34 2020
NOTICE 1
. Last full backup date: Sat Nov 21 06:51:34 2020

No old backup sets found, nothing deleted.
NOTICE 1
. No old backup sets found, nothing deleted.

2021-01-18-11:04:12 PM - [BART-Loglevel4] Running command - /usr/bin/duplicity remove-all-but-n-full 6 -v4 --log-file=/var/ALF_BACKUP/cardinal/logs/alfresco-bart-2021-01-18.log  --force file:///mnt/ALF_BACKUP/cardinal/data_backup/db
Local and Remote metadata are synchronized, no sync needed.
NOTICE 1
. Local and Remote metadata are synchronized, no sync needed.

Last full backup date: Sat Nov 21 06:51:34 2020
NOTICE 1
. Last full backup date: Sat Nov 21 06:51:34 2020

No old backup sets found, nothing deleted.
NOTICE 1
. No old backup sets found, nothing deleted.

2021-01-18-11:04:13 PM - [BART-Loglevel4] Running command - /usr/bin/duplicity remove-older-than 12M -v4 --log-file=/var/ALF_BACKUP/cardinal/logs/alfresco-bart-2021-01-18.log  --force file:///mnt/ALF_BACKUP/cardinal/data_backup/cs
Local and Remote metadata are synchronized, no sync needed.
NOTICE 1
. Local and Remote metadata are synchronized, no sync needed.

Last full backup date: Sat Nov 21 06:51:40 2020
NOTICE 1
. Last full backup date: Sat Nov 21 06:51:40 2020

No old backup sets found, nothing deleted.
NOTICE 1
. No old backup sets found, nothing deleted.

2021-01-18-11:04:15 PM - [BART-Loglevel4] Running command - /usr/bin/duplicity remove-all-but-n-full 6 -v4 --log-file=/var/ALF_BACKUP/cardinal/logs/alfresco-bart-2021-01-18.log  --force file:///mnt/ALF_BACKUP/cardinal/data_backup/cs
Local and Remote metadata are synchronized, no sync needed.
NOTICE 1
. Local and Remote metadata are synchronized, no sync needed.

Last full backup date: Sat Nov 21 06:51:40 2020
NOTICE 1
. Last full backup date: Sat Nov 21 06:51:40 2020

No old backup sets found, nothing deleted.
NOTICE 1
. No old backup sets found, nothing deleted.

2021-01-18-11:04:17 PM - [BART-Loglevel4] Running command - /usr/bin/duplicity remove-older-than 12M -v4 --log-file=/var/ALF_BACKUP/cardinal/logs/alfresco-bart-2021-01-18.log  --force file:///mnt/ALF_BACKUP/cardinal/data_backup/files
Local and Remote metadata are synchronized, no sync needed.
NOTICE 1
. Local and Remote metadata are synchronized, no sync needed.

Last full backup date: Sat Nov 21 08:25:05 2020
NOTICE 1
. Last full backup date: Sat Nov 21 08:25:05 2020

No old backup sets found, nothing deleted.
NOTICE 1
. No old backup sets found, nothing deleted.

2021-01-18-11:04:20 PM - [BART-Loglevel4] Running command - /usr/bin/duplicity remove-all-but-n-full 6 -v4 --log-file=/var/ALF_BACKUP/cardinal/logs/alfresco-bart-2021-01-18.log  --force file:///mnt/ALF_BACKUP/cardinal/data_backup/files
Local and Remote metadata are synchronized, no sync needed.
NOTICE 1
. Local and Remote metadata are synchronized, no sync needed.

Last full backup date: Sat Nov 21 08:25:05 2020
NOTICE 1
. Last full backup date: Sat Nov 21 08:25:05 2020

No old backup sets found, nothing deleted.
NOTICE 1
. No old backup sets found, nothing deleted.

2021-01-18-11:04:22 PM - [BART-Loglevel4] Maintenance commands DONE!
