Shutting Down Docker Instance
DOCKER INSTANCE IS DOWN
2021-01-15-11:00:02 PM - [BART-Loglevel4] Starting backup
2021-01-15-11:00:02 PM - [BART-Loglevel4] Set script variables done

2021-01-15-11:00:02 PM - [BART-Loglevel4] Backing up the Alfresco indexes to local
2021-01-15-11:00:02 PM - [BART-Loglevel4] Starting backup - Alfresco solr indexes
2021-01-15-11:00:02 PM - [BART-Loglevel4] Running command - /usr/bin/duplicity -v4 --volsize=20000 --log-file=/var/ALF_BACKUP/cardinal/logs/alfresco-bart-2021-01-15.log --full-if-older-than 60D --asynchronous-upload   /var/DOCKER/DATA/alfresco/cardinal/solr_data --exclude /var/DOCKER/DATA/alfresco/cardinal/solr_data/archive --exclude /var/DOCKER/DATA/alfresco/cardinal/solr_data/workspace file:///mnt/ALF_BACKUP/cardinal/data_backup/index/config
Local and Remote metadata are synchronized, no sync needed.
NOTICE 1
. Local and Remote metadata are synchronized, no sync needed.

Last full backup date: Sat Nov 21 06:50:13 2020
NOTICE 1
. Last full backup date: Sat Nov 21 06:50:13 2020

--------------[ Backup Statistics ]--------------
StartTime 1610751602.92 (Fri Jan 15 23:00:02 2021)
EndTime 1610751604.98 (Fri Jan 15 23:00:04 2021)
ElapsedTime 2.06 (2.06 seconds)
SourceFiles 238
SourceFileSize 1106083981 (1.03 GB)
NewFiles 94
NewFileSize 18582250 (17.7 MB)
DeletedFiles 34
ChangedFiles 0
ChangedFileSize 0 (0 bytes)
ChangedDeltaSize 0 (0 bytes)
DeltaEntries 128
RawDeltaSize 18561770 (17.7 MB)
TotalDestinationSizeChange 7940779 (7.57 MB)
Errors 0
-------------------------------------------------

NOTICE 1
. --------------[ Backup Statistics ]--------------
. StartTime 1610751602.92 (Fri Jan 15 23:00:02 2021)
. EndTime 1610751604.98 (Fri Jan 15 23:00:04 2021)
. ElapsedTime 2.06 (2.06 seconds)
. SourceFiles 238
. SourceFileSize 1106083981 (1.03 GB)
. NewFiles 94
. NewFileSize 18582250 (17.7 MB)
. DeletedFiles 34
. ChangedFiles 0
. ChangedFileSize 0 (0 bytes)
. ChangedDeltaSize 0 (0 bytes)
. DeltaEntries 128
. RawDeltaSize 18561770 (17.7 MB)
. TotalDestinationSizeChange 7940779 (7.57 MB)
. Errors 0
. -------------------------------------------------
. 

2021-01-15-11:00:05 PM - [BART-Loglevel4] Indexes backup finished

2021-01-15-11:00:05 PM - [BART-Loglevel4] Backing up the Alfresco db to local
2021-01-15-11:00:05 PM - [BART-Loglevel4] Starting backup - Alfresco postgresql db
2021-01-15-11:00:05 PM - [BART-Loglevel4] Backing up the Alfresco DB to local
2021-01-15-11:00:05 PM - [BART-Loglevel4] Starting backup - Alfresco postgresql DB
2021-01-15-11:00:05 PM - [BART-Loglevel4] Running command - PGPASSWORD=45osUQR234X /usr/lib/postgresql/11/bin/pg_dump -Fc -w -h 172.18.200.70 -p 5000 -U alfresco alf_cardinal > /var/ALF_BACKUP/cardinal/alfresco-db-backup/alf_cardinal.sql.Fc
2021-01-15-11:00:30 PM - [BART-Loglevel4] Running command - duplicity -v4 --volsize=20000 --log-file=/var/ALF_BACKUP/cardinal/logs/alfresco-bart-2021-01-15.log --full-if-older-than 60D --asynchronous-upload   /var/ALF_BACKUP/cardinal/alfresco-db-backup file:///mnt/ALF_BACKUP/cardinal/data_backup/db
Local and Remote metadata are synchronized, no sync needed.
NOTICE 1
. Local and Remote metadata are synchronized, no sync needed.

Last full backup date: Sat Nov 21 06:51:34 2020
NOTICE 1
. Last full backup date: Sat Nov 21 06:51:34 2020

--------------[ Backup Statistics ]--------------
StartTime 1610751630.99 (Fri Jan 15 23:00:30 2021)
EndTime 1610751634.48 (Fri Jan 15 23:00:34 2021)
ElapsedTime 3.49 (3.49 seconds)
SourceFiles 2
SourceFileSize 105927813 (101 MB)
NewFiles 1
NewFileSize 4096 (4.00 KB)
DeletedFiles 0
ChangedFiles 1
ChangedFileSize 105923717 (101 MB)
ChangedDeltaSize 0 (0 bytes)
DeltaEntries 2
RawDeltaSize 53396620 (50.9 MB)
TotalDestinationSizeChange 52964978 (50.5 MB)
Errors 0
-------------------------------------------------

NOTICE 1
. --------------[ Backup Statistics ]--------------
. StartTime 1610751630.99 (Fri Jan 15 23:00:30 2021)
. EndTime 1610751634.48 (Fri Jan 15 23:00:34 2021)
. ElapsedTime 3.49 (3.49 seconds)
. SourceFiles 2
. SourceFileSize 105927813 (101 MB)
. NewFiles 1
. NewFileSize 4096 (4.00 KB)
. DeletedFiles 0
. ChangedFiles 1
. ChangedFileSize 105923717 (101 MB)
. ChangedDeltaSize 0 (0 bytes)
. DeltaEntries 2
. RawDeltaSize 53396620 (50.9 MB)
. TotalDestinationSizeChange 52964978 (50.5 MB)
. Errors 0
. -------------------------------------------------
. 

2021-01-15-11:00:35 PM - [BART-Loglevel4] cleaning DB backup
2021-01-15-11:00:35 PM - [BART-Loglevel4] DB backup finished

2021-01-15-11:00:35 PM - [BART-Loglevel4] Backing up the Alfresco ContentStore to local
2021-01-15-11:00:35 PM - [BART-Loglevel4] Starting backup - Alfresco ContentStore
2021-01-15-11:00:35 PM - [BART-Loglevel4] Running command - /usr/bin/duplicity -v4 --volsize=20000 --log-file=/var/ALF_BACKUP/cardinal/logs/alfresco-bart-2021-01-15.log --full-if-older-than 60D --asynchronous-upload   --include /var/DOCKER/DATA/alfresco/cardinal/alfresco/alf_data_archgroup/contentstore       --exclude /var/DOCKER/DATA/alfresco/cardinal/alfresco/alf_data_archgroup /var/DOCKER/DATA/alfresco/cardinal/alfresco/alf_data_archgroup file:///mnt/ALF_BACKUP/cardinal/data_backup/cs
Local and Remote metadata are synchronized, no sync needed.
NOTICE 1
. Local and Remote metadata are synchronized, no sync needed.

Last full backup date: Sat Nov 21 06:51:40 2020
NOTICE 1
. Last full backup date: Sat Nov 21 06:51:40 2020

--------------[ Backup Statistics ]--------------
StartTime 1610751638.86 (Fri Jan 15 23:00:38 2021)
EndTime 1610751744.86 (Fri Jan 15 23:02:24 2021)
ElapsedTime 106.00 (1 minute 46.00 seconds)
SourceFiles 295005
SourceFileSize 129342450171 (120 GB)
NewFiles 1894
NewFileSize 268690055 (256 MB)
DeletedFiles 318
ChangedFiles 0
ChangedFileSize 0 (0 bytes)
ChangedDeltaSize 0 (0 bytes)
DeltaEntries 2212
RawDeltaSize 266572423 (254 MB)
TotalDestinationSizeChange 226143878 (216 MB)
Errors 0
-------------------------------------------------

NOTICE 1
. --------------[ Backup Statistics ]--------------
. StartTime 1610751638.86 (Fri Jan 15 23:00:38 2021)
. EndTime 1610751744.86 (Fri Jan 15 23:02:24 2021)
. ElapsedTime 106.00 (1 minute 46.00 seconds)
. SourceFiles 295005
. SourceFileSize 129342450171 (120 GB)
. NewFiles 1894
. NewFileSize 268690055 (256 MB)
. DeletedFiles 318
. ChangedFiles 0
. ChangedFileSize 0 (0 bytes)
. ChangedDeltaSize 0 (0 bytes)
. DeltaEntries 2212
. RawDeltaSize 266572423 (254 MB)
. TotalDestinationSizeChange 226143878 (216 MB)
. Errors 0
. -------------------------------------------------
. 

2021-01-15-11:02:28 PM - [BART-Loglevel4] ContentStore backup done!

2021-01-15-11:02:28 PM - [BART-Loglevel4] Backing up the Alfresco files to local
2021-01-15-11:02:28 PM - [BART-Loglevel4] Starting backup - Alfresco files
2021-01-15-11:02:28 PM - [BART-Loglevel4] Running command - /usr/bin/duplicity -v4 --volsize=20000 --log-file=/var/ALF_BACKUP/cardinal/logs/alfresco-bart-2021-01-15.log --full-if-older-than 60D --asynchronous-upload   /var/DOCKER/DATA/alfresco/cardinal/alfresco  --exclude **/var/DOCKER/DATA/alfresco/cardinal/solr_data/archive**  --exclude **/var/DOCKER/DATA/alfresco/cardinal/solr_data**  --exclude **/var/DOCKER/DATA/alfresco/cardinal/alfresco/alf_data_archgroup/contentstore**  --exclude **/var/DOCKER/DATA/alfresco/cardinal/alfresco/alf_data_archgroup/contentstore.deleted**       --exclude **/var/ALF_BACKUP/cardinal/alfresco-db-backup**  file:///mnt/ALF_BACKUP/cardinal/data_backup/files
Local and Remote metadata are synchronized, no sync needed.
NOTICE 1
. Local and Remote metadata are synchronized, no sync needed.

Last full backup date: Sat Nov 21 08:25:05 2020
NOTICE 1
. Last full backup date: Sat Nov 21 08:25:05 2020

--------------[ Backup Statistics ]--------------
StartTime 1610751751.11 (Fri Jan 15 23:02:31 2021)
EndTime 1610751830.91 (Fri Jan 15 23:03:50 2021)
ElapsedTime 79.80 (1 minute 19.80 seconds)
SourceFiles 318918
SourceFileSize 22677932455 (21.1 GB)
NewFiles 0
NewFileSize 0 (0 bytes)
DeletedFiles 0
ChangedFiles 0
ChangedFileSize 0 (0 bytes)
ChangedDeltaSize 0 (0 bytes)
DeltaEntries 0
RawDeltaSize 0 (0 bytes)
TotalDestinationSizeChange 109 (109 bytes)
Errors 0
-------------------------------------------------

NOTICE 1
. --------------[ Backup Statistics ]--------------
. StartTime 1610751751.11 (Fri Jan 15 23:02:31 2021)
. EndTime 1610751830.91 (Fri Jan 15 23:03:50 2021)
. ElapsedTime 79.80 (1 minute 19.80 seconds)
. SourceFiles 318918
. SourceFileSize 22677932455 (21.1 GB)
. NewFiles 0
. NewFileSize 0 (0 bytes)
. DeletedFiles 0
. ChangedFiles 0
. ChangedFileSize 0 (0 bytes)
. ChangedDeltaSize 0 (0 bytes)
. DeltaEntries 0
. RawDeltaSize 0 (0 bytes)
. TotalDestinationSizeChange 109 (109 bytes)
. Errors 0
. -------------------------------------------------
. 

2021-01-15-11:03:51 PM - [BART-Loglevel4] Files backup done!

2021-01-15-11:03:51 PM - [BART-Loglevel4] Running maintenance commands
2021-01-15-11:03:51 PM - [BART-Loglevel4] Running command - /usr/bin/duplicity remove-older-than 12M -v4 --log-file=/var/ALF_BACKUP/cardinal/logs/alfresco-bart-2021-01-15.log  --force file:///mnt/ALF_BACKUP/cardinal/data_backup/index/backup
Local and Remote metadata are synchronized, no sync needed.
NOTICE 1
. Local and Remote metadata are synchronized, no sync needed.

Last full backup date: none
NOTICE 1
. Last full backup date: none

No old backup sets found, nothing deleted.
NOTICE 1
. No old backup sets found, nothing deleted.

2021-01-15-11:03:51 PM - [BART-Loglevel4] Running command - /usr/bin/duplicity remove-all-but-n-full 6 -v4 --log-file=/var/ALF_BACKUP/cardinal/logs/alfresco-bart-2021-01-15.log  --force file:///mnt/ALF_BACKUP/cardinal/data_backup/index/backup
Local and Remote metadata are synchronized, no sync needed.
NOTICE 1
. Local and Remote metadata are synchronized, no sync needed.

Last full backup date: none
NOTICE 1
. Last full backup date: none

No old backup sets found, nothing deleted.
NOTICE 1
. No old backup sets found, nothing deleted.

Local and Remote metadata are synchronized, no sync needed.
NOTICE 1
. Local and Remote metadata are synchronized, no sync needed.

Last full backup date: Sat Nov 21 06:50:13 2020
NOTICE 1
. Last full backup date: Sat Nov 21 06:50:13 2020

No old backup sets found, nothing deleted.
NOTICE 1
. No old backup sets found, nothing deleted.

Local and Remote metadata are synchronized, no sync needed.
NOTICE 1
. Local and Remote metadata are synchronized, no sync needed.

Last full backup date: Sat Nov 21 06:50:13 2020
NOTICE 1
. Last full backup date: Sat Nov 21 06:50:13 2020

No old backup sets found, nothing deleted.
NOTICE 1
. No old backup sets found, nothing deleted.

2021-01-15-11:03:52 PM - [BART-Loglevel4] Running command - /usr/bin/duplicity remove-older-than 12M -v4 --log-file=/var/ALF_BACKUP/cardinal/logs/alfresco-bart-2021-01-15.log  --force file:///mnt/ALF_BACKUP/cardinal/data_backup/db
Local and Remote metadata are synchronized, no sync needed.
NOTICE 1
. Local and Remote metadata are synchronized, no sync needed.

Last full backup date: Sat Nov 21 06:51:34 2020
NOTICE 1
. Last full backup date: Sat Nov 21 06:51:34 2020

No old backup sets found, nothing deleted.
NOTICE 1
. No old backup sets found, nothing deleted.

2021-01-15-11:03:53 PM - [BART-Loglevel4] Running command - /usr/bin/duplicity remove-all-but-n-full 6 -v4 --log-file=/var/ALF_BACKUP/cardinal/logs/alfresco-bart-2021-01-15.log  --force file:///mnt/ALF_BACKUP/cardinal/data_backup/db
Local and Remote metadata are synchronized, no sync needed.
NOTICE 1
. Local and Remote metadata are synchronized, no sync needed.

Last full backup date: Sat Nov 21 06:51:34 2020
NOTICE 1
. Last full backup date: Sat Nov 21 06:51:34 2020

No old backup sets found, nothing deleted.
NOTICE 1
. No old backup sets found, nothing deleted.

2021-01-15-11:03:54 PM - [BART-Loglevel4] Running command - /usr/bin/duplicity remove-older-than 12M -v4 --log-file=/var/ALF_BACKUP/cardinal/logs/alfresco-bart-2021-01-15.log  --force file:///mnt/ALF_BACKUP/cardinal/data_backup/cs
Local and Remote metadata are synchronized, no sync needed.
NOTICE 1
. Local and Remote metadata are synchronized, no sync needed.

Last full backup date: Sat Nov 21 06:51:40 2020
NOTICE 1
. Last full backup date: Sat Nov 21 06:51:40 2020

No old backup sets found, nothing deleted.
NOTICE 1
. No old backup sets found, nothing deleted.

2021-01-15-11:03:56 PM - [BART-Loglevel4] Running command - /usr/bin/duplicity remove-all-but-n-full 6 -v4 --log-file=/var/ALF_BACKUP/cardinal/logs/alfresco-bart-2021-01-15.log  --force file:///mnt/ALF_BACKUP/cardinal/data_backup/cs
Local and Remote metadata are synchronized, no sync needed.
NOTICE 1
. Local and Remote metadata are synchronized, no sync needed.

Last full backup date: Sat Nov 21 06:51:40 2020
NOTICE 1
. Last full backup date: Sat Nov 21 06:51:40 2020

No old backup sets found, nothing deleted.
NOTICE 1
. No old backup sets found, nothing deleted.

2021-01-15-11:03:58 PM - [BART-Loglevel4] Running command - /usr/bin/duplicity remove-older-than 12M -v4 --log-file=/var/ALF_BACKUP/cardinal/logs/alfresco-bart-2021-01-15.log  --force file:///mnt/ALF_BACKUP/cardinal/data_backup/files
Local and Remote metadata are synchronized, no sync needed.
NOTICE 1
. Local and Remote metadata are synchronized, no sync needed.

Last full backup date: Sat Nov 21 08:25:05 2020
NOTICE 1
. Last full backup date: Sat Nov 21 08:25:05 2020

No old backup sets found, nothing deleted.
NOTICE 1
. No old backup sets found, nothing deleted.

2021-01-15-11:04:01 PM - [BART-Loglevel4] Running command - /usr/bin/duplicity remove-all-but-n-full 6 -v4 --log-file=/var/ALF_BACKUP/cardinal/logs/alfresco-bart-2021-01-15.log  --force file:///mnt/ALF_BACKUP/cardinal/data_backup/files
Local and Remote metadata are synchronized, no sync needed.
NOTICE 1
. Local and Remote metadata are synchronized, no sync needed.

Last full backup date: Sat Nov 21 08:25:05 2020
NOTICE 1
. Last full backup date: Sat Nov 21 08:25:05 2020

No old backup sets found, nothing deleted.
NOTICE 1
. No old backup sets found, nothing deleted.

2021-01-15-11:04:03 PM - [BART-Loglevel4] Maintenance commands DONE!
