Shutting Down Docker Instance
DOCKER INSTANCE IS DOWN
2020-11-30-11:00:01 PM - [BART-Loglevel4] Starting backup
2020-11-30-11:00:01 PM - [BART-Loglevel4] Set script variables done

2020-11-30-11:00:01 PM - [BART-Loglevel4] Backing up the Alfresco indexes to local
2020-11-30-11:00:01 PM - [BART-Loglevel4] Starting backup - Alfresco solr indexes
2020-11-30-11:00:01 PM - [BART-Loglevel4] Running command - /usr/bin/duplicity -v4 --volsize=20000 --log-file=/var/ALF_BACKUP/cardinal/logs/alfresco-bart-2020-11-30.log --full-if-older-than 60D --asynchronous-upload   /var/DOCKER/DATA/alfresco/cardinal/solr_data --exclude /var/DOCKER/DATA/alfresco/cardinal/solr_data/archive --exclude /var/DOCKER/DATA/alfresco/cardinal/solr_data/workspace file:///mnt/ALF_BACKUP/cardinal/data_backup/index/config
Local and Remote metadata are synchronized, no sync needed.
NOTICE 1
. Local and Remote metadata are synchronized, no sync needed.

Last full backup date: Sat Nov 21 06:50:13 2020
NOTICE 1
. Last full backup date: Sat Nov 21 06:50:13 2020

--------------[ Backup Statistics ]--------------
StartTime 1606777202.66 (Mon Nov 30 23:00:02 2020)
EndTime 1606777203.91 (Mon Nov 30 23:00:03 2020)
ElapsedTime 1.25 (1.25 seconds)
SourceFiles 209
SourceFileSize 1011473616 (965 MB)
NewFiles 83
NewFileSize 18133749 (17.3 MB)
DeletedFiles 65
ChangedFiles 0
ChangedFileSize 0 (0 bytes)
ChangedDeltaSize 0 (0 bytes)
DeltaEntries 148
RawDeltaSize 18113269 (17.3 MB)
TotalDestinationSizeChange 7530508 (7.18 MB)
Errors 0
-------------------------------------------------

NOTICE 1
. --------------[ Backup Statistics ]--------------
. StartTime 1606777202.66 (Mon Nov 30 23:00:02 2020)
. EndTime 1606777203.91 (Mon Nov 30 23:00:03 2020)
. ElapsedTime 1.25 (1.25 seconds)
. SourceFiles 209
. SourceFileSize 1011473616 (965 MB)
. NewFiles 83
. NewFileSize 18133749 (17.3 MB)
. DeletedFiles 65
. ChangedFiles 0
. ChangedFileSize 0 (0 bytes)
. ChangedDeltaSize 0 (0 bytes)
. DeltaEntries 148
. RawDeltaSize 18113269 (17.3 MB)
. TotalDestinationSizeChange 7530508 (7.18 MB)
. Errors 0
. -------------------------------------------------
. 

2020-11-30-11:00:04 PM - [BART-Loglevel4] Indexes backup finished

2020-11-30-11:00:04 PM - [BART-Loglevel4] Backing up the Alfresco db to local
2020-11-30-11:00:04 PM - [BART-Loglevel4] Starting backup - Alfresco postgresql db
2020-11-30-11:00:04 PM - [BART-Loglevel4] Backing up the Alfresco DB to local
2020-11-30-11:00:04 PM - [BART-Loglevel4] Starting backup - Alfresco postgresql DB
2020-11-30-11:00:04 PM - [BART-Loglevel4] Running command - PGPASSWORD=45osUQR234X /usr/lib/postgresql/11/bin/pg_dump -Fc -w -h 172.18.200.70 -p 5000 -U alfresco alf_cardinal > /var/ALF_BACKUP/cardinal/alfresco-db-backup/alf_cardinal.sql.Fc
2020-11-30-11:00:29 PM - [BART-Loglevel4] Running command - duplicity -v4 --volsize=20000 --log-file=/var/ALF_BACKUP/cardinal/logs/alfresco-bart-2020-11-30.log --full-if-older-than 60D --asynchronous-upload   /var/ALF_BACKUP/cardinal/alfresco-db-backup file:///mnt/ALF_BACKUP/cardinal/data_backup/db
Local and Remote metadata are synchronized, no sync needed.
NOTICE 1
. Local and Remote metadata are synchronized, no sync needed.

Last full backup date: Sat Nov 21 06:51:34 2020
NOTICE 1
. Last full backup date: Sat Nov 21 06:51:34 2020

--------------[ Backup Statistics ]--------------
StartTime 1606777230.22 (Mon Nov 30 23:00:30 2020)
EndTime 1606777234.52 (Mon Nov 30 23:00:34 2020)
ElapsedTime 4.30 (4.30 seconds)
SourceFiles 2
SourceFileSize 94491879 (90.1 MB)
NewFiles 1
NewFileSize 4096 (4.00 KB)
DeletedFiles 0
ChangedFiles 1
ChangedFileSize 94487783 (90.1 MB)
ChangedDeltaSize 0 (0 bytes)
DeltaEntries 2
RawDeltaSize 75414229 (71.9 MB)
TotalDestinationSizeChange 74281315 (70.8 MB)
Errors 0
-------------------------------------------------

NOTICE 1
. --------------[ Backup Statistics ]--------------
. StartTime 1606777230.22 (Mon Nov 30 23:00:30 2020)
. EndTime 1606777234.52 (Mon Nov 30 23:00:34 2020)
. ElapsedTime 4.30 (4.30 seconds)
. SourceFiles 2
. SourceFileSize 94491879 (90.1 MB)
. NewFiles 1
. NewFileSize 4096 (4.00 KB)
. DeletedFiles 0
. ChangedFiles 1
. ChangedFileSize 94487783 (90.1 MB)
. ChangedDeltaSize 0 (0 bytes)
. DeltaEntries 2
. RawDeltaSize 75414229 (71.9 MB)
. TotalDestinationSizeChange 74281315 (70.8 MB)
. Errors 0
. -------------------------------------------------
. 

2020-11-30-11:00:36 PM - [BART-Loglevel4] cleaning DB backup
2020-11-30-11:00:36 PM - [BART-Loglevel4] DB backup finished

2020-11-30-11:00:36 PM - [BART-Loglevel4] Backing up the Alfresco ContentStore to local
2020-11-30-11:00:36 PM - [BART-Loglevel4] Starting backup - Alfresco ContentStore
2020-11-30-11:00:36 PM - [BART-Loglevel4] Running command - /usr/bin/duplicity -v4 --volsize=20000 --log-file=/var/ALF_BACKUP/cardinal/logs/alfresco-bart-2020-11-30.log --full-if-older-than 60D --asynchronous-upload   --include /var/DOCKER/DATA/alfresco/cardinal/alfresco/alf_data_archgroup/contentstore       --exclude /var/DOCKER/DATA/alfresco/cardinal/alfresco/alf_data_archgroup /var/DOCKER/DATA/alfresco/cardinal/alfresco/alf_data_archgroup file:///mnt/ALF_BACKUP/cardinal/data_backup/cs
Local and Remote metadata are synchronized, no sync needed.
NOTICE 1
. Local and Remote metadata are synchronized, no sync needed.

Last full backup date: Sat Nov 21 06:51:40 2020
NOTICE 1
. Last full backup date: Sat Nov 21 06:51:40 2020

--------------[ Backup Statistics ]--------------
StartTime 1606777238.37 (Mon Nov 30 23:00:38 2020)
EndTime 1606777344.23 (Mon Nov 30 23:02:24 2020)
ElapsedTime 105.86 (1 minute 45.86 seconds)
SourceFiles 255789
SourceFileSize 121041376447 (113 GB)
NewFiles 227
NewFileSize 22465352 (21.4 MB)
DeletedFiles 0
ChangedFiles 0
ChangedFileSize 0 (0 bytes)
ChangedDeltaSize 0 (0 bytes)
DeltaEntries 227
RawDeltaSize 22186824 (21.2 MB)
TotalDestinationSizeChange 15136557 (14.4 MB)
Errors 0
-------------------------------------------------

NOTICE 1
. --------------[ Backup Statistics ]--------------
. StartTime 1606777238.37 (Mon Nov 30 23:00:38 2020)
. EndTime 1606777344.23 (Mon Nov 30 23:02:24 2020)
. ElapsedTime 105.86 (1 minute 45.86 seconds)
. SourceFiles 255789
. SourceFileSize 121041376447 (113 GB)
. NewFiles 227
. NewFileSize 22465352 (21.4 MB)
. DeletedFiles 0
. ChangedFiles 0
. ChangedFileSize 0 (0 bytes)
. ChangedDeltaSize 0 (0 bytes)
. DeltaEntries 227
. RawDeltaSize 22186824 (21.2 MB)
. TotalDestinationSizeChange 15136557 (14.4 MB)
. Errors 0
. -------------------------------------------------
. 

2020-11-30-11:02:25 PM - [BART-Loglevel4] ContentStore backup done!

2020-11-30-11:02:25 PM - [BART-Loglevel4] Backing up the Alfresco files to local
2020-11-30-11:02:25 PM - [BART-Loglevel4] Starting backup - Alfresco files
2020-11-30-11:02:25 PM - [BART-Loglevel4] Running command - /usr/bin/duplicity -v4 --volsize=20000 --log-file=/var/ALF_BACKUP/cardinal/logs/alfresco-bart-2020-11-30.log --full-if-older-than 60D --asynchronous-upload   /var/DOCKER/DATA/alfresco/cardinal/alfresco  --exclude **/var/DOCKER/DATA/alfresco/cardinal/solr_data/archive**  --exclude **/var/DOCKER/DATA/alfresco/cardinal/solr_data**  --exclude **/var/DOCKER/DATA/alfresco/cardinal/alfresco/alf_data_archgroup/contentstore**  --exclude **/var/DOCKER/DATA/alfresco/cardinal/alfresco/alf_data_archgroup/contentstore.deleted**       --exclude **/var/ALF_BACKUP/cardinal/alfresco-db-backup**  file:///mnt/ALF_BACKUP/cardinal/data_backup/files
Local and Remote metadata are synchronized, no sync needed.
NOTICE 1
. Local and Remote metadata are synchronized, no sync needed.

Last full backup date: Sat Nov 21 08:25:05 2020
NOTICE 1
. Last full backup date: Sat Nov 21 08:25:05 2020

--------------[ Backup Statistics ]--------------
StartTime 1606777347.54 (Mon Nov 30 23:02:27 2020)
EndTime 1606777434.05 (Mon Nov 30 23:03:54 2020)
ElapsedTime 86.51 (1 minute 26.51 seconds)
SourceFiles 318918
SourceFileSize 22677932355 (21.1 GB)
NewFiles 0
NewFileSize 0 (0 bytes)
DeletedFiles 0
ChangedFiles 0
ChangedFileSize 0 (0 bytes)
ChangedDeltaSize 0 (0 bytes)
DeltaEntries 0
RawDeltaSize 0 (0 bytes)
TotalDestinationSizeChange 110 (110 bytes)
Errors 0
-------------------------------------------------

NOTICE 1
. --------------[ Backup Statistics ]--------------
. StartTime 1606777347.54 (Mon Nov 30 23:02:27 2020)
. EndTime 1606777434.05 (Mon Nov 30 23:03:54 2020)
. ElapsedTime 86.51 (1 minute 26.51 seconds)
. SourceFiles 318918
. SourceFileSize 22677932355 (21.1 GB)
. NewFiles 0
. NewFileSize 0 (0 bytes)
. DeletedFiles 0
. ChangedFiles 0
. ChangedFileSize 0 (0 bytes)
. ChangedDeltaSize 0 (0 bytes)
. DeltaEntries 0
. RawDeltaSize 0 (0 bytes)
. TotalDestinationSizeChange 110 (110 bytes)
. Errors 0
. -------------------------------------------------
. 

2020-11-30-11:03:54 PM - [BART-Loglevel4] Files backup done!

2020-11-30-11:03:54 PM - [BART-Loglevel4] Running maintenance commands
2020-11-30-11:03:54 PM - [BART-Loglevel4] Running command - /usr/bin/duplicity remove-older-than 12M -v4 --log-file=/var/ALF_BACKUP/cardinal/logs/alfresco-bart-2020-11-30.log  --force file:///mnt/ALF_BACKUP/cardinal/data_backup/index/backup
Local and Remote metadata are synchronized, no sync needed.
NOTICE 1
. Local and Remote metadata are synchronized, no sync needed.

Last full backup date: none
NOTICE 1
. Last full backup date: none

No old backup sets found, nothing deleted.
NOTICE 1
. No old backup sets found, nothing deleted.

2020-11-30-11:03:54 PM - [BART-Loglevel4] Running command - /usr/bin/duplicity remove-all-but-n-full 6 -v4 --log-file=/var/ALF_BACKUP/cardinal/logs/alfresco-bart-2020-11-30.log  --force file:///mnt/ALF_BACKUP/cardinal/data_backup/index/backup
Local and Remote metadata are synchronized, no sync needed.
NOTICE 1
. Local and Remote metadata are synchronized, no sync needed.

Last full backup date: none
NOTICE 1
. Last full backup date: none

No old backup sets found, nothing deleted.
NOTICE 1
. No old backup sets found, nothing deleted.

Local and Remote metadata are synchronized, no sync needed.
NOTICE 1
. Local and Remote metadata are synchronized, no sync needed.

Last full backup date: Sat Nov 21 06:50:13 2020
NOTICE 1
. Last full backup date: Sat Nov 21 06:50:13 2020

No old backup sets found, nothing deleted.
NOTICE 1
. No old backup sets found, nothing deleted.

Local and Remote metadata are synchronized, no sync needed.
NOTICE 1
. Local and Remote metadata are synchronized, no sync needed.

Last full backup date: Sat Nov 21 06:50:13 2020
NOTICE 1
. Last full backup date: Sat Nov 21 06:50:13 2020

No old backup sets found, nothing deleted.
NOTICE 1
. No old backup sets found, nothing deleted.

2020-11-30-11:03:55 PM - [BART-Loglevel4] Running command - /usr/bin/duplicity remove-older-than 12M -v4 --log-file=/var/ALF_BACKUP/cardinal/logs/alfresco-bart-2020-11-30.log  --force file:///mnt/ALF_BACKUP/cardinal/data_backup/db
Local and Remote metadata are synchronized, no sync needed.
NOTICE 1
. Local and Remote metadata are synchronized, no sync needed.

Last full backup date: Sat Nov 21 06:51:34 2020
NOTICE 1
. Last full backup date: Sat Nov 21 06:51:34 2020

No old backup sets found, nothing deleted.
NOTICE 1
. No old backup sets found, nothing deleted.

2020-11-30-11:03:55 PM - [BART-Loglevel4] Running command - /usr/bin/duplicity remove-all-but-n-full 6 -v4 --log-file=/var/ALF_BACKUP/cardinal/logs/alfresco-bart-2020-11-30.log  --force file:///mnt/ALF_BACKUP/cardinal/data_backup/db
Local and Remote metadata are synchronized, no sync needed.
NOTICE 1
. Local and Remote metadata are synchronized, no sync needed.

Last full backup date: Sat Nov 21 06:51:34 2020
NOTICE 1
. Last full backup date: Sat Nov 21 06:51:34 2020

No old backup sets found, nothing deleted.
NOTICE 1
. No old backup sets found, nothing deleted.

2020-11-30-11:03:55 PM - [BART-Loglevel4] Running command - /usr/bin/duplicity remove-older-than 12M -v4 --log-file=/var/ALF_BACKUP/cardinal/logs/alfresco-bart-2020-11-30.log  --force file:///mnt/ALF_BACKUP/cardinal/data_backup/cs
Local and Remote metadata are synchronized, no sync needed.
NOTICE 1
. Local and Remote metadata are synchronized, no sync needed.

Last full backup date: Sat Nov 21 06:51:40 2020
NOTICE 1
. Last full backup date: Sat Nov 21 06:51:40 2020

No old backup sets found, nothing deleted.
NOTICE 1
. No old backup sets found, nothing deleted.

2020-11-30-11:03:57 PM - [BART-Loglevel4] Running command - /usr/bin/duplicity remove-all-but-n-full 6 -v4 --log-file=/var/ALF_BACKUP/cardinal/logs/alfresco-bart-2020-11-30.log  --force file:///mnt/ALF_BACKUP/cardinal/data_backup/cs
Local and Remote metadata are synchronized, no sync needed.
NOTICE 1
. Local and Remote metadata are synchronized, no sync needed.

Last full backup date: Sat Nov 21 06:51:40 2020
NOTICE 1
. Last full backup date: Sat Nov 21 06:51:40 2020

No old backup sets found, nothing deleted.
NOTICE 1
. No old backup sets found, nothing deleted.

2020-11-30-11:03:59 PM - [BART-Loglevel4] Running command - /usr/bin/duplicity remove-older-than 12M -v4 --log-file=/var/ALF_BACKUP/cardinal/logs/alfresco-bart-2020-11-30.log  --force file:///mnt/ALF_BACKUP/cardinal/data_backup/files
Local and Remote metadata are synchronized, no sync needed.
NOTICE 1
. Local and Remote metadata are synchronized, no sync needed.

Last full backup date: Sat Nov 21 08:25:05 2020
NOTICE 1
. Last full backup date: Sat Nov 21 08:25:05 2020

No old backup sets found, nothing deleted.
NOTICE 1
. No old backup sets found, nothing deleted.

2020-11-30-11:04:02 PM - [BART-Loglevel4] Running command - /usr/bin/duplicity remove-all-but-n-full 6 -v4 --log-file=/var/ALF_BACKUP/cardinal/logs/alfresco-bart-2020-11-30.log  --force file:///mnt/ALF_BACKUP/cardinal/data_backup/files
Local and Remote metadata are synchronized, no sync needed.
NOTICE 1
. Local and Remote metadata are synchronized, no sync needed.

Last full backup date: Sat Nov 21 08:25:05 2020
NOTICE 1
. Last full backup date: Sat Nov 21 08:25:05 2020

No old backup sets found, nothing deleted.
NOTICE 1
. No old backup sets found, nothing deleted.

2020-11-30-11:04:04 PM - [BART-Loglevel4] Maintenance commands DONE!
