Shutting Down Docker Instance
DOCKER INSTANCE IS DOWN
2020-11-23-11:00:01 PM - [BART-Loglevel4] Starting backup
2020-11-23-11:00:01 PM - [BART-Loglevel4] Set script variables done

2020-11-23-11:00:01 PM - [BART-Loglevel4] Backing up the Alfresco indexes to local
2020-11-23-11:00:01 PM - [BART-Loglevel4] Starting backup - Alfresco solr indexes
2020-11-23-11:00:01 PM - [BART-Loglevel4] Running command - /usr/bin/duplicity -v4 --volsize=20000 --log-file=/var/ALF_BACKUP/cardinal/logs/alfresco-bart-2020-11-23.log --full-if-older-than 60D --asynchronous-upload   /var/DOCKER/DATA/alfresco/cardinal/solr_data --exclude /var/DOCKER/DATA/alfresco/cardinal/solr_data/archive --exclude /var/DOCKER/DATA/alfresco/cardinal/solr_data/workspace file:///mnt/ALF_BACKUP/cardinal/data_backup/index/config
Local and Remote metadata are synchronized, no sync needed.
NOTICE 1
. Local and Remote metadata are synchronized, no sync needed.

Last full backup date: Sat Nov 21 06:50:13 2020
NOTICE 1
. Last full backup date: Sat Nov 21 06:50:13 2020

--------------[ Backup Statistics ]--------------
StartTime 1606172402.66 (Mon Nov 23 23:00:02 2020)
EndTime 1606172403.37 (Mon Nov 23 23:00:03 2020)
ElapsedTime 0.71 (0.71 seconds)
SourceFiles 219
SourceFileSize 1001238437 (955 MB)
NewFiles 76
NewFileSize 8071615 (7.70 MB)
DeletedFiles 108
ChangedFiles 0
ChangedFileSize 0 (0 bytes)
ChangedDeltaSize 0 (0 bytes)
DeltaEntries 184
RawDeltaSize 8051135 (7.68 MB)
TotalDestinationSizeChange 2863410 (2.73 MB)
Errors 0
-------------------------------------------------

NOTICE 1
. --------------[ Backup Statistics ]--------------
. StartTime 1606172402.66 (Mon Nov 23 23:00:02 2020)
. EndTime 1606172403.37 (Mon Nov 23 23:00:03 2020)
. ElapsedTime 0.71 (0.71 seconds)
. SourceFiles 219
. SourceFileSize 1001238437 (955 MB)
. NewFiles 76
. NewFileSize 8071615 (7.70 MB)
. DeletedFiles 108
. ChangedFiles 0
. ChangedFileSize 0 (0 bytes)
. ChangedDeltaSize 0 (0 bytes)
. DeltaEntries 184
. RawDeltaSize 8051135 (7.68 MB)
. TotalDestinationSizeChange 2863410 (2.73 MB)
. Errors 0
. -------------------------------------------------
. 

2020-11-23-11:00:04 PM - [BART-Loglevel4] Indexes backup finished

2020-11-23-11:00:04 PM - [BART-Loglevel4] Backing up the Alfresco db to local
2020-11-23-11:00:04 PM - [BART-Loglevel4] Starting backup - Alfresco postgresql db
2020-11-23-11:00:04 PM - [BART-Loglevel4] Backing up the Alfresco DB to local
2020-11-23-11:00:04 PM - [BART-Loglevel4] Starting backup - Alfresco postgresql DB
2020-11-23-11:00:04 PM - [BART-Loglevel4] Running command - PGPASSWORD=45osUQR234X /usr/lib/postgresql/11/bin/pg_dump -Fc -w -h 172.18.200.70 -p 5000 -U alfresco alf_cardinal > /var/ALF_BACKUP/cardinal/alfresco-db-backup/alf_cardinal.sql.Fc
2020-11-23-11:00:27 PM - [BART-Loglevel4] Running command - duplicity -v4 --volsize=20000 --log-file=/var/ALF_BACKUP/cardinal/logs/alfresco-bart-2020-11-23.log --full-if-older-than 60D --asynchronous-upload   /var/ALF_BACKUP/cardinal/alfresco-db-backup file:///mnt/ALF_BACKUP/cardinal/data_backup/db
Local and Remote metadata are synchronized, no sync needed.
NOTICE 1
. Local and Remote metadata are synchronized, no sync needed.

Last full backup date: Sat Nov 21 06:51:34 2020
NOTICE 1
. Last full backup date: Sat Nov 21 06:51:34 2020

--------------[ Backup Statistics ]--------------
StartTime 1606172428.35 (Mon Nov 23 23:00:28 2020)
EndTime 1606172432.12 (Mon Nov 23 23:00:32 2020)
ElapsedTime 3.77 (3.77 seconds)
SourceFiles 2
SourceFileSize 93203272 (88.9 MB)
NewFiles 1
NewFileSize 4096 (4.00 KB)
DeletedFiles 0
ChangedFiles 1
ChangedFileSize 93199176 (88.9 MB)
ChangedDeltaSize 0 (0 bytes)
DeltaEntries 2
RawDeltaSize 65163487 (62.1 MB)
TotalDestinationSizeChange 64702064 (61.7 MB)
Errors 0
-------------------------------------------------

NOTICE 1
. --------------[ Backup Statistics ]--------------
. StartTime 1606172428.35 (Mon Nov 23 23:00:28 2020)
. EndTime 1606172432.12 (Mon Nov 23 23:00:32 2020)
. ElapsedTime 3.77 (3.77 seconds)
. SourceFiles 2
. SourceFileSize 93203272 (88.9 MB)
. NewFiles 1
. NewFileSize 4096 (4.00 KB)
. DeletedFiles 0
. ChangedFiles 1
. ChangedFileSize 93199176 (88.9 MB)
. ChangedDeltaSize 0 (0 bytes)
. DeltaEntries 2
. RawDeltaSize 65163487 (62.1 MB)
. TotalDestinationSizeChange 64702064 (61.7 MB)
. Errors 0
. -------------------------------------------------
. 

2020-11-23-11:00:33 PM - [BART-Loglevel4] cleaning DB backup
2020-11-23-11:00:33 PM - [BART-Loglevel4] DB backup finished

2020-11-23-11:00:33 PM - [BART-Loglevel4] Backing up the Alfresco ContentStore to local
2020-11-23-11:00:33 PM - [BART-Loglevel4] Starting backup - Alfresco ContentStore
2020-11-23-11:00:33 PM - [BART-Loglevel4] Running command - /usr/bin/duplicity -v4 --volsize=20000 --log-file=/var/ALF_BACKUP/cardinal/logs/alfresco-bart-2020-11-23.log --full-if-older-than 60D --asynchronous-upload   --include /var/DOCKER/DATA/alfresco/cardinal/alfresco/alf_data_archgroup/contentstore       --exclude /var/DOCKER/DATA/alfresco/cardinal/alfresco/alf_data_archgroup /var/DOCKER/DATA/alfresco/cardinal/alfresco/alf_data_archgroup file:///mnt/ALF_BACKUP/cardinal/data_backup/cs
Local and Remote metadata are synchronized, no sync needed.
NOTICE 1
. Local and Remote metadata are synchronized, no sync needed.

Last full backup date: Sat Nov 21 06:51:40 2020
NOTICE 1
. Last full backup date: Sat Nov 21 06:51:40 2020

--------------[ Backup Statistics ]--------------
StartTime 1606172435.61 (Mon Nov 23 23:00:35 2020)
EndTime 1606172544.96 (Mon Nov 23 23:02:24 2020)
ElapsedTime 109.35 (1 minute 49.35 seconds)
SourceFiles 252588
SourceFileSize 119561190060 (111 GB)
NewFiles 1792
NewFileSize 468843031 (447 MB)
DeletedFiles 0
ChangedFiles 0
ChangedFileSize 0 (0 bytes)
ChangedDeltaSize 0 (0 bytes)
DeltaEntries 1792
RawDeltaSize 467405335 (446 MB)
TotalDestinationSizeChange 424809300 (405 MB)
Errors 0
-------------------------------------------------

NOTICE 1
. --------------[ Backup Statistics ]--------------
. StartTime 1606172435.61 (Mon Nov 23 23:00:35 2020)
. EndTime 1606172544.96 (Mon Nov 23 23:02:24 2020)
. ElapsedTime 109.35 (1 minute 49.35 seconds)
. SourceFiles 252588
. SourceFileSize 119561190060 (111 GB)
. NewFiles 1792
. NewFileSize 468843031 (447 MB)
. DeletedFiles 0
. ChangedFiles 0
. ChangedFileSize 0 (0 bytes)
. ChangedDeltaSize 0 (0 bytes)
. DeltaEntries 1792
. RawDeltaSize 467405335 (446 MB)
. TotalDestinationSizeChange 424809300 (405 MB)
. Errors 0
. -------------------------------------------------
. 

2020-11-23-11:02:30 PM - [BART-Loglevel4] ContentStore backup done!

2020-11-23-11:02:30 PM - [BART-Loglevel4] Backing up the Alfresco files to local
2020-11-23-11:02:30 PM - [BART-Loglevel4] Starting backup - Alfresco files
2020-11-23-11:02:30 PM - [BART-Loglevel4] Running command - /usr/bin/duplicity -v4 --volsize=20000 --log-file=/var/ALF_BACKUP/cardinal/logs/alfresco-bart-2020-11-23.log --full-if-older-than 60D --asynchronous-upload   /var/DOCKER/DATA/alfresco/cardinal/alfresco  --exclude **/var/DOCKER/DATA/alfresco/cardinal/solr_data/archive**  --exclude **/var/DOCKER/DATA/alfresco/cardinal/solr_data**  --exclude **/var/DOCKER/DATA/alfresco/cardinal/alfresco/alf_data_archgroup/contentstore**  --exclude **/var/DOCKER/DATA/alfresco/cardinal/alfresco/alf_data_archgroup/contentstore.deleted**       --exclude **/var/ALF_BACKUP/cardinal/alfresco-db-backup**  file:///mnt/ALF_BACKUP/cardinal/data_backup/files
Local and Remote metadata are synchronized, no sync needed.
NOTICE 1
. Local and Remote metadata are synchronized, no sync needed.

Last full backup date: Sat Nov 21 08:25:05 2020
NOTICE 1
. Last full backup date: Sat Nov 21 08:25:05 2020

--------------[ Backup Statistics ]--------------
StartTime 1606172553.28 (Mon Nov 23 23:02:33 2020)
EndTime 1606172638.83 (Mon Nov 23 23:03:58 2020)
ElapsedTime 85.56 (1 minute 25.56 seconds)
SourceFiles 318918
SourceFileSize 22677932355 (21.1 GB)
NewFiles 1
NewFileSize 4096 (4.00 KB)
DeletedFiles 1
ChangedFiles 0
ChangedFileSize 0 (0 bytes)
ChangedDeltaSize 0 (0 bytes)
DeltaEntries 2
RawDeltaSize 0 (0 bytes)
TotalDestinationSizeChange 262 (262 bytes)
Errors 0
-------------------------------------------------

NOTICE 1
. --------------[ Backup Statistics ]--------------
. StartTime 1606172553.28 (Mon Nov 23 23:02:33 2020)
. EndTime 1606172638.83 (Mon Nov 23 23:03:58 2020)
. ElapsedTime 85.56 (1 minute 25.56 seconds)
. SourceFiles 318918
. SourceFileSize 22677932355 (21.1 GB)
. NewFiles 1
. NewFileSize 4096 (4.00 KB)
. DeletedFiles 1
. ChangedFiles 0
. ChangedFileSize 0 (0 bytes)
. ChangedDeltaSize 0 (0 bytes)
. DeltaEntries 2
. RawDeltaSize 0 (0 bytes)
. TotalDestinationSizeChange 262 (262 bytes)
. Errors 0
. -------------------------------------------------
. 

2020-11-23-11:03:59 PM - [BART-Loglevel4] Files backup done!

2020-11-23-11:03:59 PM - [BART-Loglevel4] Running maintenance commands
2020-11-23-11:03:59 PM - [BART-Loglevel4] Running command - /usr/bin/duplicity remove-older-than 12M -v4 --log-file=/var/ALF_BACKUP/cardinal/logs/alfresco-bart-2020-11-23.log  --force file:///mnt/ALF_BACKUP/cardinal/data_backup/index/backup
Local and Remote metadata are synchronized, no sync needed.
NOTICE 1
. Local and Remote metadata are synchronized, no sync needed.

Last full backup date: none
NOTICE 1
. Last full backup date: none

No old backup sets found, nothing deleted.
NOTICE 1
. No old backup sets found, nothing deleted.

2020-11-23-11:03:59 PM - [BART-Loglevel4] Running command - /usr/bin/duplicity remove-all-but-n-full 6 -v4 --log-file=/var/ALF_BACKUP/cardinal/logs/alfresco-bart-2020-11-23.log  --force file:///mnt/ALF_BACKUP/cardinal/data_backup/index/backup
Local and Remote metadata are synchronized, no sync needed.
NOTICE 1
. Local and Remote metadata are synchronized, no sync needed.

Last full backup date: none
NOTICE 1
. Last full backup date: none

No old backup sets found, nothing deleted.
NOTICE 1
. No old backup sets found, nothing deleted.

Local and Remote metadata are synchronized, no sync needed.
NOTICE 1
. Local and Remote metadata are synchronized, no sync needed.

Last full backup date: Sat Nov 21 06:50:13 2020
NOTICE 1
. Last full backup date: Sat Nov 21 06:50:13 2020

No old backup sets found, nothing deleted.
NOTICE 1
. No old backup sets found, nothing deleted.

Local and Remote metadata are synchronized, no sync needed.
NOTICE 1
. Local and Remote metadata are synchronized, no sync needed.

Last full backup date: Sat Nov 21 06:50:13 2020
NOTICE 1
. Last full backup date: Sat Nov 21 06:50:13 2020

No old backup sets found, nothing deleted.
NOTICE 1
. No old backup sets found, nothing deleted.

2020-11-23-11:03:59 PM - [BART-Loglevel4] Running command - /usr/bin/duplicity remove-older-than 12M -v4 --log-file=/var/ALF_BACKUP/cardinal/logs/alfresco-bart-2020-11-23.log  --force file:///mnt/ALF_BACKUP/cardinal/data_backup/db
Local and Remote metadata are synchronized, no sync needed.
NOTICE 1
. Local and Remote metadata are synchronized, no sync needed.

Last full backup date: Sat Nov 21 06:51:34 2020
NOTICE 1
. Last full backup date: Sat Nov 21 06:51:34 2020

No old backup sets found, nothing deleted.
NOTICE 1
. No old backup sets found, nothing deleted.

2020-11-23-11:04:00 PM - [BART-Loglevel4] Running command - /usr/bin/duplicity remove-all-but-n-full 6 -v4 --log-file=/var/ALF_BACKUP/cardinal/logs/alfresco-bart-2020-11-23.log  --force file:///mnt/ALF_BACKUP/cardinal/data_backup/db
Local and Remote metadata are synchronized, no sync needed.
NOTICE 1
. Local and Remote metadata are synchronized, no sync needed.

Last full backup date: Sat Nov 21 06:51:34 2020
NOTICE 1
. Last full backup date: Sat Nov 21 06:51:34 2020

No old backup sets found, nothing deleted.
NOTICE 1
. No old backup sets found, nothing deleted.

2020-11-23-11:04:00 PM - [BART-Loglevel4] Running command - /usr/bin/duplicity remove-older-than 12M -v4 --log-file=/var/ALF_BACKUP/cardinal/logs/alfresco-bart-2020-11-23.log  --force file:///mnt/ALF_BACKUP/cardinal/data_backup/cs
Local and Remote metadata are synchronized, no sync needed.
NOTICE 1
. Local and Remote metadata are synchronized, no sync needed.

Last full backup date: Sat Nov 21 06:51:40 2020
NOTICE 1
. Last full backup date: Sat Nov 21 06:51:40 2020

No old backup sets found, nothing deleted.
NOTICE 1
. No old backup sets found, nothing deleted.

2020-11-23-11:04:02 PM - [BART-Loglevel4] Running command - /usr/bin/duplicity remove-all-but-n-full 6 -v4 --log-file=/var/ALF_BACKUP/cardinal/logs/alfresco-bart-2020-11-23.log  --force file:///mnt/ALF_BACKUP/cardinal/data_backup/cs
Local and Remote metadata are synchronized, no sync needed.
NOTICE 1
. Local and Remote metadata are synchronized, no sync needed.

Last full backup date: Sat Nov 21 06:51:40 2020
NOTICE 1
. Last full backup date: Sat Nov 21 06:51:40 2020

No old backup sets found, nothing deleted.
NOTICE 1
. No old backup sets found, nothing deleted.

2020-11-23-11:04:03 PM - [BART-Loglevel4] Running command - /usr/bin/duplicity remove-older-than 12M -v4 --log-file=/var/ALF_BACKUP/cardinal/logs/alfresco-bart-2020-11-23.log  --force file:///mnt/ALF_BACKUP/cardinal/data_backup/files
Local and Remote metadata are synchronized, no sync needed.
NOTICE 1
. Local and Remote metadata are synchronized, no sync needed.

Last full backup date: Sat Nov 21 08:25:05 2020
NOTICE 1
. Last full backup date: Sat Nov 21 08:25:05 2020

No old backup sets found, nothing deleted.
NOTICE 1
. No old backup sets found, nothing deleted.

2020-11-23-11:04:06 PM - [BART-Loglevel4] Running command - /usr/bin/duplicity remove-all-but-n-full 6 -v4 --log-file=/var/ALF_BACKUP/cardinal/logs/alfresco-bart-2020-11-23.log  --force file:///mnt/ALF_BACKUP/cardinal/data_backup/files
Local and Remote metadata are synchronized, no sync needed.
NOTICE 1
. Local and Remote metadata are synchronized, no sync needed.

Last full backup date: Sat Nov 21 08:25:05 2020
NOTICE 1
. Last full backup date: Sat Nov 21 08:25:05 2020

No old backup sets found, nothing deleted.
NOTICE 1
. No old backup sets found, nothing deleted.

2020-11-23-11:04:08 PM - [BART-Loglevel4] Maintenance commands DONE!
