Shutting Down Docker Instance
DOCKER INSTANCE IS DOWN
2021-07-23-11:00:01 PM - [BART-Loglevel4] Starting backup
2021-07-23-11:00:01 PM - [BART-Loglevel4] Set script variables done

2021-07-23-11:00:01 PM - [BART-Loglevel4] Backing up the Alfresco indexes to s3
2021-07-23-11:00:01 PM - [BART-Loglevel4] Starting backup - Alfresco solr indexes
2021-07-23-11:00:01 PM - [BART-Loglevel4] Running command - /usr/bin/duplicity -v4 --volsize=20000 --log-file=/var/ALF_BACKUP/cardinal/logs/alfresco-bart-2021-07-23.log --full-if-older-than 60D --asynchronous-upload --archive-dir=/var/ALF_BACKUP/duplicity/cardinal/cache/ --s3-use-new-style --s3-use-rrs  /var/DOCKER/DATA/alfresco/cardinal/solr_data --exclude /var/DOCKER/DATA/alfresco/cardinal/solr_data/archive --exclude /var/DOCKER/DATA/alfresco/cardinal/solr_data/workspace s3://s3-http://172.17.202.25/swb-alf01-bucket/cardinal/data_backup/index/config
ERROR 23 BackendException
. BackendException: Could not initialize backend: No module named boto

2021-07-23-11:00:01 PM - [BART-Loglevel4] Indexes backup finished

2021-07-23-11:00:01 PM - [BART-Loglevel4] Backing up the Alfresco db to s3
2021-07-23-11:00:01 PM - [BART-Loglevel4] Starting backup - Alfresco postgresql db
2021-07-23-11:00:01 PM - [BART-Loglevel4] Backing up the Alfresco DB to s3
2021-07-23-11:00:01 PM - [BART-Loglevel4] Starting backup - Alfresco postgresql DB
2021-07-23-11:00:01 PM - [BART-Loglevel4] Running command - PGPASSWORD=45osUQR234X /usr/lib/postgresql/11/bin/pg_dump -Fc -w -h 172.18.200.70 -p 5000 -U alfresco alf_cardinal > /var/ALF_BACKUP/cardinal/alfresco-db-backup/alf_cardinal.sql.Fc
2021-07-23-11:00:35 PM - [BART-Loglevel4] Running command - duplicity -v4 --volsize=20000 --log-file=/var/ALF_BACKUP/cardinal/logs/alfresco-bart-2021-07-23.log --full-if-older-than 60D --asynchronous-upload --archive-dir=/var/ALF_BACKUP/duplicity/cardinal/cache/ --s3-use-new-style --s3-use-rrs  /var/ALF_BACKUP/cardinal/alfresco-db-backup s3://s3-http://172.17.202.25/swb-alf01-bucket/cardinal/data_backup/db
ERROR 23 BackendException
. BackendException: Could not initialize backend: No module named boto

2021-07-23-11:00:35 PM - [BART-Loglevel4] cleaning DB backup
2021-07-23-11:00:35 PM - [BART-Loglevel4] DB backup finished

2021-07-23-11:00:35 PM - [BART-Loglevel4] Backing up the Alfresco ContentStore to s3
2021-07-23-11:00:35 PM - [BART-Loglevel4] Starting backup - Alfresco ContentStore
2021-07-23-11:00:35 PM - [BART-Loglevel4] Running command - /usr/bin/duplicity -v4 --volsize=20000 --log-file=/var/ALF_BACKUP/cardinal/logs/alfresco-bart-2021-07-23.log --full-if-older-than 60D --asynchronous-upload --archive-dir=/var/ALF_BACKUP/duplicity/cardinal/cache/ --s3-use-new-style --s3-use-rrs  --include /var/DOCKER/DATA/alfresco/cardinal/alfresco/alf_data_archgroup/contentstore       --exclude /var/DOCKER/DATA/alfresco/cardinal/alfresco/alf_data_archgroup /var/DOCKER/DATA/alfresco/cardinal/alfresco/alf_data_archgroup s3://s3-http://172.17.202.25/swb-alf01-bucket/cardinal/data_backup/cs
ERROR 23 BackendException
. BackendException: Could not initialize backend: No module named boto

2021-07-23-11:00:35 PM - [BART-Loglevel4] ContentStore backup done!

2021-07-23-11:00:35 PM - [BART-Loglevel4] Backing up the Alfresco files to s3
2021-07-23-11:00:35 PM - [BART-Loglevel4] Starting backup - Alfresco files
2021-07-23-11:00:35 PM - [BART-Loglevel4] Running command - /usr/bin/duplicity -v4 --volsize=20000 --log-file=/var/ALF_BACKUP/cardinal/logs/alfresco-bart-2021-07-23.log --full-if-older-than 60D --asynchronous-upload --archive-dir=/var/ALF_BACKUP/duplicity/cardinal/cache/ --s3-use-new-style --s3-use-rrs  /var/DOCKER/DATA/alfresco/cardinal/alfresco  --exclude **/var/DOCKER/DATA/alfresco/cardinal/solr_data/archive**  --exclude **/var/DOCKER/DATA/alfresco/cardinal/solr_data**  --exclude **/var/DOCKER/DATA/alfresco/cardinal/alfresco/alf_data_archgroup/contentstore**  --exclude **/var/DOCKER/DATA/alfresco/cardinal/alfresco/alf_data_archgroup/contentstore.deleted**       --exclude **/var/ALF_BACKUP/cardinal/alfresco-db-backup**  s3://s3-http://172.17.202.25/swb-alf01-bucket/cardinal/data_backup/files
ERROR 23 BackendException
. BackendException: Could not initialize backend: No module named boto

2021-07-23-11:00:35 PM - [BART-Loglevel4] Files backup done!

2021-07-23-11:00:35 PM - [BART-Loglevel4] Running maintenance commands
2021-07-23-11:00:35 PM - [BART-Loglevel4] Running command - /usr/bin/duplicity remove-older-than 12M -v4 --log-file=/var/ALF_BACKUP/cardinal/logs/alfresco-bart-2021-07-23.log --archive-dir=/var/ALF_BACKUP/duplicity/cardinal/cache/ --force s3://s3-http://172.17.202.25/swb-alf01-bucket/cardinal/data_backup/index/backup
ERROR 23 BackendException
. BackendException: Could not initialize backend: No module named boto

2021-07-23-11:00:35 PM - [BART-Loglevel4] Running command - /usr/bin/duplicity remove-all-but-n-full 6 -v4 --log-file=/var/ALF_BACKUP/cardinal/logs/alfresco-bart-2021-07-23.log --archive-dir=/var/ALF_BACKUP/duplicity/cardinal/cache/ --force s3://s3-http://172.17.202.25/swb-alf01-bucket/cardinal/data_backup/index/backup
ERROR 23 BackendException
. BackendException: Could not initialize backend: No module named boto

ERROR 23 BackendException
. BackendException: Could not initialize backend: No module named boto

ERROR 23 BackendException
. BackendException: Could not initialize backend: No module named boto

2021-07-23-11:00:36 PM - [BART-Loglevel4] Running command - /usr/bin/duplicity remove-older-than 12M -v4 --log-file=/var/ALF_BACKUP/cardinal/logs/alfresco-bart-2021-07-23.log --archive-dir=/var/ALF_BACKUP/duplicity/cardinal/cache/ --force s3://s3-http://172.17.202.25/swb-alf01-bucket/cardinal/data_backup/db
ERROR 23 BackendException
. BackendException: Could not initialize backend: No module named boto

2021-07-23-11:00:36 PM - [BART-Loglevel4] Running command - /usr/bin/duplicity remove-all-but-n-full 6 -v4 --log-file=/var/ALF_BACKUP/cardinal/logs/alfresco-bart-2021-07-23.log --archive-dir=/var/ALF_BACKUP/duplicity/cardinal/cache/ --force s3://s3-http://172.17.202.25/swb-alf01-bucket/cardinal/data_backup/db
ERROR 23 BackendException
. BackendException: Could not initialize backend: No module named boto

2021-07-23-11:00:36 PM - [BART-Loglevel4] Running command - /usr/bin/duplicity remove-older-than 12M -v4 --log-file=/var/ALF_BACKUP/cardinal/logs/alfresco-bart-2021-07-23.log --archive-dir=/var/ALF_BACKUP/duplicity/cardinal/cache/ --force s3://s3-http://172.17.202.25/swb-alf01-bucket/cardinal/data_backup/cs
BackendException: Could not initialize backend: No module named boto
ERROR 23 BackendException
. BackendException: Could not initialize backend: No module named boto

2021-07-23-11:00:36 PM - [BART-Loglevel4] Running command - /usr/bin/duplicity remove-all-but-n-full 6 -v4 --log-file=/var/ALF_BACKUP/cardinal/logs/alfresco-bart-2021-07-23.log --archive-dir=/var/ALF_BACKUP/duplicity/cardinal/cache/ --force s3://s3-http://172.17.202.25/swb-alf01-bucket/cardinal/data_backup/cs
BackendException: Could not initialize backend: No module named boto
ERROR 23 BackendException
. BackendException: Could not initialize backend: No module named boto

2021-07-23-11:00:36 PM - [BART-Loglevel4] Running command - /usr/bin/duplicity remove-older-than 12M -v4 --log-file=/var/ALF_BACKUP/cardinal/logs/alfresco-bart-2021-07-23.log --archive-dir=/var/ALF_BACKUP/duplicity/cardinal/cache/ --force s3://s3-http://172.17.202.25/swb-alf01-bucket/cardinal/data_backup/files
BackendException: Could not initialize backend: No module named boto
ERROR 23 BackendException
. BackendException: Could not initialize backend: No module named boto

2021-07-23-11:00:36 PM - [BART-Loglevel4] Running command - /usr/bin/duplicity remove-all-but-n-full 6 -v4 --log-file=/var/ALF_BACKUP/cardinal/logs/alfresco-bart-2021-07-23.log --archive-dir=/var/ALF_BACKUP/duplicity/cardinal/cache/ --force s3://s3-http://172.17.202.25/swb-alf01-bucket/cardinal/data_backup/files
BackendException: Could not initialize backend: No module named boto
ERROR 23 BackendException
. BackendException: Could not initialize backend: No module named boto

2021-07-23-11:00:36 PM - [BART-Loglevel4] Maintenance commands DONE!
