Shutting Down Docker Instance
DOCKER INSTANCE IS DOWN
2020-11-26-11:00:02 PM - [BART-Loglevel4] Starting backup
2020-11-26-11:00:02 PM - [BART-Loglevel4] Set script variables done

2020-11-26-11:00:02 PM - [BART-Loglevel4] Backing up the Alfresco indexes to local
2020-11-26-11:00:02 PM - [BART-Loglevel4] Starting backup - Alfresco solr indexes
2020-11-26-11:00:02 PM - [BART-Loglevel4] Running command - /usr/bin/duplicity -v4 --volsize=20000 --log-file=/var/ALF_BACKUP/cardinal/logs/alfresco-bart-2020-11-26.log --full-if-older-than 60D --asynchronous-upload   /var/DOCKER/DATA/alfresco/cardinal/solr_data --exclude /var/DOCKER/DATA/alfresco/cardinal/solr_data/archive --exclude /var/DOCKER/DATA/alfresco/cardinal/solr_data/workspace file:///mnt/ALF_BACKUP/cardinal/data_backup/index/config
Local and Remote metadata are synchronized, no sync needed.
NOTICE 1
. Local and Remote metadata are synchronized, no sync needed.

Last full backup date: Sat Nov 21 06:50:13 2020
NOTICE 1
. Last full backup date: Sat Nov 21 06:50:13 2020

--------------[ Backup Statistics ]--------------
StartTime 1606431602.53 (Thu Nov 26 23:00:02 2020)
EndTime 1606431603.31 (Thu Nov 26 23:00:03 2020)
ElapsedTime 0.78 (0.78 seconds)
SourceFiles 214
SourceFileSize 1006664474 (960 MB)
NewFiles 85
NewFileSize 11305507 (10.8 MB)
DeletedFiles 71
ChangedFiles 0
ChangedFileSize 0 (0 bytes)
ChangedDeltaSize 0 (0 bytes)
DeltaEntries 156
RawDeltaSize 11285027 (10.8 MB)
TotalDestinationSizeChange 4239793 (4.04 MB)
Errors 0
-------------------------------------------------

NOTICE 1
. --------------[ Backup Statistics ]--------------
. StartTime 1606431602.53 (Thu Nov 26 23:00:02 2020)
. EndTime 1606431603.31 (Thu Nov 26 23:00:03 2020)
. ElapsedTime 0.78 (0.78 seconds)
. SourceFiles 214
. SourceFileSize 1006664474 (960 MB)
. NewFiles 85
. NewFileSize 11305507 (10.8 MB)
. DeletedFiles 71
. ChangedFiles 0
. ChangedFileSize 0 (0 bytes)
. ChangedDeltaSize 0 (0 bytes)
. DeltaEntries 156
. RawDeltaSize 11285027 (10.8 MB)
. TotalDestinationSizeChange 4239793 (4.04 MB)
. Errors 0
. -------------------------------------------------
. 

2020-11-26-11:00:03 PM - [BART-Loglevel4] Indexes backup finished

2020-11-26-11:00:03 PM - [BART-Loglevel4] Backing up the Alfresco db to local
2020-11-26-11:00:03 PM - [BART-Loglevel4] Starting backup - Alfresco postgresql db
2020-11-26-11:00:03 PM - [BART-Loglevel4] Backing up the Alfresco DB to local
2020-11-26-11:00:03 PM - [BART-Loglevel4] Starting backup - Alfresco postgresql DB
2020-11-26-11:00:03 PM - [BART-Loglevel4] Running command - PGPASSWORD=45osUQR234X /usr/lib/postgresql/11/bin/pg_dump -Fc -w -h 172.18.200.70 -p 5000 -U alfresco alf_cardinal > /var/ALF_BACKUP/cardinal/alfresco-db-backup/alf_cardinal.sql.Fc
2020-11-26-11:00:27 PM - [BART-Loglevel4] Running command - duplicity -v4 --volsize=20000 --log-file=/var/ALF_BACKUP/cardinal/logs/alfresco-bart-2020-11-26.log --full-if-older-than 60D --asynchronous-upload   /var/ALF_BACKUP/cardinal/alfresco-db-backup file:///mnt/ALF_BACKUP/cardinal/data_backup/db
Local and Remote metadata are synchronized, no sync needed.
NOTICE 1
. Local and Remote metadata are synchronized, no sync needed.

Last full backup date: Sat Nov 21 06:51:34 2020
NOTICE 1
. Last full backup date: Sat Nov 21 06:51:34 2020

--------------[ Backup Statistics ]--------------
StartTime 1606431627.66 (Thu Nov 26 23:00:27 2020)
EndTime 1606431631.35 (Thu Nov 26 23:00:31 2020)
ElapsedTime 3.68 (3.68 seconds)
SourceFiles 2
SourceFileSize 94228238 (89.9 MB)
NewFiles 1
NewFileSize 4096 (4.00 KB)
DeletedFiles 0
ChangedFiles 1
ChangedFileSize 94224142 (89.9 MB)
ChangedDeltaSize 0 (0 bytes)
DeltaEntries 2
RawDeltaSize 62002472 (59.1 MB)
TotalDestinationSizeChange 61489917 (58.6 MB)
Errors 0
-------------------------------------------------

NOTICE 1
. --------------[ Backup Statistics ]--------------
. StartTime 1606431627.66 (Thu Nov 26 23:00:27 2020)
. EndTime 1606431631.35 (Thu Nov 26 23:00:31 2020)
. ElapsedTime 3.68 (3.68 seconds)
. SourceFiles 2
. SourceFileSize 94228238 (89.9 MB)
. NewFiles 1
. NewFileSize 4096 (4.00 KB)
. DeletedFiles 0
. ChangedFiles 1
. ChangedFileSize 94224142 (89.9 MB)
. ChangedDeltaSize 0 (0 bytes)
. DeltaEntries 2
. RawDeltaSize 62002472 (59.1 MB)
. TotalDestinationSizeChange 61489917 (58.6 MB)
. Errors 0
. -------------------------------------------------
. 

2020-11-26-11:00:32 PM - [BART-Loglevel4] cleaning DB backup
2020-11-26-11:00:32 PM - [BART-Loglevel4] DB backup finished

2020-11-26-11:00:32 PM - [BART-Loglevel4] Backing up the Alfresco ContentStore to local
2020-11-26-11:00:32 PM - [BART-Loglevel4] Starting backup - Alfresco ContentStore
2020-11-26-11:00:32 PM - [BART-Loglevel4] Running command - /usr/bin/duplicity -v4 --volsize=20000 --log-file=/var/ALF_BACKUP/cardinal/logs/alfresco-bart-2020-11-26.log --full-if-older-than 60D --asynchronous-upload   --include /var/DOCKER/DATA/alfresco/cardinal/alfresco/alf_data_archgroup/contentstore       --exclude /var/DOCKER/DATA/alfresco/cardinal/alfresco/alf_data_archgroup /var/DOCKER/DATA/alfresco/cardinal/alfresco/alf_data_archgroup file:///mnt/ALF_BACKUP/cardinal/data_backup/cs
Local and Remote metadata are synchronized, no sync needed.
NOTICE 1
. Local and Remote metadata are synchronized, no sync needed.

Last full backup date: Sat Nov 21 06:51:40 2020
NOTICE 1
. Last full backup date: Sat Nov 21 06:51:40 2020

--------------[ Backup Statistics ]--------------
StartTime 1606431634.88 (Thu Nov 26 23:00:34 2020)
EndTime 1606431724.25 (Thu Nov 26 23:02:04 2020)
ElapsedTime 89.37 (1 minute 29.37 seconds)
SourceFiles 255338
SourceFileSize 120953573363 (113 GB)
NewFiles 623
NewFileSize 193633617 (185 MB)
DeletedFiles 328
ChangedFiles 0
ChangedFileSize 0 (0 bytes)
ChangedDeltaSize 0 (0 bytes)
DeltaEntries 951
RawDeltaSize 192245073 (183 MB)
TotalDestinationSizeChange 175331199 (167 MB)
Errors 0
-------------------------------------------------

NOTICE 1
. --------------[ Backup Statistics ]--------------
. StartTime 1606431634.88 (Thu Nov 26 23:00:34 2020)
. EndTime 1606431724.25 (Thu Nov 26 23:02:04 2020)
. ElapsedTime 89.37 (1 minute 29.37 seconds)
. SourceFiles 255338
. SourceFileSize 120953573363 (113 GB)
. NewFiles 623
. NewFileSize 193633617 (185 MB)
. DeletedFiles 328
. ChangedFiles 0
. ChangedFileSize 0 (0 bytes)
. ChangedDeltaSize 0 (0 bytes)
. DeltaEntries 951
. RawDeltaSize 192245073 (183 MB)
. TotalDestinationSizeChange 175331199 (167 MB)
. Errors 0
. -------------------------------------------------
. 

2020-11-26-11:02:06 PM - [BART-Loglevel4] ContentStore backup done!

2020-11-26-11:02:06 PM - [BART-Loglevel4] Backing up the Alfresco files to local
2020-11-26-11:02:06 PM - [BART-Loglevel4] Starting backup - Alfresco files
2020-11-26-11:02:06 PM - [BART-Loglevel4] Running command - /usr/bin/duplicity -v4 --volsize=20000 --log-file=/var/ALF_BACKUP/cardinal/logs/alfresco-bart-2020-11-26.log --full-if-older-than 60D --asynchronous-upload   /var/DOCKER/DATA/alfresco/cardinal/alfresco  --exclude **/var/DOCKER/DATA/alfresco/cardinal/solr_data/archive**  --exclude **/var/DOCKER/DATA/alfresco/cardinal/solr_data**  --exclude **/var/DOCKER/DATA/alfresco/cardinal/alfresco/alf_data_archgroup/contentstore**  --exclude **/var/DOCKER/DATA/alfresco/cardinal/alfresco/alf_data_archgroup/contentstore.deleted**       --exclude **/var/ALF_BACKUP/cardinal/alfresco-db-backup**  file:///mnt/ALF_BACKUP/cardinal/data_backup/files
Local and Remote metadata are synchronized, no sync needed.
NOTICE 1
. Local and Remote metadata are synchronized, no sync needed.

Last full backup date: Sat Nov 21 08:25:05 2020
NOTICE 1
. Last full backup date: Sat Nov 21 08:25:05 2020

--------------[ Backup Statistics ]--------------
StartTime 1606431729.66 (Thu Nov 26 23:02:09 2020)
EndTime 1606431816.93 (Thu Nov 26 23:03:36 2020)
ElapsedTime 87.27 (1 minute 27.27 seconds)
SourceFiles 318918
SourceFileSize 22677932355 (21.1 GB)
NewFiles 0
NewFileSize 0 (0 bytes)
DeletedFiles 0
ChangedFiles 0
ChangedFileSize 0 (0 bytes)
ChangedDeltaSize 0 (0 bytes)
DeltaEntries 0
RawDeltaSize 0 (0 bytes)
TotalDestinationSizeChange 111 (111 bytes)
Errors 0
-------------------------------------------------

NOTICE 1
. --------------[ Backup Statistics ]--------------
. StartTime 1606431729.66 (Thu Nov 26 23:02:09 2020)
. EndTime 1606431816.93 (Thu Nov 26 23:03:36 2020)
. ElapsedTime 87.27 (1 minute 27.27 seconds)
. SourceFiles 318918
. SourceFileSize 22677932355 (21.1 GB)
. NewFiles 0
. NewFileSize 0 (0 bytes)
. DeletedFiles 0
. ChangedFiles 0
. ChangedFileSize 0 (0 bytes)
. ChangedDeltaSize 0 (0 bytes)
. DeltaEntries 0
. RawDeltaSize 0 (0 bytes)
. TotalDestinationSizeChange 111 (111 bytes)
. Errors 0
. -------------------------------------------------
. 

2020-11-26-11:03:37 PM - [BART-Loglevel4] Files backup done!

2020-11-26-11:03:37 PM - [BART-Loglevel4] Running maintenance commands
2020-11-26-11:03:37 PM - [BART-Loglevel4] Running command - /usr/bin/duplicity remove-older-than 12M -v4 --log-file=/var/ALF_BACKUP/cardinal/logs/alfresco-bart-2020-11-26.log  --force file:///mnt/ALF_BACKUP/cardinal/data_backup/index/backup
Local and Remote metadata are synchronized, no sync needed.
NOTICE 1
. Local and Remote metadata are synchronized, no sync needed.

Last full backup date: none
NOTICE 1
. Last full backup date: none

No old backup sets found, nothing deleted.
NOTICE 1
. No old backup sets found, nothing deleted.

2020-11-26-11:03:37 PM - [BART-Loglevel4] Running command - /usr/bin/duplicity remove-all-but-n-full 6 -v4 --log-file=/var/ALF_BACKUP/cardinal/logs/alfresco-bart-2020-11-26.log  --force file:///mnt/ALF_BACKUP/cardinal/data_backup/index/backup
Local and Remote metadata are synchronized, no sync needed.
NOTICE 1
. Local and Remote metadata are synchronized, no sync needed.

Last full backup date: none
NOTICE 1
. Last full backup date: none

No old backup sets found, nothing deleted.
NOTICE 1
. No old backup sets found, nothing deleted.

Local and Remote metadata are synchronized, no sync needed.
NOTICE 1
. Local and Remote metadata are synchronized, no sync needed.

Last full backup date: Sat Nov 21 06:50:13 2020
NOTICE 1
. Last full backup date: Sat Nov 21 06:50:13 2020

No old backup sets found, nothing deleted.
NOTICE 1
. No old backup sets found, nothing deleted.

Local and Remote metadata are synchronized, no sync needed.
NOTICE 1
. Local and Remote metadata are synchronized, no sync needed.

Last full backup date: Sat Nov 21 06:50:13 2020
NOTICE 1
. Last full backup date: Sat Nov 21 06:50:13 2020

No old backup sets found, nothing deleted.
NOTICE 1
. No old backup sets found, nothing deleted.

2020-11-26-11:03:38 PM - [BART-Loglevel4] Running command - /usr/bin/duplicity remove-older-than 12M -v4 --log-file=/var/ALF_BACKUP/cardinal/logs/alfresco-bart-2020-11-26.log  --force file:///mnt/ALF_BACKUP/cardinal/data_backup/db
Local and Remote metadata are synchronized, no sync needed.
NOTICE 1
. Local and Remote metadata are synchronized, no sync needed.

Last full backup date: Sat Nov 21 06:51:34 2020
NOTICE 1
. Last full backup date: Sat Nov 21 06:51:34 2020

No old backup sets found, nothing deleted.
NOTICE 1
. No old backup sets found, nothing deleted.

2020-11-26-11:03:38 PM - [BART-Loglevel4] Running command - /usr/bin/duplicity remove-all-but-n-full 6 -v4 --log-file=/var/ALF_BACKUP/cardinal/logs/alfresco-bart-2020-11-26.log  --force file:///mnt/ALF_BACKUP/cardinal/data_backup/db
Local and Remote metadata are synchronized, no sync needed.
NOTICE 1
. Local and Remote metadata are synchronized, no sync needed.

Last full backup date: Sat Nov 21 06:51:34 2020
NOTICE 1
. Last full backup date: Sat Nov 21 06:51:34 2020

No old backup sets found, nothing deleted.
NOTICE 1
. No old backup sets found, nothing deleted.

2020-11-26-11:03:38 PM - [BART-Loglevel4] Running command - /usr/bin/duplicity remove-older-than 12M -v4 --log-file=/var/ALF_BACKUP/cardinal/logs/alfresco-bart-2020-11-26.log  --force file:///mnt/ALF_BACKUP/cardinal/data_backup/cs
Local and Remote metadata are synchronized, no sync needed.
NOTICE 1
. Local and Remote metadata are synchronized, no sync needed.

Last full backup date: Sat Nov 21 06:51:40 2020
NOTICE 1
. Last full backup date: Sat Nov 21 06:51:40 2020

No old backup sets found, nothing deleted.
NOTICE 1
. No old backup sets found, nothing deleted.

2020-11-26-11:03:40 PM - [BART-Loglevel4] Running command - /usr/bin/duplicity remove-all-but-n-full 6 -v4 --log-file=/var/ALF_BACKUP/cardinal/logs/alfresco-bart-2020-11-26.log  --force file:///mnt/ALF_BACKUP/cardinal/data_backup/cs
Local and Remote metadata are synchronized, no sync needed.
NOTICE 1
. Local and Remote metadata are synchronized, no sync needed.

Last full backup date: Sat Nov 21 06:51:40 2020
NOTICE 1
. Last full backup date: Sat Nov 21 06:51:40 2020

No old backup sets found, nothing deleted.
NOTICE 1
. No old backup sets found, nothing deleted.

2020-11-26-11:03:42 PM - [BART-Loglevel4] Running command - /usr/bin/duplicity remove-older-than 12M -v4 --log-file=/var/ALF_BACKUP/cardinal/logs/alfresco-bart-2020-11-26.log  --force file:///mnt/ALF_BACKUP/cardinal/data_backup/files
Local and Remote metadata are synchronized, no sync needed.
NOTICE 1
. Local and Remote metadata are synchronized, no sync needed.

Last full backup date: Sat Nov 21 08:25:05 2020
NOTICE 1
. Last full backup date: Sat Nov 21 08:25:05 2020

No old backup sets found, nothing deleted.
NOTICE 1
. No old backup sets found, nothing deleted.

2020-11-26-11:03:44 PM - [BART-Loglevel4] Running command - /usr/bin/duplicity remove-all-but-n-full 6 -v4 --log-file=/var/ALF_BACKUP/cardinal/logs/alfresco-bart-2020-11-26.log  --force file:///mnt/ALF_BACKUP/cardinal/data_backup/files
Local and Remote metadata are synchronized, no sync needed.
NOTICE 1
. Local and Remote metadata are synchronized, no sync needed.

Last full backup date: Sat Nov 21 08:25:05 2020
NOTICE 1
. Last full backup date: Sat Nov 21 08:25:05 2020

No old backup sets found, nothing deleted.
NOTICE 1
. No old backup sets found, nothing deleted.

2020-11-26-11:03:46 PM - [BART-Loglevel4] Maintenance commands DONE!
