Shutting Down Docker Instance
DOCKER INSTANCE IS DOWN
2021-01-11-11:00:01 PM - [BART-Loglevel4] Starting backup
2021-01-11-11:00:01 PM - [BART-Loglevel4] Set script variables done

2021-01-11-11:00:01 PM - [BART-Loglevel4] Backing up the Alfresco indexes to local
2021-01-11-11:00:01 PM - [BART-Loglevel4] Starting backup - Alfresco solr indexes
2021-01-11-11:00:01 PM - [BART-Loglevel4] Running command - /usr/bin/duplicity -v4 --volsize=20000 --log-file=/var/ALF_BACKUP/cardinal/logs/alfresco-bart-2021-01-11.log --full-if-older-than 60D --asynchronous-upload   /var/DOCKER/DATA/alfresco/cardinal/solr_data --exclude /var/DOCKER/DATA/alfresco/cardinal/solr_data/archive --exclude /var/DOCKER/DATA/alfresco/cardinal/solr_data/workspace file:///mnt/ALF_BACKUP/cardinal/data_backup/index/config
Local and Remote metadata are synchronized, no sync needed.
NOTICE 1
. Local and Remote metadata are synchronized, no sync needed.

Last full backup date: Sat Nov 21 06:50:13 2020
NOTICE 1
. Last full backup date: Sat Nov 21 06:50:13 2020

--------------[ Backup Statistics ]--------------
StartTime 1610406002.72 (Mon Jan 11 23:00:02 2021)
EndTime 1610406005.27 (Mon Jan 11 23:00:05 2021)
ElapsedTime 2.56 (2.56 seconds)
SourceFiles 265
SourceFileSize 1081583909 (1.01 GB)
NewFiles 131
NewFileSize 29207806 (27.9 MB)
DeletedFiles 75
ChangedFiles 0
ChangedFileSize 0 (0 bytes)
ChangedDeltaSize 0 (0 bytes)
DeltaEntries 206
RawDeltaSize 29187326 (27.8 MB)
TotalDestinationSizeChange 11189493 (10.7 MB)
Errors 0
-------------------------------------------------

NOTICE 1
. --------------[ Backup Statistics ]--------------
. StartTime 1610406002.72 (Mon Jan 11 23:00:02 2021)
. EndTime 1610406005.27 (Mon Jan 11 23:00:05 2021)
. ElapsedTime 2.56 (2.56 seconds)
. SourceFiles 265
. SourceFileSize 1081583909 (1.01 GB)
. NewFiles 131
. NewFileSize 29207806 (27.9 MB)
. DeletedFiles 75
. ChangedFiles 0
. ChangedFileSize 0 (0 bytes)
. ChangedDeltaSize 0 (0 bytes)
. DeltaEntries 206
. RawDeltaSize 29187326 (27.8 MB)
. TotalDestinationSizeChange 11189493 (10.7 MB)
. Errors 0
. -------------------------------------------------
. 

2021-01-11-11:00:05 PM - [BART-Loglevel4] Indexes backup finished

2021-01-11-11:00:05 PM - [BART-Loglevel4] Backing up the Alfresco db to local
2021-01-11-11:00:05 PM - [BART-Loglevel4] Starting backup - Alfresco postgresql db
2021-01-11-11:00:05 PM - [BART-Loglevel4] Backing up the Alfresco DB to local
2021-01-11-11:00:05 PM - [BART-Loglevel4] Starting backup - Alfresco postgresql DB
2021-01-11-11:00:05 PM - [BART-Loglevel4] Running command - PGPASSWORD=45osUQR234X /usr/lib/postgresql/11/bin/pg_dump -Fc -w -h 172.18.200.70 -p 5000 -U alfresco alf_cardinal > /var/ALF_BACKUP/cardinal/alfresco-db-backup/alf_cardinal.sql.Fc
2021-01-11-11:00:28 PM - [BART-Loglevel4] Running command - duplicity -v4 --volsize=20000 --log-file=/var/ALF_BACKUP/cardinal/logs/alfresco-bart-2021-01-11.log --full-if-older-than 60D --asynchronous-upload   /var/ALF_BACKUP/cardinal/alfresco-db-backup file:///mnt/ALF_BACKUP/cardinal/data_backup/db
Local and Remote metadata are synchronized, no sync needed.
NOTICE 1
. Local and Remote metadata are synchronized, no sync needed.

Last full backup date: Sat Nov 21 06:51:34 2020
NOTICE 1
. Last full backup date: Sat Nov 21 06:51:34 2020

--------------[ Backup Statistics ]--------------
StartTime 1610406029.78 (Mon Jan 11 23:00:29 2021)
EndTime 1610406033.16 (Mon Jan 11 23:00:33 2021)
ElapsedTime 3.38 (3.38 seconds)
SourceFiles 2
SourceFileSize 103623202 (98.8 MB)
NewFiles 1
NewFileSize 4096 (4.00 KB)
DeletedFiles 0
ChangedFiles 1
ChangedFileSize 103619106 (98.8 MB)
ChangedDeltaSize 0 (0 bytes)
DeltaEntries 2
RawDeltaSize 51290877 (48.9 MB)
TotalDestinationSizeChange 50978563 (48.6 MB)
Errors 0
-------------------------------------------------

NOTICE 1
. --------------[ Backup Statistics ]--------------
. StartTime 1610406029.78 (Mon Jan 11 23:00:29 2021)
. EndTime 1610406033.16 (Mon Jan 11 23:00:33 2021)
. ElapsedTime 3.38 (3.38 seconds)
. SourceFiles 2
. SourceFileSize 103623202 (98.8 MB)
. NewFiles 1
. NewFileSize 4096 (4.00 KB)
. DeletedFiles 0
. ChangedFiles 1
. ChangedFileSize 103619106 (98.8 MB)
. ChangedDeltaSize 0 (0 bytes)
. DeltaEntries 2
. RawDeltaSize 51290877 (48.9 MB)
. TotalDestinationSizeChange 50978563 (48.6 MB)
. Errors 0
. -------------------------------------------------
. 

2021-01-11-11:00:34 PM - [BART-Loglevel4] cleaning DB backup
2021-01-11-11:00:34 PM - [BART-Loglevel4] DB backup finished

2021-01-11-11:00:34 PM - [BART-Loglevel4] Backing up the Alfresco ContentStore to local
2021-01-11-11:00:34 PM - [BART-Loglevel4] Starting backup - Alfresco ContentStore
2021-01-11-11:00:34 PM - [BART-Loglevel4] Running command - /usr/bin/duplicity -v4 --volsize=20000 --log-file=/var/ALF_BACKUP/cardinal/logs/alfresco-bart-2021-01-11.log --full-if-older-than 60D --asynchronous-upload   --include /var/DOCKER/DATA/alfresco/cardinal/alfresco/alf_data_archgroup/contentstore       --exclude /var/DOCKER/DATA/alfresco/cardinal/alfresco/alf_data_archgroup /var/DOCKER/DATA/alfresco/cardinal/alfresco/alf_data_archgroup file:///mnt/ALF_BACKUP/cardinal/data_backup/cs
Local and Remote metadata are synchronized, no sync needed.
NOTICE 1
. Local and Remote metadata are synchronized, no sync needed.

Last full backup date: Sat Nov 21 06:51:40 2020
NOTICE 1
. Last full backup date: Sat Nov 21 06:51:40 2020

--------------[ Backup Statistics ]--------------
StartTime 1610406036.78 (Mon Jan 11 23:00:36 2021)
EndTime 1610406134.25 (Mon Jan 11 23:02:14 2021)
ElapsedTime 97.47 (1 minute 37.47 seconds)
SourceFiles 284018
SourceFileSize 127639691435 (119 GB)
NewFiles 2725
NewFileSize 294485946 (281 MB)
DeletedFiles 11
ChangedFiles 0
ChangedFileSize 0 (0 bytes)
ChangedDeltaSize 0 (0 bytes)
DeltaEntries 2736
RawDeltaSize 292720570 (279 MB)
TotalDestinationSizeChange 233528841 (223 MB)
Errors 0
-------------------------------------------------

NOTICE 1
. --------------[ Backup Statistics ]--------------
. StartTime 1610406036.78 (Mon Jan 11 23:00:36 2021)
. EndTime 1610406134.25 (Mon Jan 11 23:02:14 2021)
. ElapsedTime 97.47 (1 minute 37.47 seconds)
. SourceFiles 284018
. SourceFileSize 127639691435 (119 GB)
. NewFiles 2725
. NewFileSize 294485946 (281 MB)
. DeletedFiles 11
. ChangedFiles 0
. ChangedFileSize 0 (0 bytes)
. ChangedDeltaSize 0 (0 bytes)
. DeltaEntries 2736
. RawDeltaSize 292720570 (279 MB)
. TotalDestinationSizeChange 233528841 (223 MB)
. Errors 0
. -------------------------------------------------
. 

2021-01-11-11:02:18 PM - [BART-Loglevel4] ContentStore backup done!

2021-01-11-11:02:18 PM - [BART-Loglevel4] Backing up the Alfresco files to local
2021-01-11-11:02:18 PM - [BART-Loglevel4] Starting backup - Alfresco files
2021-01-11-11:02:18 PM - [BART-Loglevel4] Running command - /usr/bin/duplicity -v4 --volsize=20000 --log-file=/var/ALF_BACKUP/cardinal/logs/alfresco-bart-2021-01-11.log --full-if-older-than 60D --asynchronous-upload   /var/DOCKER/DATA/alfresco/cardinal/alfresco  --exclude **/var/DOCKER/DATA/alfresco/cardinal/solr_data/archive**  --exclude **/var/DOCKER/DATA/alfresco/cardinal/solr_data**  --exclude **/var/DOCKER/DATA/alfresco/cardinal/alfresco/alf_data_archgroup/contentstore**  --exclude **/var/DOCKER/DATA/alfresco/cardinal/alfresco/alf_data_archgroup/contentstore.deleted**       --exclude **/var/ALF_BACKUP/cardinal/alfresco-db-backup**  file:///mnt/ALF_BACKUP/cardinal/data_backup/files
Local and Remote metadata are synchronized, no sync needed.
NOTICE 1
. Local and Remote metadata are synchronized, no sync needed.

Last full backup date: Sat Nov 21 08:25:05 2020
NOTICE 1
. Last full backup date: Sat Nov 21 08:25:05 2020

--------------[ Backup Statistics ]--------------
StartTime 1610406140.62 (Mon Jan 11 23:02:20 2021)
EndTime 1610406216.21 (Mon Jan 11 23:03:36 2021)
ElapsedTime 75.58 (1 minute 15.58 seconds)
SourceFiles 318918
SourceFileSize 22677932361 (21.1 GB)
NewFiles 1
NewFileSize 4096 (4.00 KB)
DeletedFiles 0
ChangedFiles 1
ChangedFileSize 6163 (6.02 KB)
ChangedDeltaSize 0 (0 bytes)
DeltaEntries 2
RawDeltaSize 1047 (1.02 KB)
TotalDestinationSizeChange 732 (732 bytes)
Errors 0
-------------------------------------------------

NOTICE 1
. --------------[ Backup Statistics ]--------------
. StartTime 1610406140.62 (Mon Jan 11 23:02:20 2021)
. EndTime 1610406216.21 (Mon Jan 11 23:03:36 2021)
. ElapsedTime 75.58 (1 minute 15.58 seconds)
. SourceFiles 318918
. SourceFileSize 22677932361 (21.1 GB)
. NewFiles 1
. NewFileSize 4096 (4.00 KB)
. DeletedFiles 0
. ChangedFiles 1
. ChangedFileSize 6163 (6.02 KB)
. ChangedDeltaSize 0 (0 bytes)
. DeltaEntries 2
. RawDeltaSize 1047 (1.02 KB)
. TotalDestinationSizeChange 732 (732 bytes)
. Errors 0
. -------------------------------------------------
. 

2021-01-11-11:03:36 PM - [BART-Loglevel4] Files backup done!

2021-01-11-11:03:36 PM - [BART-Loglevel4] Running maintenance commands
2021-01-11-11:03:36 PM - [BART-Loglevel4] Running command - /usr/bin/duplicity remove-older-than 12M -v4 --log-file=/var/ALF_BACKUP/cardinal/logs/alfresco-bart-2021-01-11.log  --force file:///mnt/ALF_BACKUP/cardinal/data_backup/index/backup
Local and Remote metadata are synchronized, no sync needed.
NOTICE 1
. Local and Remote metadata are synchronized, no sync needed.

Last full backup date: none
NOTICE 1
. Last full backup date: none

No old backup sets found, nothing deleted.
NOTICE 1
. No old backup sets found, nothing deleted.

2021-01-11-11:03:36 PM - [BART-Loglevel4] Running command - /usr/bin/duplicity remove-all-but-n-full 6 -v4 --log-file=/var/ALF_BACKUP/cardinal/logs/alfresco-bart-2021-01-11.log  --force file:///mnt/ALF_BACKUP/cardinal/data_backup/index/backup
Local and Remote metadata are synchronized, no sync needed.
NOTICE 1
. Local and Remote metadata are synchronized, no sync needed.

Last full backup date: none
NOTICE 1
. Last full backup date: none

No old backup sets found, nothing deleted.
NOTICE 1
. No old backup sets found, nothing deleted.

Local and Remote metadata are synchronized, no sync needed.
NOTICE 1
. Local and Remote metadata are synchronized, no sync needed.

Last full backup date: Sat Nov 21 06:50:13 2020
NOTICE 1
. Last full backup date: Sat Nov 21 06:50:13 2020

No old backup sets found, nothing deleted.
NOTICE 1
. No old backup sets found, nothing deleted.

Local and Remote metadata are synchronized, no sync needed.
NOTICE 1
. Local and Remote metadata are synchronized, no sync needed.

Last full backup date: Sat Nov 21 06:50:13 2020
NOTICE 1
. Last full backup date: Sat Nov 21 06:50:13 2020

No old backup sets found, nothing deleted.
NOTICE 1
. No old backup sets found, nothing deleted.

2021-01-11-11:03:38 PM - [BART-Loglevel4] Running command - /usr/bin/duplicity remove-older-than 12M -v4 --log-file=/var/ALF_BACKUP/cardinal/logs/alfresco-bart-2021-01-11.log  --force file:///mnt/ALF_BACKUP/cardinal/data_backup/db
Local and Remote metadata are synchronized, no sync needed.
NOTICE 1
. Local and Remote metadata are synchronized, no sync needed.

Last full backup date: Sat Nov 21 06:51:34 2020
NOTICE 1
. Last full backup date: Sat Nov 21 06:51:34 2020

No old backup sets found, nothing deleted.
NOTICE 1
. No old backup sets found, nothing deleted.

2021-01-11-11:03:38 PM - [BART-Loglevel4] Running command - /usr/bin/duplicity remove-all-but-n-full 6 -v4 --log-file=/var/ALF_BACKUP/cardinal/logs/alfresco-bart-2021-01-11.log  --force file:///mnt/ALF_BACKUP/cardinal/data_backup/db
Local and Remote metadata are synchronized, no sync needed.
NOTICE 1
. Local and Remote metadata are synchronized, no sync needed.

Last full backup date: Sat Nov 21 06:51:34 2020
NOTICE 1
. Last full backup date: Sat Nov 21 06:51:34 2020

No old backup sets found, nothing deleted.
NOTICE 1
. No old backup sets found, nothing deleted.

2021-01-11-11:03:38 PM - [BART-Loglevel4] Running command - /usr/bin/duplicity remove-older-than 12M -v4 --log-file=/var/ALF_BACKUP/cardinal/logs/alfresco-bart-2021-01-11.log  --force file:///mnt/ALF_BACKUP/cardinal/data_backup/cs
Local and Remote metadata are synchronized, no sync needed.
NOTICE 1
. Local and Remote metadata are synchronized, no sync needed.

Last full backup date: Sat Nov 21 06:51:40 2020
NOTICE 1
. Last full backup date: Sat Nov 21 06:51:40 2020

No old backup sets found, nothing deleted.
NOTICE 1
. No old backup sets found, nothing deleted.

2021-01-11-11:03:41 PM - [BART-Loglevel4] Running command - /usr/bin/duplicity remove-all-but-n-full 6 -v4 --log-file=/var/ALF_BACKUP/cardinal/logs/alfresco-bart-2021-01-11.log  --force file:///mnt/ALF_BACKUP/cardinal/data_backup/cs
Local and Remote metadata are synchronized, no sync needed.
NOTICE 1
. Local and Remote metadata are synchronized, no sync needed.

Last full backup date: Sat Nov 21 06:51:40 2020
NOTICE 1
. Last full backup date: Sat Nov 21 06:51:40 2020

No old backup sets found, nothing deleted.
NOTICE 1
. No old backup sets found, nothing deleted.

2021-01-11-11:03:43 PM - [BART-Loglevel4] Running command - /usr/bin/duplicity remove-older-than 12M -v4 --log-file=/var/ALF_BACKUP/cardinal/logs/alfresco-bart-2021-01-11.log  --force file:///mnt/ALF_BACKUP/cardinal/data_backup/files
Local and Remote metadata are synchronized, no sync needed.
NOTICE 1
. Local and Remote metadata are synchronized, no sync needed.

Last full backup date: Sat Nov 21 08:25:05 2020
NOTICE 1
. Last full backup date: Sat Nov 21 08:25:05 2020

No old backup sets found, nothing deleted.
NOTICE 1
. No old backup sets found, nothing deleted.

2021-01-11-11:03:45 PM - [BART-Loglevel4] Running command - /usr/bin/duplicity remove-all-but-n-full 6 -v4 --log-file=/var/ALF_BACKUP/cardinal/logs/alfresco-bart-2021-01-11.log  --force file:///mnt/ALF_BACKUP/cardinal/data_backup/files
Local and Remote metadata are synchronized, no sync needed.
NOTICE 1
. Local and Remote metadata are synchronized, no sync needed.

Last full backup date: Sat Nov 21 08:25:05 2020
NOTICE 1
. Last full backup date: Sat Nov 21 08:25:05 2020

No old backup sets found, nothing deleted.
NOTICE 1
. No old backup sets found, nothing deleted.

2021-01-11-11:03:48 PM - [BART-Loglevel4] Maintenance commands DONE!
