Shutting Down Docker Instance
DOCKER INSTANCE IS DOWN
2021-01-22-11:00:01 PM - [BART-Loglevel4] Starting backup
2021-01-22-11:00:01 PM - [BART-Loglevel4] Set script variables done

2021-01-22-11:00:01 PM - [BART-Loglevel4] Backing up the Alfresco indexes to local
2021-01-22-11:00:01 PM - [BART-Loglevel4] Starting backup - Alfresco solr indexes
2021-01-22-11:00:01 PM - [BART-Loglevel4] Running command - /usr/bin/duplicity -v4 --volsize=20000 --log-file=/var/ALF_BACKUP/cardinal/logs/alfresco-bart-2021-01-22.log --full-if-older-than 60D --asynchronous-upload   /var/DOCKER/DATA/alfresco/cardinal/solr_data --exclude /var/DOCKER/DATA/alfresco/cardinal/solr_data/archive --exclude /var/DOCKER/DATA/alfresco/cardinal/solr_data/workspace file:///mnt/ALF_BACKUP/cardinal/data_backup/index/config
Local and Remote metadata are synchronized, no sync needed.
NOTICE 1
. Local and Remote metadata are synchronized, no sync needed.

Last full backup date: Wed Jan 20 23:00:01 2021
NOTICE 1
. Last full backup date: Wed Jan 20 23:00:01 2021

--------------[ Backup Statistics ]--------------
StartTime 1611356402.61 (Fri Jan 22 23:00:02 2021)
EndTime 1611356408.31 (Fri Jan 22 23:00:08 2021)
ElapsedTime 5.70 (5.70 seconds)
SourceFiles 205
SourceFileSize 1128026791 (1.05 GB)
NewFiles 73
NewFileSize 13963576 (13.3 MB)
DeletedFiles 83
ChangedFiles 132
ChangedFileSize 1114063215 (1.04 GB)
ChangedDeltaSize 0 (0 bytes)
DeltaEntries 288
RawDeltaSize 14083331 (13.4 MB)
TotalDestinationSizeChange 3687769 (3.52 MB)
Errors 0
-------------------------------------------------

NOTICE 1
. --------------[ Backup Statistics ]--------------
. StartTime 1611356402.61 (Fri Jan 22 23:00:02 2021)
. EndTime 1611356408.31 (Fri Jan 22 23:00:08 2021)
. ElapsedTime 5.70 (5.70 seconds)
. SourceFiles 205
. SourceFileSize 1128026791 (1.05 GB)
. NewFiles 73
. NewFileSize 13963576 (13.3 MB)
. DeletedFiles 83
. ChangedFiles 132
. ChangedFileSize 1114063215 (1.04 GB)
. ChangedDeltaSize 0 (0 bytes)
. DeltaEntries 288
. RawDeltaSize 14083331 (13.4 MB)
. TotalDestinationSizeChange 3687769 (3.52 MB)
. Errors 0
. -------------------------------------------------
. 

2021-01-22-11:00:09 PM - [BART-Loglevel4] Indexes backup finished

2021-01-22-11:00:09 PM - [BART-Loglevel4] Backing up the Alfresco db to local
2021-01-22-11:00:09 PM - [BART-Loglevel4] Starting backup - Alfresco postgresql db
2021-01-22-11:00:09 PM - [BART-Loglevel4] Backing up the Alfresco DB to local
2021-01-22-11:00:09 PM - [BART-Loglevel4] Starting backup - Alfresco postgresql DB
2021-01-22-11:00:09 PM - [BART-Loglevel4] Running command - PGPASSWORD=45osUQR234X /usr/lib/postgresql/11/bin/pg_dump -Fc -w -h 172.18.200.70 -p 5000 -U alfresco alf_cardinal > /var/ALF_BACKUP/cardinal/alfresco-db-backup/alf_cardinal.sql.Fc
2021-01-22-11:00:45 PM - [BART-Loglevel4] Running command - duplicity -v4 --volsize=20000 --log-file=/var/ALF_BACKUP/cardinal/logs/alfresco-bart-2021-01-22.log --full-if-older-than 60D --asynchronous-upload   /var/ALF_BACKUP/cardinal/alfresco-db-backup file:///mnt/ALF_BACKUP/cardinal/data_backup/db
Local and Remote metadata are synchronized, no sync needed.
NOTICE 1
. Local and Remote metadata are synchronized, no sync needed.

Last full backup date: Wed Jan 20 23:01:55 2021
NOTICE 1
. Last full backup date: Wed Jan 20 23:01:55 2021

--------------[ Backup Statistics ]--------------
StartTime 1611356446.86 (Fri Jan 22 23:00:46 2021)
EndTime 1611356452.99 (Fri Jan 22 23:00:52 2021)
ElapsedTime 6.13 (6.13 seconds)
SourceFiles 2
SourceFileSize 107608229 (103 MB)
NewFiles 1
NewFileSize 4096 (4.00 KB)
DeletedFiles 0
ChangedFiles 1
ChangedFileSize 107604133 (103 MB)
ChangedDeltaSize 0 (0 bytes)
DeltaEntries 2
RawDeltaSize 82173072 (78.4 MB)
TotalDestinationSizeChange 81319124 (77.6 MB)
Errors 0
-------------------------------------------------

NOTICE 1
. --------------[ Backup Statistics ]--------------
. StartTime 1611356446.86 (Fri Jan 22 23:00:46 2021)
. EndTime 1611356452.99 (Fri Jan 22 23:00:52 2021)
. ElapsedTime 6.13 (6.13 seconds)
. SourceFiles 2
. SourceFileSize 107608229 (103 MB)
. NewFiles 1
. NewFileSize 4096 (4.00 KB)
. DeletedFiles 0
. ChangedFiles 1
. ChangedFileSize 107604133 (103 MB)
. ChangedDeltaSize 0 (0 bytes)
. DeltaEntries 2
. RawDeltaSize 82173072 (78.4 MB)
. TotalDestinationSizeChange 81319124 (77.6 MB)
. Errors 0
. -------------------------------------------------
. 

2021-01-22-11:00:54 PM - [BART-Loglevel4] cleaning DB backup
2021-01-22-11:00:54 PM - [BART-Loglevel4] DB backup finished

2021-01-22-11:00:54 PM - [BART-Loglevel4] Backing up the Alfresco ContentStore to local
2021-01-22-11:00:54 PM - [BART-Loglevel4] Starting backup - Alfresco ContentStore
2021-01-22-11:00:54 PM - [BART-Loglevel4] Running command - /usr/bin/duplicity -v4 --volsize=20000 --log-file=/var/ALF_BACKUP/cardinal/logs/alfresco-bart-2021-01-22.log --full-if-older-than 60D --asynchronous-upload   --include /var/DOCKER/DATA/alfresco/cardinal/alfresco/alf_data_archgroup/contentstore       --exclude /var/DOCKER/DATA/alfresco/cardinal/alfresco/alf_data_archgroup /var/DOCKER/DATA/alfresco/cardinal/alfresco/alf_data_archgroup file:///mnt/ALF_BACKUP/cardinal/data_backup/cs
Local and Remote metadata are synchronized, no sync needed.
NOTICE 1
. Local and Remote metadata are synchronized, no sync needed.

Last full backup date: Wed Jan 20 23:02:17 2021
NOTICE 1
. Last full backup date: Wed Jan 20 23:02:17 2021

Error accessing possibly locked file /var/DOCKER/DATA/alfresco/cardinal/alfresco/alf_data_archgroup/contentstore/2021/1/22/22
WARNING 10 '/var/DOCKER/DATA/alfresco/cardinal/alfresco/alf_data_archgroup/contentstore/2021/1/22/22'
. Error accessing possibly locked file /var/DOCKER/DATA/alfresco/cardinal/alfresco/alf_data_archgroup/contentstore/2021/1/22/22

--------------[ Backup Statistics ]--------------
StartTime 1611356460.70 (Fri Jan 22 23:01:00 2021)
EndTime 1611356608.20 (Fri Jan 22 23:03:28 2021)
ElapsedTime 147.51 (2 minutes 27.51 seconds)
SourceFiles 304354
SourceFileSize 132101655143 (123 GB)
NewFiles 2662
NewFileSize 659391682 (629 MB)
DeletedFiles 5
ChangedFiles 0
ChangedFileSize 0 (0 bytes)
ChangedDeltaSize 0 (0 bytes)
DeltaEntries 2667
RawDeltaSize 657364162 (627 MB)
TotalDestinationSizeChange 607792355 (580 MB)
Errors 1
-------------------------------------------------

NOTICE 1
. --------------[ Backup Statistics ]--------------
. StartTime 1611356460.70 (Fri Jan 22 23:01:00 2021)
. EndTime 1611356608.20 (Fri Jan 22 23:03:28 2021)
. ElapsedTime 147.51 (2 minutes 27.51 seconds)
. SourceFiles 304354
. SourceFileSize 132101655143 (123 GB)
. NewFiles 2662
. NewFileSize 659391682 (629 MB)
. DeletedFiles 5
. ChangedFiles 0
. ChangedFileSize 0 (0 bytes)
. ChangedDeltaSize 0 (0 bytes)
. DeltaEntries 2667
. RawDeltaSize 657364162 (627 MB)
. TotalDestinationSizeChange 607792355 (580 MB)
. Errors 1
. -------------------------------------------------
. 

2021-01-22-11:03:37 PM - [BART-Loglevel4] ContentStore backup done!

2021-01-22-11:03:37 PM - [BART-Loglevel4] Backing up the Alfresco files to local
2021-01-22-11:03:37 PM - [BART-Loglevel4] Starting backup - Alfresco files
2021-01-22-11:03:37 PM - [BART-Loglevel4] Running command - /usr/bin/duplicity -v4 --volsize=20000 --log-file=/var/ALF_BACKUP/cardinal/logs/alfresco-bart-2021-01-22.log --full-if-older-than 60D --asynchronous-upload   /var/DOCKER/DATA/alfresco/cardinal/alfresco  --exclude **/var/DOCKER/DATA/alfresco/cardinal/solr_data/archive**  --exclude **/var/DOCKER/DATA/alfresco/cardinal/solr_data**  --exclude **/var/DOCKER/DATA/alfresco/cardinal/alfresco/alf_data_archgroup/contentstore**  --exclude **/var/DOCKER/DATA/alfresco/cardinal/alfresco/alf_data_archgroup/contentstore.deleted**       --exclude **/var/ALF_BACKUP/cardinal/alfresco-db-backup**  file:///mnt/ALF_BACKUP/cardinal/data_backup/files
Local and Remote metadata are synchronized, no sync needed.
NOTICE 1
. Local and Remote metadata are synchronized, no sync needed.

Last full backup date: Thu Jan 21 04:01:54 2021
NOTICE 1
. Last full backup date: Thu Jan 21 04:01:54 2021

Error accessing possibly locked file /var/DOCKER/DATA/alfresco/cardinal/alfresco/logs/alfresco/alfresco.log
WARNING 10 '/var/DOCKER/DATA/alfresco/cardinal/alfresco/logs/alfresco/alfresco.log'
. Error accessing possibly locked file /var/DOCKER/DATA/alfresco/cardinal/alfresco/logs/alfresco/alfresco.log

Error accessing possibly locked file /var/DOCKER/DATA/alfresco/cardinal/alfresco/logs/alfresco/catalina.2021-01-22.log
WARNING 10 '/var/DOCKER/DATA/alfresco/cardinal/alfresco/logs/alfresco/catalina.2021-01-22.log'
. Error accessing possibly locked file /var/DOCKER/DATA/alfresco/cardinal/alfresco/logs/alfresco/catalina.2021-01-22.log

Error accessing possibly locked file /var/DOCKER/DATA/alfresco/cardinal/alfresco/logs/alfresco/host-manager.2021-01-22.log
WARNING 10 '/var/DOCKER/DATA/alfresco/cardinal/alfresco/logs/alfresco/host-manager.2021-01-22.log'
. Error accessing possibly locked file /var/DOCKER/DATA/alfresco/cardinal/alfresco/logs/alfresco/host-manager.2021-01-22.log

Error accessing possibly locked file /var/DOCKER/DATA/alfresco/cardinal/alfresco/logs/alfresco/localhost.2021-01-22.log
WARNING 10 '/var/DOCKER/DATA/alfresco/cardinal/alfresco/logs/alfresco/localhost.2021-01-22.log'
. Error accessing possibly locked file /var/DOCKER/DATA/alfresco/cardinal/alfresco/logs/alfresco/localhost.2021-01-22.log

Error accessing possibly locked file /var/DOCKER/DATA/alfresco/cardinal/alfresco/logs/alfresco/localhost_access_log.2021-01-22.txt
WARNING 10 '/var/DOCKER/DATA/alfresco/cardinal/alfresco/logs/alfresco/localhost_access_log.2021-01-22.txt'
. Error accessing possibly locked file /var/DOCKER/DATA/alfresco/cardinal/alfresco/logs/alfresco/localhost_access_log.2021-01-22.txt

Error accessing possibly locked file /var/DOCKER/DATA/alfresco/cardinal/alfresco/logs/alfresco/manager.2021-01-22.log
WARNING 10 '/var/DOCKER/DATA/alfresco/cardinal/alfresco/logs/alfresco/manager.2021-01-22.log'
. Error accessing possibly locked file /var/DOCKER/DATA/alfresco/cardinal/alfresco/logs/alfresco/manager.2021-01-22.log

Error accessing possibly locked file /var/DOCKER/DATA/alfresco/cardinal/alfresco/logs/share/catalina.2021-01-22.log
WARNING 10 '/var/DOCKER/DATA/alfresco/cardinal/alfresco/logs/share/catalina.2021-01-22.log'
. Error accessing possibly locked file /var/DOCKER/DATA/alfresco/cardinal/alfresco/logs/share/catalina.2021-01-22.log

Error accessing possibly locked file /var/DOCKER/DATA/alfresco/cardinal/alfresco/logs/share/host-manager.2021-01-22.log
WARNING 10 '/var/DOCKER/DATA/alfresco/cardinal/alfresco/logs/share/host-manager.2021-01-22.log'
. Error accessing possibly locked file /var/DOCKER/DATA/alfresco/cardinal/alfresco/logs/share/host-manager.2021-01-22.log

Error accessing possibly locked file /var/DOCKER/DATA/alfresco/cardinal/alfresco/logs/share/localhost.2021-01-22.log
WARNING 10 '/var/DOCKER/DATA/alfresco/cardinal/alfresco/logs/share/localhost.2021-01-22.log'
. Error accessing possibly locked file /var/DOCKER/DATA/alfresco/cardinal/alfresco/logs/share/localhost.2021-01-22.log

Error accessing possibly locked file /var/DOCKER/DATA/alfresco/cardinal/alfresco/logs/share/localhost_access_log.2021-01-22.txt
WARNING 10 '/var/DOCKER/DATA/alfresco/cardinal/alfresco/logs/share/localhost_access_log.2021-01-22.txt'
. Error accessing possibly locked file /var/DOCKER/DATA/alfresco/cardinal/alfresco/logs/share/localhost_access_log.2021-01-22.txt

Error accessing possibly locked file /var/DOCKER/DATA/alfresco/cardinal/alfresco/logs/share/manager.2021-01-22.log
WARNING 10 '/var/DOCKER/DATA/alfresco/cardinal/alfresco/logs/share/manager.2021-01-22.log'
. Error accessing possibly locked file /var/DOCKER/DATA/alfresco/cardinal/alfresco/logs/share/manager.2021-01-22.log

--------------[ Backup Statistics ]--------------
StartTime 1611356623.14 (Fri Jan 22 23:03:43 2021)
EndTime 1611356718.07 (Fri Jan 22 23:05:18 2021)
ElapsedTime 94.93 (1 minute 34.93 seconds)
SourceFiles 318923
SourceFileSize 22677952353 (21.1 GB)
NewFiles 7
NewFileSize 28090 (27.4 KB)
DeletedFiles 0
ChangedFiles 0
ChangedFileSize 0 (0 bytes)
ChangedDeltaSize 0 (0 bytes)
DeltaEntries 7
RawDeltaSize 3514 (3.43 KB)
TotalDestinationSizeChange 1497 (1.46 KB)
Errors 11
-------------------------------------------------

NOTICE 1
. --------------[ Backup Statistics ]--------------
. StartTime 1611356623.14 (Fri Jan 22 23:03:43 2021)
. EndTime 1611356718.07 (Fri Jan 22 23:05:18 2021)
. ElapsedTime 94.93 (1 minute 34.93 seconds)
. SourceFiles 318923
. SourceFileSize 22677952353 (21.1 GB)
. NewFiles 7
. NewFileSize 28090 (27.4 KB)
. DeletedFiles 0
. ChangedFiles 0
. ChangedFileSize 0 (0 bytes)
. ChangedDeltaSize 0 (0 bytes)
. DeltaEntries 7
. RawDeltaSize 3514 (3.43 KB)
. TotalDestinationSizeChange 1497 (1.46 KB)
. Errors 11
. -------------------------------------------------
. 

2021-01-22-11:05:18 PM - [BART-Loglevel4] Files backup done!

2021-01-22-11:05:18 PM - [BART-Loglevel4] Running maintenance commands
2021-01-22-11:05:18 PM - [BART-Loglevel4] Running command - /usr/bin/duplicity remove-older-than 12M -v4 --log-file=/var/ALF_BACKUP/cardinal/logs/alfresco-bart-2021-01-22.log  --force file:///mnt/ALF_BACKUP/cardinal/data_backup/index/backup
Local and Remote metadata are synchronized, no sync needed.
NOTICE 1
. Local and Remote metadata are synchronized, no sync needed.

Last full backup date: none
NOTICE 1
. Last full backup date: none

No old backup sets found, nothing deleted.
NOTICE 1
. No old backup sets found, nothing deleted.

2021-01-22-11:05:18 PM - [BART-Loglevel4] Running command - /usr/bin/duplicity remove-all-but-n-full 6 -v4 --log-file=/var/ALF_BACKUP/cardinal/logs/alfresco-bart-2021-01-22.log  --force file:///mnt/ALF_BACKUP/cardinal/data_backup/index/backup
Local and Remote metadata are synchronized, no sync needed.
NOTICE 1
. Local and Remote metadata are synchronized, no sync needed.

Last full backup date: none
NOTICE 1
. Last full backup date: none

No old backup sets found, nothing deleted.
NOTICE 1
. No old backup sets found, nothing deleted.

Local and Remote metadata are synchronized, no sync needed.
NOTICE 1
. Local and Remote metadata are synchronized, no sync needed.

Last full backup date: Wed Jan 20 23:00:01 2021
NOTICE 1
. Last full backup date: Wed Jan 20 23:00:01 2021

No old backup sets found, nothing deleted.
NOTICE 1
. No old backup sets found, nothing deleted.

Local and Remote metadata are synchronized, no sync needed.
NOTICE 1
. Local and Remote metadata are synchronized, no sync needed.

Last full backup date: Wed Jan 20 23:00:01 2021
NOTICE 1
. Last full backup date: Wed Jan 20 23:00:01 2021

No old backup sets found, nothing deleted.
NOTICE 1
. No old backup sets found, nothing deleted.

2021-01-22-11:05:20 PM - [BART-Loglevel4] Running command - /usr/bin/duplicity remove-older-than 12M -v4 --log-file=/var/ALF_BACKUP/cardinal/logs/alfresco-bart-2021-01-22.log  --force file:///mnt/ALF_BACKUP/cardinal/data_backup/db
Local and Remote metadata are synchronized, no sync needed.
NOTICE 1
. Local and Remote metadata are synchronized, no sync needed.

Last full backup date: Wed Jan 20 23:01:55 2021
NOTICE 1
. Last full backup date: Wed Jan 20 23:01:55 2021

No old backup sets found, nothing deleted.
NOTICE 1
. No old backup sets found, nothing deleted.

2021-01-22-11:05:21 PM - [BART-Loglevel4] Running command - /usr/bin/duplicity remove-all-but-n-full 6 -v4 --log-file=/var/ALF_BACKUP/cardinal/logs/alfresco-bart-2021-01-22.log  --force file:///mnt/ALF_BACKUP/cardinal/data_backup/db
Local and Remote metadata are synchronized, no sync needed.
NOTICE 1
. Local and Remote metadata are synchronized, no sync needed.

Last full backup date: Wed Jan 20 23:01:55 2021
NOTICE 1
. Last full backup date: Wed Jan 20 23:01:55 2021

No old backup sets found, nothing deleted.
NOTICE 1
. No old backup sets found, nothing deleted.

2021-01-22-11:05:21 PM - [BART-Loglevel4] Running command - /usr/bin/duplicity remove-older-than 12M -v4 --log-file=/var/ALF_BACKUP/cardinal/logs/alfresco-bart-2021-01-22.log  --force file:///mnt/ALF_BACKUP/cardinal/data_backup/cs
Local and Remote metadata are synchronized, no sync needed.
NOTICE 1
. Local and Remote metadata are synchronized, no sync needed.

Last full backup date: Wed Jan 20 23:02:17 2021
NOTICE 1
. Last full backup date: Wed Jan 20 23:02:17 2021

No old backup sets found, nothing deleted.
NOTICE 1
. No old backup sets found, nothing deleted.

2021-01-22-11:05:26 PM - [BART-Loglevel4] Running command - /usr/bin/duplicity remove-all-but-n-full 6 -v4 --log-file=/var/ALF_BACKUP/cardinal/logs/alfresco-bart-2021-01-22.log  --force file:///mnt/ALF_BACKUP/cardinal/data_backup/cs
Local and Remote metadata are synchronized, no sync needed.
NOTICE 1
. Local and Remote metadata are synchronized, no sync needed.

Last full backup date: Wed Jan 20 23:02:17 2021
NOTICE 1
. Last full backup date: Wed Jan 20 23:02:17 2021

No old backup sets found, nothing deleted.
NOTICE 1
. No old backup sets found, nothing deleted.

2021-01-22-11:05:31 PM - [BART-Loglevel4] Running command - /usr/bin/duplicity remove-older-than 12M -v4 --log-file=/var/ALF_BACKUP/cardinal/logs/alfresco-bart-2021-01-22.log  --force file:///mnt/ALF_BACKUP/cardinal/data_backup/files
Local and Remote metadata are synchronized, no sync needed.
NOTICE 1
. Local and Remote metadata are synchronized, no sync needed.

Last full backup date: Thu Jan 21 04:01:54 2021
NOTICE 1
. Last full backup date: Thu Jan 21 04:01:54 2021

No old backup sets found, nothing deleted.
NOTICE 1
. No old backup sets found, nothing deleted.

2021-01-22-11:05:35 PM - [BART-Loglevel4] Running command - /usr/bin/duplicity remove-all-but-n-full 6 -v4 --log-file=/var/ALF_BACKUP/cardinal/logs/alfresco-bart-2021-01-22.log  --force file:///mnt/ALF_BACKUP/cardinal/data_backup/files
Local and Remote metadata are synchronized, no sync needed.
NOTICE 1
. Local and Remote metadata are synchronized, no sync needed.

Last full backup date: Thu Jan 21 04:01:54 2021
NOTICE 1
. Last full backup date: Thu Jan 21 04:01:54 2021

No old backup sets found, nothing deleted.
NOTICE 1
. No old backup sets found, nothing deleted.

2021-01-22-11:05:40 PM - [BART-Loglevel4] Maintenance commands DONE!
