Shutting Down Docker Instance
DOCKER INSTANCE IS DOWN
2020-12-29-11:00:01 PM - [BART-Loglevel4] Starting backup
2020-12-29-11:00:01 PM - [BART-Loglevel4] Set script variables done

2020-12-29-11:00:01 PM - [BART-Loglevel4] Backing up the Alfresco indexes to local
2020-12-29-11:00:01 PM - [BART-Loglevel4] Starting backup - Alfresco solr indexes
2020-12-29-11:00:01 PM - [BART-Loglevel4] Running command - /usr/bin/duplicity -v4 --volsize=20000 --log-file=/var/ALF_BACKUP/cardinal/logs/alfresco-bart-2020-12-29.log --full-if-older-than 60D --asynchronous-upload   /var/DOCKER/DATA/alfresco/cardinal/solr_data --exclude /var/DOCKER/DATA/alfresco/cardinal/solr_data/archive --exclude /var/DOCKER/DATA/alfresco/cardinal/solr_data/workspace file:///mnt/ALF_BACKUP/cardinal/data_backup/index/config
Local and Remote metadata are synchronized, no sync needed.
NOTICE 1
. Local and Remote metadata are synchronized, no sync needed.

Last full backup date: Sat Nov 21 06:50:13 2020
NOTICE 1
. Last full backup date: Sat Nov 21 06:50:13 2020

--------------[ Backup Statistics ]--------------
StartTime 1609282802.01 (Tue Dec 29 23:00:02 2020)
EndTime 1609282803.33 (Tue Dec 29 23:00:03 2020)
ElapsedTime 1.33 (1.33 seconds)
SourceFiles 242
SourceFileSize 1060119419 (1011 MB)
NewFiles 105
NewFileSize 12852568 (12.3 MB)
DeletedFiles 112
ChangedFiles 0
ChangedFileSize 0 (0 bytes)
ChangedDeltaSize 0 (0 bytes)
DeltaEntries 217
RawDeltaSize 12832088 (12.2 MB)
TotalDestinationSizeChange 4568397 (4.36 MB)
Errors 0
-------------------------------------------------

NOTICE 1
. --------------[ Backup Statistics ]--------------
. StartTime 1609282802.01 (Tue Dec 29 23:00:02 2020)
. EndTime 1609282803.33 (Tue Dec 29 23:00:03 2020)
. ElapsedTime 1.33 (1.33 seconds)
. SourceFiles 242
. SourceFileSize 1060119419 (1011 MB)
. NewFiles 105
. NewFileSize 12852568 (12.3 MB)
. DeletedFiles 112
. ChangedFiles 0
. ChangedFileSize 0 (0 bytes)
. ChangedDeltaSize 0 (0 bytes)
. DeltaEntries 217
. RawDeltaSize 12832088 (12.2 MB)
. TotalDestinationSizeChange 4568397 (4.36 MB)
. Errors 0
. -------------------------------------------------
. 

2020-12-29-11:00:03 PM - [BART-Loglevel4] Indexes backup finished

2020-12-29-11:00:03 PM - [BART-Loglevel4] Backing up the Alfresco db to local
2020-12-29-11:00:03 PM - [BART-Loglevel4] Starting backup - Alfresco postgresql db
2020-12-29-11:00:03 PM - [BART-Loglevel4] Backing up the Alfresco DB to local
2020-12-29-11:00:03 PM - [BART-Loglevel4] Starting backup - Alfresco postgresql DB
2020-12-29-11:00:03 PM - [BART-Loglevel4] Running command - PGPASSWORD=45osUQR234X /usr/lib/postgresql/11/bin/pg_dump -Fc -w -h 172.18.200.70 -p 5000 -U alfresco alf_cardinal > /var/ALF_BACKUP/cardinal/alfresco-db-backup/alf_cardinal.sql.Fc
2020-12-29-11:00:27 PM - [BART-Loglevel4] Running command - duplicity -v4 --volsize=20000 --log-file=/var/ALF_BACKUP/cardinal/logs/alfresco-bart-2020-12-29.log --full-if-older-than 60D --asynchronous-upload   /var/ALF_BACKUP/cardinal/alfresco-db-backup file:///mnt/ALF_BACKUP/cardinal/data_backup/db
Local and Remote metadata are synchronized, no sync needed.
NOTICE 1
. Local and Remote metadata are synchronized, no sync needed.

Last full backup date: Sat Nov 21 06:51:34 2020
NOTICE 1
. Last full backup date: Sat Nov 21 06:51:34 2020

--------------[ Backup Statistics ]--------------
StartTime 1609282827.97 (Tue Dec 29 23:00:27 2020)
EndTime 1609282830.38 (Tue Dec 29 23:00:30 2020)
ElapsedTime 2.41 (2.41 seconds)
SourceFiles 2
SourceFileSize 100802546 (96.1 MB)
NewFiles 1
NewFileSize 4096 (4.00 KB)
DeletedFiles 0
ChangedFiles 1
ChangedFileSize 100798450 (96.1 MB)
ChangedDeltaSize 0 (0 bytes)
DeltaEntries 2
RawDeltaSize 27070059 (25.8 MB)
TotalDestinationSizeChange 26879163 (25.6 MB)
Errors 0
-------------------------------------------------

NOTICE 1
. --------------[ Backup Statistics ]--------------
. StartTime 1609282827.97 (Tue Dec 29 23:00:27 2020)
. EndTime 1609282830.38 (Tue Dec 29 23:00:30 2020)
. ElapsedTime 2.41 (2.41 seconds)
. SourceFiles 2
. SourceFileSize 100802546 (96.1 MB)
. NewFiles 1
. NewFileSize 4096 (4.00 KB)
. DeletedFiles 0
. ChangedFiles 1
. ChangedFileSize 100798450 (96.1 MB)
. ChangedDeltaSize 0 (0 bytes)
. DeltaEntries 2
. RawDeltaSize 27070059 (25.8 MB)
. TotalDestinationSizeChange 26879163 (25.6 MB)
. Errors 0
. -------------------------------------------------
. 

2020-12-29-11:00:31 PM - [BART-Loglevel4] cleaning DB backup
2020-12-29-11:00:31 PM - [BART-Loglevel4] DB backup finished

2020-12-29-11:00:31 PM - [BART-Loglevel4] Backing up the Alfresco ContentStore to local
2020-12-29-11:00:31 PM - [BART-Loglevel4] Starting backup - Alfresco ContentStore
2020-12-29-11:00:31 PM - [BART-Loglevel4] Running command - /usr/bin/duplicity -v4 --volsize=20000 --log-file=/var/ALF_BACKUP/cardinal/logs/alfresco-bart-2020-12-29.log --full-if-older-than 60D --asynchronous-upload   --include /var/DOCKER/DATA/alfresco/cardinal/alfresco/alf_data_archgroup/contentstore       --exclude /var/DOCKER/DATA/alfresco/cardinal/alfresco/alf_data_archgroup /var/DOCKER/DATA/alfresco/cardinal/alfresco/alf_data_archgroup file:///mnt/ALF_BACKUP/cardinal/data_backup/cs
Local and Remote metadata are synchronized, no sync needed.
NOTICE 1
. Local and Remote metadata are synchronized, no sync needed.

Last full backup date: Sat Nov 21 06:51:40 2020
NOTICE 1
. Last full backup date: Sat Nov 21 06:51:40 2020

--------------[ Backup Statistics ]--------------
StartTime 1609282833.67 (Tue Dec 29 23:00:33 2020)
EndTime 1609282922.38 (Tue Dec 29 23:02:02 2020)
ElapsedTime 88.71 (1 minute 28.71 seconds)
SourceFiles 273659
SourceFileSize 125796808753 (117 GB)
NewFiles 1028
NewFileSize 136011842 (130 MB)
DeletedFiles 514
ChangedFiles 0
ChangedFileSize 0 (0 bytes)
ChangedDeltaSize 0 (0 bytes)
DeltaEntries 1542
RawDeltaSize 134553666 (128 MB)
TotalDestinationSizeChange 99972685 (95.3 MB)
Errors 0
-------------------------------------------------

NOTICE 1
. --------------[ Backup Statistics ]--------------
. StartTime 1609282833.67 (Tue Dec 29 23:00:33 2020)
. EndTime 1609282922.38 (Tue Dec 29 23:02:02 2020)
. ElapsedTime 88.71 (1 minute 28.71 seconds)
. SourceFiles 273659
. SourceFileSize 125796808753 (117 GB)
. NewFiles 1028
. NewFileSize 136011842 (130 MB)
. DeletedFiles 514
. ChangedFiles 0
. ChangedFileSize 0 (0 bytes)
. ChangedDeltaSize 0 (0 bytes)
. DeltaEntries 1542
. RawDeltaSize 134553666 (128 MB)
. TotalDestinationSizeChange 99972685 (95.3 MB)
. Errors 0
. -------------------------------------------------
. 

2020-12-29-11:02:04 PM - [BART-Loglevel4] ContentStore backup done!

2020-12-29-11:02:04 PM - [BART-Loglevel4] Backing up the Alfresco files to local
2020-12-29-11:02:04 PM - [BART-Loglevel4] Starting backup - Alfresco files
2020-12-29-11:02:04 PM - [BART-Loglevel4] Running command - /usr/bin/duplicity -v4 --volsize=20000 --log-file=/var/ALF_BACKUP/cardinal/logs/alfresco-bart-2020-12-29.log --full-if-older-than 60D --asynchronous-upload   /var/DOCKER/DATA/alfresco/cardinal/alfresco  --exclude **/var/DOCKER/DATA/alfresco/cardinal/solr_data/archive**  --exclude **/var/DOCKER/DATA/alfresco/cardinal/solr_data**  --exclude **/var/DOCKER/DATA/alfresco/cardinal/alfresco/alf_data_archgroup/contentstore**  --exclude **/var/DOCKER/DATA/alfresco/cardinal/alfresco/alf_data_archgroup/contentstore.deleted**       --exclude **/var/ALF_BACKUP/cardinal/alfresco-db-backup**  file:///mnt/ALF_BACKUP/cardinal/data_backup/files
Local and Remote metadata are synchronized, no sync needed.
NOTICE 1
. Local and Remote metadata are synchronized, no sync needed.

Last full backup date: Sat Nov 21 08:25:05 2020
NOTICE 1
. Last full backup date: Sat Nov 21 08:25:05 2020

--------------[ Backup Statistics ]--------------
StartTime 1609282926.71 (Tue Dec 29 23:02:06 2020)
EndTime 1609283003.16 (Tue Dec 29 23:03:23 2020)
ElapsedTime 76.45 (1 minute 16.45 seconds)
SourceFiles 318918
SourceFileSize 22677932355 (21.1 GB)
NewFiles 0
NewFileSize 0 (0 bytes)
DeletedFiles 0
ChangedFiles 0
ChangedFileSize 0 (0 bytes)
ChangedDeltaSize 0 (0 bytes)
DeltaEntries 0
RawDeltaSize 0 (0 bytes)
TotalDestinationSizeChange 110 (110 bytes)
Errors 0
-------------------------------------------------

NOTICE 1
. --------------[ Backup Statistics ]--------------
. StartTime 1609282926.71 (Tue Dec 29 23:02:06 2020)
. EndTime 1609283003.16 (Tue Dec 29 23:03:23 2020)
. ElapsedTime 76.45 (1 minute 16.45 seconds)
. SourceFiles 318918
. SourceFileSize 22677932355 (21.1 GB)
. NewFiles 0
. NewFileSize 0 (0 bytes)
. DeletedFiles 0
. ChangedFiles 0
. ChangedFileSize 0 (0 bytes)
. ChangedDeltaSize 0 (0 bytes)
. DeltaEntries 0
. RawDeltaSize 0 (0 bytes)
. TotalDestinationSizeChange 110 (110 bytes)
. Errors 0
. -------------------------------------------------
. 

2020-12-29-11:03:23 PM - [BART-Loglevel4] Files backup done!

2020-12-29-11:03:23 PM - [BART-Loglevel4] Running maintenance commands
2020-12-29-11:03:23 PM - [BART-Loglevel4] Running command - /usr/bin/duplicity remove-older-than 12M -v4 --log-file=/var/ALF_BACKUP/cardinal/logs/alfresco-bart-2020-12-29.log  --force file:///mnt/ALF_BACKUP/cardinal/data_backup/index/backup
Local and Remote metadata are synchronized, no sync needed.
NOTICE 1
. Local and Remote metadata are synchronized, no sync needed.

Last full backup date: none
NOTICE 1
. Last full backup date: none

No old backup sets found, nothing deleted.
NOTICE 1
. No old backup sets found, nothing deleted.

2020-12-29-11:03:23 PM - [BART-Loglevel4] Running command - /usr/bin/duplicity remove-all-but-n-full 6 -v4 --log-file=/var/ALF_BACKUP/cardinal/logs/alfresco-bart-2020-12-29.log  --force file:///mnt/ALF_BACKUP/cardinal/data_backup/index/backup
Local and Remote metadata are synchronized, no sync needed.
NOTICE 1
. Local and Remote metadata are synchronized, no sync needed.

Last full backup date: none
NOTICE 1
. Last full backup date: none

No old backup sets found, nothing deleted.
NOTICE 1
. No old backup sets found, nothing deleted.

Local and Remote metadata are synchronized, no sync needed.
NOTICE 1
. Local and Remote metadata are synchronized, no sync needed.

Last full backup date: Sat Nov 21 06:50:13 2020
NOTICE 1
. Last full backup date: Sat Nov 21 06:50:13 2020

No old backup sets found, nothing deleted.
NOTICE 1
. No old backup sets found, nothing deleted.

Local and Remote metadata are synchronized, no sync needed.
NOTICE 1
. Local and Remote metadata are synchronized, no sync needed.

Last full backup date: Sat Nov 21 06:50:13 2020
NOTICE 1
. Last full backup date: Sat Nov 21 06:50:13 2020

No old backup sets found, nothing deleted.
NOTICE 1
. No old backup sets found, nothing deleted.

2020-12-29-11:03:24 PM - [BART-Loglevel4] Running command - /usr/bin/duplicity remove-older-than 12M -v4 --log-file=/var/ALF_BACKUP/cardinal/logs/alfresco-bart-2020-12-29.log  --force file:///mnt/ALF_BACKUP/cardinal/data_backup/db
Local and Remote metadata are synchronized, no sync needed.
NOTICE 1
. Local and Remote metadata are synchronized, no sync needed.

Last full backup date: Sat Nov 21 06:51:34 2020
NOTICE 1
. Last full backup date: Sat Nov 21 06:51:34 2020

No old backup sets found, nothing deleted.
NOTICE 1
. No old backup sets found, nothing deleted.

2020-12-29-11:03:25 PM - [BART-Loglevel4] Running command - /usr/bin/duplicity remove-all-but-n-full 6 -v4 --log-file=/var/ALF_BACKUP/cardinal/logs/alfresco-bart-2020-12-29.log  --force file:///mnt/ALF_BACKUP/cardinal/data_backup/db
Local and Remote metadata are synchronized, no sync needed.
NOTICE 1
. Local and Remote metadata are synchronized, no sync needed.

Last full backup date: Sat Nov 21 06:51:34 2020
NOTICE 1
. Last full backup date: Sat Nov 21 06:51:34 2020

No old backup sets found, nothing deleted.
NOTICE 1
. No old backup sets found, nothing deleted.

2020-12-29-11:03:25 PM - [BART-Loglevel4] Running command - /usr/bin/duplicity remove-older-than 12M -v4 --log-file=/var/ALF_BACKUP/cardinal/logs/alfresco-bart-2020-12-29.log  --force file:///mnt/ALF_BACKUP/cardinal/data_backup/cs
Local and Remote metadata are synchronized, no sync needed.
NOTICE 1
. Local and Remote metadata are synchronized, no sync needed.

Last full backup date: Sat Nov 21 06:51:40 2020
NOTICE 1
. Last full backup date: Sat Nov 21 06:51:40 2020

No old backup sets found, nothing deleted.
NOTICE 1
. No old backup sets found, nothing deleted.

2020-12-29-11:03:27 PM - [BART-Loglevel4] Running command - /usr/bin/duplicity remove-all-but-n-full 6 -v4 --log-file=/var/ALF_BACKUP/cardinal/logs/alfresco-bart-2020-12-29.log  --force file:///mnt/ALF_BACKUP/cardinal/data_backup/cs
Local and Remote metadata are synchronized, no sync needed.
NOTICE 1
. Local and Remote metadata are synchronized, no sync needed.

Last full backup date: Sat Nov 21 06:51:40 2020
NOTICE 1
. Last full backup date: Sat Nov 21 06:51:40 2020

No old backup sets found, nothing deleted.
NOTICE 1
. No old backup sets found, nothing deleted.

2020-12-29-11:03:29 PM - [BART-Loglevel4] Running command - /usr/bin/duplicity remove-older-than 12M -v4 --log-file=/var/ALF_BACKUP/cardinal/logs/alfresco-bart-2020-12-29.log  --force file:///mnt/ALF_BACKUP/cardinal/data_backup/files
Local and Remote metadata are synchronized, no sync needed.
NOTICE 1
. Local and Remote metadata are synchronized, no sync needed.

Last full backup date: Sat Nov 21 08:25:05 2020
NOTICE 1
. Last full backup date: Sat Nov 21 08:25:05 2020

No old backup sets found, nothing deleted.
NOTICE 1
. No old backup sets found, nothing deleted.

2020-12-29-11:03:31 PM - [BART-Loglevel4] Running command - /usr/bin/duplicity remove-all-but-n-full 6 -v4 --log-file=/var/ALF_BACKUP/cardinal/logs/alfresco-bart-2020-12-29.log  --force file:///mnt/ALF_BACKUP/cardinal/data_backup/files
Local and Remote metadata are synchronized, no sync needed.
NOTICE 1
. Local and Remote metadata are synchronized, no sync needed.

Last full backup date: Sat Nov 21 08:25:05 2020
NOTICE 1
. Last full backup date: Sat Nov 21 08:25:05 2020

No old backup sets found, nothing deleted.
NOTICE 1
. No old backup sets found, nothing deleted.

2020-12-29-11:03:33 PM - [BART-Loglevel4] Maintenance commands DONE!
