Shutting Down Docker Instance
DOCKER INSTANCE IS DOWN
2020-10-13-12:34:02 AM - [BART-Loglevel4] Starting backup
2020-10-13-12:34:02 AM - [BART-Loglevel4] Set script variables done

2020-10-13-12:34:02 AM - [BART-Loglevel4] Backing up the Alfresco indexes to scp
2020-10-13-12:34:02 AM - [BART-Loglevel4] Starting backup - Alfresco solr indexes
2020-10-13-12:34:02 AM - [BART-Loglevel4] Running command - /usr/bin/duplicity -v4 --volsize=200000 --log-file=/var/ALF_BACKUP/cardinal/logs/alfresco-bart-2020-10-13.log --full-if-older-than 60D --asynchronous-upload   /var/DOCKER/DATA/alfresco/cardinal/alfresco/alf_data_archgroup/solr4Backup scp://quayadmin@172.18.200.71//var/ALF_BACKUP/cardinal/data_backup/solr
ERROR 23
. Another instance is already running with this archive directory
. If you are sure that this is the  only instance running you may delete
. the following lockfile and run the command again :
. 	/home/quayadmin/.cache/duplicity/02fb881b21b3b0376af03d74886f740b/lockfile.lock

2020-10-13-12:34:04 AM - [BART-Loglevel4] Running command - /usr/bin/duplicity -v4 --volsize=200000 --log-file=/var/ALF_BACKUP/cardinal/logs/alfresco-bart-2020-10-13.log --full-if-older-than 60D --asynchronous-upload   /var/DOCKER/DATA/alfresco/cardinal/alfresco/alf_data_archgroup/solr4 --exclude /var/DOCKER/DATA/alfresco/cardinal/alfresco/alf_data_archgroup/solr4/archive --exclude /var/DOCKER/DATA/alfresco/cardinal/alfresco/alf_data_archgroup/solr4/workspace scp://quayadmin@172.18.200.71//var/ALF_BACKUP/cardinal/data_backup/index/config
Local and Remote metadata are synchronized, no sync needed.
NOTICE 1
. Local and Remote metadata are synchronized, no sync needed.

Last full backup date: Sun Sep 20 11:27:59 2020
NOTICE 1
. Last full backup date: Sun Sep 20 11:27:59 2020

ERROR 30 OSError
. Traceback (most recent call last):
.   File "/usr/bin/duplicity", line 1553, in <module>
.     with_tempdir(main)
.   File "/usr/bin/duplicity", line 1547, in with_tempdir
.     fn()
.   File "/usr/bin/duplicity", line 1398, in main
.     do_backup(action)
.   File "/usr/bin/duplicity", line 1529, in do_backup
.     incremental_backup(sig_chain)
.   File "/usr/bin/duplicity", line 671, in incremental_backup
.     new_sig_outfp = get_sig_fileobj("new-sig")
.   File "/usr/bin/duplicity", line 545, in get_sig_fileobj
.     overwrite=True)
.   File "/usr/lib/python2.7/dist-packages/duplicity/dup_temp.py", line 73, in get_fileobj_duppath
.     td = tempdir.TemporaryDirectory(dirpath.name)
.   File "/usr/lib/python2.7/dist-packages/duplicity/tempdir.py", line 130, in __init__
.     self.__dir = tempfile.mkdtemp("-tempdir", "duplicity-", temproot)
.   File "/usr/lib/python2.7/tempfile.py", line 339, in mkdtemp
.     _os.mkdir(file, 0700)
. OSError: [Errno 28] No space left on device: '/home/quayadmin/.cache/duplicity/ca220df77e39d5e5864f01944853c622/duplicity-Zoxf8B-tempdir'
. 

2020-10-13-12:34:08 AM - [BART-Loglevel4] Indexes backup finished

2020-10-13-12:34:08 AM - [BART-Loglevel4] Backing up the Alfresco db to scp
2020-10-13-12:34:08 AM - [BART-Loglevel4] Starting backup - Alfresco postgresql db
2020-10-13-12:34:08 AM - [BART-Loglevel4] Backing up the Alfresco DB to scp
2020-10-13-12:34:08 AM - [BART-Loglevel4] Starting backup - Alfresco postgresql DB
2020-10-13-12:34:08 AM - [BART-Loglevel4] Running command - PGPASSWORD=45osUQR234X /usr/lib/postgresql/11/bin/pg_dump -Fc -w -h 172.18.200.70 -p 5000 -U alfresco alf_cardinal > /var/ALF_BACKUP/cardinal/alfresco-db-backup/alf_cardinal.sql.Fc
2020-10-13-12:34:08 AM - [BART-Loglevel4] Running command - duplicity -v4 --volsize=200000 --log-file=/var/ALF_BACKUP/cardinal/logs/alfresco-bart-2020-10-13.log --full-if-older-than 60D --asynchronous-upload   /var/ALF_BACKUP/cardinal/alfresco-db-backup scp://quayadmin@172.18.200.71//var/ALF_BACKUP/cardinal/data_backup/db
Local and Remote metadata are synchronized, no sync needed.
NOTICE 1
. Local and Remote metadata are synchronized, no sync needed.

Last full backup date: Sun Sep 20 11:38:17 2020
NOTICE 1
. Last full backup date: Sun Sep 20 11:38:17 2020

ERROR 30 OSError
. Traceback (most recent call last):
.   File "/usr/bin/duplicity", line 1553, in <module>
.     with_tempdir(main)
.   File "/usr/bin/duplicity", line 1547, in with_tempdir
.     fn()
.   File "/usr/bin/duplicity", line 1398, in main
.     do_backup(action)
.   File "/usr/bin/duplicity", line 1529, in do_backup
.     incremental_backup(sig_chain)
.   File "/usr/bin/duplicity", line 671, in incremental_backup
.     new_sig_outfp = get_sig_fileobj("new-sig")
.   File "/usr/bin/duplicity", line 545, in get_sig_fileobj
.     overwrite=True)
.   File "/usr/lib/python2.7/dist-packages/duplicity/dup_temp.py", line 73, in get_fileobj_duppath
.     td = tempdir.TemporaryDirectory(dirpath.name)
.   File "/usr/lib/python2.7/dist-packages/duplicity/tempdir.py", line 130, in __init__
.     self.__dir = tempfile.mkdtemp("-tempdir", "duplicity-", temproot)
.   File "/usr/lib/python2.7/tempfile.py", line 339, in mkdtemp
.     _os.mkdir(file, 0700)
. OSError: [Errno 28] No space left on device: '/home/quayadmin/.cache/duplicity/572476e341c00a668f93d25f3820962d/duplicity-Ve6UH8-tempdir'
. 

2020-10-13-12:34:09 AM - [BART-Loglevel4] cleaning DB backup
2020-10-13-12:34:09 AM - [BART-Loglevel4] DB backup finished

2020-10-13-12:34:09 AM - [BART-Loglevel4] Backing up the Alfresco ContentStore to scp
2020-10-13-12:34:09 AM - [BART-Loglevel4] Starting backup - Alfresco ContentStore
2020-10-13-12:34:09 AM - [BART-Loglevel4] Running command - /usr/bin/duplicity -v4 --volsize=200000 --log-file=/var/ALF_BACKUP/cardinal/logs/alfresco-bart-2020-10-13.log --full-if-older-than 60D --asynchronous-upload   --include /var/DOCKER/DATA/alfresco/cardinal/alfresco/alf_data_archgroup/contentstore  --include /var/DOCKER/DATA/alfresco/cardinal/alfresco/alf_data_archgroup/contentstore.deleted      --exclude /var/DOCKER/DATA/alfresco/cardinal/alfresco/alf_data_archgroup /var/DOCKER/DATA/alfresco/cardinal/alfresco/alf_data_archgroup scp://quayadmin@172.18.200.71//var/ALF_BACKUP/cardinal/data_backup/cs
Local and Remote metadata are synchronized, no sync needed.
NOTICE 1
. Local and Remote metadata are synchronized, no sync needed.

Last full backup date: Sun Sep 20 11:38:22 2020
NOTICE 1
. Last full backup date: Sun Sep 20 11:38:22 2020

ERROR 30 OSError
. Traceback (most recent call last):
.   File "/usr/bin/duplicity", line 1553, in <module>
.     with_tempdir(main)
.   File "/usr/bin/duplicity", line 1547, in with_tempdir
.     fn()
.   File "/usr/bin/duplicity", line 1398, in main
.     do_backup(action)
.   File "/usr/bin/duplicity", line 1529, in do_backup
.     incremental_backup(sig_chain)
.   File "/usr/bin/duplicity", line 671, in incremental_backup
.     new_sig_outfp = get_sig_fileobj("new-sig")
.   File "/usr/bin/duplicity", line 545, in get_sig_fileobj
.     overwrite=True)
.   File "/usr/lib/python2.7/dist-packages/duplicity/dup_temp.py", line 73, in get_fileobj_duppath
.     td = tempdir.TemporaryDirectory(dirpath.name)
.   File "/usr/lib/python2.7/dist-packages/duplicity/tempdir.py", line 130, in __init__
.     self.__dir = tempfile.mkdtemp("-tempdir", "duplicity-", temproot)
.   File "/usr/lib/python2.7/tempfile.py", line 339, in mkdtemp
.     _os.mkdir(file, 0700)
. OSError: [Errno 28] No space left on device: '/home/quayadmin/.cache/duplicity/0579cee31646c0edc17593ba51c58f09/duplicity-85kGPU-tempdir'
. 

2020-10-13-12:34:13 AM - [BART-Loglevel4] ContentStore backup done!

2020-10-13-12:34:13 AM - [BART-Loglevel4] Backing up the Alfresco files to scp
2020-10-13-12:34:13 AM - [BART-Loglevel4] Starting backup - Alfresco files
2020-10-13-12:34:13 AM - [BART-Loglevel4] Running command - /usr/bin/duplicity -v4 --volsize=200000 --log-file=/var/ALF_BACKUP/cardinal/logs/alfresco-bart-2020-10-13.log --full-if-older-than 60D --asynchronous-upload   /var/DOCKER/DATA/alfresco/cardinal/alfresco  --exclude **/var/DOCKER/DATA/alfresco/cardinal/alfresco/alf_data_archgroup/solr4Backup**  --exclude **/var/DOCKER/DATA/alfresco/cardinal/alfresco/alf_data_archgroup/solr4**  --exclude **/var/DOCKER/DATA/alfresco/cardinal/alfresco/alf_data_archgroup/contentstore**  --exclude **/var/DOCKER/DATA/alfresco/cardinal/alfresco/alf_data_archgroup/contentstore.deleted**       --exclude **/var/ALF_BACKUP/cardinal/alfresco-db-backup**  scp://quayadmin@172.18.200.71//var/ALF_BACKUP/cardinal/data_backup/files
Local and Remote metadata are synchronized, no sync needed.
NOTICE 1
. Local and Remote metadata are synchronized, no sync needed.

Last full backup date: Sun Sep 20 13:30:14 2020
NOTICE 1
. Last full backup date: Sun Sep 20 13:30:14 2020

ERROR 30 OSError
. Traceback (most recent call last):
.   File "/usr/bin/duplicity", line 1553, in <module>
.     with_tempdir(main)
.   File "/usr/bin/duplicity", line 1547, in with_tempdir
.     fn()
.   File "/usr/bin/duplicity", line 1398, in main
.     do_backup(action)
.   File "/usr/bin/duplicity", line 1529, in do_backup
.     incremental_backup(sig_chain)
.   File "/usr/bin/duplicity", line 671, in incremental_backup
.     new_sig_outfp = get_sig_fileobj("new-sig")
.   File "/usr/bin/duplicity", line 545, in get_sig_fileobj
.     overwrite=True)
.   File "/usr/lib/python2.7/dist-packages/duplicity/dup_temp.py", line 73, in get_fileobj_duppath
.     td = tempdir.TemporaryDirectory(dirpath.name)
.   File "/usr/lib/python2.7/dist-packages/duplicity/tempdir.py", line 130, in __init__
.     self.__dir = tempfile.mkdtemp("-tempdir", "duplicity-", temproot)
.   File "/usr/lib/python2.7/tempfile.py", line 339, in mkdtemp
.     _os.mkdir(file, 0700)
. OSError: [Errno 28] No space left on device: '/home/quayadmin/.cache/duplicity/617c9e8b1feea229e247dddc7da32a75/duplicity-xFCd7k-tempdir'
. 

2020-10-13-12:34:15 AM - [BART-Loglevel4] Files backup done!

2020-10-13-12:34:15 AM - [BART-Loglevel4] Running maintenance commands
2020-10-13-12:34:15 AM - [BART-Loglevel4] Running command - /usr/bin/duplicity remove-older-than 12M -v4 --log-file=/var/ALF_BACKUP/cardinal/logs/alfresco-bart-2020-10-13.log  --force scp://quayadmin@172.18.200.71//var/ALF_BACKUP/cardinal/data_backup/index/backup
ERROR 23
. Another instance is already running with this archive directory
. If you are sure that this is the  only instance running you may delete
. the following lockfile and run the command again :
. 	/home/quayadmin/.cache/duplicity/02fb881b21b3b0376af03d74886f740b/lockfile.lock

2020-10-13-12:34:15 AM - [BART-Loglevel4] Running command - /usr/bin/duplicity remove-all-but-n-full 6 -v4 --log-file=/var/ALF_BACKUP/cardinal/logs/alfresco-bart-2020-10-13.log  --force scp://quayadmin@172.18.200.71//var/ALF_BACKUP/cardinal/data_backup/index/backup
ERROR 23
. Another instance is already running with this archive directory
. If you are sure that this is the  only instance running you may delete
. the following lockfile and run the command again :
. 	/home/quayadmin/.cache/duplicity/02fb881b21b3b0376af03d74886f740b/lockfile.lock

Local and Remote metadata are synchronized, no sync needed.
NOTICE 1
. Local and Remote metadata are synchronized, no sync needed.

Last full backup date: Sun Sep 20 11:27:59 2020
NOTICE 1
. Last full backup date: Sun Sep 20 11:27:59 2020

No old backup sets found, nothing deleted.
NOTICE 1
. No old backup sets found, nothing deleted.

Local and Remote metadata are synchronized, no sync needed.
NOTICE 1
. Local and Remote metadata are synchronized, no sync needed.

Last full backup date: Sun Sep 20 11:27:59 2020
NOTICE 1
. Last full backup date: Sun Sep 20 11:27:59 2020

No old backup sets found, nothing deleted.
NOTICE 1
. No old backup sets found, nothing deleted.

2020-10-13-12:34:21 AM - [BART-Loglevel4] Running command - /usr/bin/duplicity remove-older-than 12M -v4 --log-file=/var/ALF_BACKUP/cardinal/logs/alfresco-bart-2020-10-13.log  --force scp://quayadmin@172.18.200.71//var/ALF_BACKUP/cardinal/data_backup/db
Local and Remote metadata are synchronized, no sync needed.
NOTICE 1
. Local and Remote metadata are synchronized, no sync needed.

Last full backup date: Sun Sep 20 11:38:17 2020
NOTICE 1
. Last full backup date: Sun Sep 20 11:38:17 2020

No old backup sets found, nothing deleted.
NOTICE 1
. No old backup sets found, nothing deleted.

2020-10-13-12:34:22 AM - [BART-Loglevel4] Running command - /usr/bin/duplicity remove-all-but-n-full 6 -v4 --log-file=/var/ALF_BACKUP/cardinal/logs/alfresco-bart-2020-10-13.log  --force scp://quayadmin@172.18.200.71//var/ALF_BACKUP/cardinal/data_backup/db
Local and Remote metadata are synchronized, no sync needed.
NOTICE 1
. Local and Remote metadata are synchronized, no sync needed.

Last full backup date: Sun Sep 20 11:38:17 2020
NOTICE 1
. Last full backup date: Sun Sep 20 11:38:17 2020

No old backup sets found, nothing deleted.
NOTICE 1
. No old backup sets found, nothing deleted.

2020-10-13-12:34:23 AM - [BART-Loglevel4] Running command - /usr/bin/duplicity remove-older-than 12M -v4 --log-file=/var/ALF_BACKUP/cardinal/logs/alfresco-bart-2020-10-13.log  --force scp://quayadmin@172.18.200.71//var/ALF_BACKUP/cardinal/data_backup/cs
Local and Remote metadata are synchronized, no sync needed.
NOTICE 1
. Local and Remote metadata are synchronized, no sync needed.

Last full backup date: Sun Sep 20 11:38:22 2020
NOTICE 1
. Last full backup date: Sun Sep 20 11:38:22 2020

No old backup sets found, nothing deleted.
NOTICE 1
. No old backup sets found, nothing deleted.

2020-10-13-12:34:25 AM - [BART-Loglevel4] Running command - /usr/bin/duplicity remove-all-but-n-full 6 -v4 --log-file=/var/ALF_BACKUP/cardinal/logs/alfresco-bart-2020-10-13.log  --force scp://quayadmin@172.18.200.71//var/ALF_BACKUP/cardinal/data_backup/cs
Local and Remote metadata are synchronized, no sync needed.
NOTICE 1
. Local and Remote metadata are synchronized, no sync needed.

Last full backup date: Sun Sep 20 11:38:22 2020
NOTICE 1
. Last full backup date: Sun Sep 20 11:38:22 2020

No old backup sets found, nothing deleted.
NOTICE 1
. No old backup sets found, nothing deleted.

2020-10-13-12:34:29 AM - [BART-Loglevel4] Running command - /usr/bin/duplicity remove-older-than 12M -v4 --log-file=/var/ALF_BACKUP/cardinal/logs/alfresco-bart-2020-10-13.log  --force scp://quayadmin@172.18.200.71//var/ALF_BACKUP/cardinal/data_backup/files
Local and Remote metadata are synchronized, no sync needed.
NOTICE 1
. Local and Remote metadata are synchronized, no sync needed.

Last full backup date: Sun Sep 20 13:30:14 2020
NOTICE 1
. Last full backup date: Sun Sep 20 13:30:14 2020

No old backup sets found, nothing deleted.
NOTICE 1
. No old backup sets found, nothing deleted.

2020-10-13-12:34:30 AM - [BART-Loglevel4] Running command - /usr/bin/duplicity remove-all-but-n-full 6 -v4 --log-file=/var/ALF_BACKUP/cardinal/logs/alfresco-bart-2020-10-13.log  --force scp://quayadmin@172.18.200.71//var/ALF_BACKUP/cardinal/data_backup/files
Local and Remote metadata are synchronized, no sync needed.
NOTICE 1
. Local and Remote metadata are synchronized, no sync needed.

Last full backup date: Sun Sep 20 13:30:14 2020
NOTICE 1
. Last full backup date: Sun Sep 20 13:30:14 2020

No old backup sets found, nothing deleted.
NOTICE 1
. No old backup sets found, nothing deleted.

2020-10-13-12:34:32 AM - [BART-Loglevel4] Maintenance commands DONE!
