Shutting Down Docker Instance
DOCKER INSTANCE IS DOWN
2021-01-01-11:00:01 PM - [BART-Loglevel4] Starting backup
2021-01-01-11:00:01 PM - [BART-Loglevel4] Set script variables done

2021-01-01-11:00:01 PM - [BART-Loglevel4] Backing up the Alfresco indexes to local
2021-01-01-11:00:01 PM - [BART-Loglevel4] Starting backup - Alfresco solr indexes
2021-01-01-11:00:01 PM - [BART-Loglevel4] Running command - /usr/bin/duplicity -v4 --volsize=20000 --log-file=/var/ALF_BACKUP/cardinal/logs/alfresco-bart-2021-01-01.log --full-if-older-than 60D --asynchronous-upload   /var/DOCKER/DATA/alfresco/cardinal/solr_data --exclude /var/DOCKER/DATA/alfresco/cardinal/solr_data/archive --exclude /var/DOCKER/DATA/alfresco/cardinal/solr_data/workspace file:///mnt/ALF_BACKUP/cardinal/data_backup/index/config
Local and Remote metadata are synchronized, no sync needed.
NOTICE 1
. Local and Remote metadata are synchronized, no sync needed.

Last full backup date: Sat Nov 21 06:50:13 2020
NOTICE 1
. Last full backup date: Sat Nov 21 06:50:13 2020

--------------[ Backup Statistics ]--------------
StartTime 1609542002.25 (Fri Jan  1 23:00:02 2021)
EndTime 1609542003.07 (Fri Jan  1 23:00:03 2021)
ElapsedTime 0.82 (0.82 seconds)
SourceFiles 201
SourceFileSize 1065673272 (1016 MB)
NewFiles 43
NewFileSize 1550776 (1.48 MB)
DeletedFiles 48
ChangedFiles 0
ChangedFileSize 0 (0 bytes)
ChangedDeltaSize 0 (0 bytes)
DeltaEntries 91
RawDeltaSize 1530296 (1.46 MB)
TotalDestinationSizeChange 389721 (381 KB)
Errors 0
-------------------------------------------------

NOTICE 1
. --------------[ Backup Statistics ]--------------
. StartTime 1609542002.25 (Fri Jan  1 23:00:02 2021)
. EndTime 1609542003.07 (Fri Jan  1 23:00:03 2021)
. ElapsedTime 0.82 (0.82 seconds)
. SourceFiles 201
. SourceFileSize 1065673272 (1016 MB)
. NewFiles 43
. NewFileSize 1550776 (1.48 MB)
. DeletedFiles 48
. ChangedFiles 0
. ChangedFileSize 0 (0 bytes)
. ChangedDeltaSize 0 (0 bytes)
. DeltaEntries 91
. RawDeltaSize 1530296 (1.46 MB)
. TotalDestinationSizeChange 389721 (381 KB)
. Errors 0
. -------------------------------------------------
. 

2021-01-01-11:00:03 PM - [BART-Loglevel4] Indexes backup finished

2021-01-01-11:00:03 PM - [BART-Loglevel4] Backing up the Alfresco db to local
2021-01-01-11:00:03 PM - [BART-Loglevel4] Starting backup - Alfresco postgresql db
2021-01-01-11:00:03 PM - [BART-Loglevel4] Backing up the Alfresco DB to local
2021-01-01-11:00:03 PM - [BART-Loglevel4] Starting backup - Alfresco postgresql DB
2021-01-01-11:00:03 PM - [BART-Loglevel4] Running command - PGPASSWORD=45osUQR234X /usr/lib/postgresql/11/bin/pg_dump -Fc -w -h 172.18.200.70 -p 5000 -U alfresco alf_cardinal > /var/ALF_BACKUP/cardinal/alfresco-db-backup/alf_cardinal.sql.Fc
2021-01-01-11:00:26 PM - [BART-Loglevel4] Running command - duplicity -v4 --volsize=20000 --log-file=/var/ALF_BACKUP/cardinal/logs/alfresco-bart-2021-01-01.log --full-if-older-than 60D --asynchronous-upload   /var/ALF_BACKUP/cardinal/alfresco-db-backup file:///mnt/ALF_BACKUP/cardinal/data_backup/db
Local and Remote metadata are synchronized, no sync needed.
NOTICE 1
. Local and Remote metadata are synchronized, no sync needed.

Last full backup date: Sat Nov 21 06:51:34 2020
NOTICE 1
. Last full backup date: Sat Nov 21 06:51:34 2020

--------------[ Backup Statistics ]--------------
StartTime 1609542026.90 (Fri Jan  1 23:00:26 2021)
EndTime 1609542029.39 (Fri Jan  1 23:00:29 2021)
ElapsedTime 2.49 (2.49 seconds)
SourceFiles 2
SourceFileSize 101558589 (96.9 MB)
NewFiles 1
NewFileSize 4096 (4.00 KB)
DeletedFiles 0
ChangedFiles 1
ChangedFileSize 101554493 (96.8 MB)
ChangedDeltaSize 0 (0 bytes)
DeltaEntries 2
RawDeltaSize 32520261 (31.0 MB)
TotalDestinationSizeChange 32555457 (31.0 MB)
Errors 0
-------------------------------------------------

NOTICE 1
. --------------[ Backup Statistics ]--------------
. StartTime 1609542026.90 (Fri Jan  1 23:00:26 2021)
. EndTime 1609542029.39 (Fri Jan  1 23:00:29 2021)
. ElapsedTime 2.49 (2.49 seconds)
. SourceFiles 2
. SourceFileSize 101558589 (96.9 MB)
. NewFiles 1
. NewFileSize 4096 (4.00 KB)
. DeletedFiles 0
. ChangedFiles 1
. ChangedFileSize 101554493 (96.8 MB)
. ChangedDeltaSize 0 (0 bytes)
. DeltaEntries 2
. RawDeltaSize 32520261 (31.0 MB)
. TotalDestinationSizeChange 32555457 (31.0 MB)
. Errors 0
. -------------------------------------------------
. 

2021-01-01-11:00:30 PM - [BART-Loglevel4] cleaning DB backup
2021-01-01-11:00:30 PM - [BART-Loglevel4] DB backup finished

2021-01-01-11:00:30 PM - [BART-Loglevel4] Backing up the Alfresco ContentStore to local
2021-01-01-11:00:30 PM - [BART-Loglevel4] Starting backup - Alfresco ContentStore
2021-01-01-11:00:30 PM - [BART-Loglevel4] Running command - /usr/bin/duplicity -v4 --volsize=20000 --log-file=/var/ALF_BACKUP/cardinal/logs/alfresco-bart-2021-01-01.log --full-if-older-than 60D --asynchronous-upload   --include /var/DOCKER/DATA/alfresco/cardinal/alfresco/alf_data_archgroup/contentstore       --exclude /var/DOCKER/DATA/alfresco/cardinal/alfresco/alf_data_archgroup /var/DOCKER/DATA/alfresco/cardinal/alfresco/alf_data_archgroup file:///mnt/ALF_BACKUP/cardinal/data_backup/cs
Local and Remote metadata are synchronized, no sync needed.
NOTICE 1
. Local and Remote metadata are synchronized, no sync needed.

Last full backup date: Sat Nov 21 06:51:40 2020
NOTICE 1
. Last full backup date: Sat Nov 21 06:51:40 2020

--------------[ Backup Statistics ]--------------
StartTime 1609542033.03 (Fri Jan  1 23:00:33 2021)
EndTime 1609542116.97 (Fri Jan  1 23:01:56 2021)
ElapsedTime 83.94 (1 minute 23.94 seconds)
SourceFiles 275578
SourceFileSize 126046275985 (117 GB)
NewFiles 360
NewFileSize 3534058 (3.37 MB)
DeletedFiles 1063
ChangedFiles 0
ChangedFileSize 0 (0 bytes)
ChangedDeltaSize 0 (0 bytes)
DeltaEntries 1423
RawDeltaSize 2108650 (2.01 MB)
TotalDestinationSizeChange 1986471 (1.89 MB)
Errors 0
-------------------------------------------------

NOTICE 1
. --------------[ Backup Statistics ]--------------
. StartTime 1609542033.03 (Fri Jan  1 23:00:33 2021)
. EndTime 1609542116.97 (Fri Jan  1 23:01:56 2021)
. ElapsedTime 83.94 (1 minute 23.94 seconds)
. SourceFiles 275578
. SourceFileSize 126046275985 (117 GB)
. NewFiles 360
. NewFileSize 3534058 (3.37 MB)
. DeletedFiles 1063
. ChangedFiles 0
. ChangedFileSize 0 (0 bytes)
. ChangedDeltaSize 0 (0 bytes)
. DeltaEntries 1423
. RawDeltaSize 2108650 (2.01 MB)
. TotalDestinationSizeChange 1986471 (1.89 MB)
. Errors 0
. -------------------------------------------------
. 

2021-01-01-11:01:57 PM - [BART-Loglevel4] ContentStore backup done!

2021-01-01-11:01:57 PM - [BART-Loglevel4] Backing up the Alfresco files to local
2021-01-01-11:01:57 PM - [BART-Loglevel4] Starting backup - Alfresco files
2021-01-01-11:01:57 PM - [BART-Loglevel4] Running command - /usr/bin/duplicity -v4 --volsize=20000 --log-file=/var/ALF_BACKUP/cardinal/logs/alfresco-bart-2021-01-01.log --full-if-older-than 60D --asynchronous-upload   /var/DOCKER/DATA/alfresco/cardinal/alfresco  --exclude **/var/DOCKER/DATA/alfresco/cardinal/solr_data/archive**  --exclude **/var/DOCKER/DATA/alfresco/cardinal/solr_data**  --exclude **/var/DOCKER/DATA/alfresco/cardinal/alfresco/alf_data_archgroup/contentstore**  --exclude **/var/DOCKER/DATA/alfresco/cardinal/alfresco/alf_data_archgroup/contentstore.deleted**       --exclude **/var/ALF_BACKUP/cardinal/alfresco-db-backup**  file:///mnt/ALF_BACKUP/cardinal/data_backup/files
Local and Remote metadata are synchronized, no sync needed.
NOTICE 1
. Local and Remote metadata are synchronized, no sync needed.

Last full backup date: Sat Nov 21 08:25:05 2020
NOTICE 1
. Last full backup date: Sat Nov 21 08:25:05 2020

--------------[ Backup Statistics ]--------------
StartTime 1609542120.49 (Fri Jan  1 23:02:00 2021)
EndTime 1609542197.80 (Fri Jan  1 23:03:17 2021)
ElapsedTime 77.32 (1 minute 17.32 seconds)
SourceFiles 318918
SourceFileSize 22677932355 (21.1 GB)
NewFiles 0
NewFileSize 0 (0 bytes)
DeletedFiles 0
ChangedFiles 0
ChangedFileSize 0 (0 bytes)
ChangedDeltaSize 0 (0 bytes)
DeltaEntries 0
RawDeltaSize 0 (0 bytes)
TotalDestinationSizeChange 110 (110 bytes)
Errors 0
-------------------------------------------------

NOTICE 1
. --------------[ Backup Statistics ]--------------
. StartTime 1609542120.49 (Fri Jan  1 23:02:00 2021)
. EndTime 1609542197.80 (Fri Jan  1 23:03:17 2021)
. ElapsedTime 77.32 (1 minute 17.32 seconds)
. SourceFiles 318918
. SourceFileSize 22677932355 (21.1 GB)
. NewFiles 0
. NewFileSize 0 (0 bytes)
. DeletedFiles 0
. ChangedFiles 0
. ChangedFileSize 0 (0 bytes)
. ChangedDeltaSize 0 (0 bytes)
. DeltaEntries 0
. RawDeltaSize 0 (0 bytes)
. TotalDestinationSizeChange 110 (110 bytes)
. Errors 0
. -------------------------------------------------
. 

2021-01-01-11:03:18 PM - [BART-Loglevel4] Files backup done!

2021-01-01-11:03:18 PM - [BART-Loglevel4] Running maintenance commands
2021-01-01-11:03:18 PM - [BART-Loglevel4] Running command - /usr/bin/duplicity remove-older-than 12M -v4 --log-file=/var/ALF_BACKUP/cardinal/logs/alfresco-bart-2021-01-01.log  --force file:///mnt/ALF_BACKUP/cardinal/data_backup/index/backup
Local and Remote metadata are synchronized, no sync needed.
NOTICE 1
. Local and Remote metadata are synchronized, no sync needed.

Last full backup date: none
NOTICE 1
. Last full backup date: none

No old backup sets found, nothing deleted.
NOTICE 1
. No old backup sets found, nothing deleted.

2021-01-01-11:03:18 PM - [BART-Loglevel4] Running command - /usr/bin/duplicity remove-all-but-n-full 6 -v4 --log-file=/var/ALF_BACKUP/cardinal/logs/alfresco-bart-2021-01-01.log  --force file:///mnt/ALF_BACKUP/cardinal/data_backup/index/backup
Local and Remote metadata are synchronized, no sync needed.
NOTICE 1
. Local and Remote metadata are synchronized, no sync needed.

Last full backup date: none
NOTICE 1
. Last full backup date: none

No old backup sets found, nothing deleted.
NOTICE 1
. No old backup sets found, nothing deleted.

Local and Remote metadata are synchronized, no sync needed.
NOTICE 1
. Local and Remote metadata are synchronized, no sync needed.

Last full backup date: Sat Nov 21 06:50:13 2020
NOTICE 1
. Last full backup date: Sat Nov 21 06:50:13 2020

No old backup sets found, nothing deleted.
NOTICE 1
. No old backup sets found, nothing deleted.

Local and Remote metadata are synchronized, no sync needed.
NOTICE 1
. Local and Remote metadata are synchronized, no sync needed.

Last full backup date: Sat Nov 21 06:50:13 2020
NOTICE 1
. Last full backup date: Sat Nov 21 06:50:13 2020

No old backup sets found, nothing deleted.
NOTICE 1
. No old backup sets found, nothing deleted.

2021-01-01-11:03:19 PM - [BART-Loglevel4] Running command - /usr/bin/duplicity remove-older-than 12M -v4 --log-file=/var/ALF_BACKUP/cardinal/logs/alfresco-bart-2021-01-01.log  --force file:///mnt/ALF_BACKUP/cardinal/data_backup/db
Local and Remote metadata are synchronized, no sync needed.
NOTICE 1
. Local and Remote metadata are synchronized, no sync needed.

Last full backup date: Sat Nov 21 06:51:34 2020
NOTICE 1
. Last full backup date: Sat Nov 21 06:51:34 2020

No old backup sets found, nothing deleted.
NOTICE 1
. No old backup sets found, nothing deleted.

2021-01-01-11:03:19 PM - [BART-Loglevel4] Running command - /usr/bin/duplicity remove-all-but-n-full 6 -v4 --log-file=/var/ALF_BACKUP/cardinal/logs/alfresco-bart-2021-01-01.log  --force file:///mnt/ALF_BACKUP/cardinal/data_backup/db
Local and Remote metadata are synchronized, no sync needed.
NOTICE 1
. Local and Remote metadata are synchronized, no sync needed.

Last full backup date: Sat Nov 21 06:51:34 2020
NOTICE 1
. Last full backup date: Sat Nov 21 06:51:34 2020

No old backup sets found, nothing deleted.
NOTICE 1
. No old backup sets found, nothing deleted.

2021-01-01-11:03:20 PM - [BART-Loglevel4] Running command - /usr/bin/duplicity remove-older-than 12M -v4 --log-file=/var/ALF_BACKUP/cardinal/logs/alfresco-bart-2021-01-01.log  --force file:///mnt/ALF_BACKUP/cardinal/data_backup/cs
Local and Remote metadata are synchronized, no sync needed.
NOTICE 1
. Local and Remote metadata are synchronized, no sync needed.

Last full backup date: Sat Nov 21 06:51:40 2020
NOTICE 1
. Last full backup date: Sat Nov 21 06:51:40 2020

No old backup sets found, nothing deleted.
NOTICE 1
. No old backup sets found, nothing deleted.

2021-01-01-11:03:22 PM - [BART-Loglevel4] Running command - /usr/bin/duplicity remove-all-but-n-full 6 -v4 --log-file=/var/ALF_BACKUP/cardinal/logs/alfresco-bart-2021-01-01.log  --force file:///mnt/ALF_BACKUP/cardinal/data_backup/cs
Local and Remote metadata are synchronized, no sync needed.
NOTICE 1
. Local and Remote metadata are synchronized, no sync needed.

Last full backup date: Sat Nov 21 06:51:40 2020
NOTICE 1
. Last full backup date: Sat Nov 21 06:51:40 2020

No old backup sets found, nothing deleted.
NOTICE 1
. No old backup sets found, nothing deleted.

2021-01-01-11:03:24 PM - [BART-Loglevel4] Running command - /usr/bin/duplicity remove-older-than 12M -v4 --log-file=/var/ALF_BACKUP/cardinal/logs/alfresco-bart-2021-01-01.log  --force file:///mnt/ALF_BACKUP/cardinal/data_backup/files
Local and Remote metadata are synchronized, no sync needed.
NOTICE 1
. Local and Remote metadata are synchronized, no sync needed.

Last full backup date: Sat Nov 21 08:25:05 2020
NOTICE 1
. Last full backup date: Sat Nov 21 08:25:05 2020

No old backup sets found, nothing deleted.
NOTICE 1
. No old backup sets found, nothing deleted.

2021-01-01-11:03:26 PM - [BART-Loglevel4] Running command - /usr/bin/duplicity remove-all-but-n-full 6 -v4 --log-file=/var/ALF_BACKUP/cardinal/logs/alfresco-bart-2021-01-01.log  --force file:///mnt/ALF_BACKUP/cardinal/data_backup/files
Local and Remote metadata are synchronized, no sync needed.
NOTICE 1
. Local and Remote metadata are synchronized, no sync needed.

Last full backup date: Sat Nov 21 08:25:05 2020
NOTICE 1
. Last full backup date: Sat Nov 21 08:25:05 2020

No old backup sets found, nothing deleted.
NOTICE 1
. No old backup sets found, nothing deleted.

2021-01-01-11:03:28 PM - [BART-Loglevel4] Maintenance commands DONE!
