Shutting Down Docker Instance
DOCKER INSTANCE IS DOWN
2020-12-21-11:00:01 PM - [BART-Loglevel4] Starting backup
2020-12-21-11:00:01 PM - [BART-Loglevel4] Set script variables done

2020-12-21-11:00:01 PM - [BART-Loglevel4] Backing up the Alfresco indexes to local
2020-12-21-11:00:01 PM - [BART-Loglevel4] Starting backup - Alfresco solr indexes
2020-12-21-11:00:01 PM - [BART-Loglevel4] Running command - /usr/bin/duplicity -v4 --volsize=20000 --log-file=/var/ALF_BACKUP/cardinal/logs/alfresco-bart-2020-12-21.log --full-if-older-than 60D --asynchronous-upload   /var/DOCKER/DATA/alfresco/cardinal/solr_data --exclude /var/DOCKER/DATA/alfresco/cardinal/solr_data/archive --exclude /var/DOCKER/DATA/alfresco/cardinal/solr_data/workspace file:///mnt/ALF_BACKUP/cardinal/data_backup/index/config
Local and Remote metadata are synchronized, no sync needed.
NOTICE 1
. Local and Remote metadata are synchronized, no sync needed.

Last full backup date: Sat Nov 21 06:50:13 2020
NOTICE 1
. Last full backup date: Sat Nov 21 06:50:13 2020

--------------[ Backup Statistics ]--------------
StartTime 1608591602.11 (Mon Dec 21 23:00:02 2020)
EndTime 1608591604.02 (Mon Dec 21 23:00:04 2020)
ElapsedTime 1.91 (1.91 seconds)
SourceFiles 229
SourceFileSize 1057507905 (1009 MB)
NewFiles 94
NewFileSize 26381876 (25.2 MB)
DeletedFiles 63
ChangedFiles 0
ChangedFileSize 0 (0 bytes)
ChangedDeltaSize 0 (0 bytes)
DeltaEntries 157
RawDeltaSize 26361396 (25.1 MB)
TotalDestinationSizeChange 10150996 (9.68 MB)
Errors 0
-------------------------------------------------

NOTICE 1
. --------------[ Backup Statistics ]--------------
. StartTime 1608591602.11 (Mon Dec 21 23:00:02 2020)
. EndTime 1608591604.02 (Mon Dec 21 23:00:04 2020)
. ElapsedTime 1.91 (1.91 seconds)
. SourceFiles 229
. SourceFileSize 1057507905 (1009 MB)
. NewFiles 94
. NewFileSize 26381876 (25.2 MB)
. DeletedFiles 63
. ChangedFiles 0
. ChangedFileSize 0 (0 bytes)
. ChangedDeltaSize 0 (0 bytes)
. DeltaEntries 157
. RawDeltaSize 26361396 (25.1 MB)
. TotalDestinationSizeChange 10150996 (9.68 MB)
. Errors 0
. -------------------------------------------------
. 

2020-12-21-11:00:04 PM - [BART-Loglevel4] Indexes backup finished

2020-12-21-11:00:04 PM - [BART-Loglevel4] Backing up the Alfresco db to local
2020-12-21-11:00:04 PM - [BART-Loglevel4] Starting backup - Alfresco postgresql db
2020-12-21-11:00:04 PM - [BART-Loglevel4] Backing up the Alfresco DB to local
2020-12-21-11:00:04 PM - [BART-Loglevel4] Starting backup - Alfresco postgresql DB
2020-12-21-11:00:04 PM - [BART-Loglevel4] Running command - PGPASSWORD=45osUQR234X /usr/lib/postgresql/11/bin/pg_dump -Fc -w -h 172.18.200.70 -p 5000 -U alfresco alf_cardinal > /var/ALF_BACKUP/cardinal/alfresco-db-backup/alf_cardinal.sql.Fc
2020-12-21-11:00:28 PM - [BART-Loglevel4] Running command - duplicity -v4 --volsize=20000 --log-file=/var/ALF_BACKUP/cardinal/logs/alfresco-bart-2020-12-21.log --full-if-older-than 60D --asynchronous-upload   /var/ALF_BACKUP/cardinal/alfresco-db-backup file:///mnt/ALF_BACKUP/cardinal/data_backup/db
Local and Remote metadata are synchronized, no sync needed.
NOTICE 1
. Local and Remote metadata are synchronized, no sync needed.

Last full backup date: Sat Nov 21 06:51:34 2020
NOTICE 1
. Last full backup date: Sat Nov 21 06:51:34 2020

--------------[ Backup Statistics ]--------------
StartTime 1608591629.37 (Mon Dec 21 23:00:29 2020)
EndTime 1608591633.90 (Mon Dec 21 23:00:33 2020)
ElapsedTime 4.53 (4.53 seconds)
SourceFiles 2
SourceFileSize 100216026 (95.6 MB)
NewFiles 1
NewFileSize 4096 (4.00 KB)
DeletedFiles 0
ChangedFiles 1
ChangedFileSize 100211930 (95.6 MB)
ChangedDeltaSize 0 (0 bytes)
DeltaEntries 2
RawDeltaSize 64075758 (61.1 MB)
TotalDestinationSizeChange 63541914 (60.6 MB)
Errors 0
-------------------------------------------------

NOTICE 1
. --------------[ Backup Statistics ]--------------
. StartTime 1608591629.37 (Mon Dec 21 23:00:29 2020)
. EndTime 1608591633.90 (Mon Dec 21 23:00:33 2020)
. ElapsedTime 4.53 (4.53 seconds)
. SourceFiles 2
. SourceFileSize 100216026 (95.6 MB)
. NewFiles 1
. NewFileSize 4096 (4.00 KB)
. DeletedFiles 0
. ChangedFiles 1
. ChangedFileSize 100211930 (95.6 MB)
. ChangedDeltaSize 0 (0 bytes)
. DeltaEntries 2
. RawDeltaSize 64075758 (61.1 MB)
. TotalDestinationSizeChange 63541914 (60.6 MB)
. Errors 0
. -------------------------------------------------
. 

2020-12-21-11:00:35 PM - [BART-Loglevel4] cleaning DB backup
2020-12-21-11:00:35 PM - [BART-Loglevel4] DB backup finished

2020-12-21-11:00:35 PM - [BART-Loglevel4] Backing up the Alfresco ContentStore to local
2020-12-21-11:00:35 PM - [BART-Loglevel4] Starting backup - Alfresco ContentStore
2020-12-21-11:00:35 PM - [BART-Loglevel4] Running command - /usr/bin/duplicity -v4 --volsize=20000 --log-file=/var/ALF_BACKUP/cardinal/logs/alfresco-bart-2020-12-21.log --full-if-older-than 60D --asynchronous-upload   --include /var/DOCKER/DATA/alfresco/cardinal/alfresco/alf_data_archgroup/contentstore       --exclude /var/DOCKER/DATA/alfresco/cardinal/alfresco/alf_data_archgroup /var/DOCKER/DATA/alfresco/cardinal/alfresco/alf_data_archgroup file:///mnt/ALF_BACKUP/cardinal/data_backup/cs
Local and Remote metadata are synchronized, no sync needed.
NOTICE 1
. Local and Remote metadata are synchronized, no sync needed.

Last full backup date: Sat Nov 21 06:51:40 2020
NOTICE 1
. Last full backup date: Sat Nov 21 06:51:40 2020

--------------[ Backup Statistics ]--------------
StartTime 1608591637.65 (Mon Dec 21 23:00:37 2020)
EndTime 1608591752.81 (Mon Dec 21 23:02:32 2020)
ElapsedTime 115.16 (1 minute 55.16 seconds)
SourceFiles 272115
SourceFileSize 125275172667 (117 GB)
NewFiles 3735
NewFileSize 609975778 (582 MB)
DeletedFiles 13
ChangedFiles 0
ChangedFileSize 0 (0 bytes)
ChangedDeltaSize 0 (0 bytes)
DeltaEntries 3748
RawDeltaSize 608255458 (580 MB)
TotalDestinationSizeChange 538078335 (513 MB)
Errors 0
-------------------------------------------------

NOTICE 1
. --------------[ Backup Statistics ]--------------
. StartTime 1608591637.65 (Mon Dec 21 23:00:37 2020)
. EndTime 1608591752.81 (Mon Dec 21 23:02:32 2020)
. ElapsedTime 115.16 (1 minute 55.16 seconds)
. SourceFiles 272115
. SourceFileSize 125275172667 (117 GB)
. NewFiles 3735
. NewFileSize 609975778 (582 MB)
. DeletedFiles 13
. ChangedFiles 0
. ChangedFileSize 0 (0 bytes)
. ChangedDeltaSize 0 (0 bytes)
. DeltaEntries 3748
. RawDeltaSize 608255458 (580 MB)
. TotalDestinationSizeChange 538078335 (513 MB)
. Errors 0
. -------------------------------------------------
. 

2020-12-21-11:02:40 PM - [BART-Loglevel4] ContentStore backup done!

2020-12-21-11:02:40 PM - [BART-Loglevel4] Backing up the Alfresco files to local
2020-12-21-11:02:40 PM - [BART-Loglevel4] Starting backup - Alfresco files
2020-12-21-11:02:40 PM - [BART-Loglevel4] Running command - /usr/bin/duplicity -v4 --volsize=20000 --log-file=/var/ALF_BACKUP/cardinal/logs/alfresco-bart-2020-12-21.log --full-if-older-than 60D --asynchronous-upload   /var/DOCKER/DATA/alfresco/cardinal/alfresco  --exclude **/var/DOCKER/DATA/alfresco/cardinal/solr_data/archive**  --exclude **/var/DOCKER/DATA/alfresco/cardinal/solr_data**  --exclude **/var/DOCKER/DATA/alfresco/cardinal/alfresco/alf_data_archgroup/contentstore**  --exclude **/var/DOCKER/DATA/alfresco/cardinal/alfresco/alf_data_archgroup/contentstore.deleted**       --exclude **/var/ALF_BACKUP/cardinal/alfresco-db-backup**  file:///mnt/ALF_BACKUP/cardinal/data_backup/files
Local and Remote metadata are synchronized, no sync needed.
NOTICE 1
. Local and Remote metadata are synchronized, no sync needed.

Last full backup date: Sat Nov 21 08:25:05 2020
NOTICE 1
. Last full backup date: Sat Nov 21 08:25:05 2020

--------------[ Backup Statistics ]--------------
StartTime 1608591763.10 (Mon Dec 21 23:02:43 2020)
EndTime 1608591844.53 (Mon Dec 21 23:04:04 2020)
ElapsedTime 81.43 (1 minute 21.43 seconds)
SourceFiles 318918
SourceFileSize 22677932355 (21.1 GB)
NewFiles 0
NewFileSize 0 (0 bytes)
DeletedFiles 0
ChangedFiles 0
ChangedFileSize 0 (0 bytes)
ChangedDeltaSize 0 (0 bytes)
DeltaEntries 0
RawDeltaSize 0 (0 bytes)
TotalDestinationSizeChange 111 (111 bytes)
Errors 0
-------------------------------------------------

NOTICE 1
. --------------[ Backup Statistics ]--------------
. StartTime 1608591763.10 (Mon Dec 21 23:02:43 2020)
. EndTime 1608591844.53 (Mon Dec 21 23:04:04 2020)
. ElapsedTime 81.43 (1 minute 21.43 seconds)
. SourceFiles 318918
. SourceFileSize 22677932355 (21.1 GB)
. NewFiles 0
. NewFileSize 0 (0 bytes)
. DeletedFiles 0
. ChangedFiles 0
. ChangedFileSize 0 (0 bytes)
. ChangedDeltaSize 0 (0 bytes)
. DeltaEntries 0
. RawDeltaSize 0 (0 bytes)
. TotalDestinationSizeChange 111 (111 bytes)
. Errors 0
. -------------------------------------------------
. 

2020-12-21-11:04:05 PM - [BART-Loglevel4] Files backup done!

2020-12-21-11:04:05 PM - [BART-Loglevel4] Running maintenance commands
2020-12-21-11:04:05 PM - [BART-Loglevel4] Running command - /usr/bin/duplicity remove-older-than 12M -v4 --log-file=/var/ALF_BACKUP/cardinal/logs/alfresco-bart-2020-12-21.log  --force file:///mnt/ALF_BACKUP/cardinal/data_backup/index/backup
Local and Remote metadata are synchronized, no sync needed.
NOTICE 1
. Local and Remote metadata are synchronized, no sync needed.

Last full backup date: none
NOTICE 1
. Last full backup date: none

No old backup sets found, nothing deleted.
NOTICE 1
. No old backup sets found, nothing deleted.

2020-12-21-11:04:05 PM - [BART-Loglevel4] Running command - /usr/bin/duplicity remove-all-but-n-full 6 -v4 --log-file=/var/ALF_BACKUP/cardinal/logs/alfresco-bart-2020-12-21.log  --force file:///mnt/ALF_BACKUP/cardinal/data_backup/index/backup
Local and Remote metadata are synchronized, no sync needed.
NOTICE 1
. Local and Remote metadata are synchronized, no sync needed.

Last full backup date: none
NOTICE 1
. Last full backup date: none

No old backup sets found, nothing deleted.
NOTICE 1
. No old backup sets found, nothing deleted.

Local and Remote metadata are synchronized, no sync needed.
NOTICE 1
. Local and Remote metadata are synchronized, no sync needed.

Last full backup date: Sat Nov 21 06:50:13 2020
NOTICE 1
. Last full backup date: Sat Nov 21 06:50:13 2020

No old backup sets found, nothing deleted.
NOTICE 1
. No old backup sets found, nothing deleted.

Local and Remote metadata are synchronized, no sync needed.
NOTICE 1
. Local and Remote metadata are synchronized, no sync needed.

Last full backup date: Sat Nov 21 06:50:13 2020
NOTICE 1
. Last full backup date: Sat Nov 21 06:50:13 2020

No old backup sets found, nothing deleted.
NOTICE 1
. No old backup sets found, nothing deleted.

2020-12-21-11:04:06 PM - [BART-Loglevel4] Running command - /usr/bin/duplicity remove-older-than 12M -v4 --log-file=/var/ALF_BACKUP/cardinal/logs/alfresco-bart-2020-12-21.log  --force file:///mnt/ALF_BACKUP/cardinal/data_backup/db
Local and Remote metadata are synchronized, no sync needed.
NOTICE 1
. Local and Remote metadata are synchronized, no sync needed.

Last full backup date: Sat Nov 21 06:51:34 2020
NOTICE 1
. Last full backup date: Sat Nov 21 06:51:34 2020

No old backup sets found, nothing deleted.
NOTICE 1
. No old backup sets found, nothing deleted.

2020-12-21-11:04:06 PM - [BART-Loglevel4] Running command - /usr/bin/duplicity remove-all-but-n-full 6 -v4 --log-file=/var/ALF_BACKUP/cardinal/logs/alfresco-bart-2020-12-21.log  --force file:///mnt/ALF_BACKUP/cardinal/data_backup/db
Local and Remote metadata are synchronized, no sync needed.
NOTICE 1
. Local and Remote metadata are synchronized, no sync needed.

Last full backup date: Sat Nov 21 06:51:34 2020
NOTICE 1
. Last full backup date: Sat Nov 21 06:51:34 2020

No old backup sets found, nothing deleted.
NOTICE 1
. No old backup sets found, nothing deleted.

2020-12-21-11:04:06 PM - [BART-Loglevel4] Running command - /usr/bin/duplicity remove-older-than 12M -v4 --log-file=/var/ALF_BACKUP/cardinal/logs/alfresco-bart-2020-12-21.log  --force file:///mnt/ALF_BACKUP/cardinal/data_backup/cs
Local and Remote metadata are synchronized, no sync needed.
NOTICE 1
. Local and Remote metadata are synchronized, no sync needed.

Last full backup date: Sat Nov 21 06:51:40 2020
NOTICE 1
. Last full backup date: Sat Nov 21 06:51:40 2020

No old backup sets found, nothing deleted.
NOTICE 1
. No old backup sets found, nothing deleted.

2020-12-21-11:04:08 PM - [BART-Loglevel4] Running command - /usr/bin/duplicity remove-all-but-n-full 6 -v4 --log-file=/var/ALF_BACKUP/cardinal/logs/alfresco-bart-2020-12-21.log  --force file:///mnt/ALF_BACKUP/cardinal/data_backup/cs
Local and Remote metadata are synchronized, no sync needed.
NOTICE 1
. Local and Remote metadata are synchronized, no sync needed.

Last full backup date: Sat Nov 21 06:51:40 2020
NOTICE 1
. Last full backup date: Sat Nov 21 06:51:40 2020

No old backup sets found, nothing deleted.
NOTICE 1
. No old backup sets found, nothing deleted.

2020-12-21-11:04:11 PM - [BART-Loglevel4] Running command - /usr/bin/duplicity remove-older-than 12M -v4 --log-file=/var/ALF_BACKUP/cardinal/logs/alfresco-bart-2020-12-21.log  --force file:///mnt/ALF_BACKUP/cardinal/data_backup/files
Local and Remote metadata are synchronized, no sync needed.
NOTICE 1
. Local and Remote metadata are synchronized, no sync needed.

Last full backup date: Sat Nov 21 08:25:05 2020
NOTICE 1
. Last full backup date: Sat Nov 21 08:25:05 2020

No old backup sets found, nothing deleted.
NOTICE 1
. No old backup sets found, nothing deleted.

2020-12-21-11:04:13 PM - [BART-Loglevel4] Running command - /usr/bin/duplicity remove-all-but-n-full 6 -v4 --log-file=/var/ALF_BACKUP/cardinal/logs/alfresco-bart-2020-12-21.log  --force file:///mnt/ALF_BACKUP/cardinal/data_backup/files
Local and Remote metadata are synchronized, no sync needed.
NOTICE 1
. Local and Remote metadata are synchronized, no sync needed.

Last full backup date: Sat Nov 21 08:25:05 2020
NOTICE 1
. Last full backup date: Sat Nov 21 08:25:05 2020

No old backup sets found, nothing deleted.
NOTICE 1
. No old backup sets found, nothing deleted.

2020-12-21-11:04:15 PM - [BART-Loglevel4] Maintenance commands DONE!
