Shutting Down Docker Instance
DOCKER INSTANCE IS DOWN
2020-11-28-11:00:02 PM - [BART-Loglevel4] Starting backup
2020-11-28-11:00:02 PM - [BART-Loglevel4] Set script variables done

2020-11-28-11:00:02 PM - [BART-Loglevel4] Backing up the Alfresco indexes to local
2020-11-28-11:00:02 PM - [BART-Loglevel4] Starting backup - Alfresco solr indexes
2020-11-28-11:00:02 PM - [BART-Loglevel4] Running command - /usr/bin/duplicity -v4 --volsize=20000 --log-file=/var/ALF_BACKUP/cardinal/logs/alfresco-bart-2020-11-28.log --full-if-older-than 60D --asynchronous-upload   /var/DOCKER/DATA/alfresco/cardinal/solr_data --exclude /var/DOCKER/DATA/alfresco/cardinal/solr_data/archive --exclude /var/DOCKER/DATA/alfresco/cardinal/solr_data/workspace file:///mnt/ALF_BACKUP/cardinal/data_backup/index/config
Local and Remote metadata are synchronized, no sync needed.
NOTICE 1
. Local and Remote metadata are synchronized, no sync needed.

Last full backup date: Sat Nov 21 06:50:13 2020
NOTICE 1
. Last full backup date: Sat Nov 21 06:50:13 2020

--------------[ Backup Statistics ]--------------
StartTime 1606604402.53 (Sat Nov 28 23:00:02 2020)
EndTime 1606604403.05 (Sat Nov 28 23:00:03 2020)
ElapsedTime 0.52 (0.52 seconds)
SourceFiles 192
SourceFileSize 1009747005 (963 MB)
NewFiles 47
NewFileSize 5247335 (5.00 MB)
DeletedFiles 56
ChangedFiles 0
ChangedFileSize 0 (0 bytes)
ChangedDeltaSize 0 (0 bytes)
DeltaEntries 103
RawDeltaSize 5226855 (4.98 MB)
TotalDestinationSizeChange 1918715 (1.83 MB)
Errors 0
-------------------------------------------------

NOTICE 1
. --------------[ Backup Statistics ]--------------
. StartTime 1606604402.53 (Sat Nov 28 23:00:02 2020)
. EndTime 1606604403.05 (Sat Nov 28 23:00:03 2020)
. ElapsedTime 0.52 (0.52 seconds)
. SourceFiles 192
. SourceFileSize 1009747005 (963 MB)
. NewFiles 47
. NewFileSize 5247335 (5.00 MB)
. DeletedFiles 56
. ChangedFiles 0
. ChangedFileSize 0 (0 bytes)
. ChangedDeltaSize 0 (0 bytes)
. DeltaEntries 103
. RawDeltaSize 5226855 (4.98 MB)
. TotalDestinationSizeChange 1918715 (1.83 MB)
. Errors 0
. -------------------------------------------------
. 

2020-11-28-11:00:03 PM - [BART-Loglevel4] Indexes backup finished

2020-11-28-11:00:03 PM - [BART-Loglevel4] Backing up the Alfresco db to local
2020-11-28-11:00:03 PM - [BART-Loglevel4] Starting backup - Alfresco postgresql db
2020-11-28-11:00:03 PM - [BART-Loglevel4] Backing up the Alfresco DB to local
2020-11-28-11:00:03 PM - [BART-Loglevel4] Starting backup - Alfresco postgresql DB
2020-11-28-11:00:03 PM - [BART-Loglevel4] Running command - PGPASSWORD=45osUQR234X /usr/lib/postgresql/11/bin/pg_dump -Fc -w -h 172.18.200.70 -p 5000 -U alfresco alf_cardinal > /var/ALF_BACKUP/cardinal/alfresco-db-backup/alf_cardinal.sql.Fc
2020-11-28-11:00:27 PM - [BART-Loglevel4] Running command - duplicity -v4 --volsize=20000 --log-file=/var/ALF_BACKUP/cardinal/logs/alfresco-bart-2020-11-28.log --full-if-older-than 60D --asynchronous-upload   /var/ALF_BACKUP/cardinal/alfresco-db-backup file:///mnt/ALF_BACKUP/cardinal/data_backup/db
Local and Remote metadata are synchronized, no sync needed.
NOTICE 1
. Local and Remote metadata are synchronized, no sync needed.

Last full backup date: Sat Nov 21 06:51:34 2020
NOTICE 1
. Last full backup date: Sat Nov 21 06:51:34 2020

--------------[ Backup Statistics ]--------------
StartTime 1606604427.59 (Sat Nov 28 23:00:27 2020)
EndTime 1606604429.28 (Sat Nov 28 23:00:29 2020)
ElapsedTime 1.68 (1.68 seconds)
SourceFiles 2
SourceFileSize 94401177 (90.0 MB)
NewFiles 1
NewFileSize 4096 (4.00 KB)
DeletedFiles 0
ChangedFiles 1
ChangedFileSize 94397081 (90.0 MB)
ChangedDeltaSize 0 (0 bytes)
DeltaEntries 2
RawDeltaSize 20225763 (19.3 MB)
TotalDestinationSizeChange 20247771 (19.3 MB)
Errors 0
-------------------------------------------------

NOTICE 1
. --------------[ Backup Statistics ]--------------
. StartTime 1606604427.59 (Sat Nov 28 23:00:27 2020)
. EndTime 1606604429.28 (Sat Nov 28 23:00:29 2020)
. ElapsedTime 1.68 (1.68 seconds)
. SourceFiles 2
. SourceFileSize 94401177 (90.0 MB)
. NewFiles 1
. NewFileSize 4096 (4.00 KB)
. DeletedFiles 0
. ChangedFiles 1
. ChangedFileSize 94397081 (90.0 MB)
. ChangedDeltaSize 0 (0 bytes)
. DeltaEntries 2
. RawDeltaSize 20225763 (19.3 MB)
. TotalDestinationSizeChange 20247771 (19.3 MB)
. Errors 0
. -------------------------------------------------
. 

2020-11-28-11:00:30 PM - [BART-Loglevel4] cleaning DB backup
2020-11-28-11:00:30 PM - [BART-Loglevel4] DB backup finished

2020-11-28-11:00:30 PM - [BART-Loglevel4] Backing up the Alfresco ContentStore to local
2020-11-28-11:00:30 PM - [BART-Loglevel4] Starting backup - Alfresco ContentStore
2020-11-28-11:00:30 PM - [BART-Loglevel4] Running command - /usr/bin/duplicity -v4 --volsize=20000 --log-file=/var/ALF_BACKUP/cardinal/logs/alfresco-bart-2020-11-28.log --full-if-older-than 60D --asynchronous-upload   --include /var/DOCKER/DATA/alfresco/cardinal/alfresco/alf_data_archgroup/contentstore       --exclude /var/DOCKER/DATA/alfresco/cardinal/alfresco/alf_data_archgroup /var/DOCKER/DATA/alfresco/cardinal/alfresco/alf_data_archgroup file:///mnt/ALF_BACKUP/cardinal/data_backup/cs
Local and Remote metadata are synchronized, no sync needed.
NOTICE 1
. Local and Remote metadata are synchronized, no sync needed.

Last full backup date: Sat Nov 21 06:51:40 2020
NOTICE 1
. Last full backup date: Sat Nov 21 06:51:40 2020

--------------[ Backup Statistics ]--------------
StartTime 1606604432.44 (Sat Nov 28 23:00:32 2020)
EndTime 1606604517.34 (Sat Nov 28 23:01:57 2020)
ElapsedTime 84.90 (1 minute 24.90 seconds)
SourceFiles 255577
SourceFileSize 121018950333 (113 GB)
NewFiles 99
NewFileSize 52184629 (49.8 MB)
DeletedFiles 51
ChangedFiles 0
ChangedFileSize 0 (0 bytes)
ChangedDeltaSize 0 (0 bytes)
DeltaEntries 150
RawDeltaSize 52000309 (49.6 MB)
TotalDestinationSizeChange 48800238 (46.5 MB)
Errors 0
-------------------------------------------------

NOTICE 1
. --------------[ Backup Statistics ]--------------
. StartTime 1606604432.44 (Sat Nov 28 23:00:32 2020)
. EndTime 1606604517.34 (Sat Nov 28 23:01:57 2020)
. ElapsedTime 84.90 (1 minute 24.90 seconds)
. SourceFiles 255577
. SourceFileSize 121018950333 (113 GB)
. NewFiles 99
. NewFileSize 52184629 (49.8 MB)
. DeletedFiles 51
. ChangedFiles 0
. ChangedFileSize 0 (0 bytes)
. ChangedDeltaSize 0 (0 bytes)
. DeltaEntries 150
. RawDeltaSize 52000309 (49.6 MB)
. TotalDestinationSizeChange 48800238 (46.5 MB)
. Errors 0
. -------------------------------------------------
. 

2020-11-28-11:01:58 PM - [BART-Loglevel4] ContentStore backup done!

2020-11-28-11:01:58 PM - [BART-Loglevel4] Backing up the Alfresco files to local
2020-11-28-11:01:58 PM - [BART-Loglevel4] Starting backup - Alfresco files
2020-11-28-11:01:58 PM - [BART-Loglevel4] Running command - /usr/bin/duplicity -v4 --volsize=20000 --log-file=/var/ALF_BACKUP/cardinal/logs/alfresco-bart-2020-11-28.log --full-if-older-than 60D --asynchronous-upload   /var/DOCKER/DATA/alfresco/cardinal/alfresco  --exclude **/var/DOCKER/DATA/alfresco/cardinal/solr_data/archive**  --exclude **/var/DOCKER/DATA/alfresco/cardinal/solr_data**  --exclude **/var/DOCKER/DATA/alfresco/cardinal/alfresco/alf_data_archgroup/contentstore**  --exclude **/var/DOCKER/DATA/alfresco/cardinal/alfresco/alf_data_archgroup/contentstore.deleted**       --exclude **/var/ALF_BACKUP/cardinal/alfresco-db-backup**  file:///mnt/ALF_BACKUP/cardinal/data_backup/files
Local and Remote metadata are synchronized, no sync needed.
NOTICE 1
. Local and Remote metadata are synchronized, no sync needed.

Last full backup date: Sat Nov 21 08:25:05 2020
NOTICE 1
. Last full backup date: Sat Nov 21 08:25:05 2020

--------------[ Backup Statistics ]--------------
StartTime 1606604520.84 (Sat Nov 28 23:02:00 2020)
EndTime 1606604603.40 (Sat Nov 28 23:03:23 2020)
ElapsedTime 82.56 (1 minute 22.56 seconds)
SourceFiles 318918
SourceFileSize 22677932355 (21.1 GB)
NewFiles 0
NewFileSize 0 (0 bytes)
DeletedFiles 0
ChangedFiles 0
ChangedFileSize 0 (0 bytes)
ChangedDeltaSize 0 (0 bytes)
DeltaEntries 0
RawDeltaSize 0 (0 bytes)
TotalDestinationSizeChange 110 (110 bytes)
Errors 0
-------------------------------------------------

NOTICE 1
. --------------[ Backup Statistics ]--------------
. StartTime 1606604520.84 (Sat Nov 28 23:02:00 2020)
. EndTime 1606604603.40 (Sat Nov 28 23:03:23 2020)
. ElapsedTime 82.56 (1 minute 22.56 seconds)
. SourceFiles 318918
. SourceFileSize 22677932355 (21.1 GB)
. NewFiles 0
. NewFileSize 0 (0 bytes)
. DeletedFiles 0
. ChangedFiles 0
. ChangedFileSize 0 (0 bytes)
. ChangedDeltaSize 0 (0 bytes)
. DeltaEntries 0
. RawDeltaSize 0 (0 bytes)
. TotalDestinationSizeChange 110 (110 bytes)
. Errors 0
. -------------------------------------------------
. 

2020-11-28-11:03:24 PM - [BART-Loglevel4] Files backup done!

2020-11-28-11:03:24 PM - [BART-Loglevel4] Running maintenance commands
2020-11-28-11:03:24 PM - [BART-Loglevel4] Running command - /usr/bin/duplicity remove-older-than 12M -v4 --log-file=/var/ALF_BACKUP/cardinal/logs/alfresco-bart-2020-11-28.log  --force file:///mnt/ALF_BACKUP/cardinal/data_backup/index/backup
Local and Remote metadata are synchronized, no sync needed.
NOTICE 1
. Local and Remote metadata are synchronized, no sync needed.

Last full backup date: none
NOTICE 1
. Last full backup date: none

No old backup sets found, nothing deleted.
NOTICE 1
. No old backup sets found, nothing deleted.

2020-11-28-11:03:24 PM - [BART-Loglevel4] Running command - /usr/bin/duplicity remove-all-but-n-full 6 -v4 --log-file=/var/ALF_BACKUP/cardinal/logs/alfresco-bart-2020-11-28.log  --force file:///mnt/ALF_BACKUP/cardinal/data_backup/index/backup
Local and Remote metadata are synchronized, no sync needed.
NOTICE 1
. Local and Remote metadata are synchronized, no sync needed.

Last full backup date: none
NOTICE 1
. Last full backup date: none

No old backup sets found, nothing deleted.
NOTICE 1
. No old backup sets found, nothing deleted.

Local and Remote metadata are synchronized, no sync needed.
NOTICE 1
. Local and Remote metadata are synchronized, no sync needed.

Last full backup date: Sat Nov 21 06:50:13 2020
NOTICE 1
. Last full backup date: Sat Nov 21 06:50:13 2020

No old backup sets found, nothing deleted.
NOTICE 1
. No old backup sets found, nothing deleted.

Local and Remote metadata are synchronized, no sync needed.
NOTICE 1
. Local and Remote metadata are synchronized, no sync needed.

Last full backup date: Sat Nov 21 06:50:13 2020
NOTICE 1
. Last full backup date: Sat Nov 21 06:50:13 2020

No old backup sets found, nothing deleted.
NOTICE 1
. No old backup sets found, nothing deleted.

2020-11-28-11:03:24 PM - [BART-Loglevel4] Running command - /usr/bin/duplicity remove-older-than 12M -v4 --log-file=/var/ALF_BACKUP/cardinal/logs/alfresco-bart-2020-11-28.log  --force file:///mnt/ALF_BACKUP/cardinal/data_backup/db
Local and Remote metadata are synchronized, no sync needed.
NOTICE 1
. Local and Remote metadata are synchronized, no sync needed.

Last full backup date: Sat Nov 21 06:51:34 2020
NOTICE 1
. Last full backup date: Sat Nov 21 06:51:34 2020

No old backup sets found, nothing deleted.
NOTICE 1
. No old backup sets found, nothing deleted.

2020-11-28-11:03:24 PM - [BART-Loglevel4] Running command - /usr/bin/duplicity remove-all-but-n-full 6 -v4 --log-file=/var/ALF_BACKUP/cardinal/logs/alfresco-bart-2020-11-28.log  --force file:///mnt/ALF_BACKUP/cardinal/data_backup/db
Local and Remote metadata are synchronized, no sync needed.
NOTICE 1
. Local and Remote metadata are synchronized, no sync needed.

Last full backup date: Sat Nov 21 06:51:34 2020
NOTICE 1
. Last full backup date: Sat Nov 21 06:51:34 2020

No old backup sets found, nothing deleted.
NOTICE 1
. No old backup sets found, nothing deleted.

2020-11-28-11:03:24 PM - [BART-Loglevel4] Running command - /usr/bin/duplicity remove-older-than 12M -v4 --log-file=/var/ALF_BACKUP/cardinal/logs/alfresco-bart-2020-11-28.log  --force file:///mnt/ALF_BACKUP/cardinal/data_backup/cs
Local and Remote metadata are synchronized, no sync needed.
NOTICE 1
. Local and Remote metadata are synchronized, no sync needed.

Last full backup date: Sat Nov 21 06:51:40 2020
NOTICE 1
. Last full backup date: Sat Nov 21 06:51:40 2020

No old backup sets found, nothing deleted.
NOTICE 1
. No old backup sets found, nothing deleted.

2020-11-28-11:03:26 PM - [BART-Loglevel4] Running command - /usr/bin/duplicity remove-all-but-n-full 6 -v4 --log-file=/var/ALF_BACKUP/cardinal/logs/alfresco-bart-2020-11-28.log  --force file:///mnt/ALF_BACKUP/cardinal/data_backup/cs
Local and Remote metadata are synchronized, no sync needed.
NOTICE 1
. Local and Remote metadata are synchronized, no sync needed.

Last full backup date: Sat Nov 21 06:51:40 2020
NOTICE 1
. Last full backup date: Sat Nov 21 06:51:40 2020

No old backup sets found, nothing deleted.
NOTICE 1
. No old backup sets found, nothing deleted.

2020-11-28-11:03:28 PM - [BART-Loglevel4] Running command - /usr/bin/duplicity remove-older-than 12M -v4 --log-file=/var/ALF_BACKUP/cardinal/logs/alfresco-bart-2020-11-28.log  --force file:///mnt/ALF_BACKUP/cardinal/data_backup/files
Local and Remote metadata are synchronized, no sync needed.
NOTICE 1
. Local and Remote metadata are synchronized, no sync needed.

Last full backup date: Sat Nov 21 08:25:05 2020
NOTICE 1
. Last full backup date: Sat Nov 21 08:25:05 2020

No old backup sets found, nothing deleted.
NOTICE 1
. No old backup sets found, nothing deleted.

2020-11-28-11:03:30 PM - [BART-Loglevel4] Running command - /usr/bin/duplicity remove-all-but-n-full 6 -v4 --log-file=/var/ALF_BACKUP/cardinal/logs/alfresco-bart-2020-11-28.log  --force file:///mnt/ALF_BACKUP/cardinal/data_backup/files
Local and Remote metadata are synchronized, no sync needed.
NOTICE 1
. Local and Remote metadata are synchronized, no sync needed.

Last full backup date: Sat Nov 21 08:25:05 2020
NOTICE 1
. Last full backup date: Sat Nov 21 08:25:05 2020

No old backup sets found, nothing deleted.
NOTICE 1
. No old backup sets found, nothing deleted.

2020-11-28-11:03:32 PM - [BART-Loglevel4] Maintenance commands DONE!
